14:20:45.192 [main                     ] DEBUG GameApplication      - Logger initialized
14:20:45.265 [main                     ] DEBUG GameApplication      - Logging settings
Title: Chinmay Tiwari's Global Conquest
Version: 0.0
Width: 800
Height: 600
Fullscreen: false
Intro: false
Profiling: false
Single step:false
App Mode: DEVELOPER
Menu Key: ESCAPE
Stage Style: DECORATED
Scene Factory: class com.almasb.fxgl.app.scene.SceneFactory

14:20:47.112 [JavaFX Application Thread] DEBUG GameApplication      - Initializing FXGL
14:20:47.145 [JavaFX Application Thread] INFO  Engine               - FXGL-11.9 (27.05.2020 17.06) on LINUX (J:11.0.17 FX:11)
14:20:47.146 [JavaFX Application Thread] DEBUG Engine               - JRE Vendor Name: Ubuntu
14:20:47.147 [JavaFX Application Thread] DEBUG Engine               - Running on OS: Linux version 4.9.253-tegra
14:20:47.148 [JavaFX Application Thread] DEBUG Engine               - Architecture: aarch64
14:20:47.150 [JavaFX Application Thread] INFO  Engine               - Source code and latest versions at: https://github.com/AlmasB/FXGL
14:20:47.151 [JavaFX Application Thread] INFO  Engine               -              Join the FXGL chat at: https://gitter.im/AlmasB/FXGL
14:20:47.568 [JavaFX Application Thread] DEBUG MainWindow           - Creating a JavaFX scene
14:20:47.957 [JavaFX Application Thread] DEBUG MainWindow           - Target settings size: 800.0 x 600.0
14:20:47.958 [JavaFX Application Thread] DEBUG MainWindow           - Scaled scene size:    800.0 x 600.0
14:20:47.959 [JavaFX Application Thread] DEBUG MainWindow           - Scaled ratio: (1.0, 1.0)
14:20:47.963 [JavaFX Application Thread] DEBUG MainWindow           - Set initial scene to FXGLStartupScene
14:20:47.984 [JavaFX Application Thread] DEBUG MainWindow           - Opening main window
14:20:48.148 [JavaFX Application Thread] DEBUG MainWindow           - Window border size: (2.0, 29.0)
14:20:48.148 [JavaFX Application Thread] DEBUG MainWindow           - Scaled size: 800.0 x 600.0
14:20:48.151 [JavaFX Application Thread] DEBUG MainWindow           - Scaled ratio: (1.0, 1.0)
14:20:48.152 [JavaFX Application Thread] DEBUG MainWindow           - Scene size: 800.0 x 600.0
14:20:48.153 [JavaFX Application Thread] DEBUG MainWindow           - Stage size: 802.0 x 629.0
14:20:48.194 [FXGL Background Thread 1 ] DEBUG Engine               - Initializing environment variables
14:20:48.450 [FXGL Background Thread 1 ] DEBUG WindowService        - Applying CSS: fxgl_dark.css
14:20:48.453 [FXGL Background Thread 1 ] DEBUG AssetLoaderService   - Loading from file system: /assets/ui/css/fxgl_dark.css
14:20:48.940 [FXGL Background Thread 1 ] DEBUG WindowService        - Initializing application scenes
14:20:49.396 [FXGL Background Thread 1 ] DEBUG GameWorld            - Game world initialized
14:20:49.652 [FXGL Background Thread 1 ] DEBUG PhysicsWorld         - Physics world initialized: appHeight=600, physics.ppm=50.0
14:20:49.670 [FXGL Background Thread 1 ] DEBUG GameScene            - Game scene initialized: 800x600
14:20:49.825 [FXGL Background Thread 1 ] DEBUG AssetLoaderService   - Loading from file system: /assets/textures/particles/trace_horizontal.png
14:20:50.047 [FXGL Background Thread 1 ] DEBUG FXGL.DefaultMenu     - createMenuBodyGameMenu()
14:20:50.108 [FXGL Background Thread 1 ] DEBUG FXGL.DefaultMenu     - createOptionsMenu()
14:20:50.147 [FXGL Background Thread 1 ] DEBUG AssetLoaderService   - Loading from file system: /assets/textures/particles/smoke.png
14:20:50.462 [FXGL Background Thread 1 ] DEBUG WindowService        - Application scenes initialized
14:20:50.522 [FXGL Background Thread 1 ] DEBUG SystemBundleService  - Loading FXGL system data
14:20:50.549 [FXGL Background Thread 1 ] DEBUG FileSystemAccess     - Reading from: /home/segfault/fx/CTGlobalConquest/system/fxgl.bundle
14:20:50.602 [FXGL Background Thread 1 ] DEBUG SystemBundleService  - Bundle FXGL: {}
14:20:50.604 [FXGL Background Thread 1 ] INFO  Engine               - FXGL initialization took: 2.396 sec
14:20:50.611 [FXGL Background Thread 1 ] DEBUG GameApplication      - Loading localizations
14:20:50.622 [FXGL Background Thread 1 ] DEBUG AssetLoaderService   - Loading from file system: /assets/languages/english.lang
14:20:50.768 [FXGL Background Thread 1 ] DEBUG AssetLoaderService   - Loading from file system: /assets/languages/french.lang
14:20:50.793 [FXGL Background Thread 1 ] DEBUG AssetLoaderService   - Loading from file system: /assets/languages/german.lang
14:20:50.853 [FXGL Background Thread 1 ] DEBUG AssetLoaderService   - Loading from file system: /assets/languages/hungarian.lang
14:20:50.916 [FXGL Background Thread 1 ] DEBUG AssetLoaderService   - Loading from file system: /assets/languages/russian.lang
14:20:50.929 [FXGL Background Thread 1 ] DEBUG GameApplication      - Registering font factories with UI factory
14:20:50.930 [FXGL Background Thread 1 ] DEBUG AssetLoaderService   - Loading from file system: /assets/ui/fonts/VarelaRound-Regular.ttf
14:20:51.043 [FXGL Background Thread 1 ] DEBUG AssetLoaderService   - Loading from file system: /assets/ui/fonts/Abel-Regular.ttf
14:20:51.058 [FXGL Background Thread 1 ] DEBUG AssetLoaderService   - Loading from file system: /assets/ui/fonts/lucida_console.ttf
14:20:51.073 [FXGL Background Thread 1 ] DEBUG AssetLoaderService   - Loading from file system: /assets/ui/fonts/Courier-Prime.ttf
14:20:51.092 [JavaFX Application Thread] DEBUG AssetLoaderService   - Loading from file system: /assets/textures/fxgl_icon.png
14:20:51.240 [JavaFX Application Thread] DEBUG AssetLoaderService   - Loading from file system: /assets/ui/cursors/fxgl_default.png
14:20:51.306 [JavaFX Application Thread] DEBUG Input                - Registered new binding: Screenshot - P
14:20:51.314 [JavaFX Application Thread] DEBUG Input                - Registered new binding: System info dump - CTRL+9
14:20:51.316 [JavaFX Application Thread] DEBUG Input                - Registered new binding: Restart - CTRL+R
14:20:51.318 [JavaFX Application Thread] DEBUG LoopRunner           - Starting loop
14:20:51.365 [JavaFX Application Thread] DEBUG FXGLStartupScene     - STARTUP
14:20:51.366 [JavaFX Application Thread] DEBUG WindowService        - Starting new game
14:20:51.368 [JavaFX Application Thread] DEBUG Input                - Clearing active input actions
14:20:51.483 [JavaFX Application Thread] DEBUG WindowService        - Removing overlay from FXGLStartupScene and adding to FXGLLoadingScene
14:20:51.485 [JavaFX Application Thread] DEBUG MainWindow           - FXGLStartupScene -> FXGLLoadingScene
14:20:51.486 [JavaFX Application Thread] DEBUG WindowService        - Clearing previous game
14:20:51.488 [JavaFX Application Thread] DEBUG GameScene            - Clearing game scene
14:20:51.488 [JavaFX Application Thread] DEBUG GameWorld            - Clearing game world
14:20:51.489 [JavaFX Application Thread] DEBUG PhysicsWorld         - Clearing physics world
14:20:51.499 [FXGL Background Thread 1 ] DEBUG GameApplication      - Initializing game
14:20:51.503 [FXGL Background Thread 1 ] DEBUG AssetLoaderService   - Loading from file system: /assets/textures/tiles/grass_selected.png
14:20:51.506 [FXGL Background Thread 1 ] DEBUG AssetLoaderService   - Loading from cache: /assets/textures/tiles/grass_selected.png
14:20:51.513 [FXGL Background Thread 1 ] DEBUG AssetLoaderService   - Loading from cache: /assets/textures/tiles/grass_selected.png
14:20:51.513 [FXGL Background Thread 1 ] DEBUG AssetLoaderService   - Loading from cache: /assets/textures/tiles/grass_selected.png
14:20:51.514 [FXGL Background Thread 1 ] DEBUG AssetLoaderService   - Loading from cache: /assets/textures/tiles/grass_selected.png
14:20:51.515 [FXGL Background Thread 1 ] DEBUG AssetLoaderService   - Loading from cache: /assets/textures/tiles/grass_selected.png
14:20:51.516 [FXGL Background Thread 1 ] DEBUG AssetLoaderService   - Loading from cache: /assets/textures/tiles/grass_selected.png
14:20:51.516 [FXGL Background Thread 1 ] DEBUG AssetLoaderService   - Loading from cache: /assets/textures/tiles/grass_selected.png
14:20:51.517 [FXGL Background Thread 1 ] DEBUG AssetLoaderService   - Loading from cache: /assets/textures/tiles/grass_selected.png
14:20:51.518 [FXGL Background Thread 1 ] DEBUG AssetLoaderService   - Loading from cache: /assets/textures/tiles/grass_selected.png
14:20:51.519 [FXGL Background Thread 1 ] DEBUG AssetLoaderService   - Loading from cache: /assets/textures/tiles/grass_selected.png
14:20:51.519 [FXGL Background Thread 1 ] DEBUG AssetLoaderService   - Loading from cache: /assets/textures/tiles/grass_selected.png
14:20:51.520 [FXGL Background Thread 1 ] DEBUG AssetLoaderService   - Loading from cache: /assets/textures/tiles/grass_selected.png
14:20:51.521 [FXGL Background Thread 1 ] DEBUG AssetLoaderService   - Loading from cache: /assets/textures/tiles/grass_selected.png
14:20:51.521 [FXGL Background Thread 1 ] DEBUG AssetLoaderService   - Loading from cache: /assets/textures/tiles/grass_selected.png
14:20:51.522 [FXGL Background Thread 1 ] DEBUG AssetLoaderService   - Loading from cache: /assets/textures/tiles/grass_selected.png
14:20:51.555 [FXGL Background Thread 1 ] DEBUG AssetLoaderService   - Loading from cache: /assets/textures/tiles/grass_selected.png
14:20:51.556 [FXGL Background Thread 1 ] DEBUG AssetLoaderService   - Loading from cache: /assets/textures/tiles/grass_selected.png
14:20:51.556 [FXGL Background Thread 1 ] DEBUG AssetLoaderService   - Loading from cache: /assets/textures/tiles/grass_selected.png
14:20:51.557 [FXGL Background Thread 1 ] DEBUG AssetLoaderService   - Loading from cache: /assets/textures/tiles/grass_selected.png
14:20:51.558 [FXGL Background Thread 1 ] DEBUG AssetLoaderService   - Loading from cache: /assets/textures/tiles/grass_selected.png
14:20:51.558 [FXGL Background Thread 1 ] DEBUG AssetLoaderService   - Loading from cache: /assets/textures/tiles/grass_selected.png
14:20:51.559 [FXGL Background Thread 1 ] DEBUG AssetLoaderService   - Loading from cache: /assets/textures/tiles/grass_selected.png
14:20:51.560 [FXGL Background Thread 1 ] DEBUG AssetLoaderService   - Loading from cache: /assets/textures/tiles/grass_selected.png
14:20:51.561 [FXGL Background Thread 1 ] DEBUG AssetLoaderService   - Loading from cache: /assets/textures/tiles/grass_selected.png
14:20:51.561 [FXGL Background Thread 1 ] DEBUG AssetLoaderService   - Loading from cache: /assets/textures/tiles/grass_selected.png
14:20:51.562 [FXGL Background Thread 1 ] DEBUG AssetLoaderService   - Loading from cache: /assets/textures/tiles/grass_selected.png
14:20:51.579 [FXGL Background Thread 1 ] DEBUG AssetLoaderService   - Loading from cache: /assets/textures/tiles/grass_selected.png
14:20:51.580 [FXGL Background Thread 1 ] DEBUG AssetLoaderService   - Loading from cache: /assets/textures/tiles/grass_selected.png
14:20:51.580 [FXGL Background Thread 1 ] DEBUG AssetLoaderService   - Loading from cache: /assets/textures/tiles/grass_selected.png
14:20:51.581 [FXGL Background Thread 1 ] DEBUG AssetLoaderService   - Loading from cache: /assets/textures/tiles/grass_selected.png
14:20:51.582 [FXGL Background Thread 1 ] DEBUG AssetLoaderService   - Loading from cache: /assets/textures/tiles/grass_selected.png
14:20:51.582 [FXGL Background Thread 1 ] DEBUG AssetLoaderService   - Loading from cache: /assets/textures/tiles/grass_selected.png
14:20:51.583 [FXGL Background Thread 1 ] DEBUG AssetLoaderService   - Loading from cache: /assets/textures/tiles/grass_selected.png
14:20:51.584 [FXGL Background Thread 1 ] DEBUG AssetLoaderService   - Loading from cache: /assets/textures/tiles/grass_selected.png
14:20:51.584 [FXGL Background Thread 1 ] DEBUG AssetLoaderService   - Loading from cache: /assets/textures/tiles/grass_selected.png
14:20:51.585 [FXGL Background Thread 1 ] DEBUG AssetLoaderService   - Loading from cache: /assets/textures/tiles/grass_selected.png
14:20:51.585 [FXGL Background Thread 1 ] DEBUG AssetLoaderService   - Loading from cache: /assets/textures/tiles/grass_selected.png
14:20:51.586 [FXGL Background Thread 1 ] DEBUG AssetLoaderService   - Loading from cache: /assets/textures/tiles/grass_selected.png
14:20:51.598 [FXGL Background Thread 1 ] DEBUG AssetLoaderService   - Loading from cache: /assets/textures/tiles/grass_selected.png
14:20:51.598 [FXGL Background Thread 1 ] DEBUG AssetLoaderService   - Loading from cache: /assets/textures/tiles/grass_selected.png
14:20:51.599 [FXGL Background Thread 1 ] DEBUG AssetLoaderService   - Loading from cache: /assets/textures/tiles/grass_selected.png
14:20:51.600 [FXGL Background Thread 1 ] DEBUG AssetLoaderService   - Loading from cache: /assets/textures/tiles/grass_selected.png
14:20:51.600 [FXGL Background Thread 1 ] DEBUG AssetLoaderService   - Loading from cache: /assets/textures/tiles/grass_selected.png
14:20:51.601 [FXGL Background Thread 1 ] DEBUG AssetLoaderService   - Loading from cache: /assets/textures/tiles/grass_selected.png
14:20:51.602 [FXGL Background Thread 1 ] DEBUG AssetLoaderService   - Loading from cache: /assets/textures/tiles/grass_selected.png
14:20:51.602 [FXGL Background Thread 1 ] DEBUG AssetLoaderService   - Loading from cache: /assets/textures/tiles/grass_selected.png
14:20:51.603 [FXGL Background Thread 1 ] DEBUG AssetLoaderService   - Loading from cache: /assets/textures/tiles/grass_selected.png
14:20:51.603 [FXGL Background Thread 1 ] DEBUG AssetLoaderService   - Loading from cache: /assets/textures/tiles/grass_selected.png
14:20:51.604 [FXGL Background Thread 1 ] DEBUG AssetLoaderService   - Loading from cache: /assets/textures/tiles/grass_selected.png
14:20:51.614 [FXGL Background Thread 1 ] DEBUG AssetLoaderService   - Loading from cache: /assets/textures/tiles/grass_selected.png
14:20:51.615 [FXGL Background Thread 1 ] DEBUG AssetLoaderService   - Loading from cache: /assets/textures/tiles/grass_selected.png
14:20:51.615 [FXGL Background Thread 1 ] DEBUG AssetLoaderService   - Loading from cache: /assets/textures/tiles/grass_selected.png
14:20:51.616 [FXGL Background Thread 1 ] DEBUG AssetLoaderService   - Loading from cache: /assets/textures/tiles/grass_selected.png
14:20:51.617 [FXGL Background Thread 1 ] DEBUG AssetLoaderService   - Loading from cache: /assets/textures/tiles/grass_selected.png
14:20:51.617 [FXGL Background Thread 1 ] DEBUG AssetLoaderService   - Loading from cache: /assets/textures/tiles/grass_selected.png
14:20:51.623 [FXGL Background Thread 1 ] DEBUG AssetLoaderService   - Loading from cache: /assets/textures/tiles/grass_selected.png
14:20:51.623 [FXGL Background Thread 1 ] DEBUG AssetLoaderService   - Loading from cache: /assets/textures/tiles/grass_selected.png
14:20:51.624 [FXGL Background Thread 1 ] DEBUG AssetLoaderService   - Loading from cache: /assets/textures/tiles/grass_selected.png
14:20:51.625 [FXGL Background Thread 1 ] DEBUG AssetLoaderService   - Loading from cache: /assets/textures/tiles/grass_selected.png
14:20:51.626 [FXGL Background Thread 1 ] DEBUG AssetLoaderService   - Loading from cache: /assets/textures/tiles/grass_selected.png
14:20:51.631 [FXGL Background Thread 1 ] DEBUG AssetLoaderService   - Loading from cache: /assets/textures/tiles/grass_selected.png
14:20:51.632 [FXGL Background Thread 1 ] DEBUG AssetLoaderService   - Loading from cache: /assets/textures/tiles/grass_selected.png
14:20:51.633 [FXGL Background Thread 1 ] DEBUG AssetLoaderService   - Loading from cache: /assets/textures/tiles/grass_selected.png
14:20:51.641 [FXGL Background Thread 1 ] DEBUG AssetLoaderService   - Loading from cache: /assets/textures/tiles/grass_selected.png
14:20:51.642 [FXGL Background Thread 1 ] DEBUG AssetLoaderService   - Loading from cache: /assets/textures/tiles/grass_selected.png
14:20:51.642 [FXGL Background Thread 1 ] DEBUG AssetLoaderService   - Loading from cache: /assets/textures/tiles/grass_selected.png
14:20:51.643 [FXGL Background Thread 1 ] DEBUG AssetLoaderService   - Loading from cache: /assets/textures/tiles/grass_selected.png
14:20:51.644 [FXGL Background Thread 1 ] DEBUG AssetLoaderService   - Loading from cache: /assets/textures/tiles/grass_selected.png
14:20:51.644 [FXGL Background Thread 1 ] DEBUG AssetLoaderService   - Loading from cache: /assets/textures/tiles/grass_selected.png
14:20:51.645 [FXGL Background Thread 1 ] DEBUG AssetLoaderService   - Loading from cache: /assets/textures/tiles/grass_selected.png
14:20:51.645 [FXGL Background Thread 1 ] DEBUG AssetLoaderService   - Loading from cache: /assets/textures/tiles/grass_selected.png
14:20:51.646 [FXGL Background Thread 1 ] DEBUG AssetLoaderService   - Loading from cache: /assets/textures/tiles/grass_selected.png
14:20:51.646 [FXGL Background Thread 1 ] DEBUG AssetLoaderService   - Loading from cache: /assets/textures/tiles/grass_selected.png
14:20:51.647 [FXGL Background Thread 1 ] DEBUG AssetLoaderService   - Loading from cache: /assets/textures/tiles/grass_selected.png
14:20:51.647 [FXGL Background Thread 1 ] DEBUG AssetLoaderService   - Loading from cache: /assets/textures/tiles/grass_selected.png
14:20:51.648 [FXGL Background Thread 1 ] DEBUG AssetLoaderService   - Loading from cache: /assets/textures/tiles/grass_selected.png
14:20:51.648 [FXGL Background Thread 1 ] DEBUG AssetLoaderService   - Loading from cache: /assets/textures/tiles/grass_selected.png
14:20:51.649 [FXGL Background Thread 1 ] DEBUG AssetLoaderService   - Loading from cache: /assets/textures/tiles/grass_selected.png
14:20:51.650 [FXGL Background Thread 1 ] DEBUG AssetLoaderService   - Loading from cache: /assets/textures/tiles/grass_selected.png
14:20:51.650 [FXGL Background Thread 1 ] DEBUG AssetLoaderService   - Loading from cache: /assets/textures/tiles/grass_selected.png
14:20:51.651 [FXGL Background Thread 1 ] DEBUG AssetLoaderService   - Loading from cache: /assets/textures/tiles/grass_selected.png
14:20:51.651 [FXGL Background Thread 1 ] DEBUG AssetLoaderService   - Loading from cache: /assets/textures/tiles/grass_selected.png
14:20:51.652 [FXGL Background Thread 1 ] DEBUG AssetLoaderService   - Loading from cache: /assets/textures/tiles/grass_selected.png
14:20:51.659 [FXGL Background Thread 1 ] DEBUG AssetLoaderService   - Loading from cache: /assets/textures/tiles/grass_selected.png
14:20:51.660 [FXGL Background Thread 1 ] DEBUG AssetLoaderService   - Loading from cache: /assets/textures/tiles/grass_selected.png
14:20:51.661 [FXGL Background Thread 1 ] DEBUG AssetLoaderService   - Loading from cache: /assets/textures/tiles/grass_selected.png
14:20:51.661 [FXGL Background Thread 1 ] DEBUG AssetLoaderService   - Loading from cache: /assets/textures/tiles/grass_selected.png
14:20:51.662 [FXGL Background Thread 1 ] DEBUG AssetLoaderService   - Loading from cache: /assets/textures/tiles/grass_selected.png
14:20:51.662 [FXGL Background Thread 1 ] DEBUG AssetLoaderService   - Loading from cache: /assets/textures/tiles/grass_selected.png
14:20:51.667 [FXGL Background Thread 1 ] DEBUG AssetLoaderService   - Loading from cache: /assets/textures/tiles/grass_selected.png
14:20:51.668 [FXGL Background Thread 1 ] DEBUG AssetLoaderService   - Loading from cache: /assets/textures/tiles/grass_selected.png
14:20:51.669 [FXGL Background Thread 1 ] DEBUG AssetLoaderService   - Loading from cache: /assets/textures/tiles/grass_selected.png
14:20:51.669 [FXGL Background Thread 1 ] DEBUG AssetLoaderService   - Loading from cache: /assets/textures/tiles/grass_selected.png
14:20:51.670 [FXGL Background Thread 1 ] DEBUG AssetLoaderService   - Loading from cache: /assets/textures/tiles/grass_selected.png
14:20:51.670 [FXGL Background Thread 1 ] DEBUG AssetLoaderService   - Loading from cache: /assets/textures/tiles/grass_selected.png
14:20:51.671 [FXGL Background Thread 1 ] DEBUG AssetLoaderService   - Loading from cache: /assets/textures/tiles/grass_selected.png
14:20:51.672 [FXGL Background Thread 1 ] DEBUG AssetLoaderService   - Loading from cache: /assets/textures/tiles/grass_selected.png
14:20:51.672 [FXGL Background Thread 1 ] DEBUG AssetLoaderService   - Loading from cache: /assets/textures/tiles/grass_selected.png
14:20:51.673 [FXGL Background Thread 1 ] DEBUG AssetLoaderService   - Loading from cache: /assets/textures/tiles/grass_selected.png
14:20:51.673 [FXGL Background Thread 1 ] DEBUG AssetLoaderService   - Loading from cache: /assets/textures/tiles/grass_selected.png
14:20:51.674 [FXGL Background Thread 1 ] DEBUG AssetLoaderService   - Loading from cache: /assets/textures/tiles/grass_selected.png
14:20:51.674 [FXGL Background Thread 1 ] DEBUG AssetLoaderService   - Loading from cache: /assets/textures/tiles/grass_selected.png
14:20:51.685 [FXGL Background Thread 1 ] DEBUG AssetLoaderService   - Loading from cache: /assets/textures/tiles/grass_selected.png
14:20:51.696 [FXGL Background Thread 1 ] DEBUG AssetLoaderService   - Loading from cache: /assets/textures/tiles/grass_selected.png
14:20:51.697 [FXGL Background Thread 1 ] DEBUG AssetLoaderService   - Loading from cache: /assets/textures/tiles/grass_selected.png
14:20:51.697 [FXGL Background Thread 1 ] DEBUG AssetLoaderService   - Loading from cache: /assets/textures/tiles/grass_selected.png
14:20:51.698 [FXGL Background Thread 1 ] DEBUG AssetLoaderService   - Loading from cache: /assets/textures/tiles/grass_selected.png
14:20:51.699 [FXGL Background Thread 1 ] DEBUG AssetLoaderService   - Loading from cache: /assets/textures/tiles/grass_selected.png
14:20:51.699 [FXGL Background Thread 1 ] DEBUG AssetLoaderService   - Loading from cache: /assets/textures/tiles/grass_selected.png
14:20:51.700 [FXGL Background Thread 1 ] DEBUG AssetLoaderService   - Loading from cache: /assets/textures/tiles/grass_selected.png
14:20:51.700 [FXGL Background Thread 1 ] DEBUG AssetLoaderService   - Loading from cache: /assets/textures/tiles/grass_selected.png
14:20:51.701 [FXGL Background Thread 1 ] DEBUG AssetLoaderService   - Loading from cache: /assets/textures/tiles/grass_selected.png
14:20:51.701 [FXGL Background Thread 1 ] DEBUG AssetLoaderService   - Loading from cache: /assets/textures/tiles/grass_selected.png
14:20:51.702 [FXGL Background Thread 1 ] DEBUG AssetLoaderService   - Loading from cache: /assets/textures/tiles/grass_selected.png
14:20:51.711 [FXGL Background Thread 1 ] DEBUG AssetLoaderService   - Loading from cache: /assets/textures/tiles/grass_selected.png
14:20:51.712 [FXGL Background Thread 1 ] DEBUG AssetLoaderService   - Loading from cache: /assets/textures/tiles/grass_selected.png
14:20:51.712 [FXGL Background Thread 1 ] DEBUG AssetLoaderService   - Loading from cache: /assets/textures/tiles/grass_selected.png
14:20:51.717 [FXGL Background Thread 1 ] DEBUG AssetLoaderService   - Loading from cache: /assets/textures/tiles/grass_selected.png
14:20:51.718 [FXGL Background Thread 1 ] DEBUG AssetLoaderService   - Loading from cache: /assets/textures/tiles/grass_selected.png
14:20:51.719 [FXGL Background Thread 1 ] DEBUG AssetLoaderService   - Loading from cache: /assets/textures/tiles/grass_selected.png
14:20:51.719 [FXGL Background Thread 1 ] DEBUG AssetLoaderService   - Loading from cache: /assets/textures/tiles/grass_selected.png
14:20:51.720 [FXGL Background Thread 1 ] DEBUG AssetLoaderService   - Loading from cache: /assets/textures/tiles/grass_selected.png
14:20:51.720 [FXGL Background Thread 1 ] DEBUG AssetLoaderService   - Loading from cache: /assets/textures/tiles/grass_selected.png
14:20:51.721 [FXGL Background Thread 1 ] DEBUG AssetLoaderService   - Loading from cache: /assets/textures/tiles/grass_selected.png
14:20:51.721 [FXGL Background Thread 1 ] DEBUG AssetLoaderService   - Loading from cache: /assets/textures/tiles/grass_selected.png
14:20:51.722 [FXGL Background Thread 1 ] DEBUG AssetLoaderService   - Loading from cache: /assets/textures/tiles/grass_selected.png
14:20:51.723 [FXGL Background Thread 1 ] DEBUG AssetLoaderService   - Loading from cache: /assets/textures/tiles/grass_selected.png
14:20:51.723 [FXGL Background Thread 1 ] DEBUG AssetLoaderService   - Loading from cache: /assets/textures/tiles/grass_selected.png
14:20:51.730 [FXGL Background Thread 1 ] DEBUG AssetLoaderService   - Loading from cache: /assets/textures/tiles/grass_selected.png
14:20:51.738 [FXGL Background Thread 1 ] DEBUG AssetLoaderService   - Loading from cache: /assets/textures/tiles/grass_selected.png
14:20:51.738 [FXGL Background Thread 1 ] DEBUG AssetLoaderService   - Loading from cache: /assets/textures/tiles/grass_selected.png
14:20:51.739 [FXGL Background Thread 1 ] DEBUG AssetLoaderService   - Loading from cache: /assets/textures/tiles/grass_selected.png
14:20:51.739 [FXGL Background Thread 1 ] DEBUG AssetLoaderService   - Loading from cache: /assets/textures/tiles/grass_selected.png
14:20:51.740 [FXGL Background Thread 1 ] DEBUG AssetLoaderService   - Loading from cache: /assets/textures/tiles/grass_selected.png
14:20:51.740 [FXGL Background Thread 1 ] DEBUG AssetLoaderService   - Loading from cache: /assets/textures/tiles/grass_selected.png
14:20:51.741 [FXGL Background Thread 1 ] DEBUG AssetLoaderService   - Loading from cache: /assets/textures/tiles/grass_selected.png
14:20:51.741 [FXGL Background Thread 1 ] DEBUG AssetLoaderService   - Loading from cache: /assets/textures/tiles/grass_selected.png
14:20:51.742 [FXGL Background Thread 1 ] DEBUG AssetLoaderService   - Loading from cache: /assets/textures/tiles/grass_selected.png
14:20:51.742 [FXGL Background Thread 1 ] DEBUG AssetLoaderService   - Loading from cache: /assets/textures/tiles/grass_selected.png
14:20:51.743 [FXGL Background Thread 1 ] DEBUG AssetLoaderService   - Loading from cache: /assets/textures/tiles/grass_selected.png
14:20:51.743 [FXGL Background Thread 1 ] DEBUG AssetLoaderService   - Loading from cache: /assets/textures/tiles/grass_selected.png
14:20:51.744 [FXGL Background Thread 1 ] DEBUG AssetLoaderService   - Loading from cache: /assets/textures/tiles/grass_selected.png
14:20:51.748 [FXGL Background Thread 1 ] DEBUG AssetLoaderService   - Loading from cache: /assets/textures/tiles/grass_selected.png
14:20:51.749 [FXGL Background Thread 1 ] DEBUG AssetLoaderService   - Loading from cache: /assets/textures/tiles/grass_selected.png
14:20:51.749 [FXGL Background Thread 1 ] DEBUG AssetLoaderService   - Loading from cache: /assets/textures/tiles/grass_selected.png
14:20:51.750 [FXGL Background Thread 1 ] DEBUG AssetLoaderService   - Loading from cache: /assets/textures/tiles/grass_selected.png
14:20:51.751 [FXGL Background Thread 1 ] DEBUG AssetLoaderService   - Loading from cache: /assets/textures/tiles/grass_selected.png
14:20:51.753 [FXGL Background Thread 1 ] DEBUG AssetLoaderService   - Loading from cache: /assets/textures/tiles/grass_selected.png
14:20:51.763 [FXGL Background Thread 1 ] DEBUG AssetLoaderService   - Loading from cache: /assets/textures/tiles/grass_selected.png
14:20:51.769 [FXGL Background Thread 1 ] DEBUG AssetLoaderService   - Loading from cache: /assets/textures/tiles/grass_selected.png
14:20:51.777 [FXGL Background Thread 1 ] DEBUG AssetLoaderService   - Loading from cache: /assets/textures/tiles/grass_selected.png
14:20:51.778 [FXGL Background Thread 1 ] DEBUG AssetLoaderService   - Loading from cache: /assets/textures/tiles/grass_selected.png
14:20:51.778 [FXGL Background Thread 1 ] DEBUG AssetLoaderService   - Loading from cache: /assets/textures/tiles/grass_selected.png
14:20:51.778 [FXGL Background Thread 1 ] DEBUG AssetLoaderService   - Loading from cache: /assets/textures/tiles/grass_selected.png
14:20:51.779 [FXGL Background Thread 1 ] DEBUG AssetLoaderService   - Loading from cache: /assets/textures/tiles/grass_selected.png
14:20:51.779 [FXGL Background Thread 1 ] DEBUG AssetLoaderService   - Loading from cache: /assets/textures/tiles/grass_selected.png
14:20:51.780 [FXGL Background Thread 1 ] DEBUG AssetLoaderService   - Loading from cache: /assets/textures/tiles/grass_selected.png
14:20:51.781 [FXGL Background Thread 1 ] DEBUG AssetLoaderService   - Loading from cache: /assets/textures/tiles/grass_selected.png
14:20:51.781 [FXGL Background Thread 1 ] DEBUG AssetLoaderService   - Loading from cache: /assets/textures/tiles/grass_selected.png
14:20:51.782 [FXGL Background Thread 1 ] DEBUG AssetLoaderService   - Loading from cache: /assets/textures/tiles/grass_selected.png
14:20:51.782 [FXGL Background Thread 1 ] DEBUG AssetLoaderService   - Loading from cache: /assets/textures/tiles/grass_selected.png
14:20:51.782 [FXGL Background Thread 1 ] DEBUG AssetLoaderService   - Loading from cache: /assets/textures/tiles/grass_selected.png
14:20:51.783 [FXGL Background Thread 1 ] DEBUG AssetLoaderService   - Loading from cache: /assets/textures/tiles/grass_selected.png
14:20:51.783 [FXGL Background Thread 1 ] DEBUG AssetLoaderService   - Loading from cache: /assets/textures/tiles/grass_selected.png
14:20:51.784 [FXGL Background Thread 1 ] DEBUG AssetLoaderService   - Loading from cache: /assets/textures/tiles/grass_selected.png
14:20:51.784 [FXGL Background Thread 1 ] DEBUG AssetLoaderService   - Loading from cache: /assets/textures/tiles/grass_selected.png
14:20:51.785 [FXGL Background Thread 1 ] DEBUG AssetLoaderService   - Loading from cache: /assets/textures/tiles/grass_selected.png
14:20:51.785 [FXGL Background Thread 1 ] DEBUG AssetLoaderService   - Loading from cache: /assets/textures/tiles/grass_selected.png
14:20:51.786 [FXGL Background Thread 1 ] DEBUG AssetLoaderService   - Loading from cache: /assets/textures/tiles/grass_selected.png
14:20:51.786 [FXGL Background Thread 1 ] DEBUG AssetLoaderService   - Loading from cache: /assets/textures/tiles/grass_selected.png
14:20:51.786 [FXGL Background Thread 1 ] DEBUG AssetLoaderService   - Loading from cache: /assets/textures/tiles/grass_selected.png
14:20:51.799 [FXGL Background Thread 1 ] DEBUG AssetLoaderService   - Loading from cache: /assets/textures/tiles/grass_selected.png
14:20:51.800 [FXGL Background Thread 1 ] DEBUG AssetLoaderService   - Loading from cache: /assets/textures/tiles/grass_selected.png
14:20:51.800 [FXGL Background Thread 1 ] DEBUG AssetLoaderService   - Loading from cache: /assets/textures/tiles/grass_selected.png
14:20:51.801 [FXGL Background Thread 1 ] DEBUG AssetLoaderService   - Loading from cache: /assets/textures/tiles/grass_selected.png
14:20:51.801 [FXGL Background Thread 1 ] DEBUG AssetLoaderService   - Loading from cache: /assets/textures/tiles/grass_selected.png
14:20:51.802 [FXGL Background Thread 1 ] DEBUG AssetLoaderService   - Loading from cache: /assets/textures/tiles/grass_selected.png
14:20:51.802 [FXGL Background Thread 1 ] DEBUG AssetLoaderService   - Loading from cache: /assets/textures/tiles/grass_selected.png
14:20:51.802 [FXGL Background Thread 1 ] DEBUG AssetLoaderService   - Loading from cache: /assets/textures/tiles/grass_selected.png
14:20:51.806 [FXGL Background Thread 1 ] DEBUG AssetLoaderService   - Loading from cache: /assets/textures/tiles/grass_selected.png
14:20:51.807 [FXGL Background Thread 1 ] DEBUG AssetLoaderService   - Loading from cache: /assets/textures/tiles/grass_selected.png
14:20:51.808 [FXGL Background Thread 1 ] DEBUG AssetLoaderService   - Loading from cache: /assets/textures/tiles/grass_selected.png
14:20:51.808 [FXGL Background Thread 1 ] DEBUG AssetLoaderService   - Loading from cache: /assets/textures/tiles/grass_selected.png
14:20:51.808 [FXGL Background Thread 1 ] DEBUG AssetLoaderService   - Loading from cache: /assets/textures/tiles/grass_selected.png
14:20:51.809 [FXGL Background Thread 1 ] DEBUG AssetLoaderService   - Loading from cache: /assets/textures/tiles/grass_selected.png
14:20:51.810 [FXGL Background Thread 1 ] DEBUG AssetLoaderService   - Loading from cache: /assets/textures/tiles/grass_selected.png
14:20:51.810 [FXGL Background Thread 1 ] DEBUG AssetLoaderService   - Loading from cache: /assets/textures/tiles/grass_selected.png
14:20:51.810 [FXGL Background Thread 1 ] DEBUG AssetLoaderService   - Loading from cache: /assets/textures/tiles/grass_selected.png
14:20:51.811 [FXGL Background Thread 1 ] DEBUG AssetLoaderService   - Loading from cache: /assets/textures/tiles/grass_selected.png
14:20:51.811 [FXGL Background Thread 1 ] DEBUG AssetLoaderService   - Loading from cache: /assets/textures/tiles/grass_selected.png
14:20:51.812 [FXGL Background Thread 1 ] DEBUG AssetLoaderService   - Loading from cache: /assets/textures/tiles/grass_selected.png
14:20:51.841 [FXGL Background Thread 1 ] DEBUG AssetLoaderService   - Loading from cache: /assets/textures/tiles/grass_selected.png
14:20:51.842 [FXGL Background Thread 1 ] DEBUG AssetLoaderService   - Loading from cache: /assets/textures/tiles/grass_selected.png
14:20:51.848 [FXGL Background Thread 1 ] DEBUG AssetLoaderService   - Loading from cache: /assets/textures/tiles/grass_selected.png
14:20:51.849 [FXGL Background Thread 1 ] DEBUG AssetLoaderService   - Loading from cache: /assets/textures/tiles/grass_selected.png
14:20:51.852 [FXGL Background Thread 1 ] DEBUG AssetLoaderService   - Loading from cache: /assets/textures/tiles/grass_selected.png
14:20:51.852 [FXGL Background Thread 1 ] DEBUG AssetLoaderService   - Loading from cache: /assets/textures/tiles/grass_selected.png
14:20:51.853 [FXGL Background Thread 1 ] DEBUG AssetLoaderService   - Loading from cache: /assets/textures/tiles/grass_selected.png
14:20:51.857 [FXGL Background Thread 1 ] DEBUG AssetLoaderService   - Loading from cache: /assets/textures/tiles/grass_selected.png
14:20:51.857 [FXGL Background Thread 1 ] DEBUG AssetLoaderService   - Loading from cache: /assets/textures/tiles/grass_selected.png
14:20:51.858 [FXGL Background Thread 1 ] DEBUG AssetLoaderService   - Loading from cache: /assets/textures/tiles/grass_selected.png
14:20:51.858 [FXGL Background Thread 1 ] DEBUG AssetLoaderService   - Loading from cache: /assets/textures/tiles/grass_selected.png
14:20:51.858 [FXGL Background Thread 1 ] DEBUG AssetLoaderService   - Loading from cache: /assets/textures/tiles/grass_selected.png
14:20:51.859 [FXGL Background Thread 1 ] DEBUG AssetLoaderService   - Loading from cache: /assets/textures/tiles/grass_selected.png
14:20:51.860 [FXGL Background Thread 1 ] DEBUG AssetLoaderService   - Loading from cache: /assets/textures/tiles/grass_selected.png
14:20:51.860 [FXGL Background Thread 1 ] DEBUG AssetLoaderService   - Loading from cache: /assets/textures/tiles/grass_selected.png
14:20:51.872 [FXGL Background Thread 1 ] DEBUG AssetLoaderService   - Loading from cache: /assets/textures/tiles/grass_selected.png
14:20:51.873 [FXGL Background Thread 1 ] DEBUG AssetLoaderService   - Loading from cache: /assets/textures/tiles/grass_selected.png
14:20:51.873 [FXGL Background Thread 1 ] DEBUG AssetLoaderService   - Loading from cache: /assets/textures/tiles/grass_selected.png
14:20:51.874 [FXGL Background Thread 1 ] DEBUG AssetLoaderService   - Loading from cache: /assets/textures/tiles/grass_selected.png
14:20:51.874 [FXGL Background Thread 1 ] DEBUG AssetLoaderService   - Loading from cache: /assets/textures/tiles/grass_selected.png
14:20:51.874 [FXGL Background Thread 1 ] DEBUG AssetLoaderService   - Loading from cache: /assets/textures/tiles/grass_selected.png
14:20:51.875 [FXGL Background Thread 1 ] DEBUG AssetLoaderService   - Loading from cache: /assets/textures/tiles/grass_selected.png
14:20:51.875 [FXGL Background Thread 1 ] DEBUG AssetLoaderService   - Loading from cache: /assets/textures/tiles/grass_selected.png
14:20:51.876 [FXGL Background Thread 1 ] DEBUG AssetLoaderService   - Loading from cache: /assets/textures/tiles/grass_selected.png
14:20:51.876 [FXGL Background Thread 1 ] DEBUG AssetLoaderService   - Loading from cache: /assets/textures/tiles/grass_selected.png
14:20:51.876 [FXGL Background Thread 1 ] DEBUG AssetLoaderService   - Loading from cache: /assets/textures/tiles/grass_selected.png
14:20:51.877 [FXGL Background Thread 1 ] DEBUG AssetLoaderService   - Loading from cache: /assets/textures/tiles/grass_selected.png
14:20:51.881 [FXGL Background Thread 1 ] DEBUG AssetLoaderService   - Loading from cache: /assets/textures/tiles/grass_selected.png
14:20:51.882 [FXGL Background Thread 1 ] DEBUG AssetLoaderService   - Loading from cache: /assets/textures/tiles/grass_selected.png
14:20:51.882 [FXGL Background Thread 1 ] DEBUG AssetLoaderService   - Loading from cache: /assets/textures/tiles/grass_selected.png
14:20:51.883 [FXGL Background Thread 1 ] DEBUG AssetLoaderService   - Loading from cache: /assets/textures/tiles/grass_selected.png
14:20:51.883 [FXGL Background Thread 1 ] DEBUG AssetLoaderService   - Loading from cache: /assets/textures/tiles/grass_selected.png
14:20:51.884 [FXGL Background Thread 1 ] DEBUG AssetLoaderService   - Loading from cache: /assets/textures/tiles/grass_selected.png
14:20:51.884 [FXGL Background Thread 1 ] DEBUG AssetLoaderService   - Loading from cache: /assets/textures/tiles/grass_selected.png
14:20:51.885 [FXGL Background Thread 1 ] DEBUG AssetLoaderService   - Loading from cache: /assets/textures/tiles/grass_selected.png
14:20:51.885 [FXGL Background Thread 1 ] DEBUG AssetLoaderService   - Loading from cache: /assets/textures/tiles/grass_selected.png
14:20:51.894 [FXGL Background Thread 1 ] DEBUG AssetLoaderService   - Loading from cache: /assets/textures/tiles/grass_selected.png
14:20:51.894 [FXGL Background Thread 1 ] DEBUG AssetLoaderService   - Loading from cache: /assets/textures/tiles/grass_selected.png
14:20:51.895 [FXGL Background Thread 1 ] DEBUG AssetLoaderService   - Loading from cache: /assets/textures/tiles/grass_selected.png
14:20:51.895 [FXGL Background Thread 1 ] DEBUG AssetLoaderService   - Loading from cache: /assets/textures/tiles/grass_selected.png
14:20:51.898 [FXGL Background Thread 1 ] DEBUG AssetLoaderService   - Loading from cache: /assets/textures/tiles/grass_selected.png
14:20:51.914 [FXGL Background Thread 1 ] DEBUG AssetLoaderService   - Loading from cache: /assets/textures/tiles/grass_selected.png
14:20:51.914 [FXGL Background Thread 1 ] DEBUG AssetLoaderService   - Loading from cache: /assets/textures/tiles/grass_selected.png
14:20:51.915 [FXGL Background Thread 1 ] DEBUG AssetLoaderService   - Loading from cache: /assets/textures/tiles/grass_selected.png
14:20:51.915 [FXGL Background Thread 1 ] DEBUG AssetLoaderService   - Loading from cache: /assets/textures/tiles/grass_selected.png
14:20:51.916 [FXGL Background Thread 1 ] DEBUG AssetLoaderService   - Loading from cache: /assets/textures/tiles/grass_selected.png
14:20:51.916 [FXGL Background Thread 1 ] DEBUG AssetLoaderService   - Loading from cache: /assets/textures/tiles/grass_selected.png
14:20:51.916 [FXGL Background Thread 1 ] DEBUG AssetLoaderService   - Loading from cache: /assets/textures/tiles/grass_selected.png
14:20:51.917 [FXGL Background Thread 1 ] DEBUG AssetLoaderService   - Loading from cache: /assets/textures/tiles/grass_selected.png
14:20:51.917 [FXGL Background Thread 1 ] DEBUG AssetLoaderService   - Loading from cache: /assets/textures/tiles/grass_selected.png
14:20:51.918 [FXGL Background Thread 1 ] DEBUG AssetLoaderService   - Loading from cache: /assets/textures/tiles/grass_selected.png
14:20:51.918 [FXGL Background Thread 1 ] DEBUG AssetLoaderService   - Loading from cache: /assets/textures/tiles/grass_selected.png
14:20:51.918 [FXGL Background Thread 1 ] DEBUG AssetLoaderService   - Loading from cache: /assets/textures/tiles/grass_selected.png
14:20:51.919 [FXGL Background Thread 1 ] DEBUG AssetLoaderService   - Loading from cache: /assets/textures/tiles/grass_selected.png
14:20:51.919 [FXGL Background Thread 1 ] DEBUG AssetLoaderService   - Loading from cache: /assets/textures/tiles/grass_selected.png
14:20:51.920 [FXGL Background Thread 1 ] DEBUG AssetLoaderService   - Loading from cache: /assets/textures/tiles/grass_selected.png
14:20:51.920 [FXGL Background Thread 1 ] DEBUG AssetLoaderService   - Loading from cache: /assets/textures/tiles/grass_selected.png
14:20:51.920 [FXGL Background Thread 1 ] DEBUG AssetLoaderService   - Loading from cache: /assets/textures/tiles/grass_selected.png
14:20:51.930 [FXGL Background Thread 1 ] DEBUG AssetLoaderService   - Loading from cache: /assets/textures/tiles/grass_selected.png
14:20:51.930 [FXGL Background Thread 1 ] DEBUG AssetLoaderService   - Loading from cache: /assets/textures/tiles/grass_selected.png
14:20:51.931 [FXGL Background Thread 1 ] DEBUG AssetLoaderService   - Loading from cache: /assets/textures/tiles/grass_selected.png
14:20:51.938 [FXGL Background Thread 1 ] DEBUG AssetLoaderService   - Loading from cache: /assets/textures/tiles/grass_selected.png
14:20:51.938 [FXGL Background Thread 1 ] DEBUG AssetLoaderService   - Loading from cache: /assets/textures/tiles/grass_selected.png
14:20:51.940 [FXGL Background Thread 1 ] DEBUG AssetLoaderService   - Loading from cache: /assets/textures/tiles/grass_selected.png
14:20:51.940 [FXGL Background Thread 1 ] DEBUG AssetLoaderService   - Loading from file system: /assets/textures/tiles/grass.png
14:20:51.993 [FXGL Background Thread 1 ] DEBUG AssetLoaderService   - Loading from cache: /assets/textures/tiles/grass.png
14:20:51.996 [FXGL Background Thread 1 ] DEBUG AssetLoaderService   - Loading from cache: /assets/textures/tiles/grass.png
14:20:52.011 [FXGL Background Thread 1 ] DEBUG AssetLoaderService   - Loading from cache: /assets/textures/tiles/grass.png
14:20:52.019 [FXGL Background Thread 1 ] DEBUG AssetLoaderService   - Loading from cache: /assets/textures/tiles/grass.png
14:20:52.028 [FXGL Background Thread 1 ] DEBUG AssetLoaderService   - Loading from cache: /assets/textures/tiles/grass.png
14:20:52.034 [FXGL Background Thread 1 ] DEBUG AssetLoaderService   - Loading from cache: /assets/textures/tiles/grass.png
14:20:52.037 [FXGL Background Thread 1 ] DEBUG AssetLoaderService   - Loading from cache: /assets/textures/tiles/grass.png
14:20:52.050 [FXGL Background Thread 1 ] DEBUG AssetLoaderService   - Loading from cache: /assets/textures/tiles/grass.png
14:20:52.053 [FXGL Background Thread 1 ] DEBUG AssetLoaderService   - Loading from cache: /assets/textures/tiles/grass.png
14:20:52.068 [FXGL Background Thread 1 ] DEBUG AssetLoaderService   - Loading from cache: /assets/textures/tiles/grass.png
14:20:52.073 [FXGL Background Thread 1 ] DEBUG AssetLoaderService   - Loading from cache: /assets/textures/tiles/grass.png
14:20:52.078 [FXGL Background Thread 1 ] DEBUG AssetLoaderService   - Loading from cache: /assets/textures/tiles/grass.png
14:20:52.081 [FXGL Background Thread 1 ] DEBUG AssetLoaderService   - Loading from cache: /assets/textures/tiles/grass.png
14:20:52.084 [FXGL Background Thread 1 ] DEBUG AssetLoaderService   - Loading from cache: /assets/textures/tiles/grass.png
14:20:52.089 [FXGL Background Thread 1 ] DEBUG AssetLoaderService   - Loading from cache: /assets/textures/tiles/grass.png
14:20:52.092 [FXGL Background Thread 1 ] DEBUG AssetLoaderService   - Loading from cache: /assets/textures/tiles/grass.png
14:20:52.096 [FXGL Background Thread 1 ] DEBUG AssetLoaderService   - Loading from cache: /assets/textures/tiles/grass.png
14:20:52.099 [FXGL Background Thread 1 ] DEBUG AssetLoaderService   - Loading from cache: /assets/textures/tiles/grass.png
14:20:52.116 [FXGL Background Thread 1 ] DEBUG AssetLoaderService   - Loading from cache: /assets/textures/tiles/grass.png
14:20:52.120 [FXGL Background Thread 1 ] DEBUG AssetLoaderService   - Loading from cache: /assets/textures/tiles/grass.png
14:20:52.122 [FXGL Background Thread 1 ] DEBUG AssetLoaderService   - Loading from cache: /assets/textures/tiles/grass.png
14:20:52.128 [FXGL Background Thread 1 ] DEBUG AssetLoaderService   - Loading from cache: /assets/textures/tiles/grass.png
14:20:52.146 [FXGL Background Thread 1 ] DEBUG AssetLoaderService   - Loading from cache: /assets/textures/tiles/grass.png
14:20:52.149 [FXGL Background Thread 1 ] DEBUG AssetLoaderService   - Loading from cache: /assets/textures/tiles/grass.png
14:20:52.153 [FXGL Background Thread 1 ] DEBUG AssetLoaderService   - Loading from cache: /assets/textures/tiles/grass.png
14:20:52.156 [FXGL Background Thread 1 ] DEBUG AssetLoaderService   - Loading from cache: /assets/textures/tiles/grass.png
14:20:52.160 [FXGL Background Thread 1 ] DEBUG AssetLoaderService   - Loading from cache: /assets/textures/tiles/grass.png
14:20:52.163 [FXGL Background Thread 1 ] DEBUG AssetLoaderService   - Loading from cache: /assets/textures/tiles/grass.png
14:20:52.168 [FXGL Background Thread 1 ] DEBUG AssetLoaderService   - Loading from cache: /assets/textures/tiles/grass.png
14:20:52.190 [FXGL Background Thread 1 ] DEBUG AssetLoaderService   - Loading from cache: /assets/textures/tiles/grass.png
14:20:52.193 [FXGL Background Thread 1 ] DEBUG AssetLoaderService   - Loading from cache: /assets/textures/tiles/grass.png
14:20:52.196 [FXGL Background Thread 1 ] DEBUG AssetLoaderService   - Loading from cache: /assets/textures/tiles/grass.png
14:20:52.199 [FXGL Background Thread 1 ] DEBUG AssetLoaderService   - Loading from cache: /assets/textures/tiles/grass.png
14:20:52.202 [FXGL Background Thread 1 ] DEBUG AssetLoaderService   - Loading from cache: /assets/textures/tiles/grass.png
14:20:52.207 [FXGL Background Thread 1 ] DEBUG AssetLoaderService   - Loading from cache: /assets/textures/tiles/grass.png
14:20:52.212 [FXGL Background Thread 1 ] DEBUG AssetLoaderService   - Loading from cache: /assets/textures/tiles/grass.png
14:20:52.252 [FXGL Background Thread 1 ] DEBUG AssetLoaderService   - Loading from cache: /assets/textures/tiles/grass.png
14:20:52.255 [FXGL Background Thread 1 ] DEBUG AssetLoaderService   - Loading from cache: /assets/textures/tiles/grass.png
14:20:52.267 [FXGL Background Thread 1 ] DEBUG AssetLoaderService   - Loading from cache: /assets/textures/tiles/grass.png
14:20:52.273 [FXGL Background Thread 1 ] DEBUG AssetLoaderService   - Loading from cache: /assets/textures/tiles/grass.png
14:20:52.276 [FXGL Background Thread 1 ] DEBUG AssetLoaderService   - Loading from cache: /assets/textures/tiles/grass.png
14:20:52.278 [FXGL Background Thread 1 ] DEBUG AssetLoaderService   - Loading from cache: /assets/textures/tiles/grass.png
14:20:52.288 [FXGL Background Thread 1 ] DEBUG AssetLoaderService   - Loading from cache: /assets/textures/tiles/grass.png
14:20:52.291 [FXGL Background Thread 1 ] DEBUG AssetLoaderService   - Loading from cache: /assets/textures/tiles/grass.png
14:20:52.293 [FXGL Background Thread 1 ] DEBUG AssetLoaderService   - Loading from cache: /assets/textures/tiles/grass.png
14:20:52.300 [FXGL Background Thread 1 ] DEBUG AssetLoaderService   - Loading from cache: /assets/textures/tiles/grass.png
14:20:52.310 [FXGL Background Thread 1 ] DEBUG AssetLoaderService   - Loading from cache: /assets/textures/tiles/grass.png
14:20:52.312 [FXGL Background Thread 1 ] DEBUG AssetLoaderService   - Loading from cache: /assets/textures/tiles/grass.png
14:20:52.315 [FXGL Background Thread 1 ] DEBUG AssetLoaderService   - Loading from cache: /assets/textures/tiles/grass.png
14:20:52.317 [FXGL Background Thread 1 ] DEBUG AssetLoaderService   - Loading from cache: /assets/textures/tiles/grass.png
14:20:52.328 [FXGL Background Thread 1 ] DEBUG AssetLoaderService   - Loading from cache: /assets/textures/tiles/grass.png
14:20:52.331 [FXGL Background Thread 1 ] DEBUG AssetLoaderService   - Loading from cache: /assets/textures/tiles/grass.png
14:20:52.337 [FXGL Background Thread 1 ] DEBUG AssetLoaderService   - Loading from cache: /assets/textures/tiles/grass.png
14:20:52.339 [FXGL Background Thread 1 ] DEBUG AssetLoaderService   - Loading from cache: /assets/textures/tiles/grass.png
14:20:52.348 [FXGL Background Thread 1 ] DEBUG AssetLoaderService   - Loading from cache: /assets/textures/tiles/grass.png
14:20:52.350 [FXGL Background Thread 1 ] DEBUG AssetLoaderService   - Loading from cache: /assets/textures/tiles/grass.png
14:20:52.365 [FXGL Background Thread 1 ] DEBUG AssetLoaderService   - Loading from cache: /assets/textures/tiles/grass.png
14:20:52.367 [FXGL Background Thread 1 ] DEBUG AssetLoaderService   - Loading from cache: /assets/textures/tiles/grass.png
14:20:52.369 [FXGL Background Thread 1 ] DEBUG AssetLoaderService   - Loading from cache: /assets/textures/tiles/grass.png
14:20:52.372 [FXGL Background Thread 1 ] DEBUG AssetLoaderService   - Loading from cache: /assets/textures/tiles/grass.png
14:20:52.374 [FXGL Background Thread 1 ] DEBUG AssetLoaderService   - Loading from cache: /assets/textures/tiles/grass.png
14:20:52.385 [FXGL Background Thread 1 ] DEBUG AssetLoaderService   - Loading from cache: /assets/textures/tiles/grass.png
14:20:52.387 [FXGL Background Thread 1 ] DEBUG AssetLoaderService   - Loading from cache: /assets/textures/tiles/grass.png
14:20:52.397 [FXGL Background Thread 1 ] DEBUG AssetLoaderService   - Loading from cache: /assets/textures/tiles/grass.png
14:20:52.399 [FXGL Background Thread 1 ] DEBUG AssetLoaderService   - Loading from cache: /assets/textures/tiles/grass.png
14:20:52.401 [FXGL Background Thread 1 ] DEBUG AssetLoaderService   - Loading from cache: /assets/textures/tiles/grass.png
14:20:52.404 [FXGL Background Thread 1 ] DEBUG AssetLoaderService   - Loading from cache: /assets/textures/tiles/grass.png
14:20:52.406 [FXGL Background Thread 1 ] DEBUG AssetLoaderService   - Loading from cache: /assets/textures/tiles/grass.png
14:20:52.411 [FXGL Background Thread 1 ] DEBUG AssetLoaderService   - Loading from cache: /assets/textures/tiles/grass.png
14:20:52.413 [FXGL Background Thread 1 ] DEBUG AssetLoaderService   - Loading from cache: /assets/textures/tiles/grass.png
14:20:52.427 [FXGL Background Thread 1 ] DEBUG AssetLoaderService   - Loading from cache: /assets/textures/tiles/grass.png
14:20:52.429 [FXGL Background Thread 1 ] DEBUG AssetLoaderService   - Loading from cache: /assets/textures/tiles/grass.png
14:20:52.432 [FXGL Background Thread 1 ] DEBUG AssetLoaderService   - Loading from cache: /assets/textures/tiles/grass.png
14:20:52.434 [FXGL Background Thread 1 ] DEBUG AssetLoaderService   - Loading from cache: /assets/textures/tiles/grass.png
14:20:52.436 [FXGL Background Thread 1 ] DEBUG AssetLoaderService   - Loading from cache: /assets/textures/tiles/grass.png
14:20:52.445 [FXGL Background Thread 1 ] DEBUG AssetLoaderService   - Loading from cache: /assets/textures/tiles/grass.png
14:20:52.454 [FXGL Background Thread 1 ] DEBUG AssetLoaderService   - Loading from cache: /assets/textures/tiles/grass.png
14:20:52.456 [FXGL Background Thread 1 ] DEBUG AssetLoaderService   - Loading from cache: /assets/textures/tiles/grass.png
14:20:52.458 [FXGL Background Thread 1 ] DEBUG AssetLoaderService   - Loading from cache: /assets/textures/tiles/grass.png
14:20:52.460 [FXGL Background Thread 1 ] DEBUG AssetLoaderService   - Loading from cache: /assets/textures/tiles/grass.png
14:20:52.462 [FXGL Background Thread 1 ] DEBUG AssetLoaderService   - Loading from cache: /assets/textures/tiles/grass.png
14:20:52.468 [FXGL Background Thread 1 ] DEBUG AssetLoaderService   - Loading from cache: /assets/textures/tiles/grass.png
14:20:52.474 [FXGL Background Thread 1 ] DEBUG AssetLoaderService   - Loading from cache: /assets/textures/tiles/grass.png
14:20:52.476 [FXGL Background Thread 1 ] DEBUG AssetLoaderService   - Loading from cache: /assets/textures/tiles/grass.png
14:20:52.483 [FXGL Background Thread 1 ] DEBUG AssetLoaderService   - Loading from cache: /assets/textures/tiles/grass.png
14:20:52.485 [FXGL Background Thread 1 ] DEBUG AssetLoaderService   - Loading from cache: /assets/textures/tiles/grass.png
14:20:52.487 [FXGL Background Thread 1 ] DEBUG AssetLoaderService   - Loading from cache: /assets/textures/tiles/grass.png
14:20:52.489 [FXGL Background Thread 1 ] DEBUG AssetLoaderService   - Loading from cache: /assets/textures/tiles/grass.png
14:20:52.507 [FXGL Background Thread 1 ] DEBUG AssetLoaderService   - Loading from cache: /assets/textures/tiles/grass.png
14:20:52.509 [FXGL Background Thread 1 ] DEBUG AssetLoaderService   - Loading from cache: /assets/textures/tiles/grass.png
14:20:52.514 [FXGL Background Thread 1 ] DEBUG AssetLoaderService   - Loading from cache: /assets/textures/tiles/grass.png
14:20:52.520 [FXGL Background Thread 1 ] DEBUG AssetLoaderService   - Loading from cache: /assets/textures/tiles/grass.png
14:20:52.522 [FXGL Background Thread 1 ] DEBUG AssetLoaderService   - Loading from cache: /assets/textures/tiles/grass.png
14:20:52.528 [FXGL Background Thread 1 ] DEBUG AssetLoaderService   - Loading from cache: /assets/textures/tiles/grass.png
14:20:52.530 [FXGL Background Thread 1 ] DEBUG AssetLoaderService   - Loading from cache: /assets/textures/tiles/grass.png
14:20:52.546 [FXGL Background Thread 1 ] DEBUG AssetLoaderService   - Loading from cache: /assets/textures/tiles/grass.png
14:20:52.549 [FXGL Background Thread 1 ] DEBUG AssetLoaderService   - Loading from cache: /assets/textures/tiles/grass.png
14:20:52.551 [FXGL Background Thread 1 ] DEBUG AssetLoaderService   - Loading from cache: /assets/textures/tiles/grass.png
14:20:52.557 [FXGL Background Thread 1 ] DEBUG AssetLoaderService   - Loading from cache: /assets/textures/tiles/grass.png
14:20:52.559 [FXGL Background Thread 1 ] DEBUG AssetLoaderService   - Loading from cache: /assets/textures/tiles/grass.png
14:20:52.561 [FXGL Background Thread 1 ] DEBUG AssetLoaderService   - Loading from cache: /assets/textures/tiles/grass.png
14:20:52.582 [FXGL Background Thread 1 ] DEBUG AssetLoaderService   - Loading from cache: /assets/textures/tiles/grass.png
14:20:52.585 [FXGL Background Thread 1 ] DEBUG AssetLoaderService   - Loading from cache: /assets/textures/tiles/grass.png
14:20:52.588 [FXGL Background Thread 1 ] DEBUG AssetLoaderService   - Loading from cache: /assets/textures/tiles/grass.png
14:20:52.592 [FXGL Background Thread 1 ] DEBUG AssetLoaderService   - Loading from cache: /assets/textures/tiles/grass.png
14:20:52.594 [FXGL Background Thread 1 ] DEBUG AssetLoaderService   - Loading from cache: /assets/textures/tiles/grass.png
14:20:52.595 [FXGL Background Thread 1 ] DEBUG AssetLoaderService   - Loading from cache: /assets/textures/tiles/grass.png
14:20:52.597 [FXGL Background Thread 1 ] DEBUG AssetLoaderService   - Loading from cache: /assets/textures/tiles/grass.png
14:20:52.603 [FXGL Background Thread 1 ] DEBUG AssetLoaderService   - Loading from cache: /assets/textures/tiles/grass.png
14:20:52.605 [FXGL Background Thread 1 ] DEBUG AssetLoaderService   - Loading from cache: /assets/textures/tiles/grass.png
14:20:52.608 [FXGL Background Thread 1 ] DEBUG AssetLoaderService   - Loading from cache: /assets/textures/tiles/grass.png
14:20:52.610 [FXGL Background Thread 1 ] DEBUG AssetLoaderService   - Loading from cache: /assets/textures/tiles/grass.png
14:20:52.612 [FXGL Background Thread 1 ] DEBUG AssetLoaderService   - Loading from cache: /assets/textures/tiles/grass.png
14:20:52.614 [FXGL Background Thread 1 ] DEBUG AssetLoaderService   - Loading from cache: /assets/textures/tiles/grass.png
14:20:52.618 [FXGL Background Thread 1 ] DEBUG AssetLoaderService   - Loading from cache: /assets/textures/tiles/grass.png
14:20:52.621 [FXGL Background Thread 1 ] DEBUG AssetLoaderService   - Loading from cache: /assets/textures/tiles/grass.png
14:20:52.623 [FXGL Background Thread 1 ] DEBUG AssetLoaderService   - Loading from cache: /assets/textures/tiles/grass.png
14:20:52.627 [FXGL Background Thread 1 ] DEBUG AssetLoaderService   - Loading from cache: /assets/textures/tiles/grass.png
14:20:52.629 [FXGL Background Thread 1 ] DEBUG AssetLoaderService   - Loading from cache: /assets/textures/tiles/grass.png
14:20:52.631 [FXGL Background Thread 1 ] DEBUG AssetLoaderService   - Loading from cache: /assets/textures/tiles/grass.png
14:20:52.633 [FXGL Background Thread 1 ] DEBUG AssetLoaderService   - Loading from cache: /assets/textures/tiles/grass.png
14:20:52.635 [FXGL Background Thread 1 ] DEBUG AssetLoaderService   - Loading from cache: /assets/textures/tiles/grass.png
14:20:52.637 [FXGL Background Thread 1 ] DEBUG AssetLoaderService   - Loading from cache: /assets/textures/tiles/grass.png
14:20:52.640 [FXGL Background Thread 1 ] DEBUG AssetLoaderService   - Loading from cache: /assets/textures/tiles/grass.png
14:20:52.642 [FXGL Background Thread 1 ] DEBUG AssetLoaderService   - Loading from cache: /assets/textures/tiles/grass.png
14:20:52.644 [FXGL Background Thread 1 ] DEBUG AssetLoaderService   - Loading from cache: /assets/textures/tiles/grass.png
14:20:52.646 [FXGL Background Thread 1 ] DEBUG AssetLoaderService   - Loading from cache: /assets/textures/tiles/grass.png
14:20:52.656 [FXGL Background Thread 1 ] DEBUG AssetLoaderService   - Loading from cache: /assets/textures/tiles/grass.png
14:20:52.658 [FXGL Background Thread 1 ] DEBUG AssetLoaderService   - Loading from cache: /assets/textures/tiles/grass.png
14:20:52.660 [FXGL Background Thread 1 ] DEBUG AssetLoaderService   - Loading from cache: /assets/textures/tiles/grass.png
14:20:52.662 [FXGL Background Thread 1 ] DEBUG AssetLoaderService   - Loading from cache: /assets/textures/tiles/grass.png
14:20:52.675 [FXGL Background Thread 1 ] DEBUG AssetLoaderService   - Loading from cache: /assets/textures/tiles/grass.png
14:20:52.677 [FXGL Background Thread 1 ] DEBUG AssetLoaderService   - Loading from cache: /assets/textures/tiles/grass.png
14:20:52.679 [FXGL Background Thread 1 ] DEBUG AssetLoaderService   - Loading from cache: /assets/textures/tiles/grass.png
14:20:52.684 [FXGL Background Thread 1 ] DEBUG AssetLoaderService   - Loading from cache: /assets/textures/tiles/grass.png
14:20:52.686 [FXGL Background Thread 1 ] DEBUG AssetLoaderService   - Loading from cache: /assets/textures/tiles/grass.png
14:20:52.692 [FXGL Background Thread 1 ] DEBUG AssetLoaderService   - Loading from cache: /assets/textures/tiles/grass.png
14:20:52.694 [FXGL Background Thread 1 ] DEBUG AssetLoaderService   - Loading from cache: /assets/textures/tiles/grass.png
14:20:52.696 [FXGL Background Thread 1 ] DEBUG AssetLoaderService   - Loading from cache: /assets/textures/tiles/grass.png
14:20:52.699 [FXGL Background Thread 1 ] DEBUG AssetLoaderService   - Loading from cache: /assets/textures/tiles/grass.png
14:20:52.701 [FXGL Background Thread 1 ] DEBUG AssetLoaderService   - Loading from cache: /assets/textures/tiles/grass.png
14:20:52.703 [FXGL Background Thread 1 ] DEBUG AssetLoaderService   - Loading from cache: /assets/textures/tiles/grass.png
14:20:52.709 [FXGL Background Thread 1 ] DEBUG AssetLoaderService   - Loading from cache: /assets/textures/tiles/grass.png
14:20:52.710 [FXGL Background Thread 1 ] DEBUG AssetLoaderService   - Loading from cache: /assets/textures/tiles/grass.png
14:20:52.712 [FXGL Background Thread 1 ] DEBUG AssetLoaderService   - Loading from cache: /assets/textures/tiles/grass.png
14:20:52.713 [FXGL Background Thread 1 ] DEBUG AssetLoaderService   - Loading from cache: /assets/textures/tiles/grass.png
14:20:52.715 [FXGL Background Thread 1 ] DEBUG AssetLoaderService   - Loading from cache: /assets/textures/tiles/grass.png
14:20:52.717 [FXGL Background Thread 1 ] DEBUG AssetLoaderService   - Loading from cache: /assets/textures/tiles/grass.png
14:20:52.719 [FXGL Background Thread 1 ] DEBUG AssetLoaderService   - Loading from cache: /assets/textures/tiles/grass.png
14:20:52.721 [FXGL Background Thread 1 ] DEBUG AssetLoaderService   - Loading from cache: /assets/textures/tiles/grass.png
14:20:52.724 [FXGL Background Thread 1 ] DEBUG AssetLoaderService   - Loading from cache: /assets/textures/tiles/grass.png
14:20:52.726 [FXGL Background Thread 1 ] DEBUG AssetLoaderService   - Loading from cache: /assets/textures/tiles/grass.png
14:20:52.727 [FXGL Background Thread 1 ] DEBUG AssetLoaderService   - Loading from cache: /assets/textures/tiles/grass.png
14:20:52.729 [FXGL Background Thread 1 ] DEBUG AssetLoaderService   - Loading from cache: /assets/textures/tiles/grass.png
14:20:52.739 [FXGL Background Thread 1 ] DEBUG AssetLoaderService   - Loading from cache: /assets/textures/tiles/grass.png
14:20:52.742 [FXGL Background Thread 1 ] DEBUG AssetLoaderService   - Loading from cache: /assets/textures/tiles/grass.png
14:20:52.745 [FXGL Background Thread 1 ] DEBUG AssetLoaderService   - Loading from cache: /assets/textures/tiles/grass.png
14:20:52.748 [FXGL Background Thread 1 ] DEBUG AssetLoaderService   - Loading from cache: /assets/textures/tiles/grass.png
14:20:52.750 [FXGL Background Thread 1 ] DEBUG AssetLoaderService   - Loading from cache: /assets/textures/tiles/grass.png
14:20:52.752 [FXGL Background Thread 1 ] DEBUG AssetLoaderService   - Loading from cache: /assets/textures/tiles/grass.png
14:20:52.754 [FXGL Background Thread 1 ] DEBUG AssetLoaderService   - Loading from cache: /assets/textures/tiles/grass.png
14:20:52.759 [FXGL Background Thread 1 ] DEBUG AssetLoaderService   - Loading from cache: /assets/textures/tiles/grass.png
14:20:52.761 [FXGL Background Thread 1 ] DEBUG AssetLoaderService   - Loading from cache: /assets/textures/tiles/grass.png
14:20:52.763 [FXGL Background Thread 1 ] DEBUG AssetLoaderService   - Loading from cache: /assets/textures/tiles/grass.png
14:20:52.765 [FXGL Background Thread 1 ] DEBUG AssetLoaderService   - Loading from cache: /assets/textures/tiles/grass.png
14:20:52.768 [FXGL Background Thread 1 ] DEBUG AssetLoaderService   - Loading from cache: /assets/textures/tiles/grass.png
14:20:52.770 [FXGL Background Thread 1 ] DEBUG AssetLoaderService   - Loading from cache: /assets/textures/tiles/grass.png
14:20:52.771 [FXGL Background Thread 1 ] DEBUG AssetLoaderService   - Loading from cache: /assets/textures/tiles/grass.png
14:20:52.773 [FXGL Background Thread 1 ] DEBUG AssetLoaderService   - Loading from cache: /assets/textures/tiles/grass.png
14:20:52.776 [FXGL Background Thread 1 ] DEBUG AssetLoaderService   - Loading from cache: /assets/textures/tiles/grass.png
14:20:52.779 [FXGL Background Thread 1 ] DEBUG AssetLoaderService   - Loading from cache: /assets/textures/tiles/grass.png
14:20:52.780 [FXGL Background Thread 1 ] DEBUG AssetLoaderService   - Loading from cache: /assets/textures/tiles/grass.png
14:20:52.782 [FXGL Background Thread 1 ] DEBUG AssetLoaderService   - Loading from cache: /assets/textures/tiles/grass.png
14:20:52.785 [FXGL Background Thread 1 ] DEBUG AssetLoaderService   - Loading from cache: /assets/textures/tiles/grass.png
14:20:52.786 [FXGL Background Thread 1 ] DEBUG AssetLoaderService   - Loading from cache: /assets/textures/tiles/grass.png
14:20:52.789 [FXGL Background Thread 1 ] DEBUG AssetLoaderService   - Loading from cache: /assets/textures/tiles/grass.png
14:20:52.792 [FXGL Background Thread 1 ] DEBUG AssetLoaderService   - Loading from cache: /assets/textures/tiles/grass.png
14:20:52.794 [FXGL Background Thread 1 ] DEBUG AssetLoaderService   - Loading from cache: /assets/textures/tiles/grass.png
14:20:52.796 [FXGL Background Thread 1 ] DEBUG AssetLoaderService   - Loading from cache: /assets/textures/tiles/grass.png
14:20:52.798 [FXGL Background Thread 1 ] DEBUG AssetLoaderService   - Loading from cache: /assets/textures/tiles/grass.png
14:20:52.807 [FXGL Background Thread 1 ] DEBUG AssetLoaderService   - Loading from cache: /assets/textures/tiles/grass.png
14:20:52.810 [FXGL Background Thread 1 ] DEBUG AssetLoaderService   - Loading from cache: /assets/textures/tiles/grass.png
14:20:52.812 [FXGL Background Thread 1 ] DEBUG AssetLoaderService   - Loading from cache: /assets/textures/tiles/grass.png
14:20:52.814 [FXGL Background Thread 1 ] DEBUG AssetLoaderService   - Loading from cache: /assets/textures/tiles/grass.png
14:20:52.820 [FXGL Background Thread 1 ] DEBUG AssetLoaderService   - Loading from cache: /assets/textures/tiles/grass.png
14:20:52.822 [FXGL Background Thread 1 ] DEBUG AssetLoaderService   - Loading from cache: /assets/textures/tiles/grass.png
14:20:52.824 [FXGL Background Thread 1 ] DEBUG AssetLoaderService   - Loading from cache: /assets/textures/tiles/grass.png
14:20:52.826 [FXGL Background Thread 1 ] DEBUG AssetLoaderService   - Loading from cache: /assets/textures/tiles/grass.png
14:20:52.827 [FXGL Background Thread 1 ] DEBUG AssetLoaderService   - Loading from cache: /assets/textures/tiles/grass.png
14:20:52.829 [FXGL Background Thread 1 ] DEBUG AssetLoaderService   - Loading from cache: /assets/textures/tiles/grass.png
14:20:52.831 [FXGL Background Thread 1 ] DEBUG AssetLoaderService   - Loading from cache: /assets/textures/tiles/grass.png
14:20:52.833 [FXGL Background Thread 1 ] DEBUG AssetLoaderService   - Loading from cache: /assets/textures/tiles/grass.png
14:20:52.835 [FXGL Background Thread 1 ] DEBUG AssetLoaderService   - Loading from cache: /assets/textures/tiles/grass.png
14:20:52.844 [FXGL Background Thread 1 ] DEBUG AssetLoaderService   - Loading from cache: /assets/textures/tiles/grass.png
14:20:52.851 [FXGL Background Thread 1 ] DEBUG AssetLoaderService   - Loading from cache: /assets/textures/tiles/grass.png
14:20:52.853 [FXGL Background Thread 1 ] DEBUG AssetLoaderService   - Loading from cache: /assets/textures/tiles/grass.png
14:20:52.855 [FXGL Background Thread 1 ] DEBUG AssetLoaderService   - Loading from cache: /assets/textures/tiles/grass.png
14:20:52.865 [FXGL Background Thread 1 ] DEBUG AssetLoaderService   - Loading from cache: /assets/textures/tiles/grass.png
14:20:52.866 [FXGL Background Thread 1 ] DEBUG AssetLoaderService   - Loading from cache: /assets/textures/tiles/grass.png
14:20:52.877 [FXGL Background Thread 1 ] DEBUG AssetLoaderService   - Loading from cache: /assets/textures/tiles/grass.png
14:20:52.879 [FXGL Background Thread 1 ] DEBUG AssetLoaderService   - Loading from cache: /assets/textures/tiles/grass.png
14:20:52.887 [FXGL Background Thread 1 ] DEBUG AssetLoaderService   - Loading from cache: /assets/textures/tiles/grass.png
14:20:52.891 [FXGL Background Thread 1 ] DEBUG AssetLoaderService   - Loading from cache: /assets/textures/tiles/grass.png
14:20:52.892 [FXGL Background Thread 1 ] DEBUG AssetLoaderService   - Loading from cache: /assets/textures/tiles/grass.png
14:20:52.896 [FXGL Background Thread 1 ] DEBUG AssetLoaderService   - Loading from cache: /assets/textures/tiles/grass.png
14:20:52.898 [FXGL Background Thread 1 ] DEBUG AssetLoaderService   - Loading from cache: /assets/textures/tiles/grass.png
14:20:52.904 [FXGL Background Thread 1 ] DEBUG AssetLoaderService   - Loading from cache: /assets/textures/tiles/grass.png
14:20:52.905 [FXGL Background Thread 1 ] DEBUG AssetLoaderService   - Loading from cache: /assets/textures/tiles/grass.png
14:20:52.907 [FXGL Background Thread 1 ] DEBUG AssetLoaderService   - Loading from cache: /assets/textures/tiles/grass.png
14:20:52.916 [FXGL Background Thread 1 ] DEBUG AssetLoaderService   - Loading from cache: /assets/textures/tiles/grass.png
14:20:52.918 [FXGL Background Thread 1 ] DEBUG AssetLoaderService   - Loading from cache: /assets/textures/tiles/grass.png
14:20:52.919 [FXGL Background Thread 1 ] DEBUG AssetLoaderService   - Loading from cache: /assets/textures/tiles/grass.png
14:20:52.921 [FXGL Background Thread 1 ] DEBUG AssetLoaderService   - Loading from cache: /assets/textures/tiles/grass.png
14:20:52.923 [FXGL Background Thread 1 ] DEBUG AssetLoaderService   - Loading from cache: /assets/textures/tiles/grass.png
14:20:52.924 [FXGL Background Thread 1 ] DEBUG AssetLoaderService   - Loading from cache: /assets/textures/tiles/grass.png
14:20:52.928 [FXGL Background Thread 1 ] DEBUG AssetLoaderService   - Loading from cache: /assets/textures/tiles/grass.png
14:20:52.930 [FXGL Background Thread 1 ] DEBUG AssetLoaderService   - Loading from cache: /assets/textures/tiles/grass.png
14:20:52.937 [FXGL Background Thread 1 ] DEBUG AssetLoaderService   - Loading from cache: /assets/textures/tiles/grass.png
14:20:52.941 [FXGL Background Thread 1 ] DEBUG AssetLoaderService   - Loading from cache: /assets/textures/tiles/grass.png
14:20:52.943 [FXGL Background Thread 1 ] DEBUG AssetLoaderService   - Loading from cache: /assets/textures/tiles/grass.png
14:20:52.945 [FXGL Background Thread 1 ] DEBUG AssetLoaderService   - Loading from cache: /assets/textures/tiles/grass.png
14:20:52.946 [FXGL Background Thread 1 ] DEBUG AssetLoaderService   - Loading from cache: /assets/textures/tiles/grass.png
14:20:52.951 [FXGL Background Thread 1 ] DEBUG AssetLoaderService   - Loading from cache: /assets/textures/tiles/grass.png
14:20:52.953 [FXGL Background Thread 1 ] DEBUG AssetLoaderService   - Loading from cache: /assets/textures/tiles/grass.png
14:20:52.956 [FXGL Background Thread 1 ] DEBUG AssetLoaderService   - Loading from cache: /assets/textures/tiles/grass.png
14:20:52.961 [FXGL Background Thread 1 ] DEBUG AssetLoaderService   - Loading from cache: /assets/textures/tiles/grass.png
14:20:52.962 [FXGL Background Thread 1 ] DEBUG AssetLoaderService   - Loading from cache: /assets/textures/tiles/grass.png
14:20:52.964 [FXGL Background Thread 1 ] DEBUG AssetLoaderService   - Loading from cache: /assets/textures/tiles/grass.png
14:20:52.965 [FXGL Background Thread 1 ] DEBUG AssetLoaderService   - Loading from cache: /assets/textures/tiles/grass.png
14:20:52.966 [FXGL Background Thread 1 ] DEBUG AssetLoaderService   - Loading from cache: /assets/textures/tiles/grass.png
14:20:52.968 [FXGL Background Thread 1 ] DEBUG AssetLoaderService   - Loading from cache: /assets/textures/tiles/grass.png
14:20:52.974 [FXGL Background Thread 1 ] DEBUG AssetLoaderService   - Loading from cache: /assets/textures/tiles/grass.png
14:20:52.975 [FXGL Background Thread 1 ] DEBUG AssetLoaderService   - Loading from cache: /assets/textures/tiles/grass.png
14:20:52.980 [FXGL Background Thread 1 ] DEBUG AssetLoaderService   - Loading from cache: /assets/textures/tiles/grass.png
14:20:52.982 [FXGL Background Thread 1 ] DEBUG AssetLoaderService   - Loading from cache: /assets/textures/tiles/grass.png
14:20:52.987 [FXGL Background Thread 1 ] DEBUG AssetLoaderService   - Loading from cache: /assets/textures/tiles/grass.png
14:20:52.988 [FXGL Background Thread 1 ] DEBUG AssetLoaderService   - Loading from cache: /assets/textures/tiles/grass.png
14:20:52.991 [FXGL Background Thread 1 ] DEBUG AssetLoaderService   - Loading from cache: /assets/textures/tiles/grass.png
14:20:53.001 [FXGL Background Thread 1 ] DEBUG AssetLoaderService   - Loading from cache: /assets/textures/tiles/grass.png
14:20:53.002 [FXGL Background Thread 1 ] DEBUG AssetLoaderService   - Loading from cache: /assets/textures/tiles/grass.png
14:20:53.004 [FXGL Background Thread 1 ] DEBUG AssetLoaderService   - Loading from cache: /assets/textures/tiles/grass.png
14:20:53.005 [FXGL Background Thread 1 ] DEBUG AssetLoaderService   - Loading from cache: /assets/textures/tiles/grass.png
14:20:53.007 [FXGL Background Thread 1 ] DEBUG AssetLoaderService   - Loading from cache: /assets/textures/tiles/grass.png
14:20:53.011 [FXGL Background Thread 1 ] DEBUG AssetLoaderService   - Loading from cache: /assets/textures/tiles/grass.png
14:20:53.012 [FXGL Background Thread 1 ] DEBUG AssetLoaderService   - Loading from cache: /assets/textures/tiles/grass.png
14:20:53.014 [FXGL Background Thread 1 ] DEBUG AssetLoaderService   - Loading from cache: /assets/textures/tiles/grass.png
14:20:53.016 [FXGL Background Thread 1 ] DEBUG AssetLoaderService   - Loading from cache: /assets/textures/tiles/grass.png
14:20:53.025 [FXGL Background Thread 1 ] DEBUG AssetLoaderService   - Loading from cache: /assets/textures/tiles/grass.png
14:20:53.029 [FXGL Background Thread 1 ] DEBUG AssetLoaderService   - Loading from cache: /assets/textures/tiles/grass.png
14:20:53.031 [FXGL Background Thread 1 ] DEBUG AssetLoaderService   - Loading from cache: /assets/textures/tiles/grass.png
14:20:53.032 [FXGL Background Thread 1 ] DEBUG AssetLoaderService   - Loading from cache: /assets/textures/tiles/grass.png
14:20:53.043 [FXGL Background Thread 1 ] DEBUG AssetLoaderService   - Loading from cache: /assets/textures/tiles/grass.png
14:20:53.046 [FXGL Background Thread 1 ] DEBUG AssetLoaderService   - Loading from cache: /assets/textures/tiles/grass.png
14:20:53.048 [FXGL Background Thread 1 ] DEBUG AssetLoaderService   - Loading from cache: /assets/textures/tiles/grass.png
14:20:53.052 [FXGL Background Thread 1 ] DEBUG AssetLoaderService   - Loading from cache: /assets/textures/tiles/grass.png
14:20:53.057 [FXGL Background Thread 1 ] INFO  GameApplication      - Game initialization took: 1.557 sec
14:20:53.085 [JavaFX Application Thread] DEBUG Input                - Clearing active input actions
14:20:53.489 [JavaFX Application Thread] DEBUG WindowService        - Removing overlay from FXGLLoadingScene and adding to GameScene
14:20:53.490 [JavaFX Application Thread] DEBUG MainWindow           - FXGLLoadingScene -> GameScene
14:20:53.607 [FXGL Background Thread 2 ] DEBUG Engine               - Logging environment variables
14:20:53.613 [FXGL Background Thread 2 ] DEBUG Engine               - achievements: []
14:20:53.613 [FXGL Background Thread 2 ] DEBUG Engine               - appIcon: fxgl_icon.png
14:20:53.613 [FXGL Background Thread 2 ] DEBUG Engine               - applicationMode: DEVELOPER
14:20:53.613 [FXGL Background Thread 2 ] DEBUG Engine               - cSSList: [fxgl_dark.css]
14:20:53.613 [FXGL Background Thread 2 ] DEBUG Engine               - configClass: Optional.empty
14:20:53.614 [FXGL Background Thread 2 ] DEBUG Engine               - credits: []
14:20:53.615 [FXGL Background Thread 2 ] DEBUG Engine               - devBBoxColorProperty: ObjectProperty [value: 0xff0000ff]
14:20:53.615 [FXGL Background Thread 2 ] DEBUG Engine               - devSensorColorProperty: ObjectProperty [value: 0xffff00ff]
14:20:53.615 [FXGL Background Thread 2 ] DEBUG Engine               - devShowBBoxProperty: BooleanProperty [value: false]
14:20:53.616 [FXGL Background Thread 2 ] DEBUG Engine               - devShowPositionProperty: BooleanProperty [value: false]
14:20:53.616 [FXGL Background Thread 2 ] DEBUG Engine               - enabledMenuItems: []
14:20:53.616 [FXGL Background Thread 2 ] DEBUG Engine               - engineServices: [class com.almasb.fxgl.app.GameApplication$GameApplicationService, class com.almasb.fxgl.app.services.WindowService, class com.almasb.fxgl.app.services.FXGLDialogService, class com.almasb.fxgl.app.services.IOTaskExecutorService, class com.almasb.fxgl.event.EventBusService, class com.almasb.fxgl.io.FileSystemService, class com.almasb.fxgl.localization.LocalizationService, class com.almasb.fxgl.app.services.AssetLoaderService, class com.almasb.fxgl.app.services.SystemBundleService, class com.almasb.fxgl.profile.SaveLoadService, class com.almasb.fxgl.ui.FXGLUIFactoryServiceProvider, class com.almasb.fxgl.ui.FXGLDialogFactoryServiceProvider, class com.almasb.fxgl.audio.AudioPlayer, class com.almasb.fxgl.notification.impl.NotificationServiceProvider, class com.almasb.fxgl.achievement.AchievementService, class com.almasb.fxgl.cutscene.CutsceneService, class com.almasb.fxgl.minigames.MiniGameService, class com.almasb.fxgl.net.NetService, class com.almasb.fxgl.app.services.UpdaterService, class com.almasb.fxgl.dev.DevService]
14:20:53.616 [FXGL Background Thread 2 ] DEBUG Engine               - fontGame: Abel-Regular.ttf
14:20:53.617 [FXGL Background Thread 2 ] DEBUG Engine               - fontMono: lucida_console.ttf
14:20:53.617 [FXGL Background Thread 2 ] DEBUG Engine               - fontText: Courier-Prime.ttf
14:20:53.617 [FXGL Background Thread 2 ] DEBUG Engine               - fontUI: VarelaRound-Regular.ttf
14:20:53.617 [FXGL Background Thread 2 ] DEBUG Engine               - fullScreen: BooleanProperty [value: false]
14:20:53.617 [FXGL Background Thread 2 ] DEBUG Engine               - gameDifficulty: MEDIUM
14:20:53.617 [FXGL Background Thread 2 ] DEBUG Engine               - gameDifficultyProperty: ObjectProperty [value: MEDIUM]
14:20:53.618 [FXGL Background Thread 2 ] DEBUG Engine               - globalMusicVolume: 0.5
14:20:53.618 [FXGL Background Thread 2 ] DEBUG Engine               - globalMusicVolumeProperty: DoubleProperty [value: 0.5]
14:20:53.618 [FXGL Background Thread 2 ] DEBUG Engine               - globalSoundVolume: 0.5
14:20:53.618 [FXGL Background Thread 2 ] DEBUG Engine               - globalSoundVolumeProperty: DoubleProperty [value: 0.5]
14:20:53.618 [FXGL Background Thread 2 ] DEBUG Engine               - height: 600
14:20:53.619 [FXGL Background Thread 2 ] DEBUG Engine               - isAndroid: false
14:20:53.619 [FXGL Background Thread 2 ] DEBUG Engine               - isBrowser: false
14:20:53.619 [FXGL Background Thread 2 ] DEBUG Engine               - isClickFeedbackEnabled: false
14:20:53.619 [FXGL Background Thread 2 ] DEBUG Engine               - isCloseConfirmation: false
14:20:53.619 [FXGL Background Thread 2 ] DEBUG Engine               - isDesktop: true
14:20:53.619 [FXGL Background Thread 2 ] DEBUG Engine               - isDeveloperMenuEnabled: false
14:20:53.619 [FXGL Background Thread 2 ] DEBUG Engine               - isExperimentalNative: false
14:20:53.620 [FXGL Background Thread 2 ] DEBUG Engine               - isExperimentalTiledLargeMap: false
14:20:53.620 [FXGL Background Thread 2 ] DEBUG Engine               - isFullScreenAllowed: false
14:20:53.620 [FXGL Background Thread 2 ] DEBUG Engine               - isFullScreenFromStart: false
14:20:53.620 [FXGL Background Thread 2 ] DEBUG Engine               - isGameMenuEnabled: true
14:20:53.620 [FXGL Background Thread 2 ] DEBUG Engine               - isIOS: false
14:20:53.620 [FXGL Background Thread 2 ] DEBUG Engine               - isIntroEnabled: false
14:20:53.620 [FXGL Background Thread 2 ] DEBUG Engine               - isLinux: true
14:20:53.620 [FXGL Background Thread 2 ] DEBUG Engine               - isMac: false
14:20:53.621 [FXGL Background Thread 2 ] DEBUG Engine               - isMainMenuEnabled: false
14:20:53.621 [FXGL Background Thread 2 ] DEBUG Engine               - isManualResizeEnabled: false
14:20:53.621 [FXGL Background Thread 2 ] DEBUG Engine               - isMobile: false
14:20:53.621 [FXGL Background Thread 2 ] DEBUG Engine               - isPreserveResizeRatio: false
14:20:53.621 [FXGL Background Thread 2 ] DEBUG Engine               - isProfilingEnabled: false
14:20:53.621 [FXGL Background Thread 2 ] DEBUG Engine               - isSingleStep: false
14:20:53.621 [FXGL Background Thread 2 ] DEBUG Engine               - isUserProfileEnabled: false
14:20:53.621 [FXGL Background Thread 2 ] DEBUG Engine               - isWindows: false
14:20:53.622 [FXGL Background Thread 2 ] DEBUG Engine               - language: ObjectProperty [value: ENGLISH]
14:20:53.622 [FXGL Background Thread 2 ] DEBUG Engine               - mainWindow: com.almasb.fxgl.app.MainWindow@71add988
14:20:53.622 [FXGL Background Thread 2 ] DEBUG Engine               - menuKey: ESCAPE
14:20:53.622 [FXGL Background Thread 2 ] DEBUG Engine               - notificationViewClass: class com.almasb.fxgl.notification.view.XboxNotificationView
14:20:53.622 [FXGL Background Thread 2 ] DEBUG Engine               - pixelsPerMeter: 50.0
14:20:53.622 [FXGL Background Thread 2 ] DEBUG Engine               - platform: LINUX
14:20:53.622 [FXGL Background Thread 2 ] DEBUG Engine               - profileDir: profiles/
14:20:53.623 [FXGL Background Thread 2 ] DEBUG Engine               - profileName: StringProperty [value: DEFAULT]
14:20:53.623 [FXGL Background Thread 2 ] DEBUG Engine               - randomSeed: -1
14:20:53.623 [FXGL Background Thread 2 ] DEBUG Engine               - runtimeInfo: RuntimeInfo(platform=LINUX, version=11.9, build=27.05.2020 17.06)
14:20:53.623 [FXGL Background Thread 2 ] DEBUG Engine               - saveFileExt: sav
14:20:53.623 [FXGL Background Thread 2 ] DEBUG Engine               - sceneFactory: com.almasb.fxgl.app.scene.SceneFactory@2b5cf76c
14:20:53.624 [FXGL Background Thread 2 ] DEBUG Engine               - secondsIn24h: 60
14:20:53.624 [FXGL Background Thread 2 ] DEBUG Engine               - settings: Title: Chinmay Tiwari's Global Conquest
Version: 0.0
Width: 800
Height: 600
Fullscreen: false
Intro: false
Profiling: false
Single step:false
App Mode: DEVELOPER
Menu Key: ESCAPE
Stage Style: DECORATED
Scene Factory: class com.almasb.fxgl.app.scene.SceneFactory

14:20:53.624 [FXGL Background Thread 2 ] DEBUG Engine               - soundMenuBack: menu/back.wav
14:20:53.624 [FXGL Background Thread 2 ] DEBUG Engine               - soundMenuPress: menu/press.wav
14:20:53.624 [FXGL Background Thread 2 ] DEBUG Engine               - soundMenuSelect: menu/select.wav
14:20:53.624 [FXGL Background Thread 2 ] DEBUG Engine               - soundNotification: core/notification.wav
14:20:53.625 [FXGL Background Thread 2 ] DEBUG Engine               - stageStyle: DECORATED
14:20:53.625 [FXGL Background Thread 2 ] DEBUG Engine               - supportedLanguages: [ENGLISH, FRENCH, GERMAN, HUNGARIAN, RUSSIAN]
14:20:53.625 [FXGL Background Thread 2 ] DEBUG Engine               - title: Chinmay Tiwari's Global Conquest
14:20:53.625 [FXGL Background Thread 2 ] DEBUG Engine               - urlGithub: https://github.com/AlmasB/FXGL
14:20:53.625 [FXGL Background Thread 2 ] DEBUG Engine               - urlLeaderboard: http://fxgl-top.herokuapp.com/
14:20:53.625 [FXGL Background Thread 2 ] DEBUG Engine               - urlPOM: https://raw.githubusercontent.com/AlmasB/FXGL/master/pom.xml
14:20:53.625 [FXGL Background Thread 2 ] DEBUG Engine               - version: 0.0
14:20:53.625 [FXGL Background Thread 2 ] DEBUG Engine               - versionCheckDays: 7
14:20:53.626 [FXGL Background Thread 2 ] DEBUG Engine               - width: 800
14:20:53.626 [FXGL Background Thread 2 ] DEBUG Engine               - Logging services
14:20:53.626 [FXGL Background Thread 2 ] DEBUG Engine               - class com.almasb.fxgl.app.GameApplication$GameApplicationService
14:20:53.626 [FXGL Background Thread 2 ] DEBUG Engine               - class com.almasb.fxgl.app.services.WindowService
14:20:53.626 [FXGL Background Thread 2 ] DEBUG Engine               - class com.almasb.fxgl.app.services.FXGLDialogService
14:20:53.626 [FXGL Background Thread 2 ] DEBUG Engine               - class com.almasb.fxgl.app.services.IOTaskExecutorService
14:20:53.626 [FXGL Background Thread 2 ] DEBUG Engine               - class com.almasb.fxgl.event.EventBusService
14:20:53.627 [FXGL Background Thread 2 ] DEBUG Engine               - class com.almasb.fxgl.io.FileSystemService
14:20:53.627 [FXGL Background Thread 2 ] DEBUG Engine               - class com.almasb.fxgl.localization.LocalizationService
14:20:53.627 [FXGL Background Thread 2 ] DEBUG Engine               - class com.almasb.fxgl.app.services.AssetLoaderService
14:20:53.627 [FXGL Background Thread 2 ] DEBUG Engine               - class com.almasb.fxgl.app.services.SystemBundleService
14:20:53.627 [FXGL Background Thread 2 ] DEBUG Engine               - class com.almasb.fxgl.profile.SaveLoadService
14:20:53.627 [FXGL Background Thread 2 ] DEBUG Engine               - class com.almasb.fxgl.ui.FXGLUIFactoryServiceProvider
14:20:53.627 [FXGL Background Thread 2 ] DEBUG Engine               - class com.almasb.fxgl.ui.FXGLDialogFactoryServiceProvider
14:20:53.627 [FXGL Background Thread 2 ] DEBUG Engine               - class com.almasb.fxgl.audio.AudioPlayer
14:20:53.627 [FXGL Background Thread 2 ] DEBUG Engine               - class com.almasb.fxgl.notification.impl.NotificationServiceProvider
14:20:53.628 [FXGL Background Thread 2 ] DEBUG Engine               - class com.almasb.fxgl.achievement.AchievementService
14:20:53.628 [FXGL Background Thread 2 ] DEBUG Engine               - class com.almasb.fxgl.cutscene.CutsceneService
14:20:53.628 [FXGL Background Thread 2 ] DEBUG Engine               - class com.almasb.fxgl.minigames.MiniGameService
14:20:53.628 [FXGL Background Thread 2 ] DEBUG Engine               - class com.almasb.fxgl.net.NetService
14:20:53.628 [FXGL Background Thread 2 ] DEBUG Engine               - class com.almasb.fxgl.app.services.UpdaterService
14:20:53.628 [FXGL Background Thread 2 ] DEBUG Engine               - class com.almasb.fxgl.dev.DevService
14:20:57.165 [JavaFX Application Thread] DEBUG GameApplication      - Exiting FXGL
14:20:57.165 [JavaFX Application Thread] DEBUG LoopRunner           - Stopping loop
14:20:57.165 [JavaFX Application Thread] DEBUG SystemBundleService  - Saving FXGL system data
14:20:57.169 [JavaFX Application Thread] DEBUG FileSystemAccess     - Writing to: /home/segfault/fx/CTGlobalConquest/system/fxgl.bundle
14:20:57.174 [JavaFX Application Thread] DEBUG GameApplication      - Shutting down background threads
14:20:57.175 [JavaFX Application Thread] DEBUG GameApplication      - Closing logger and exiting JavaFX
