19:25:08.712 [main                     ] DEBUG Logger               - Configured Logger
19:25:08.737 [main                     ] DEBUG GameApplication      - Logging settings
Title: Chinmay Tiwari's Global Conquest
Version: 0.0
Width: 1024
Height: 720
Fullscreen: false
Intro: false
Profiling: false
Single step:false
App Mode: DEVELOPER
Menu Key: ESCAPE
Stage Style: DECORATED
Scene Factory: class gd.rf.jsgames.App$1

19:25:09.487 [JavaFX Application Thread] DEBUG FXGLApplication      - Initializing FXGL
19:25:09.491 [JavaFX Application Thread] INFO  Engine               - FXGL-17.2 (20.08.2022 16.50) on WINDOWS (J:17.0.5 FX:11)
19:25:09.492 [JavaFX Application Thread] DEBUG Engine               - JRE Vendor Name: Eclipse Adoptium
19:25:09.492 [JavaFX Application Thread] DEBUG Engine               - Running on OS: Windows 10 version 10.0
19:25:09.492 [JavaFX Application Thread] DEBUG Engine               - Architecture: amd64
19:25:09.492 [JavaFX Application Thread] INFO  Engine               - Source code and latest versions at: https://github.com/AlmasB/FXGL
19:25:09.492 [JavaFX Application Thread] INFO  Engine               -       Ask questions and discuss at: https://github.com/AlmasB/FXGL/discussions
19:25:09.493 [JavaFX Application Thread] INFO  Engine               -              Join the FXGL chat at: https://gitter.im/AlmasB/FXGL
19:25:09.556 [JavaFX Application Thread] DEBUG PrimaryStageWindow   - Creating a JavaFX scene
19:25:09.607 [JavaFX Application Thread] DEBUG PrimaryStageWindow   - Target settings size: 1024.0 x 720.0
19:25:09.608 [JavaFX Application Thread] DEBUG PrimaryStageWindow   - Scaled scene size:    1024.0 x 720.0
19:25:09.608 [JavaFX Application Thread] DEBUG PrimaryStageWindow   - Scaled ratio: (1.0, 1.0)
19:25:09.609 [JavaFX Application Thread] DEBUG PrimaryStageWindow   - Set initial scene to FXGLStartupScene
19:25:09.614 [JavaFX Application Thread] DEBUG PrimaryStageWindow   - Opening main window
19:25:09.697 [JavaFX Application Thread] DEBUG PrimaryStageWindow   - Window border size: (16.0, 39.0)
19:25:09.698 [JavaFX Application Thread] DEBUG PrimaryStageWindow   - Scaled size: 1024.0 x 720.0
19:25:09.698 [JavaFX Application Thread] DEBUG PrimaryStageWindow   - Scaled ratio: (1.0, 1.0)
19:25:09.698 [JavaFX Application Thread] DEBUG PrimaryStageWindow   - Scene size: 1024.0 x 720.0
19:25:09.698 [JavaFX Application Thread] DEBUG PrimaryStageWindow   - Stage size: 1040.0 x 759.0
19:25:09.703 [FXGL Background Thread 1 ] DEBUG Engine               - Initializing environment variables
19:25:09.726 [FXGL Background Thread 1 ] DEBUG FXGLAssetLoaderServi - User app class for loading assets: class gd.rf.jsgames.App
19:25:09.727 [FXGL Background Thread 1 ] DEBUG GameApplicationServi - Applying CSS: fxgl_dark.css
19:25:09.728 [FXGL Background Thread 1 ] DEBUG FXGLAssetLoaderServi - Loading from file system: jar:file:///C:/Users/Andre/.m2/repository/com/github/almasb/fxgl/17.2/fxgl-17.2.jar!/fxglassets/ui/css/fxgl_dark.css
19:25:09.764 [FXGL Background Thread 1 ] DEBUG GameApplicationServi - Initializing application scenes
19:25:09.791 [FXGL Background Thread 1 ] DEBUG GameWorld            - Game world initialized
19:25:09.824 [FXGL Background Thread 1 ] DEBUG PhysicsWorld         - Physics world initialized: appHeight=720, physics.ppm=50.0
19:25:09.824 [FXGL Background Thread 1 ] DEBUG PhysicsWorld         - Using strategy: BRUTE_FORCE
19:25:09.827 [FXGL Background Thread 1 ] DEBUG GameScene            - Game scene initialized: 1024x720
19:25:09.835 [FXGL Background Thread 1 ] DEBUG FXGL.DefaultMenu     - createMenuBodyGameMenu()
19:25:09.850 [FXGL Background Thread 1 ] DEBUG FXGL.DefaultMenu     - createOptionsMenu()
19:25:09.857 [FXGL Background Thread 1 ] DEBUG FXGLAssetLoaderServi - Loading from file system: jar:file:///C:/Users/Andre/.m2/repository/com/github/almasb/fxgl/17.2/fxgl-17.2.jar!/fxglassets/textures/particles/smoke.png
19:25:09.921 [FXGL Background Thread 1 ] DEBUG FXGLAssetLoaderServi - Loading from file system: jar:file:///C:/Users/Andre/.m2/repository/com/github/almasb/fxgl/17.2/fxgl-17.2.jar!/fxglassets/textures/particles/trace_horizontal.png
19:25:09.942 [FXGL Background Thread 1 ] DEBUG GameApplicationServi - Application scenes initialized
19:25:09.950 [FXGL Background Thread 1 ] DEBUG SystemBundleService  - Loading FXGL system data
19:25:09.953 [FXGL Background Thread 1 ] DEBUG FileSystemAccess     - Reading from: C:\Users\Andre\projects\CTGlobalConquest\system\fxgl.bundle
19:25:09.959 [FXGL Background Thread 1 ] DEBUG SystemBundleService  - Bundle FXGL: {}
19:25:09.959 [FXGL Background Thread 1 ] DEBUG UpdaterService       - Checking for updates
19:25:09.962 [FXGL Background Thread 4 ] DEBUG FXGLApplication      - Loading fonts
19:25:09.962 [FXGL Background Thread 1 ] DEBUG FXGLApplication      - Loading default localization
19:25:09.962 [FXGL Background Thread 4 ] DEBUG FXGLAssetLoaderServi - Loading from file system: jar:file:///C:/Users/Andre/.m2/repository/com/github/almasb/fxgl/17.2/fxgl-17.2.jar!/fxglassets/ui/fonts/VarelaRound-Regular.ttf
19:25:09.962 [FXGL Background Thread 1 ] DEBUG FXGLAssetLoaderServi - Loading from file system: jar:file:///C:/Users/Andre/.m2/repository/com/github/almasb/fxgl/17.2/fxgl-17.2.jar!/fxglassets/languages/english.lang
19:25:09.972 [FXGL Background Thread 1 ] INFO  FXGLApplication      - FXGL initialization took: 0.269 sec
19:25:09.974 [JavaFX Application Thread] DEBUG LoopRunner           - Stopping loop
19:25:09.974 [JavaFX Application Thread] DEBUG LoopRunner           - Initializing JavaFX AnimationTimerLoop
19:25:09.975 [JavaFX Application Thread] FATAL FXGLApplication      - Uncaught Exception:
java.lang.NoSuchFieldError: BACK
	at com.almasb.fxgl.core@17.2/com.almasb.fxgl.input.MouseTrigger$Companion$WhenMappings.<clinit>(Triggers.kt)
	at com.almasb.fxgl.core@17.2/com.almasb.fxgl.input.MouseTrigger$Companion.buttonToString(Triggers.kt:130)
	at com.almasb.fxgl.core@17.2/com.almasb.fxgl.input.MouseTrigger.<init>(Triggers.kt:143)
	at com.almasb.fxgl.core@17.2/com.almasb.fxgl.input.Input.addAction(Input.kt:494)
	at com.almasb.fxgl.core@17.2/com.almasb.fxgl.input.Input.addAction$default(Input.kt:493)
	at com.almasb.fxgl.core@17.2/com.almasb.fxgl.input.Input.addAction(Input.kt)
	at gd.rf.jsgames/gd.rf.jsgames.App.initInput(App.java:199)
	at com.almasb.fxgl.all@17.2/com.almasb.fxgl.app.FXGLApplication$GameApplicationService.onMainLoopStarting(FXGLApplication.kt:529)
	at com.almasb.fxgl.all@17.2/com.almasb.fxgl.app.Engine.startLoop(Engine.kt:150)
	at com.almasb.fxgl.all@17.2/com.almasb.fxgl.app.FXGLApplication.startImpl$lambda-3(FXGLApplication.kt:145)
	at com.almasb.fxgl.core@17.2/com.almasb.fxgl.core.concurrent.IOTask.succeed(IOTask.java:164)
	at com.almasb.fxgl.core@17.2/com.almasb.fxgl.core.concurrent.IOTask$1.succeeded(IOTask.java:153)
	at javafx.graphics/javafx.concurrent.Task.setState(Task.java:726)
	at javafx.graphics/javafx.concurrent.Task$TaskCallable.lambda$call$1(Task.java:1436)
	at javafx.graphics/com.sun.javafx.application.PlatformImpl.lambda$runLater$10(PlatformImpl.java:428)
	at java.base/java.security.AccessController.doPrivileged(Unknown Source)
	at javafx.graphics/com.sun.javafx.application.PlatformImpl.lambda$runLater$11(PlatformImpl.java:427)
	at javafx.graphics/com.sun.glass.ui.InvokeLaterDispatcher$Future.run(InvokeLaterDispatcher.java:96)
	at javafx.graphics/com.sun.glass.ui.win.WinApplication._runLoop(Native Method)
	at javafx.graphics/com.sun.glass.ui.win.WinApplication.lambda$runLoop$3(WinApplication.java:174)
	at java.base/java.lang.Thread.run(Unknown Source)

19:25:09.977 [JavaFX Application Thread] FATAL FXGLApplication      - Application will now exit
19:25:09.997 [JavaFX Application Thread] DEBUG PrimaryStageWindow   - Push state: ErrorSubScene
19:25:09.997 [JavaFX Application Thread] DEBUG Input                - Clearing active input actions
19:25:10.008 [JavaFX Application Thread] DEBUG GameApplicationServi - Removing overlay from FXGLStartupScene and adding to ErrorSubScene
19:25:10.008 [JavaFX Application Thread] DEBUG PrimaryStageWindow   - FXGLStartupScene -> ErrorSubScene
19:25:10.062 [FXGL Background Thread 4 ] DEBUG FXGLAssetLoaderServi - Loading from file system: jar:file:///C:/Users/Andre/.m2/repository/com/github/almasb/fxgl/17.2/fxgl-17.2.jar!/fxglassets/ui/fonts/Abel-Regular.ttf
19:25:10.090 [FXGL Background Thread 4 ] DEBUG FXGLAssetLoaderServi - Loading from file system: jar:file:///C:/Users/Andre/.m2/repository/com/github/almasb/fxgl/17.2/fxgl-17.2.jar!/fxglassets/ui/fonts/TerminalLandMono-Regular.otf
19:25:10.104 [FXGL Background Thread 4 ] DEBUG FXGLAssetLoaderServi - Loading from file system: jar:file:///C:/Users/Andre/.m2/repository/com/github/almasb/fxgl/17.2/fxgl-17.2.jar!/fxglassets/ui/fonts/Courier-Prime.ttf
19:25:10.151 [JavaFX Application Thread] DEBUG FXGLApplication      - Registering font factories with UI factory
19:25:12.962 [FXGL Background Thread 3 ] DEBUG Engine               - Logging environment variables
19:25:12.962 [FXGL Background Thread 3 ] DEBUG Engine               - achievements: []
19:25:12.962 [FXGL Background Thread 3 ] DEBUG Engine               - actualHeight: 720.0
19:25:12.962 [FXGL Background Thread 3 ] DEBUG Engine               - actualHeightProperty: ReadOnlyDoubleProperty [value: 720.0]
19:25:12.962 [FXGL Background Thread 3 ] DEBUG Engine               - actualWidth: 1024.0
19:25:12.962 [FXGL Background Thread 3 ] DEBUG Engine               - actualWidthProperty: ReadOnlyDoubleProperty [value: 1024.0]
19:25:12.962 [FXGL Background Thread 3 ] DEBUG Engine               - appIcon: fxgl_icon.png
19:25:12.962 [FXGL Background Thread 3 ] DEBUG Engine               - applicationMode: DEVELOPER
19:25:12.963 [FXGL Background Thread 3 ] DEBUG Engine               - cSSList: [fxgl_dark.css]
19:25:12.963 [FXGL Background Thread 3 ] DEBUG Engine               - collisionDetectionStrategy: BRUTE_FORCE
19:25:12.963 [FXGL Background Thread 3 ] DEBUG Engine               - configClass: Optional.empty
19:25:12.963 [FXGL Background Thread 3 ] DEBUG Engine               - credits: []
19:25:12.963 [FXGL Background Thread 3 ] DEBUG Engine               - defaultCursor: CursorInfo(imageName=fxgl_default_cursor.png, hotspotX=7.0, hotspotY=6.0)
19:25:12.963 [FXGL Background Thread 3 ] DEBUG Engine               - devBBoxColorProperty: ObjectProperty [value: 0xff0000ff]
19:25:12.963 [FXGL Background Thread 3 ] DEBUG Engine               - devEnableDebugCameraProperty: BooleanProperty [value: false]
19:25:12.963 [FXGL Background Thread 3 ] DEBUG Engine               - devSensorColorProperty: ObjectProperty [value: 0xffff00ff]
19:25:12.963 [FXGL Background Thread 3 ] DEBUG Engine               - devShowBBoxProperty: BooleanProperty [value: false]
19:25:12.964 [FXGL Background Thread 3 ] DEBUG Engine               - devShowPositionProperty: BooleanProperty [value: false]
19:25:12.964 [FXGL Background Thread 3 ] DEBUG Engine               - enabledMenuItems: []
19:25:12.964 [FXGL Background Thread 3 ] DEBUG Engine               - engineServices: [class com.almasb.fxgl.app.services.FXGLAssetLoaderService, class com.almasb.fxgl.app.FXGLApplication$GameApplicationService, class com.almasb.fxgl.app.services.FXGLDialogService, class com.almasb.fxgl.app.services.IOTaskExecutorService, class com.almasb.fxgl.io.FileSystemService, class com.almasb.fxgl.localization.LocalizationService, class com.almasb.fxgl.app.services.SystemBundleService, class com.almasb.fxgl.profile.SaveLoadService, class com.almasb.fxgl.ui.FXGLUIFactoryServiceProvider, class com.almasb.fxgl.ui.FXGLDialogFactoryServiceProvider, class com.almasb.fxgl.audio.AudioPlayer, class com.almasb.fxgl.notification.impl.NotificationServiceProvider, class com.almasb.fxgl.achievement.AchievementService, class com.almasb.fxgl.cutscene.CutsceneService, class com.almasb.fxgl.minigames.MiniGameService, class com.almasb.fxgl.net.NetService, class com.almasb.fxgl.app.services.UpdaterService, class com.almasb.fxgl.dev.DevService]
19:25:12.964 [FXGL Background Thread 3 ] DEBUG Engine               - fontGame: Abel-Regular.ttf
19:25:12.964 [FXGL Background Thread 3 ] DEBUG Engine               - fontMono: TerminalLandMono-Regular.otf
19:25:12.964 [FXGL Background Thread 3 ] DEBUG Engine               - fontText: Courier-Prime.ttf
19:25:12.964 [FXGL Background Thread 3 ] DEBUG Engine               - fontUI: VarelaRound-Regular.ttf
19:25:12.964 [FXGL Background Thread 3 ] DEBUG Engine               - fullScreen: BooleanProperty [value: false]
19:25:12.964 [FXGL Background Thread 3 ] DEBUG Engine               - gameDifficulty: MEDIUM
19:25:12.964 [FXGL Background Thread 3 ] DEBUG Engine               - gameDifficultyProperty: ObjectProperty [value: MEDIUM]
19:25:12.964 [FXGL Background Thread 3 ] DEBUG Engine               - globalMusicVolume: 0.5
19:25:12.964 [FXGL Background Thread 3 ] DEBUG Engine               - globalMusicVolumeProperty: DoubleProperty [value: 0.5]
19:25:12.964 [FXGL Background Thread 3 ] DEBUG Engine               - globalSoundVolume: 0.5
19:25:12.964 [FXGL Background Thread 3 ] DEBUG Engine               - globalSoundVolumeProperty: DoubleProperty [value: 0.5]
19:25:12.964 [FXGL Background Thread 3 ] DEBUG Engine               - height: 720
19:25:12.965 [FXGL Background Thread 3 ] DEBUG Engine               - is3D: false
19:25:12.965 [FXGL Background Thread 3 ] DEBUG Engine               - isAndroid: false
19:25:12.965 [FXGL Background Thread 3 ] DEBUG Engine               - isBrowser: false
19:25:12.965 [FXGL Background Thread 3 ] DEBUG Engine               - isClickFeedbackEnabled: false
19:25:12.965 [FXGL Background Thread 3 ] DEBUG Engine               - isCloseConfirmation: false
19:25:12.965 [FXGL Background Thread 3 ] DEBUG Engine               - isDesktop: true
19:25:12.965 [FXGL Background Thread 3 ] DEBUG Engine               - isDeveloperMenuEnabled: false
19:25:12.965 [FXGL Background Thread 3 ] DEBUG Engine               - isEmbedded: false
19:25:12.965 [FXGL Background Thread 3 ] DEBUG Engine               - isEntityPreloadEnabled: true
19:25:12.965 [FXGL Background Thread 3 ] DEBUG Engine               - isExperimentalTiledLargeMap: false
19:25:12.965 [FXGL Background Thread 3 ] DEBUG Engine               - isFileSystemWriteAllowed: true
19:25:12.965 [FXGL Background Thread 3 ] DEBUG Engine               - isFullScreenAllowed: false
19:25:12.965 [FXGL Background Thread 3 ] DEBUG Engine               - isFullScreenFromStart: false
19:25:12.965 [FXGL Background Thread 3 ] DEBUG Engine               - isGameMenuEnabled: true
19:25:12.966 [FXGL Background Thread 3 ] DEBUG Engine               - isIOS: false
19:25:12.966 [FXGL Background Thread 3 ] DEBUG Engine               - isIntroEnabled: false
19:25:12.966 [FXGL Background Thread 3 ] DEBUG Engine               - isLinux: false
19:25:12.966 [FXGL Background Thread 3 ] DEBUG Engine               - isMac: false
19:25:12.966 [FXGL Background Thread 3 ] DEBUG Engine               - isMainMenuEnabled: false
19:25:12.966 [FXGL Background Thread 3 ] DEBUG Engine               - isManualResizeEnabled: false
19:25:12.966 [FXGL Background Thread 3 ] DEBUG Engine               - isMobile: false
19:25:12.966 [FXGL Background Thread 3 ] DEBUG Engine               - isNative: false
19:25:12.966 [FXGL Background Thread 3 ] DEBUG Engine               - isPauseMusicWhenMinimized: true
19:25:12.966 [FXGL Background Thread 3 ] DEBUG Engine               - isPreserveResizeRatio: false
19:25:12.966 [FXGL Background Thread 3 ] DEBUG Engine               - isProfilingEnabled: false
19:25:12.966 [FXGL Background Thread 3 ] DEBUG Engine               - isScaleAffectedOnResize: true
19:25:12.966 [FXGL Background Thread 3 ] DEBUG Engine               - isSingleStep: false
19:25:12.966 [FXGL Background Thread 3 ] DEBUG Engine               - isUserProfileEnabled: false
19:25:12.966 [FXGL Background Thread 3 ] DEBUG Engine               - isWindows: true
19:25:12.966 [FXGL Background Thread 3 ] DEBUG Engine               - language: ObjectProperty [value: ENGLISH]
19:25:12.966 [FXGL Background Thread 3 ] DEBUG Engine               - menuKey: ESCAPE
19:25:12.967 [FXGL Background Thread 3 ] DEBUG Engine               - mouseSensitivity: 0.2
19:25:12.967 [FXGL Background Thread 3 ] DEBUG Engine               - notificationViewClass: class com.almasb.fxgl.notification.view.XboxNotificationView
19:25:12.967 [FXGL Background Thread 3 ] DEBUG Engine               - pixelsPerMeter: 50.0
19:25:12.967 [FXGL Background Thread 3 ] DEBUG Engine               - platform: WINDOWS
19:25:12.967 [FXGL Background Thread 3 ] DEBUG Engine               - prefHeightProperty: ReadOnlyDoubleProperty [value: 720.0]
19:25:12.967 [FXGL Background Thread 3 ] DEBUG Engine               - prefWidthProperty: ReadOnlyDoubleProperty [value: 1024.0]
19:25:12.967 [FXGL Background Thread 3 ] DEBUG Engine               - profileDir: profiles/
19:25:12.967 [FXGL Background Thread 3 ] DEBUG Engine               - profileName: StringProperty [value: DEFAULT]
19:25:12.967 [FXGL Background Thread 3 ] DEBUG Engine               - randomSeed: -1
19:25:12.968 [FXGL Background Thread 3 ] DEBUG Engine               - runtimeInfo: RuntimeInfo(platform=WINDOWS, version=17.2, build=20.08.2022 16.50)
19:25:12.968 [FXGL Background Thread 3 ] DEBUG Engine               - saveFileExt: sav
19:25:12.968 [FXGL Background Thread 3 ] DEBUG Engine               - scaledHeightProp$fxgl: DoubleProperty [bound, value: 720.0]
19:25:12.968 [FXGL Background Thread 3 ] DEBUG Engine               - scaledWidthProp$fxgl: DoubleProperty [bound, value: 1024.0]
19:25:12.968 [FXGL Background Thread 3 ] DEBUG Engine               - sceneFactory: gd.rf.jsgames.App$1@305f8cab
19:25:12.968 [FXGL Background Thread 3 ] DEBUG Engine               - secondsIn24h: 60
19:25:12.968 [FXGL Background Thread 3 ] DEBUG Engine               - soundMenuBack: menu/back.wav
19:25:12.968 [FXGL Background Thread 3 ] DEBUG Engine               - soundMenuPress: menu/press.wav
19:25:12.968 [FXGL Background Thread 3 ] DEBUG Engine               - soundMenuSelect: menu/select.wav
19:25:12.968 [FXGL Background Thread 3 ] DEBUG Engine               - soundNotification: core/notification.wav
19:25:12.968 [FXGL Background Thread 3 ] DEBUG Engine               - stageStyle: DECORATED
19:25:12.968 [FXGL Background Thread 3 ] DEBUG Engine               - supportedLanguages: [ENGLISH, FRENCH, GERMAN, HUNGARIAN, RUSSIAN]
19:25:12.968 [FXGL Background Thread 3 ] DEBUG Engine               - ticksPerSecond: -1
19:25:12.968 [FXGL Background Thread 3 ] DEBUG Engine               - title: Chinmay Tiwari's Global Conquest
19:25:12.968 [FXGL Background Thread 3 ] DEBUG Engine               - urlGithub: https://github.com/AlmasB/FXGL
19:25:12.968 [FXGL Background Thread 3 ] DEBUG Engine               - urlLeaderboard: http://fxgl-top.herokuapp.com/
19:25:12.968 [FXGL Background Thread 3 ] DEBUG Engine               - urlPOM: https://raw.githubusercontent.com/AlmasB/FXGL/release/README.md
19:25:12.968 [FXGL Background Thread 3 ] DEBUG Engine               - userAppClass: class gd.rf.jsgames.App
19:25:12.968 [FXGL Background Thread 3 ] DEBUG Engine               - version: 0.0
19:25:12.968 [FXGL Background Thread 3 ] DEBUG Engine               - versionCheckDays: 7
19:25:12.969 [FXGL Background Thread 3 ] DEBUG Engine               - width: 1024
19:25:12.969 [FXGL Background Thread 3 ] DEBUG Engine               - Logging services
19:25:12.969 [FXGL Background Thread 3 ] DEBUG Engine               - class com.almasb.fxgl.app.services.FXGLAssetLoaderService
19:25:12.969 [FXGL Background Thread 3 ] DEBUG Engine               - class com.almasb.fxgl.app.FXGLApplication$GameApplicationService
19:25:12.969 [FXGL Background Thread 3 ] DEBUG Engine               - class com.almasb.fxgl.app.services.FXGLDialogService
19:25:12.969 [FXGL Background Thread 3 ] DEBUG Engine               - class com.almasb.fxgl.app.services.IOTaskExecutorService
19:25:12.969 [FXGL Background Thread 3 ] DEBUG Engine               - class com.almasb.fxgl.io.FileSystemService
19:25:12.969 [FXGL Background Thread 3 ] DEBUG Engine               - class com.almasb.fxgl.localization.LocalizationService
19:25:12.969 [FXGL Background Thread 3 ] DEBUG Engine               - class com.almasb.fxgl.app.services.SystemBundleService
19:25:12.969 [FXGL Background Thread 3 ] DEBUG Engine               - class com.almasb.fxgl.profile.SaveLoadService
19:25:12.969 [FXGL Background Thread 3 ] DEBUG Engine               - class com.almasb.fxgl.ui.FXGLUIFactoryServiceProvider
19:25:12.969 [FXGL Background Thread 3 ] DEBUG Engine               - class com.almasb.fxgl.ui.FXGLDialogFactoryServiceProvider
19:25:12.969 [FXGL Background Thread 3 ] DEBUG Engine               - class com.almasb.fxgl.audio.AudioPlayer
19:25:12.969 [FXGL Background Thread 3 ] DEBUG Engine               - class com.almasb.fxgl.notification.impl.NotificationServiceProvider
19:25:12.969 [FXGL Background Thread 3 ] DEBUG Engine               - class com.almasb.fxgl.achievement.AchievementService
19:25:12.969 [FXGL Background Thread 3 ] DEBUG Engine               - class com.almasb.fxgl.cutscene.CutsceneService
19:25:12.969 [FXGL Background Thread 3 ] DEBUG Engine               - class com.almasb.fxgl.minigames.MiniGameService
19:25:12.969 [FXGL Background Thread 3 ] DEBUG Engine               - class com.almasb.fxgl.net.NetService
19:25:12.969 [FXGL Background Thread 3 ] DEBUG Engine               - class com.almasb.fxgl.app.services.UpdaterService
19:25:12.969 [FXGL Background Thread 3 ] DEBUG Engine               - class com.almasb.fxgl.dev.DevService
19:25:14.318 [JavaFX Application Thread] DEBUG FXGLApplication      - Exiting FXGL
19:25:14.318 [JavaFX Application Thread] DEBUG Async                - Shutting down background threads
19:25:14.318 [JavaFX Application Thread] DEBUG PrimaryStageWindow   - Closing main window
19:25:14.328 [JavaFX Application Thread] DEBUG Logger               - Closing Logger
