09:55:35.960 [main                     ] DEBUG Logger               - Configured Logger
09:55:35.995 [main                     ] DEBUG GameApplication      - Logging settings
Title: Chinmay Tiwari's Global Conquest
Version: 0.0
Width: 1024
Height: 720
Fullscreen: false
Intro: false
Profiling: false
Single step:false
App Mode: DEVELOPER
Menu Key: ESCAPE
Stage Style: DECORATED
Scene Factory: class gd.rf.jsgames.App$1

09:55:36.809 [JavaFX Application Thread] DEBUG FXGLApplication      - Initializing FXGL
09:55:36.814 [JavaFX Application Thread] INFO  Engine               - FXGL-17.2 (20.08.2022 16.50) on WINDOWS (J:17.0.5 FX:11)
09:55:36.816 [JavaFX Application Thread] DEBUG Engine               - JRE Vendor Name: Eclipse Adoptium
09:55:36.816 [JavaFX Application Thread] DEBUG Engine               - Running on OS: Windows 10 version 10.0
09:55:36.816 [JavaFX Application Thread] DEBUG Engine               - Architecture: amd64
09:55:36.816 [JavaFX Application Thread] INFO  Engine               - Source code and latest versions at: https://github.com/AlmasB/FXGL
09:55:36.817 [JavaFX Application Thread] INFO  Engine               -       Ask questions and discuss at: https://github.com/AlmasB/FXGL/discussions
09:55:36.817 [JavaFX Application Thread] INFO  Engine               -              Join the FXGL chat at: https://gitter.im/AlmasB/FXGL
09:55:36.908 [JavaFX Application Thread] DEBUG PrimaryStageWindow   - Creating a JavaFX scene
09:55:36.978 [JavaFX Application Thread] DEBUG PrimaryStageWindow   - Target settings size: 1024.0 x 720.0
09:55:36.978 [JavaFX Application Thread] DEBUG PrimaryStageWindow   - Scaled scene size:    1024.0 x 720.0
09:55:36.978 [JavaFX Application Thread] DEBUG PrimaryStageWindow   - Scaled ratio: (1.0, 1.0)
09:55:36.979 [JavaFX Application Thread] DEBUG PrimaryStageWindow   - Set initial scene to FXGLStartupScene
09:55:36.985 [JavaFX Application Thread] DEBUG PrimaryStageWindow   - Opening main window
09:55:37.065 [JavaFX Application Thread] DEBUG PrimaryStageWindow   - Window border size: (16.0, 39.0)
09:55:37.065 [JavaFX Application Thread] DEBUG PrimaryStageWindow   - Scaled size: 1024.0 x 720.0
09:55:37.065 [JavaFX Application Thread] DEBUG PrimaryStageWindow   - Scaled ratio: (1.0, 1.0)
09:55:37.066 [JavaFX Application Thread] DEBUG PrimaryStageWindow   - Scene size: 1024.0 x 720.0
09:55:37.066 [JavaFX Application Thread] DEBUG PrimaryStageWindow   - Stage size: 1040.0 x 759.0
09:55:37.074 [FXGL Background Thread 1 ] DEBUG Engine               - Initializing environment variables
09:55:37.108 [FXGL Background Thread 1 ] DEBUG FXGLAssetLoaderServi - User app class for loading assets: class gd.rf.jsgames.App
09:55:37.108 [FXGL Background Thread 1 ] DEBUG GameApplicationServi - Applying CSS: fxgl_dark.css
09:55:37.109 [FXGL Background Thread 1 ] DEBUG FXGLAssetLoaderServi - Loading from file system: jar:file:///C:/Users/828517478/.m2/repository/com/github/almasb/fxgl/17.2/fxgl-17.2.jar!/fxglassets/ui/css/fxgl_dark.css
09:55:37.150 [FXGL Background Thread 1 ] DEBUG GameApplicationServi - Initializing application scenes
09:55:37.194 [FXGL Background Thread 1 ] DEBUG GameWorld            - Game world initialized
09:55:37.245 [FXGL Background Thread 1 ] DEBUG PhysicsWorld         - Physics world initialized: appHeight=720, physics.ppm=50.0
09:55:37.245 [FXGL Background Thread 1 ] DEBUG PhysicsWorld         - Using strategy: BRUTE_FORCE
09:55:37.249 [FXGL Background Thread 1 ] DEBUG GameScene            - Game scene initialized: 1024x720
09:55:37.269 [FXGL Background Thread 1 ] DEBUG FXGL.DefaultMenu     - createMenuBodyGameMenu()
09:55:37.283 [FXGL Background Thread 1 ] DEBUG FXGL.DefaultMenu     - createOptionsMenu()
09:55:37.294 [FXGL Background Thread 1 ] DEBUG FXGLAssetLoaderServi - Loading from file system: jar:file:///C:/Users/828517478/.m2/repository/com/github/almasb/fxgl/17.2/fxgl-17.2.jar!/fxglassets/textures/particles/smoke.png
09:55:37.382 [FXGL Background Thread 1 ] DEBUG FXGLAssetLoaderServi - Loading from file system: jar:file:///C:/Users/828517478/.m2/repository/com/github/almasb/fxgl/17.2/fxgl-17.2.jar!/fxglassets/textures/particles/trace_horizontal.png
09:55:37.405 [FXGL Background Thread 1 ] DEBUG GameApplicationServi - Application scenes initialized
09:55:37.422 [FXGL Background Thread 1 ] DEBUG SystemBundleService  - Loading FXGL system data
09:55:37.426 [FXGL Background Thread 1 ] DEBUG FileSystemAccess     - Reading from: C:\Users\828517478\CTGlobalConquest\system\fxgl.bundle
09:55:37.434 [FXGL Background Thread 1 ] DEBUG SystemBundleService  - Bundle FXGL: {}
09:55:37.434 [FXGL Background Thread 1 ] DEBUG UpdaterService       - Checking for updates
09:55:37.439 [FXGL Background Thread 1 ] DEBUG FXGLApplication      - Loading default localization
09:55:37.440 [FXGL Background Thread 1 ] DEBUG FXGLAssetLoaderServi - Loading from file system: jar:file:///C:/Users/828517478/.m2/repository/com/github/almasb/fxgl/17.2/fxgl-17.2.jar!/fxglassets/languages/english.lang
09:55:37.443 [FXGL Background Thread 4 ] DEBUG FXGLApplication      - Loading fonts
09:55:37.444 [FXGL Background Thread 4 ] DEBUG FXGLAssetLoaderServi - Loading from file system: jar:file:///C:/Users/828517478/.m2/repository/com/github/almasb/fxgl/17.2/fxgl-17.2.jar!/fxglassets/ui/fonts/VarelaRound-Regular.ttf
09:55:37.464 [FXGL Background Thread 1 ] INFO  FXGLApplication      - FXGL initialization took: 0.390 sec
09:55:37.468 [JavaFX Application Thread] DEBUG LoopRunner           - Stopping loop
09:55:37.468 [JavaFX Application Thread] DEBUG LoopRunner           - Initializing JavaFX AnimationTimerLoop
09:55:37.470 [JavaFX Application Thread] FATAL FXGLApplication      - Uncaught Exception:
java.lang.NoSuchFieldError: BACK
	at com.almasb.fxgl.core@17.2/com.almasb.fxgl.input.MouseTrigger$Companion$WhenMappings.<clinit>(Triggers.kt)
	at com.almasb.fxgl.core@17.2/com.almasb.fxgl.input.MouseTrigger$Companion.buttonToString(Triggers.kt:130)
	at com.almasb.fxgl.core@17.2/com.almasb.fxgl.input.MouseTrigger.<init>(Triggers.kt:143)
	at com.almasb.fxgl.core@17.2/com.almasb.fxgl.input.Input.addAction(Input.kt:494)
	at com.almasb.fxgl.core@17.2/com.almasb.fxgl.input.Input.addAction$default(Input.kt:493)
	at com.almasb.fxgl.core@17.2/com.almasb.fxgl.input.Input.addAction(Input.kt)
	at gd.rf.jsgames/gd.rf.jsgames.App.initInput(App.java:188)
	at com.almasb.fxgl.all@17.2/com.almasb.fxgl.app.FXGLApplication$GameApplicationService.onMainLoopStarting(FXGLApplication.kt:529)
	at com.almasb.fxgl.all@17.2/com.almasb.fxgl.app.Engine.startLoop(Engine.kt:150)
	at com.almasb.fxgl.all@17.2/com.almasb.fxgl.app.FXGLApplication.startImpl$lambda-3(FXGLApplication.kt:145)
	at com.almasb.fxgl.core@17.2/com.almasb.fxgl.core.concurrent.IOTask.succeed(IOTask.java:164)
	at com.almasb.fxgl.core@17.2/com.almasb.fxgl.core.concurrent.IOTask$1.succeeded(IOTask.java:153)
	at javafx.graphics/javafx.concurrent.Task.setState(Task.java:726)
	at javafx.graphics/javafx.concurrent.Task$TaskCallable.lambda$call$1(Task.java:1436)
	at javafx.graphics/com.sun.javafx.application.PlatformImpl.lambda$runLater$10(PlatformImpl.java:428)
	at java.base/java.security.AccessController.doPrivileged(Unknown Source)
	at javafx.graphics/com.sun.javafx.application.PlatformImpl.lambda$runLater$11(PlatformImpl.java:427)
	at javafx.graphics/com.sun.glass.ui.InvokeLaterDispatcher$Future.run(InvokeLaterDispatcher.java:96)
	at javafx.graphics/com.sun.glass.ui.win.WinApplication._runLoop(Native Method)
	at javafx.graphics/com.sun.glass.ui.win.WinApplication.lambda$runLoop$3(WinApplication.java:174)
	at java.base/java.lang.Thread.run(Unknown Source)

09:55:37.480 [JavaFX Application Thread] FATAL FXGLApplication      - Application will now exit
09:55:37.499 [JavaFX Application Thread] DEBUG PrimaryStageWindow   - Push state: ErrorSubScene
09:55:37.500 [JavaFX Application Thread] DEBUG Input                - Clearing active input actions
09:55:37.512 [JavaFX Application Thread] DEBUG GameApplicationServi - Removing overlay from FXGLStartupScene and adding to ErrorSubScene
09:55:37.512 [JavaFX Application Thread] DEBUG PrimaryStageWindow   - FXGLStartupScene -> ErrorSubScene
09:55:37.658 [FXGL Background Thread 4 ] DEBUG FXGLAssetLoaderServi - Loading from file system: jar:file:///C:/Users/828517478/.m2/repository/com/github/almasb/fxgl/17.2/fxgl-17.2.jar!/fxglassets/ui/fonts/Abel-Regular.ttf
09:55:37.684 [FXGL Background Thread 4 ] DEBUG FXGLAssetLoaderServi - Loading from file system: jar:file:///C:/Users/828517478/.m2/repository/com/github/almasb/fxgl/17.2/fxgl-17.2.jar!/fxglassets/ui/fonts/TerminalLandMono-Regular.otf
09:55:37.693 [FXGL Background Thread 4 ] DEBUG FXGLAssetLoaderServi - Loading from file system: jar:file:///C:/Users/828517478/.m2/repository/com/github/almasb/fxgl/17.2/fxgl-17.2.jar!/fxglassets/ui/fonts/Courier-Prime.ttf
09:55:37.703 [JavaFX Application Thread] DEBUG FXGLApplication      - Registering font factories with UI factory
09:55:40.437 [FXGL Background Thread 3 ] DEBUG Engine               - Logging environment variables
09:55:40.437 [FXGL Background Thread 3 ] DEBUG Engine               - achievements: []
09:55:40.437 [FXGL Background Thread 3 ] DEBUG Engine               - actualHeight: 720.0
09:55:40.437 [FXGL Background Thread 3 ] DEBUG Engine               - actualHeightProperty: ReadOnlyDoubleProperty [value: 720.0]
09:55:40.438 [FXGL Background Thread 3 ] DEBUG Engine               - actualWidth: 1024.0
09:55:40.438 [FXGL Background Thread 3 ] DEBUG Engine               - actualWidthProperty: ReadOnlyDoubleProperty [value: 1024.0]
09:55:40.438 [FXGL Background Thread 3 ] DEBUG Engine               - appIcon: fxgl_icon.png
09:55:40.438 [FXGL Background Thread 3 ] DEBUG Engine               - applicationMode: DEVELOPER
09:55:40.438 [FXGL Background Thread 3 ] DEBUG Engine               - cSSList: [fxgl_dark.css]
09:55:40.438 [FXGL Background Thread 3 ] DEBUG Engine               - collisionDetectionStrategy: BRUTE_FORCE
09:55:40.438 [FXGL Background Thread 3 ] DEBUG Engine               - configClass: Optional.empty
09:55:40.438 [FXGL Background Thread 3 ] DEBUG Engine               - credits: []
09:55:40.438 [FXGL Background Thread 3 ] DEBUG Engine               - defaultCursor: CursorInfo(imageName=fxgl_default_cursor.png, hotspotX=7.0, hotspotY=6.0)
09:55:40.439 [FXGL Background Thread 3 ] DEBUG Engine               - devBBoxColorProperty: ObjectProperty [value: 0xff0000ff]
09:55:40.439 [FXGL Background Thread 3 ] DEBUG Engine               - devEnableDebugCameraProperty: BooleanProperty [value: false]
09:55:40.439 [FXGL Background Thread 3 ] DEBUG Engine               - devSensorColorProperty: ObjectProperty [value: 0xffff00ff]
09:55:40.439 [FXGL Background Thread 3 ] DEBUG Engine               - devShowBBoxProperty: BooleanProperty [value: false]
09:55:40.439 [FXGL Background Thread 3 ] DEBUG Engine               - devShowPositionProperty: BooleanProperty [value: false]
09:55:40.439 [FXGL Background Thread 3 ] DEBUG Engine               - enabledMenuItems: []
09:55:40.439 [FXGL Background Thread 3 ] DEBUG Engine               - engineServices: [class com.almasb.fxgl.app.services.FXGLAssetLoaderService, class com.almasb.fxgl.app.FXGLApplication$GameApplicationService, class com.almasb.fxgl.app.services.FXGLDialogService, class com.almasb.fxgl.app.services.IOTaskExecutorService, class com.almasb.fxgl.io.FileSystemService, class com.almasb.fxgl.localization.LocalizationService, class com.almasb.fxgl.app.services.SystemBundleService, class com.almasb.fxgl.profile.SaveLoadService, class com.almasb.fxgl.ui.FXGLUIFactoryServiceProvider, class com.almasb.fxgl.ui.FXGLDialogFactoryServiceProvider, class com.almasb.fxgl.audio.AudioPlayer, class com.almasb.fxgl.notification.impl.NotificationServiceProvider, class com.almasb.fxgl.achievement.AchievementService, class com.almasb.fxgl.cutscene.CutsceneService, class com.almasb.fxgl.minigames.MiniGameService, class com.almasb.fxgl.net.NetService, class com.almasb.fxgl.app.services.UpdaterService, class com.almasb.fxgl.dev.DevService]
09:55:40.439 [FXGL Background Thread 3 ] DEBUG Engine               - fontGame: Abel-Regular.ttf
09:55:40.440 [FXGL Background Thread 3 ] DEBUG Engine               - fontMono: TerminalLandMono-Regular.otf
09:55:40.440 [FXGL Background Thread 3 ] DEBUG Engine               - fontText: Courier-Prime.ttf
09:55:40.440 [FXGL Background Thread 3 ] DEBUG Engine               - fontUI: VarelaRound-Regular.ttf
09:55:40.440 [FXGL Background Thread 3 ] DEBUG Engine               - fullScreen: BooleanProperty [value: false]
09:55:40.440 [FXGL Background Thread 3 ] DEBUG Engine               - gameDifficulty: MEDIUM
09:55:40.440 [FXGL Background Thread 3 ] DEBUG Engine               - gameDifficultyProperty: ObjectProperty [value: MEDIUM]
09:55:40.440 [FXGL Background Thread 3 ] DEBUG Engine               - globalMusicVolume: 0.5
09:55:40.440 [FXGL Background Thread 3 ] DEBUG Engine               - globalMusicVolumeProperty: DoubleProperty [value: 0.5]
09:55:40.440 [FXGL Background Thread 3 ] DEBUG Engine               - globalSoundVolume: 0.5
09:55:40.440 [FXGL Background Thread 3 ] DEBUG Engine               - globalSoundVolumeProperty: DoubleProperty [value: 0.5]
09:55:40.440 [FXGL Background Thread 3 ] DEBUG Engine               - height: 720
09:55:40.441 [FXGL Background Thread 3 ] DEBUG Engine               - is3D: false
09:55:40.441 [FXGL Background Thread 3 ] DEBUG Engine               - isAndroid: false
09:55:40.441 [FXGL Background Thread 3 ] DEBUG Engine               - isBrowser: false
09:55:40.441 [FXGL Background Thread 3 ] DEBUG Engine               - isClickFeedbackEnabled: false
09:55:40.441 [FXGL Background Thread 3 ] DEBUG Engine               - isCloseConfirmation: false
09:55:40.441 [FXGL Background Thread 3 ] DEBUG Engine               - isDesktop: true
09:55:40.441 [FXGL Background Thread 3 ] DEBUG Engine               - isDeveloperMenuEnabled: false
09:55:40.441 [FXGL Background Thread 3 ] DEBUG Engine               - isEmbedded: false
09:55:40.441 [FXGL Background Thread 3 ] DEBUG Engine               - isEntityPreloadEnabled: true
09:55:40.441 [FXGL Background Thread 3 ] DEBUG Engine               - isExperimentalTiledLargeMap: false
09:55:40.441 [FXGL Background Thread 3 ] DEBUG Engine               - isFileSystemWriteAllowed: true
09:55:40.441 [FXGL Background Thread 3 ] DEBUG Engine               - isFullScreenAllowed: false
09:55:40.442 [FXGL Background Thread 3 ] DEBUG Engine               - isFullScreenFromStart: false
09:55:40.442 [FXGL Background Thread 3 ] DEBUG Engine               - isGameMenuEnabled: true
09:55:40.442 [FXGL Background Thread 3 ] DEBUG Engine               - isIOS: false
09:55:40.442 [FXGL Background Thread 3 ] DEBUG Engine               - isIntroEnabled: false
09:55:40.442 [FXGL Background Thread 3 ] DEBUG Engine               - isLinux: false
09:55:40.442 [FXGL Background Thread 3 ] DEBUG Engine               - isMac: false
09:55:40.442 [FXGL Background Thread 3 ] DEBUG Engine               - isMainMenuEnabled: false
09:55:40.442 [FXGL Background Thread 3 ] DEBUG Engine               - isManualResizeEnabled: false
09:55:40.442 [FXGL Background Thread 3 ] DEBUG Engine               - isMobile: false
09:55:40.442 [FXGL Background Thread 3 ] DEBUG Engine               - isNative: false
09:55:40.442 [FXGL Background Thread 3 ] DEBUG Engine               - isPauseMusicWhenMinimized: true
09:55:40.442 [FXGL Background Thread 3 ] DEBUG Engine               - isPreserveResizeRatio: false
09:55:40.442 [FXGL Background Thread 3 ] DEBUG Engine               - isProfilingEnabled: false
09:55:40.442 [FXGL Background Thread 3 ] DEBUG Engine               - isScaleAffectedOnResize: true
09:55:40.443 [FXGL Background Thread 3 ] DEBUG Engine               - isSingleStep: false
09:55:40.443 [FXGL Background Thread 3 ] DEBUG Engine               - isUserProfileEnabled: false
09:55:40.443 [FXGL Background Thread 3 ] DEBUG Engine               - isWindows: true
09:55:40.443 [FXGL Background Thread 3 ] DEBUG Engine               - language: ObjectProperty [value: ENGLISH]
09:55:40.443 [FXGL Background Thread 3 ] DEBUG Engine               - menuKey: ESCAPE
09:55:40.443 [FXGL Background Thread 3 ] DEBUG Engine               - mouseSensitivity: 0.2
09:55:40.443 [FXGL Background Thread 3 ] DEBUG Engine               - notificationViewClass: class com.almasb.fxgl.notification.view.XboxNotificationView
09:55:40.443 [FXGL Background Thread 3 ] DEBUG Engine               - pixelsPerMeter: 50.0
09:55:40.443 [FXGL Background Thread 3 ] DEBUG Engine               - platform: WINDOWS
09:55:40.443 [FXGL Background Thread 3 ] DEBUG Engine               - prefHeightProperty: ReadOnlyDoubleProperty [value: 720.0]
09:55:40.443 [FXGL Background Thread 3 ] DEBUG Engine               - prefWidthProperty: ReadOnlyDoubleProperty [value: 1024.0]
09:55:40.443 [FXGL Background Thread 3 ] DEBUG Engine               - profileDir: profiles/
09:55:40.444 [FXGL Background Thread 3 ] DEBUG Engine               - profileName: StringProperty [value: DEFAULT]
09:55:40.444 [FXGL Background Thread 3 ] DEBUG Engine               - randomSeed: -1
09:55:40.444 [FXGL Background Thread 3 ] DEBUG Engine               - runtimeInfo: RuntimeInfo(platform=WINDOWS, version=17.2, build=20.08.2022 16.50)
09:55:40.444 [FXGL Background Thread 3 ] DEBUG Engine               - saveFileExt: sav
09:55:40.444 [FXGL Background Thread 3 ] DEBUG Engine               - scaledHeightProp$fxgl: DoubleProperty [bound, value: 720.0]
09:55:40.444 [FXGL Background Thread 3 ] DEBUG Engine               - scaledWidthProp$fxgl: DoubleProperty [bound, value: 1024.0]
09:55:40.444 [FXGL Background Thread 3 ] DEBUG Engine               - sceneFactory: gd.rf.jsgames.App$1@6333f38f
09:55:40.444 [FXGL Background Thread 3 ] DEBUG Engine               - secondsIn24h: 60
09:55:40.445 [FXGL Background Thread 3 ] DEBUG Engine               - soundMenuBack: menu/back.wav
09:55:40.445 [FXGL Background Thread 3 ] DEBUG Engine               - soundMenuPress: menu/press.wav
09:55:40.445 [FXGL Background Thread 3 ] DEBUG Engine               - soundMenuSelect: menu/select.wav
09:55:40.445 [FXGL Background Thread 3 ] DEBUG Engine               - soundNotification: core/notification.wav
09:55:40.445 [FXGL Background Thread 3 ] DEBUG Engine               - stageStyle: DECORATED
09:55:40.445 [FXGL Background Thread 3 ] DEBUG Engine               - supportedLanguages: [ENGLISH, FRENCH, GERMAN, HUNGARIAN, RUSSIAN]
09:55:40.445 [FXGL Background Thread 3 ] DEBUG Engine               - ticksPerSecond: -1
09:55:40.445 [FXGL Background Thread 3 ] DEBUG Engine               - title: Chinmay Tiwari's Global Conquest
09:55:40.445 [FXGL Background Thread 3 ] DEBUG Engine               - urlGithub: https://github.com/AlmasB/FXGL
09:55:40.445 [FXGL Background Thread 3 ] DEBUG Engine               - urlLeaderboard: http://fxgl-top.herokuapp.com/
09:55:40.445 [FXGL Background Thread 3 ] DEBUG Engine               - urlPOM: https://raw.githubusercontent.com/AlmasB/FXGL/release/README.md
09:55:40.445 [FXGL Background Thread 3 ] DEBUG Engine               - userAppClass: class gd.rf.jsgames.App
09:55:40.445 [FXGL Background Thread 3 ] DEBUG Engine               - version: 0.0
09:55:40.446 [FXGL Background Thread 3 ] DEBUG Engine               - versionCheckDays: 7
09:55:40.446 [FXGL Background Thread 3 ] DEBUG Engine               - width: 1024
09:55:40.446 [FXGL Background Thread 3 ] DEBUG Engine               - Logging services
09:55:40.446 [FXGL Background Thread 3 ] DEBUG Engine               - class com.almasb.fxgl.app.services.FXGLAssetLoaderService
09:55:40.446 [FXGL Background Thread 3 ] DEBUG Engine               - class com.almasb.fxgl.app.FXGLApplication$GameApplicationService
09:55:40.446 [FXGL Background Thread 3 ] DEBUG Engine               - class com.almasb.fxgl.app.services.FXGLDialogService
09:55:40.446 [FXGL Background Thread 3 ] DEBUG Engine               - class com.almasb.fxgl.app.services.IOTaskExecutorService
09:55:40.446 [FXGL Background Thread 3 ] DEBUG Engine               - class com.almasb.fxgl.io.FileSystemService
09:55:40.446 [FXGL Background Thread 3 ] DEBUG Engine               - class com.almasb.fxgl.localization.LocalizationService
09:55:40.446 [FXGL Background Thread 3 ] DEBUG Engine               - class com.almasb.fxgl.app.services.SystemBundleService
09:55:40.446 [FXGL Background Thread 3 ] DEBUG Engine               - class com.almasb.fxgl.profile.SaveLoadService
09:55:40.446 [FXGL Background Thread 3 ] DEBUG Engine               - class com.almasb.fxgl.ui.FXGLUIFactoryServiceProvider
09:55:40.446 [FXGL Background Thread 3 ] DEBUG Engine               - class com.almasb.fxgl.ui.FXGLDialogFactoryServiceProvider
09:55:40.446 [FXGL Background Thread 3 ] DEBUG Engine               - class com.almasb.fxgl.audio.AudioPlayer
09:55:40.446 [FXGL Background Thread 3 ] DEBUG Engine               - class com.almasb.fxgl.notification.impl.NotificationServiceProvider
09:55:40.447 [FXGL Background Thread 3 ] DEBUG Engine               - class com.almasb.fxgl.achievement.AchievementService
09:55:40.447 [FXGL Background Thread 3 ] DEBUG Engine               - class com.almasb.fxgl.cutscene.CutsceneService
09:55:40.447 [FXGL Background Thread 3 ] DEBUG Engine               - class com.almasb.fxgl.minigames.MiniGameService
09:55:40.447 [FXGL Background Thread 3 ] DEBUG Engine               - class com.almasb.fxgl.net.NetService
09:55:40.447 [FXGL Background Thread 3 ] DEBUG Engine               - class com.almasb.fxgl.app.services.UpdaterService
09:55:40.447 [FXGL Background Thread 3 ] DEBUG Engine               - class com.almasb.fxgl.dev.DevService
09:55:48.081 [JavaFX Application Thread] DEBUG FXGLApplication      - Exiting FXGL
09:55:48.081 [JavaFX Application Thread] DEBUG Async                - Shutting down background threads
09:55:48.081 [JavaFX Application Thread] DEBUG PrimaryStageWindow   - Closing main window
09:55:48.093 [JavaFX Application Thread] DEBUG Logger               - Closing Logger
