19:19:57.206 [main                     ] DEBUG Logger               - Configured Logger
19:19:57.211 [main                     ] DEBUG GameApplication      - Logging settings
Title: Chinmay Tiwari's Global Conquest
Version: 0.0
Width: 1024
Height: 720
Fullscreen: false
Intro: false
Profiling: false
Single step:false
App Mode: DEVELOPER
Menu Key: ESCAPE
Stage Style: DECORATED
Scene Factory: class gd.rf.jsgames.App$1

19:19:57.504 [JavaFX Application Thread] DEBUG FXGLApplication      - Initializing FXGL
19:19:57.506 [JavaFX Application Thread] INFO  Engine               - FXGL-11.17 (16.07.2021 15.46) on WINDOWS (J:14.0.2 FX:11)
19:19:57.506 [JavaFX Application Thread] DEBUG Engine               - JRE Vendor Name: Oracle Corporation
19:19:57.506 [JavaFX Application Thread] DEBUG Engine               - Running on OS: Windows 10 version 10.0
19:19:57.506 [JavaFX Application Thread] DEBUG Engine               - Architecture: amd64
19:19:57.507 [JavaFX Application Thread] INFO  Engine               - Source code and latest versions at: https://github.com/AlmasB/FXGL
19:19:57.507 [JavaFX Application Thread] INFO  Engine               -              Join the FXGL chat at: https://gitter.im/AlmasB/FXGL
19:19:57.570 [JavaFX Application Thread] DEBUG PrimaryStageWindow   - Creating a JavaFX scene
19:19:57.606 [JavaFX Application Thread] DEBUG PrimaryStageWindow   - Target settings size: 1024.0 x 720.0
19:19:57.606 [JavaFX Application Thread] DEBUG PrimaryStageWindow   - Scaled scene size:    1024.0 x 720.0
19:19:57.606 [JavaFX Application Thread] DEBUG PrimaryStageWindow   - Scaled ratio: (1.0, 1.0)
19:19:57.607 [JavaFX Application Thread] DEBUG PrimaryStageWindow   - Set initial scene to FXGLStartupScene
19:19:57.611 [JavaFX Application Thread] DEBUG PrimaryStageWindow   - Opening main window
19:19:57.675 [JavaFX Application Thread] DEBUG PrimaryStageWindow   - Window border size: (16.0, 39.0)
19:19:57.675 [JavaFX Application Thread] DEBUG PrimaryStageWindow   - Scaled size: 1024.0 x 720.0
19:19:57.675 [JavaFX Application Thread] DEBUG PrimaryStageWindow   - Scaled ratio: (1.0, 1.0)
19:19:57.675 [JavaFX Application Thread] DEBUG PrimaryStageWindow   - Scene size: 1024.0 x 720.0
19:19:57.675 [JavaFX Application Thread] DEBUG PrimaryStageWindow   - Stage size: 1040.0 x 759.0
19:19:57.681 [FXGL Background Thread 1 ] DEBUG Engine               - Initializing environment variables
19:19:57.711 [FXGL Background Thread 1 ] DEBUG FXGLAssetLoaderServi - User app class for loading assets: class gd.rf.jsgames.App
19:19:57.711 [FXGL Background Thread 1 ] DEBUG GameApplicationServi - Applying CSS: fxgl_dark.css
19:19:57.712 [FXGL Background Thread 1 ] DEBUG FXGLAssetLoaderServi - Loading from file system: jar:file:///C:/Users/Andre/.m2/repository/com/github/almasb/fxgl/11.17/fxgl-11.17.jar!/fxglassets/ui/css/fxgl_dark.css
19:19:57.745 [FXGL Background Thread 1 ] DEBUG GameApplicationServi - Initializing application scenes
19:19:57.768 [FXGL Background Thread 1 ] DEBUG GameWorld            - Game world initialized
19:19:57.803 [FXGL Background Thread 1 ] DEBUG PhysicsWorld         - Physics world initialized: appHeight=720, physics.ppm=50.0
19:19:57.803 [FXGL Background Thread 1 ] DEBUG PhysicsWorld         - Using strategy: BRUTE_FORCE
19:19:57.805 [FXGL Background Thread 1 ] DEBUG GameScene            - Game scene initialized: 1024x720
19:19:57.813 [FXGL Background Thread 1 ] DEBUG FXGL.DefaultMenu     - createMenuBodyGameMenu()
19:19:57.828 [FXGL Background Thread 1 ] DEBUG FXGL.DefaultMenu     - createOptionsMenu()
19:19:57.834 [FXGL Background Thread 1 ] DEBUG FXGLAssetLoaderServi - Loading from file system: jar:file:///C:/Users/Andre/.m2/repository/com/github/almasb/fxgl/11.17/fxgl-11.17.jar!/fxglassets/textures/particles/smoke.png
19:19:57.906 [FXGL Background Thread 1 ] DEBUG FXGLAssetLoaderServi - Loading from file system: jar:file:///C:/Users/Andre/.m2/repository/com/github/almasb/fxgl/11.17/fxgl-11.17.jar!/fxglassets/textures/particles/trace_horizontal.png
19:19:57.926 [FXGL Background Thread 1 ] DEBUG GameApplicationServi - Application scenes initialized
19:19:57.933 [FXGL Background Thread 1 ] DEBUG SystemBundleService  - Loading FXGL system data
19:19:57.937 [FXGL Background Thread 1 ] DEBUG FileSystemAccess     - Reading from: C:\Users\Andre\projects\CTGlobalConquest\system\fxgl.bundle
19:19:57.943 [FXGL Background Thread 1 ] DEBUG SystemBundleService  - Bundle FXGL: {}
19:19:57.943 [FXGL Background Thread 1 ] DEBUG UpdaterService       - Checking for updates
19:19:57.946 [FXGL Background Thread 4 ] DEBUG FXGLApplication      - Loading fonts
19:19:57.947 [FXGL Background Thread 1 ] DEBUG FXGLApplication      - Loading default localization
19:19:57.947 [FXGL Background Thread 4 ] DEBUG FXGLAssetLoaderServi - Loading from file system: jar:file:///C:/Users/Andre/.m2/repository/com/github/almasb/fxgl/11.17/fxgl-11.17.jar!/fxglassets/ui/fonts/VarelaRound-Regular.ttf
19:19:57.947 [FXGL Background Thread 1 ] DEBUG FXGLAssetLoaderServi - Loading from file system: jar:file:///C:/Users/Andre/.m2/repository/com/github/almasb/fxgl/11.17/fxgl-11.17.jar!/fxglassets/languages/english.lang
19:19:57.956 [FXGL Background Thread 1 ] INFO  FXGLApplication      - FXGL initialization took: 0.274 sec
19:19:57.958 [JavaFX Application Thread] DEBUG LoopRunner           - Stopping loop
19:19:57.958 [JavaFX Application Thread] DEBUG LoopRunner           - Initializing JavaFX AnimationTimerLoop
19:19:57.960 [JavaFX Application Thread] FATAL FXGLApplication      - Uncaught Exception:
java.lang.NoSuchFieldError: BACK
	at com.almasb.fxgl.core/com.almasb.fxgl.input.MouseTrigger$Companion$WhenMappings.<clinit>(Triggers.kt)
	at com.almasb.fxgl.core/com.almasb.fxgl.input.MouseTrigger$Companion.buttonToString(Triggers.kt:130)
	at com.almasb.fxgl.core/com.almasb.fxgl.input.MouseTrigger.<init>(Triggers.kt:143)
	at com.almasb.fxgl.core/com.almasb.fxgl.input.Input.addAction(Input.kt:433)
	at com.almasb.fxgl.core/com.almasb.fxgl.input.Input.addAction$default(Input.kt:432)
	at com.almasb.fxgl.core/com.almasb.fxgl.input.Input.addAction(Input.kt)
	at gd.rf.jsgames/gd.rf.jsgames.App.initInput(App.java:199)
	at com.almasb.fxgl.all/com.almasb.fxgl.app.FXGLApplication$GameApplicationService.onMainLoopStarting(FXGLApplication.kt:529)
	at com.almasb.fxgl.all/com.almasb.fxgl.app.Engine.startLoop(Engine.kt:149)
	at com.almasb.fxgl.all/com.almasb.fxgl.app.FXGLApplication.startImpl$lambda-3(FXGLApplication.kt:145)
	at com.almasb.fxgl.core/com.almasb.fxgl.core.concurrent.IOTask.succeed(IOTask.java:164)
	at com.almasb.fxgl.core/com.almasb.fxgl.core.concurrent.IOTask$1.succeeded(IOTask.java:153)
	at javafx.graphics/javafx.concurrent.Task.setState(Task.java:726)
	at javafx.graphics/javafx.concurrent.Task$TaskCallable.lambda$call$1(Task.java:1436)
	at javafx.graphics/com.sun.javafx.application.PlatformImpl.lambda$runLater$10(PlatformImpl.java:428)
	at java.base/java.security.AccessController.doPrivileged(AccessController.java:391)
	at javafx.graphics/com.sun.javafx.application.PlatformImpl.lambda$runLater$11(PlatformImpl.java:427)
	at javafx.graphics/com.sun.glass.ui.InvokeLaterDispatcher$Future.run(InvokeLaterDispatcher.java:96)
	at javafx.graphics/com.sun.glass.ui.win.WinApplication._runLoop(Native Method)
	at javafx.graphics/com.sun.glass.ui.win.WinApplication.lambda$runLoop$3(WinApplication.java:174)
	at java.base/java.lang.Thread.run(Thread.java:832)

19:19:57.962 [JavaFX Application Thread] FATAL FXGLApplication      - Application will now exit
19:19:57.976 [JavaFX Application Thread] DEBUG PrimaryStageWindow   - Push state: ErrorSubScene
19:19:57.977 [JavaFX Application Thread] DEBUG Input                - Clearing active input actions
19:19:57.987 [JavaFX Application Thread] DEBUG GameApplicationServi - Removing overlay from FXGLStartupScene and adding to ErrorSubScene
19:19:57.987 [JavaFX Application Thread] DEBUG PrimaryStageWindow   - FXGLStartupScene -> ErrorSubScene
19:19:58.011 [FXGL Background Thread 4 ] DEBUG FXGLAssetLoaderServi - Loading from file system: jar:file:///C:/Users/Andre/.m2/repository/com/github/almasb/fxgl/11.17/fxgl-11.17.jar!/fxglassets/ui/fonts/Abel-Regular.ttf
19:19:58.013 [FXGL Background Thread 4 ] DEBUG FXGLAssetLoaderServi - Loading from file system: jar:file:///C:/Users/Andre/.m2/repository/com/github/almasb/fxgl/11.17/fxgl-11.17.jar!/fxglassets/ui/fonts/lucida_console.ttf
19:19:58.019 [FXGL Background Thread 4 ] DEBUG FXGLAssetLoaderServi - Loading from file system: jar:file:///C:/Users/Andre/.m2/repository/com/github/almasb/fxgl/11.17/fxgl-11.17.jar!/fxglassets/ui/fonts/Courier-Prime.ttf
19:19:58.131 [JavaFX Application Thread] DEBUG FXGLApplication      - Registering font factories with UI factory
19:19:58.298 [FXGL Background Thread 2 ] INFO  UpdaterService       - Your current version:  11.17
19:19:58.299 [FXGL Background Thread 2 ] INFO  UpdaterService       - Latest stable version: 17.2
19:20:00.946 [FXGL Background Thread 3 ] DEBUG Engine               - Logging environment variables
19:20:00.946 [FXGL Background Thread 3 ] DEBUG Engine               - achievements: []
19:20:00.946 [FXGL Background Thread 3 ] DEBUG Engine               - actualHeight: 720.0
19:20:00.946 [FXGL Background Thread 3 ] DEBUG Engine               - actualHeightProperty: ReadOnlyDoubleProperty [value: 720.0]
19:20:00.946 [FXGL Background Thread 3 ] DEBUG Engine               - actualWidth: 1024.0
19:20:00.946 [FXGL Background Thread 3 ] DEBUG Engine               - actualWidthProperty: ReadOnlyDoubleProperty [value: 1024.0]
19:20:00.946 [FXGL Background Thread 3 ] DEBUG Engine               - appIcon: fxgl_icon.png
19:20:00.946 [FXGL Background Thread 3 ] DEBUG Engine               - applicationMode: DEVELOPER
19:20:00.947 [FXGL Background Thread 3 ] DEBUG Engine               - cSSList: [fxgl_dark.css]
19:20:00.947 [FXGL Background Thread 3 ] DEBUG Engine               - collisionDetectionStrategy: BRUTE_FORCE
19:20:00.947 [FXGL Background Thread 3 ] DEBUG Engine               - configClass: Optional.empty
19:20:00.947 [FXGL Background Thread 3 ] DEBUG Engine               - credits: []
19:20:00.947 [FXGL Background Thread 3 ] DEBUG Engine               - defaultCursor: CursorInfo(imageName=fxgl_default_cursor.png, hotspotX=7.0, hotspotY=6.0)
19:20:00.947 [FXGL Background Thread 3 ] DEBUG Engine               - devBBoxColorProperty: ObjectProperty [value: 0xff0000ff]
19:20:00.947 [FXGL Background Thread 3 ] DEBUG Engine               - devEnableDebugCameraProperty: BooleanProperty [value: false]
19:20:00.947 [FXGL Background Thread 3 ] DEBUG Engine               - devSensorColorProperty: ObjectProperty [value: 0xffff00ff]
19:20:00.947 [FXGL Background Thread 3 ] DEBUG Engine               - devShowBBoxProperty: BooleanProperty [value: false]
19:20:00.947 [FXGL Background Thread 3 ] DEBUG Engine               - devShowPositionProperty: BooleanProperty [value: false]
19:20:00.947 [FXGL Background Thread 3 ] DEBUG Engine               - enabledMenuItems: []
19:20:00.947 [FXGL Background Thread 3 ] DEBUG Engine               - engineServices: [class com.almasb.fxgl.app.services.FXGLAssetLoaderService, class com.almasb.fxgl.app.FXGLApplication$GameApplicationService, class com.almasb.fxgl.app.services.FXGLDialogService, class com.almasb.fxgl.app.services.IOTaskExecutorService, class com.almasb.fxgl.io.FileSystemService, class com.almasb.fxgl.localization.LocalizationService, class com.almasb.fxgl.app.services.SystemBundleService, class com.almasb.fxgl.profile.SaveLoadService, class com.almasb.fxgl.ui.FXGLUIFactoryServiceProvider, class com.almasb.fxgl.ui.FXGLDialogFactoryServiceProvider, class com.almasb.fxgl.audio.AudioPlayer, class com.almasb.fxgl.notification.impl.NotificationServiceProvider, class com.almasb.fxgl.achievement.AchievementService, class com.almasb.fxgl.cutscene.CutsceneService, class com.almasb.fxgl.minigames.MiniGameService, class com.almasb.fxgl.net.NetService, class com.almasb.fxgl.app.services.UpdaterService, class com.almasb.fxgl.dev.DevService]
19:20:00.947 [FXGL Background Thread 3 ] DEBUG Engine               - fontGame: Abel-Regular.ttf
19:20:00.947 [FXGL Background Thread 3 ] DEBUG Engine               - fontMono: lucida_console.ttf
19:20:00.948 [FXGL Background Thread 3 ] DEBUG Engine               - fontText: Courier-Prime.ttf
19:20:00.948 [FXGL Background Thread 3 ] DEBUG Engine               - fontUI: VarelaRound-Regular.ttf
19:20:00.948 [FXGL Background Thread 3 ] DEBUG Engine               - fullScreen: BooleanProperty [value: false]
19:20:00.948 [FXGL Background Thread 3 ] DEBUG Engine               - gameDifficulty: MEDIUM
19:20:00.948 [FXGL Background Thread 3 ] DEBUG Engine               - gameDifficultyProperty: ObjectProperty [value: MEDIUM]
19:20:00.948 [FXGL Background Thread 3 ] DEBUG Engine               - globalMusicVolume: 0.5
19:20:00.948 [FXGL Background Thread 3 ] DEBUG Engine               - globalMusicVolumeProperty: DoubleProperty [value: 0.5]
19:20:00.948 [FXGL Background Thread 3 ] DEBUG Engine               - globalSoundVolume: 0.5
19:20:00.948 [FXGL Background Thread 3 ] DEBUG Engine               - globalSoundVolumeProperty: DoubleProperty [value: 0.5]
19:20:00.948 [FXGL Background Thread 3 ] DEBUG Engine               - height: 720
19:20:00.948 [FXGL Background Thread 3 ] DEBUG Engine               - is3D: false
19:20:00.948 [FXGL Background Thread 3 ] DEBUG Engine               - isAndroid: false
19:20:00.948 [FXGL Background Thread 3 ] DEBUG Engine               - isBrowser: false
19:20:00.948 [FXGL Background Thread 3 ] DEBUG Engine               - isClickFeedbackEnabled: false
19:20:00.948 [FXGL Background Thread 3 ] DEBUG Engine               - isCloseConfirmation: false
19:20:00.948 [FXGL Background Thread 3 ] DEBUG Engine               - isDesktop: true
19:20:00.948 [FXGL Background Thread 3 ] DEBUG Engine               - isDeveloperMenuEnabled: false
19:20:00.949 [FXGL Background Thread 3 ] DEBUG Engine               - isEntityPreloadEnabled: true
19:20:00.949 [FXGL Background Thread 3 ] DEBUG Engine               - isExperimentalTiledLargeMap: false
19:20:00.949 [FXGL Background Thread 3 ] DEBUG Engine               - isFileSystemWriteAllowed: true
19:20:00.949 [FXGL Background Thread 3 ] DEBUG Engine               - isFullScreenAllowed: false
19:20:00.949 [FXGL Background Thread 3 ] DEBUG Engine               - isFullScreenFromStart: false
19:20:00.949 [FXGL Background Thread 3 ] DEBUG Engine               - isGameMenuEnabled: true
19:20:00.949 [FXGL Background Thread 3 ] DEBUG Engine               - isIOS: false
19:20:00.949 [FXGL Background Thread 3 ] DEBUG Engine               - isIntroEnabled: false
19:20:00.949 [FXGL Background Thread 3 ] DEBUG Engine               - isLinux: false
19:20:00.949 [FXGL Background Thread 3 ] DEBUG Engine               - isMac: false
19:20:00.949 [FXGL Background Thread 3 ] DEBUG Engine               - isMainMenuEnabled: false
19:20:00.949 [FXGL Background Thread 3 ] DEBUG Engine               - isManualResizeEnabled: false
19:20:00.949 [FXGL Background Thread 3 ] DEBUG Engine               - isMobile: false
19:20:00.949 [FXGL Background Thread 3 ] DEBUG Engine               - isNative: false
19:20:00.949 [FXGL Background Thread 3 ] DEBUG Engine               - isPauseMusicWhenMinimized: true
19:20:00.949 [FXGL Background Thread 3 ] DEBUG Engine               - isPreserveResizeRatio: false
19:20:00.949 [FXGL Background Thread 3 ] DEBUG Engine               - isProfilingEnabled: false
19:20:00.949 [FXGL Background Thread 3 ] DEBUG Engine               - isScaleAffectedOnResize: true
19:20:00.950 [FXGL Background Thread 3 ] DEBUG Engine               - isSingleStep: false
19:20:00.950 [FXGL Background Thread 3 ] DEBUG Engine               - isUserProfileEnabled: false
19:20:00.950 [FXGL Background Thread 3 ] DEBUG Engine               - isWindows: true
19:20:00.950 [FXGL Background Thread 3 ] DEBUG Engine               - language: ObjectProperty [value: ENGLISH]
19:20:00.950 [FXGL Background Thread 3 ] DEBUG Engine               - menuKey: ESCAPE
19:20:00.950 [FXGL Background Thread 3 ] DEBUG Engine               - mouseSensitivity: 0.2
19:20:00.950 [FXGL Background Thread 3 ] DEBUG Engine               - notificationViewClass: class com.almasb.fxgl.notification.view.XboxNotificationView
19:20:00.950 [FXGL Background Thread 3 ] DEBUG Engine               - pixelsPerMeter: 50.0
19:20:00.950 [FXGL Background Thread 3 ] DEBUG Engine               - platform: WINDOWS
19:20:00.950 [FXGL Background Thread 3 ] DEBUG Engine               - prefHeightProperty: ReadOnlyDoubleProperty [value: 720.0]
19:20:00.950 [FXGL Background Thread 3 ] DEBUG Engine               - prefWidthProperty: ReadOnlyDoubleProperty [value: 1024.0]
19:20:00.950 [FXGL Background Thread 3 ] DEBUG Engine               - profileDir: profiles/
19:20:00.950 [FXGL Background Thread 3 ] DEBUG Engine               - profileName: StringProperty [value: DEFAULT]
19:20:00.950 [FXGL Background Thread 3 ] DEBUG Engine               - randomSeed: -1
19:20:00.950 [FXGL Background Thread 3 ] DEBUG Engine               - runtimeInfo: RuntimeInfo(platform=WINDOWS, version=11.17, build=16.07.2021 15.46)
19:20:00.951 [FXGL Background Thread 3 ] DEBUG Engine               - saveFileExt: sav
19:20:00.951 [FXGL Background Thread 3 ] DEBUG Engine               - scaledHeightProp$fxgl: DoubleProperty [bound, value: 720.0]
19:20:00.951 [FXGL Background Thread 3 ] DEBUG Engine               - scaledWidthProp$fxgl: DoubleProperty [bound, value: 1024.0]
19:20:00.951 [FXGL Background Thread 3 ] DEBUG Engine               - sceneFactory: gd.rf.jsgames.App$1@680ae859
19:20:00.951 [FXGL Background Thread 3 ] DEBUG Engine               - secondsIn24h: 60
19:20:00.951 [FXGL Background Thread 3 ] DEBUG Engine               - soundMenuBack: menu/back.wav
19:20:00.951 [FXGL Background Thread 3 ] DEBUG Engine               - soundMenuPress: menu/press.wav
19:20:00.951 [FXGL Background Thread 3 ] DEBUG Engine               - soundMenuSelect: menu/select.wav
19:20:00.951 [FXGL Background Thread 3 ] DEBUG Engine               - soundNotification: core/notification.wav
19:20:00.951 [FXGL Background Thread 3 ] DEBUG Engine               - stageStyle: DECORATED
19:20:00.951 [FXGL Background Thread 3 ] DEBUG Engine               - supportedLanguages: [ENGLISH, FRENCH, GERMAN, HUNGARIAN, RUSSIAN]
19:20:00.951 [FXGL Background Thread 3 ] DEBUG Engine               - ticksPerSecond: -1
19:20:00.951 [FXGL Background Thread 3 ] DEBUG Engine               - title: Chinmay Tiwari's Global Conquest
19:20:00.951 [FXGL Background Thread 3 ] DEBUG Engine               - urlGithub: https://github.com/AlmasB/FXGL
19:20:00.951 [FXGL Background Thread 3 ] DEBUG Engine               - urlLeaderboard: http://fxgl-top.herokuapp.com/
19:20:00.951 [FXGL Background Thread 3 ] DEBUG Engine               - urlPOM: https://raw.githubusercontent.com/AlmasB/FXGL/release/README.md
19:20:00.951 [FXGL Background Thread 3 ] DEBUG Engine               - userAppClass: class gd.rf.jsgames.App
19:20:00.952 [FXGL Background Thread 3 ] DEBUG Engine               - version: 0.0
19:20:00.952 [FXGL Background Thread 3 ] DEBUG Engine               - versionCheckDays: 7
19:20:00.952 [FXGL Background Thread 3 ] DEBUG Engine               - width: 1024
19:20:00.952 [FXGL Background Thread 3 ] DEBUG Engine               - Logging services
19:20:00.952 [FXGL Background Thread 3 ] DEBUG Engine               - class com.almasb.fxgl.app.services.FXGLAssetLoaderService
19:20:00.952 [FXGL Background Thread 3 ] DEBUG Engine               - class com.almasb.fxgl.app.FXGLApplication$GameApplicationService
19:20:00.952 [FXGL Background Thread 3 ] DEBUG Engine               - class com.almasb.fxgl.app.services.FXGLDialogService
19:20:00.952 [FXGL Background Thread 3 ] DEBUG Engine               - class com.almasb.fxgl.app.services.IOTaskExecutorService
19:20:00.952 [FXGL Background Thread 3 ] DEBUG Engine               - class com.almasb.fxgl.io.FileSystemService
19:20:00.952 [FXGL Background Thread 3 ] DEBUG Engine               - class com.almasb.fxgl.localization.LocalizationService
19:20:00.952 [FXGL Background Thread 3 ] DEBUG Engine               - class com.almasb.fxgl.app.services.SystemBundleService
19:20:00.952 [FXGL Background Thread 3 ] DEBUG Engine               - class com.almasb.fxgl.profile.SaveLoadService
19:20:00.952 [FXGL Background Thread 3 ] DEBUG Engine               - class com.almasb.fxgl.ui.FXGLUIFactoryServiceProvider
19:20:00.952 [FXGL Background Thread 3 ] DEBUG Engine               - class com.almasb.fxgl.ui.FXGLDialogFactoryServiceProvider
19:20:00.952 [FXGL Background Thread 3 ] DEBUG Engine               - class com.almasb.fxgl.audio.AudioPlayer
19:20:00.952 [FXGL Background Thread 3 ] DEBUG Engine               - class com.almasb.fxgl.notification.impl.NotificationServiceProvider
19:20:00.952 [FXGL Background Thread 3 ] DEBUG Engine               - class com.almasb.fxgl.achievement.AchievementService
19:20:00.952 [FXGL Background Thread 3 ] DEBUG Engine               - class com.almasb.fxgl.cutscene.CutsceneService
19:20:00.952 [FXGL Background Thread 3 ] DEBUG Engine               - class com.almasb.fxgl.minigames.MiniGameService
19:20:00.952 [FXGL Background Thread 3 ] DEBUG Engine               - class com.almasb.fxgl.net.NetService
19:20:00.952 [FXGL Background Thread 3 ] DEBUG Engine               - class com.almasb.fxgl.app.services.UpdaterService
19:20:00.952 [FXGL Background Thread 3 ] DEBUG Engine               - class com.almasb.fxgl.dev.DevService
19:20:04.476 [JavaFX Application Thread] DEBUG FXGLApplication      - Exiting FXGL
19:20:04.476 [JavaFX Application Thread] DEBUG Async                - Shutting down background threads
19:20:04.476 [JavaFX Application Thread] DEBUG PrimaryStageWindow   - Closing main window
19:20:04.487 [JavaFX Application Thread] DEBUG Logger               - Closing Logger
