19:05:30.669 [main                     ] DEBUG GameApplication      - Logger initialized
19:05:30.785 [main                     ] DEBUG GameApplication      - Logging settings
Title: Chinmay Tiwari's Global Conquest
Version: 0.0
Width: 1024
Height: 720
Fullscreen: false
Intro: true
Profiling: false
Single step:false
App Mode: DEVELOPER
Menu Key: ESCAPE
Stage Style: DECORATED
Scene Factory: class com.almasb.fxgl.app.scene.SceneFactory

19:05:32.278 [JavaFX Application Thread] DEBUG GameApplication      - Initializing FXGL
19:05:32.306 [JavaFX Application Thread] INFO  Engine               - FXGL-11.9 (27.05.2020 17.06) on LINUX (J:11.0.17 FX:11)
19:05:32.307 [JavaFX Application Thread] DEBUG Engine               - JRE Vendor Name: Ubuntu
19:05:32.308 [JavaFX Application Thread] DEBUG Engine               - Running on OS: Linux version 4.9.253-tegra
19:05:32.309 [JavaFX Application Thread] DEBUG Engine               - Architecture: aarch64
19:05:32.310 [JavaFX Application Thread] INFO  Engine               - Source code and latest versions at: https://github.com/AlmasB/FXGL
19:05:32.311 [JavaFX Application Thread] INFO  Engine               -              Join the FXGL chat at: https://gitter.im/AlmasB/FXGL
19:05:32.667 [JavaFX Application Thread] DEBUG MainWindow           - Creating a JavaFX scene
19:05:33.194 [JavaFX Application Thread] DEBUG MainWindow           - Target settings size: 1024.0 x 720.0
19:05:33.195 [JavaFX Application Thread] DEBUG MainWindow           - Scaled scene size:    1024.0 x 720.0
19:05:33.196 [JavaFX Application Thread] DEBUG MainWindow           - Scaled ratio: (1.0, 1.0)
19:05:33.201 [JavaFX Application Thread] DEBUG MainWindow           - Set initial scene to FXGLStartupScene
19:05:33.261 [JavaFX Application Thread] DEBUG MainWindow           - Opening main window
19:05:33.466 [JavaFX Application Thread] DEBUG MainWindow           - Window border size: (2.0, 29.0)
19:05:33.466 [JavaFX Application Thread] DEBUG MainWindow           - Scaled size: 1024.0 x 720.0
19:05:33.467 [JavaFX Application Thread] DEBUG MainWindow           - Scaled ratio: (1.0, 1.0)
19:05:33.468 [JavaFX Application Thread] DEBUG MainWindow           - Scene size: 1024.0 x 720.0
19:05:33.469 [JavaFX Application Thread] DEBUG MainWindow           - Stage size: 1026.0 x 749.0
19:05:33.497 [FXGL Background Thread 1 ] DEBUG Engine               - Initializing environment variables
19:05:33.729 [FXGL Background Thread 1 ] DEBUG WindowService        - Applying CSS: fxgl_dark.css
19:05:33.731 [FXGL Background Thread 1 ] DEBUG AssetLoaderService   - Loading from file system: /assets/ui/css/fxgl_dark.css
19:05:34.017 [FXGL Background Thread 1 ] DEBUG WindowService        - Initializing application scenes
19:05:34.379 [FXGL Background Thread 1 ] DEBUG GameWorld            - Game world initialized
19:05:34.535 [FXGL Background Thread 1 ] DEBUG PhysicsWorld         - Physics world initialized: appHeight=720, physics.ppm=50.0
19:05:34.552 [FXGL Background Thread 1 ] DEBUG GameScene            - Game scene initialized: 1024x720
19:05:34.590 [FXGL Background Thread 1 ] DEBUG AssetLoaderService   - Loading from file system: /assets/textures/particles/explosion.png
19:05:34.945 [FXGL Background Thread 1 ] DEBUG AssetLoaderService   - Loading from file system: /assets/textures/particles/trace_horizontal.png
19:05:35.015 [FXGL Background Thread 1 ] DEBUG FXGL.DefaultMenu     - createMenuBodyGameMenu()
19:05:35.067 [FXGL Background Thread 1 ] DEBUG FXGL.DefaultMenu     - createOptionsMenu()
19:05:35.088 [FXGL Background Thread 1 ] DEBUG AssetLoaderService   - Loading from file system: /assets/textures/particles/smoke.png
19:05:35.268 [FXGL Background Thread 1 ] DEBUG WindowService        - Application scenes initialized
19:05:35.302 [FXGL Background Thread 1 ] DEBUG SystemBundleService  - Loading FXGL system data
19:05:35.313 [FXGL Background Thread 1 ] DEBUG FileSystemAccess     - Reading from: /home/segfault/fx/CTGlobalConquest/system/fxgl.bundle
19:05:35.338 [FXGL Background Thread 1 ] DEBUG SystemBundleService  - Bundle FXGL: {}
19:05:35.339 [FXGL Background Thread 1 ] INFO  Engine               - FXGL initialization took: 1.813 sec
19:05:35.345 [FXGL Background Thread 1 ] DEBUG GameApplication      - Loading localizations
19:05:35.349 [FXGL Background Thread 1 ] DEBUG AssetLoaderService   - Loading from file system: /assets/languages/english.lang
19:05:35.403 [FXGL Background Thread 1 ] DEBUG AssetLoaderService   - Loading from file system: /assets/languages/french.lang
19:05:35.413 [FXGL Background Thread 1 ] DEBUG AssetLoaderService   - Loading from file system: /assets/languages/german.lang
19:05:35.428 [FXGL Background Thread 1 ] DEBUG AssetLoaderService   - Loading from file system: /assets/languages/hungarian.lang
19:05:35.454 [FXGL Background Thread 1 ] DEBUG AssetLoaderService   - Loading from file system: /assets/languages/russian.lang
19:05:35.468 [FXGL Background Thread 1 ] DEBUG GameApplication      - Registering font factories with UI factory
19:05:35.469 [FXGL Background Thread 1 ] DEBUG AssetLoaderService   - Loading from file system: /assets/ui/fonts/VarelaRound-Regular.ttf
19:05:35.564 [FXGL Background Thread 1 ] DEBUG AssetLoaderService   - Loading from file system: /assets/ui/fonts/Abel-Regular.ttf
19:05:35.570 [FXGL Background Thread 1 ] DEBUG AssetLoaderService   - Loading from file system: /assets/ui/fonts/lucida_console.ttf
19:05:35.581 [FXGL Background Thread 1 ] DEBUG AssetLoaderService   - Loading from file system: /assets/ui/fonts/Courier-Prime.ttf
19:05:35.625 [JavaFX Application Thread] DEBUG Input                - Registered new binding: Move Left - A
19:05:35.628 [JavaFX Application Thread] DEBUG Input                - Registered new binding: LeftClick - LMB
19:05:35.629 [JavaFX Application Thread] DEBUG AssetLoaderService   - Loading from file system: /assets/textures/fxgl_icon.png
19:05:35.737 [JavaFX Application Thread] DEBUG AssetLoaderService   - Loading from file system: /assets/ui/cursors/fxgl_default.png
19:05:35.751 [JavaFX Application Thread] DEBUG Input                - Registered new binding: Screenshot - P
19:05:35.753 [JavaFX Application Thread] DEBUG Input                - Registered new binding: System info dump - CTRL+9
19:05:35.755 [JavaFX Application Thread] DEBUG Input                - Registered new binding: Restart - CTRL+R
19:05:35.757 [JavaFX Application Thread] DEBUG LoopRunner           - Starting loop
19:05:35.786 [JavaFX Application Thread] DEBUG FXGLStartupScene     - STARTUP
19:05:35.805 [JavaFX Application Thread] DEBUG Input                - Clearing active input actions
19:05:35.856 [JavaFX Application Thread] DEBUG WindowService        - Removing overlay from FXGLStartupScene and adding to FXGLIntroScene
19:05:35.858 [JavaFX Application Thread] DEBUG MainWindow           - FXGLStartupScene -> FXGLIntroScene
19:05:38.355 [FXGL Background Thread 2 ] DEBUG Engine               - Logging environment variables
19:05:38.365 [FXGL Background Thread 2 ] DEBUG Engine               - achievements: []
19:05:38.366 [FXGL Background Thread 2 ] DEBUG Engine               - appIcon: fxgl_icon.png
19:05:38.366 [FXGL Background Thread 2 ] DEBUG Engine               - applicationMode: DEVELOPER
19:05:38.367 [FXGL Background Thread 2 ] DEBUG Engine               - cSSList: [fxgl_dark.css]
19:05:38.367 [FXGL Background Thread 2 ] DEBUG Engine               - configClass: Optional.empty
19:05:38.368 [FXGL Background Thread 2 ] DEBUG Engine               - credits: []
19:05:38.368 [FXGL Background Thread 2 ] DEBUG Engine               - devBBoxColorProperty: ObjectProperty [value: 0xff0000ff]
19:05:38.369 [FXGL Background Thread 2 ] DEBUG Engine               - devSensorColorProperty: ObjectProperty [value: 0xffff00ff]
19:05:38.370 [FXGL Background Thread 2 ] DEBUG Engine               - devShowBBoxProperty: BooleanProperty [value: false]
19:05:38.370 [FXGL Background Thread 2 ] DEBUG Engine               - devShowPositionProperty: BooleanProperty [value: false]
19:05:38.370 [FXGL Background Thread 2 ] DEBUG Engine               - enabledMenuItems: []
19:05:38.371 [FXGL Background Thread 2 ] DEBUG Engine               - engineServices: [class com.almasb.fxgl.app.GameApplication$GameApplicationService, class com.almasb.fxgl.app.services.WindowService, class com.almasb.fxgl.app.services.FXGLDialogService, class com.almasb.fxgl.app.services.IOTaskExecutorService, class com.almasb.fxgl.event.EventBusService, class com.almasb.fxgl.io.FileSystemService, class com.almasb.fxgl.localization.LocalizationService, class com.almasb.fxgl.app.services.AssetLoaderService, class com.almasb.fxgl.app.services.SystemBundleService, class com.almasb.fxgl.profile.SaveLoadService, class com.almasb.fxgl.ui.FXGLUIFactoryServiceProvider, class com.almasb.fxgl.ui.FXGLDialogFactoryServiceProvider, class com.almasb.fxgl.audio.AudioPlayer, class com.almasb.fxgl.notification.impl.NotificationServiceProvider, class com.almasb.fxgl.achievement.AchievementService, class com.almasb.fxgl.cutscene.CutsceneService, class com.almasb.fxgl.minigames.MiniGameService, class com.almasb.fxgl.net.NetService, class com.almasb.fxgl.app.services.UpdaterService, class com.almasb.fxgl.dev.DevService]
19:05:38.371 [FXGL Background Thread 2 ] DEBUG Engine               - fontGame: Abel-Regular.ttf
19:05:38.372 [FXGL Background Thread 2 ] DEBUG Engine               - fontMono: lucida_console.ttf
19:05:38.372 [FXGL Background Thread 2 ] DEBUG Engine               - fontText: Courier-Prime.ttf
19:05:38.372 [FXGL Background Thread 2 ] DEBUG Engine               - fontUI: VarelaRound-Regular.ttf
19:05:38.373 [FXGL Background Thread 2 ] DEBUG Engine               - fullScreen: BooleanProperty [value: false]
19:05:38.373 [FXGL Background Thread 2 ] DEBUG Engine               - gameDifficulty: MEDIUM
19:05:38.374 [FXGL Background Thread 2 ] DEBUG Engine               - gameDifficultyProperty: ObjectProperty [value: MEDIUM]
19:05:38.374 [FXGL Background Thread 2 ] DEBUG Engine               - globalMusicVolume: 0.5
19:05:38.374 [FXGL Background Thread 2 ] DEBUG Engine               - globalMusicVolumeProperty: DoubleProperty [value: 0.5]
19:05:38.375 [FXGL Background Thread 2 ] DEBUG Engine               - globalSoundVolume: 0.5
19:05:38.375 [FXGL Background Thread 2 ] DEBUG Engine               - globalSoundVolumeProperty: DoubleProperty [value: 0.5]
19:05:38.376 [FXGL Background Thread 2 ] DEBUG Engine               - height: 720
19:05:38.376 [FXGL Background Thread 2 ] DEBUG Engine               - isAndroid: false
19:05:38.376 [FXGL Background Thread 2 ] DEBUG Engine               - isBrowser: false
19:05:38.377 [FXGL Background Thread 2 ] DEBUG Engine               - isClickFeedbackEnabled: false
19:05:38.377 [FXGL Background Thread 2 ] DEBUG Engine               - isCloseConfirmation: false
19:05:38.377 [FXGL Background Thread 2 ] DEBUG Engine               - isDesktop: true
19:05:38.378 [FXGL Background Thread 2 ] DEBUG Engine               - isDeveloperMenuEnabled: false
19:05:38.378 [FXGL Background Thread 2 ] DEBUG Engine               - isExperimentalNative: false
19:05:38.378 [FXGL Background Thread 2 ] DEBUG Engine               - isExperimentalTiledLargeMap: false
19:05:38.379 [FXGL Background Thread 2 ] DEBUG Engine               - isFullScreenAllowed: false
19:05:38.379 [FXGL Background Thread 2 ] DEBUG Engine               - isFullScreenFromStart: false
19:05:38.379 [FXGL Background Thread 2 ] DEBUG Engine               - isGameMenuEnabled: true
19:05:38.380 [FXGL Background Thread 2 ] DEBUG Engine               - isIOS: false
19:05:38.380 [FXGL Background Thread 2 ] DEBUG Engine               - isIntroEnabled: true
19:05:38.380 [FXGL Background Thread 2 ] DEBUG Engine               - isLinux: true
19:05:38.381 [FXGL Background Thread 2 ] DEBUG Engine               - isMac: false
19:05:38.381 [FXGL Background Thread 2 ] DEBUG Engine               - isMainMenuEnabled: false
19:05:38.382 [FXGL Background Thread 2 ] DEBUG Engine               - isManualResizeEnabled: false
19:05:38.396 [FXGL Background Thread 2 ] DEBUG Engine               - isMobile: false
19:05:38.397 [FXGL Background Thread 2 ] DEBUG Engine               - isPreserveResizeRatio: false
19:05:38.397 [FXGL Background Thread 2 ] DEBUG Engine               - isProfilingEnabled: false
19:05:38.397 [FXGL Background Thread 2 ] DEBUG Engine               - isSingleStep: false
19:05:38.398 [FXGL Background Thread 2 ] DEBUG Engine               - isUserProfileEnabled: false
19:05:38.398 [FXGL Background Thread 2 ] DEBUG Engine               - isWindows: false
19:05:38.398 [FXGL Background Thread 2 ] DEBUG Engine               - language: ObjectProperty [value: ENGLISH]
19:05:38.399 [FXGL Background Thread 2 ] DEBUG Engine               - mainWindow: com.almasb.fxgl.app.MainWindow@77fded12
19:05:38.399 [FXGL Background Thread 2 ] DEBUG Engine               - menuKey: ESCAPE
19:05:38.399 [FXGL Background Thread 2 ] DEBUG Engine               - notificationViewClass: class com.almasb.fxgl.notification.view.XboxNotificationView
19:05:38.400 [FXGL Background Thread 2 ] DEBUG Engine               - pixelsPerMeter: 50.0
19:05:38.400 [FXGL Background Thread 2 ] DEBUG Engine               - platform: LINUX
19:05:38.400 [FXGL Background Thread 2 ] DEBUG Engine               - profileDir: profiles/
19:05:38.401 [FXGL Background Thread 2 ] DEBUG Engine               - profileName: StringProperty [value: DEFAULT]
19:05:38.401 [FXGL Background Thread 2 ] DEBUG Engine               - randomSeed: -1
19:05:38.402 [FXGL Background Thread 2 ] DEBUG Engine               - runtimeInfo: RuntimeInfo(platform=LINUX, version=11.9, build=27.05.2020 17.06)
19:05:38.402 [FXGL Background Thread 2 ] DEBUG Engine               - saveFileExt: sav
19:05:38.402 [FXGL Background Thread 2 ] DEBUG Engine               - sceneFactory: com.almasb.fxgl.app.scene.SceneFactory@4952e208
19:05:38.403 [FXGL Background Thread 2 ] DEBUG Engine               - secondsIn24h: 60
19:05:38.403 [FXGL Background Thread 2 ] DEBUG Engine               - settings: Title: Chinmay Tiwari's Global Conquest
Version: 0.0
Width: 1024
Height: 720
Fullscreen: false
Intro: true
Profiling: false
Single step:false
App Mode: DEVELOPER
Menu Key: ESCAPE
Stage Style: DECORATED
Scene Factory: class com.almasb.fxgl.app.scene.SceneFactory

19:05:38.404 [FXGL Background Thread 2 ] DEBUG Engine               - soundMenuBack: menu/back.wav
19:05:38.404 [FXGL Background Thread 2 ] DEBUG Engine               - soundMenuPress: menu/press.wav
19:05:38.404 [FXGL Background Thread 2 ] DEBUG Engine               - soundMenuSelect: menu/select.wav
19:05:38.404 [FXGL Background Thread 2 ] DEBUG Engine               - soundNotification: core/notification.wav
19:05:38.405 [FXGL Background Thread 2 ] DEBUG Engine               - stageStyle: DECORATED
19:05:38.405 [FXGL Background Thread 2 ] DEBUG Engine               - supportedLanguages: [ENGLISH, FRENCH, GERMAN, HUNGARIAN, RUSSIAN]
19:05:38.405 [FXGL Background Thread 2 ] DEBUG Engine               - title: Chinmay Tiwari's Global Conquest
19:05:38.406 [FXGL Background Thread 2 ] DEBUG Engine               - urlGithub: https://github.com/AlmasB/FXGL
19:05:38.406 [FXGL Background Thread 2 ] DEBUG Engine               - urlLeaderboard: http://fxgl-top.herokuapp.com/
19:05:38.406 [FXGL Background Thread 2 ] DEBUG Engine               - urlPOM: https://raw.githubusercontent.com/AlmasB/FXGL/master/pom.xml
19:05:38.407 [FXGL Background Thread 2 ] DEBUG Engine               - version: 0.0
19:05:38.407 [FXGL Background Thread 2 ] DEBUG Engine               - versionCheckDays: 7
19:05:38.407 [FXGL Background Thread 2 ] DEBUG Engine               - width: 1024
19:05:38.407 [FXGL Background Thread 2 ] DEBUG Engine               - Logging services
19:05:38.408 [FXGL Background Thread 2 ] DEBUG Engine               - class com.almasb.fxgl.app.GameApplication$GameApplicationService
19:05:38.408 [FXGL Background Thread 2 ] DEBUG Engine               - class com.almasb.fxgl.app.services.WindowService
19:05:38.408 [FXGL Background Thread 2 ] DEBUG Engine               - class com.almasb.fxgl.app.services.FXGLDialogService
19:05:38.409 [FXGL Background Thread 2 ] DEBUG Engine               - class com.almasb.fxgl.app.services.IOTaskExecutorService
19:05:38.409 [FXGL Background Thread 2 ] DEBUG Engine               - class com.almasb.fxgl.event.EventBusService
19:05:38.409 [FXGL Background Thread 2 ] DEBUG Engine               - class com.almasb.fxgl.io.FileSystemService
19:05:38.410 [FXGL Background Thread 2 ] DEBUG Engine               - class com.almasb.fxgl.localization.LocalizationService
19:05:38.410 [FXGL Background Thread 2 ] DEBUG Engine               - class com.almasb.fxgl.app.services.AssetLoaderService
19:05:38.410 [FXGL Background Thread 2 ] DEBUG Engine               - class com.almasb.fxgl.app.services.SystemBundleService
19:05:38.411 [FXGL Background Thread 2 ] DEBUG Engine               - class com.almasb.fxgl.profile.SaveLoadService
19:05:38.411 [FXGL Background Thread 2 ] DEBUG Engine               - class com.almasb.fxgl.ui.FXGLUIFactoryServiceProvider
19:05:38.411 [FXGL Background Thread 2 ] DEBUG Engine               - class com.almasb.fxgl.ui.FXGLDialogFactoryServiceProvider
19:05:38.411 [FXGL Background Thread 2 ] DEBUG Engine               - class com.almasb.fxgl.audio.AudioPlayer
19:05:38.412 [FXGL Background Thread 2 ] DEBUG Engine               - class com.almasb.fxgl.notification.impl.NotificationServiceProvider
19:05:38.412 [FXGL Background Thread 2 ] DEBUG Engine               - class com.almasb.fxgl.achievement.AchievementService
19:05:38.412 [FXGL Background Thread 2 ] DEBUG Engine               - class com.almasb.fxgl.cutscene.CutsceneService
19:05:38.413 [FXGL Background Thread 2 ] DEBUG Engine               - class com.almasb.fxgl.minigames.MiniGameService
19:05:38.413 [FXGL Background Thread 2 ] DEBUG Engine               - class com.almasb.fxgl.net.NetService
19:05:38.413 [FXGL Background Thread 2 ] DEBUG Engine               - class com.almasb.fxgl.app.services.UpdaterService
19:05:38.414 [FXGL Background Thread 2 ] DEBUG Engine               - class com.almasb.fxgl.dev.DevService
19:05:40.454 [JavaFX Application Thread] DEBUG GameApplication      - Exiting FXGL
19:05:40.454 [JavaFX Application Thread] DEBUG LoopRunner           - Stopping loop
19:05:40.455 [JavaFX Application Thread] DEBUG SystemBundleService  - Saving FXGL system data
19:05:40.528 [JavaFX Application Thread] DEBUG FileSystemAccess     - Writing to: /home/segfault/fx/CTGlobalConquest/system/fxgl.bundle
19:05:40.544 [JavaFX Application Thread] DEBUG GameApplication      - Shutting down background threads
19:05:40.551 [JavaFX Application Thread] DEBUG GameApplication      - Closing logger and exiting JavaFX
