14:18:57.306 [main                     ] DEBUG GameApplication      - Logger initialized
14:18:57.386 [main                     ] DEBUG GameApplication      - Logging settings
Title: Chinmay Tiwari's Global Conquest
Version: 0.0
Width: 800
Height: 600
Fullscreen: false
Intro: false
Profiling: false
Single step:false
App Mode: DEVELOPER
Menu Key: ESCAPE
Stage Style: DECORATED
Scene Factory: class com.almasb.fxgl.app.scene.SceneFactory

14:18:58.199 [JavaFX Application Thread] DEBUG GameApplication      - Initializing FXGL
14:18:58.220 [JavaFX Application Thread] INFO  Engine               - FXGL-11.9 (27.05.2020 17.06) on LINUX (J:11.0.17 FX:11)
14:18:58.221 [JavaFX Application Thread] DEBUG Engine               - JRE Vendor Name: Ubuntu
14:18:58.222 [JavaFX Application Thread] DEBUG Engine               - Running on OS: Linux version 4.9.253-tegra
14:18:58.224 [JavaFX Application Thread] DEBUG Engine               - Architecture: aarch64
14:18:58.225 [JavaFX Application Thread] INFO  Engine               - Source code and latest versions at: https://github.com/AlmasB/FXGL
14:18:58.226 [JavaFX Application Thread] INFO  Engine               -              Join the FXGL chat at: https://gitter.im/AlmasB/FXGL
14:18:58.539 [JavaFX Application Thread] DEBUG MainWindow           - Creating a JavaFX scene
14:18:58.853 [JavaFX Application Thread] DEBUG MainWindow           - Target settings size: 800.0 x 600.0
14:18:58.854 [JavaFX Application Thread] DEBUG MainWindow           - Scaled scene size:    800.0 x 600.0
14:18:58.855 [JavaFX Application Thread] DEBUG MainWindow           - Scaled ratio: (1.0, 1.0)
14:18:58.860 [JavaFX Application Thread] DEBUG MainWindow           - Set initial scene to FXGLStartupScene
14:18:58.883 [JavaFX Application Thread] DEBUG MainWindow           - Opening main window
14:18:59.063 [JavaFX Application Thread] DEBUG MainWindow           - Window border size: (2.0, 29.0)
14:18:59.065 [JavaFX Application Thread] DEBUG MainWindow           - Scaled size: 800.0 x 600.0
14:18:59.066 [JavaFX Application Thread] DEBUG MainWindow           - Scaled ratio: (1.0, 1.0)
14:18:59.066 [JavaFX Application Thread] DEBUG MainWindow           - Scene size: 800.0 x 600.0
14:18:59.067 [JavaFX Application Thread] DEBUG MainWindow           - Stage size: 802.0 x 629.0
14:18:59.090 [FXGL Background Thread 1 ] DEBUG Engine               - Initializing environment variables
14:18:59.291 [FXGL Background Thread 1 ] DEBUG WindowService        - Applying CSS: fxgl_dark.css
14:18:59.293 [FXGL Background Thread 1 ] DEBUG AssetLoaderService   - Loading from file system: /assets/ui/css/fxgl_dark.css
14:18:59.665 [FXGL Background Thread 1 ] DEBUG WindowService        - Initializing application scenes
14:18:59.962 [FXGL Background Thread 1 ] DEBUG GameWorld            - Game world initialized
14:19:00.129 [FXGL Background Thread 1 ] DEBUG PhysicsWorld         - Physics world initialized: appHeight=600, physics.ppm=50.0
14:19:00.144 [FXGL Background Thread 1 ] DEBUG GameScene            - Game scene initialized: 800x600
14:19:00.261 [FXGL Background Thread 1 ] DEBUG AssetLoaderService   - Loading from file system: /assets/textures/particles/trace_horizontal.png
14:19:00.465 [FXGL Background Thread 1 ] DEBUG FXGL.DefaultMenu     - createMenuBodyGameMenu()
14:19:00.547 [FXGL Background Thread 1 ] DEBUG FXGL.DefaultMenu     - createOptionsMenu()
14:19:00.572 [FXGL Background Thread 1 ] DEBUG AssetLoaderService   - Loading from file system: /assets/textures/particles/smoke.png
14:19:00.804 [FXGL Background Thread 1 ] DEBUG WindowService        - Application scenes initialized
14:19:00.856 [FXGL Background Thread 1 ] DEBUG SystemBundleService  - Loading FXGL system data
14:19:00.867 [FXGL Background Thread 1 ] DEBUG FileSystemAccess     - Reading from: /home/segfault/fx/CTGlobalConquest/system/fxgl.bundle
14:19:00.891 [FXGL Background Thread 1 ] DEBUG SystemBundleService  - Bundle FXGL: {}
14:19:00.893 [FXGL Background Thread 1 ] INFO  Engine               - FXGL initialization took: 1.791 sec
14:19:00.915 [FXGL Background Thread 1 ] DEBUG GameApplication      - Loading localizations
14:19:00.923 [FXGL Background Thread 1 ] DEBUG AssetLoaderService   - Loading from file system: /assets/languages/english.lang
14:19:01.004 [FXGL Background Thread 1 ] DEBUG AssetLoaderService   - Loading from file system: /assets/languages/french.lang
14:19:01.017 [FXGL Background Thread 1 ] DEBUG AssetLoaderService   - Loading from file system: /assets/languages/german.lang
14:19:01.025 [FXGL Background Thread 1 ] DEBUG AssetLoaderService   - Loading from file system: /assets/languages/hungarian.lang
14:19:01.057 [FXGL Background Thread 1 ] DEBUG AssetLoaderService   - Loading from file system: /assets/languages/russian.lang
14:19:01.077 [FXGL Background Thread 1 ] DEBUG GameApplication      - Registering font factories with UI factory
14:19:01.078 [FXGL Background Thread 1 ] DEBUG AssetLoaderService   - Loading from file system: /assets/ui/fonts/VarelaRound-Regular.ttf
14:19:01.152 [FXGL Background Thread 1 ] DEBUG AssetLoaderService   - Loading from file system: /assets/ui/fonts/Abel-Regular.ttf
14:19:01.179 [FXGL Background Thread 1 ] DEBUG AssetLoaderService   - Loading from file system: /assets/ui/fonts/lucida_console.ttf
14:19:01.187 [FXGL Background Thread 1 ] DEBUG AssetLoaderService   - Loading from file system: /assets/ui/fonts/Courier-Prime.ttf
14:19:01.199 [JavaFX Application Thread] DEBUG AssetLoaderService   - Loading from file system: /assets/textures/fxgl_icon.png
14:19:01.294 [JavaFX Application Thread] DEBUG AssetLoaderService   - Loading from file system: /assets/ui/cursors/fxgl_default.png
14:19:01.333 [JavaFX Application Thread] DEBUG Input                - Registered new binding: Screenshot - P
14:19:01.336 [JavaFX Application Thread] DEBUG Input                - Registered new binding: System info dump - CTRL+9
14:19:01.346 [JavaFX Application Thread] DEBUG Input                - Registered new binding: Restart - CTRL+R
14:19:01.359 [JavaFX Application Thread] DEBUG LoopRunner           - Starting loop
14:19:01.389 [JavaFX Application Thread] DEBUG FXGLStartupScene     - STARTUP
14:19:01.390 [JavaFX Application Thread] DEBUG WindowService        - Starting new game
14:19:01.397 [JavaFX Application Thread] DEBUG Input                - Clearing active input actions
14:19:01.479 [JavaFX Application Thread] DEBUG WindowService        - Removing overlay from FXGLStartupScene and adding to FXGLLoadingScene
14:19:01.480 [JavaFX Application Thread] DEBUG MainWindow           - FXGLStartupScene -> FXGLLoadingScene
14:19:01.481 [JavaFX Application Thread] DEBUG WindowService        - Clearing previous game
14:19:01.481 [JavaFX Application Thread] DEBUG GameScene            - Clearing game scene
14:19:01.482 [JavaFX Application Thread] DEBUG GameWorld            - Clearing game world
14:19:01.482 [JavaFX Application Thread] DEBUG PhysicsWorld         - Clearing physics world
14:19:01.487 [FXGL Background Thread 1 ] DEBUG GameApplication      - Initializing game
14:19:01.491 [FXGL Background Thread 1 ] DEBUG AssetLoaderService   - Loading from file system: /assets/textures/tiles/grass_selected.png
14:19:01.499 [FXGL Background Thread 1 ] DEBUG AssetLoaderService   - Loading from cache: /assets/textures/tiles/grass_selected.png
14:19:01.500 [FXGL Background Thread 1 ] DEBUG AssetLoaderService   - Loading from cache: /assets/textures/tiles/grass_selected.png
14:19:01.501 [FXGL Background Thread 1 ] DEBUG AssetLoaderService   - Loading from cache: /assets/textures/tiles/grass_selected.png
14:19:01.502 [FXGL Background Thread 1 ] DEBUG AssetLoaderService   - Loading from cache: /assets/textures/tiles/grass_selected.png
14:19:01.502 [FXGL Background Thread 1 ] DEBUG AssetLoaderService   - Loading from cache: /assets/textures/tiles/grass_selected.png
14:19:01.505 [FXGL Background Thread 1 ] DEBUG AssetLoaderService   - Loading from cache: /assets/textures/tiles/grass_selected.png
14:19:01.506 [FXGL Background Thread 1 ] DEBUG AssetLoaderService   - Loading from cache: /assets/textures/tiles/grass_selected.png
14:19:01.506 [FXGL Background Thread 1 ] DEBUG AssetLoaderService   - Loading from cache: /assets/textures/tiles/grass_selected.png
14:19:01.507 [FXGL Background Thread 1 ] DEBUG AssetLoaderService   - Loading from cache: /assets/textures/tiles/grass_selected.png
14:19:01.508 [FXGL Background Thread 1 ] DEBUG AssetLoaderService   - Loading from cache: /assets/textures/tiles/grass_selected.png
14:19:01.508 [FXGL Background Thread 1 ] DEBUG AssetLoaderService   - Loading from cache: /assets/textures/tiles/grass_selected.png
14:19:01.509 [FXGL Background Thread 1 ] DEBUG AssetLoaderService   - Loading from cache: /assets/textures/tiles/grass_selected.png
14:19:01.510 [FXGL Background Thread 1 ] DEBUG AssetLoaderService   - Loading from cache: /assets/textures/tiles/grass_selected.png
14:19:01.510 [FXGL Background Thread 1 ] DEBUG AssetLoaderService   - Loading from cache: /assets/textures/tiles/grass_selected.png
14:19:01.513 [FXGL Background Thread 1 ] DEBUG AssetLoaderService   - Loading from cache: /assets/textures/tiles/grass_selected.png
14:19:01.514 [FXGL Background Thread 1 ] DEBUG AssetLoaderService   - Loading from cache: /assets/textures/tiles/grass_selected.png
14:19:01.514 [FXGL Background Thread 1 ] DEBUG AssetLoaderService   - Loading from cache: /assets/textures/tiles/grass_selected.png
14:19:01.515 [FXGL Background Thread 1 ] DEBUG AssetLoaderService   - Loading from cache: /assets/textures/tiles/grass_selected.png
14:19:01.515 [FXGL Background Thread 1 ] DEBUG AssetLoaderService   - Loading from cache: /assets/textures/tiles/grass_selected.png
14:19:01.516 [FXGL Background Thread 1 ] DEBUG AssetLoaderService   - Loading from cache: /assets/textures/tiles/grass_selected.png
14:19:01.516 [FXGL Background Thread 1 ] DEBUG AssetLoaderService   - Loading from cache: /assets/textures/tiles/grass_selected.png
14:19:01.517 [FXGL Background Thread 1 ] DEBUG AssetLoaderService   - Loading from cache: /assets/textures/tiles/grass_selected.png
14:19:01.518 [FXGL Background Thread 1 ] DEBUG AssetLoaderService   - Loading from cache: /assets/textures/tiles/grass_selected.png
14:19:01.518 [FXGL Background Thread 1 ] DEBUG AssetLoaderService   - Loading from cache: /assets/textures/tiles/grass_selected.png
14:19:01.519 [FXGL Background Thread 1 ] DEBUG AssetLoaderService   - Loading from cache: /assets/textures/tiles/grass_selected.png
14:19:01.519 [FXGL Background Thread 1 ] DEBUG AssetLoaderService   - Loading from cache: /assets/textures/tiles/grass_selected.png
14:19:01.520 [FXGL Background Thread 1 ] DEBUG AssetLoaderService   - Loading from cache: /assets/textures/tiles/grass_selected.png
14:19:01.520 [FXGL Background Thread 1 ] DEBUG AssetLoaderService   - Loading from cache: /assets/textures/tiles/grass_selected.png
14:19:01.521 [FXGL Background Thread 1 ] DEBUG AssetLoaderService   - Loading from cache: /assets/textures/tiles/grass_selected.png
14:19:01.521 [FXGL Background Thread 1 ] DEBUG AssetLoaderService   - Loading from cache: /assets/textures/tiles/grass_selected.png
14:19:01.522 [FXGL Background Thread 1 ] DEBUG AssetLoaderService   - Loading from cache: /assets/textures/tiles/grass_selected.png
14:19:01.523 [FXGL Background Thread 1 ] DEBUG AssetLoaderService   - Loading from cache: /assets/textures/tiles/grass_selected.png
14:19:01.531 [FXGL Background Thread 1 ] DEBUG AssetLoaderService   - Loading from cache: /assets/textures/tiles/grass_selected.png
14:19:01.533 [FXGL Background Thread 1 ] DEBUG AssetLoaderService   - Loading from cache: /assets/textures/tiles/grass_selected.png
14:19:01.533 [FXGL Background Thread 1 ] DEBUG AssetLoaderService   - Loading from cache: /assets/textures/tiles/grass_selected.png
14:19:01.536 [FXGL Background Thread 1 ] DEBUG AssetLoaderService   - Loading from cache: /assets/textures/tiles/grass_selected.png
14:19:01.536 [FXGL Background Thread 1 ] DEBUG AssetLoaderService   - Loading from cache: /assets/textures/tiles/grass_selected.png
14:19:01.537 [FXGL Background Thread 1 ] DEBUG AssetLoaderService   - Loading from cache: /assets/textures/tiles/grass_selected.png
14:19:01.541 [FXGL Background Thread 1 ] DEBUG AssetLoaderService   - Loading from cache: /assets/textures/tiles/grass_selected.png
14:19:01.542 [FXGL Background Thread 1 ] DEBUG AssetLoaderService   - Loading from cache: /assets/textures/tiles/grass_selected.png
14:19:01.542 [FXGL Background Thread 1 ] DEBUG AssetLoaderService   - Loading from cache: /assets/textures/tiles/grass_selected.png
14:19:01.543 [FXGL Background Thread 1 ] DEBUG AssetLoaderService   - Loading from cache: /assets/textures/tiles/grass_selected.png
14:19:01.543 [FXGL Background Thread 1 ] DEBUG AssetLoaderService   - Loading from cache: /assets/textures/tiles/grass_selected.png
14:19:01.544 [FXGL Background Thread 1 ] DEBUG AssetLoaderService   - Loading from cache: /assets/textures/tiles/grass_selected.png
14:19:01.545 [FXGL Background Thread 1 ] DEBUG AssetLoaderService   - Loading from cache: /assets/textures/tiles/grass_selected.png
14:19:01.545 [FXGL Background Thread 1 ] DEBUG AssetLoaderService   - Loading from cache: /assets/textures/tiles/grass_selected.png
14:19:01.546 [FXGL Background Thread 1 ] DEBUG AssetLoaderService   - Loading from cache: /assets/textures/tiles/grass_selected.png
14:19:01.546 [FXGL Background Thread 1 ] DEBUG AssetLoaderService   - Loading from cache: /assets/textures/tiles/grass_selected.png
14:19:01.547 [FXGL Background Thread 1 ] DEBUG AssetLoaderService   - Loading from cache: /assets/textures/tiles/grass_selected.png
14:19:01.547 [FXGL Background Thread 1 ] DEBUG AssetLoaderService   - Loading from cache: /assets/textures/tiles/grass_selected.png
14:19:01.548 [FXGL Background Thread 1 ] DEBUG AssetLoaderService   - Loading from cache: /assets/textures/tiles/grass_selected.png
14:19:01.548 [FXGL Background Thread 1 ] DEBUG AssetLoaderService   - Loading from cache: /assets/textures/tiles/grass_selected.png
14:19:01.549 [FXGL Background Thread 1 ] DEBUG AssetLoaderService   - Loading from cache: /assets/textures/tiles/grass_selected.png
14:19:01.549 [FXGL Background Thread 1 ] DEBUG AssetLoaderService   - Loading from cache: /assets/textures/tiles/grass_selected.png
14:19:01.550 [FXGL Background Thread 1 ] DEBUG AssetLoaderService   - Loading from cache: /assets/textures/tiles/grass_selected.png
14:19:01.550 [FXGL Background Thread 1 ] DEBUG AssetLoaderService   - Loading from cache: /assets/textures/tiles/grass_selected.png
14:19:01.551 [FXGL Background Thread 1 ] DEBUG AssetLoaderService   - Loading from cache: /assets/textures/tiles/grass_selected.png
14:19:01.552 [FXGL Background Thread 1 ] DEBUG AssetLoaderService   - Loading from cache: /assets/textures/tiles/grass_selected.png
14:19:01.552 [FXGL Background Thread 1 ] DEBUG AssetLoaderService   - Loading from cache: /assets/textures/tiles/grass_selected.png
14:19:01.553 [FXGL Background Thread 1 ] DEBUG AssetLoaderService   - Loading from cache: /assets/textures/tiles/grass_selected.png
14:19:01.553 [FXGL Background Thread 1 ] DEBUG AssetLoaderService   - Loading from cache: /assets/textures/tiles/grass_selected.png
14:19:01.554 [FXGL Background Thread 1 ] DEBUG AssetLoaderService   - Loading from cache: /assets/textures/tiles/grass_selected.png
14:19:01.555 [FXGL Background Thread 1 ] DEBUG AssetLoaderService   - Loading from cache: /assets/textures/tiles/grass_selected.png
14:19:01.555 [FXGL Background Thread 1 ] DEBUG AssetLoaderService   - Loading from cache: /assets/textures/tiles/grass_selected.png
14:19:01.556 [FXGL Background Thread 1 ] DEBUG AssetLoaderService   - Loading from cache: /assets/textures/tiles/grass_selected.png
14:19:01.556 [FXGL Background Thread 1 ] DEBUG AssetLoaderService   - Loading from cache: /assets/textures/tiles/grass_selected.png
14:19:01.557 [FXGL Background Thread 1 ] DEBUG AssetLoaderService   - Loading from cache: /assets/textures/tiles/grass_selected.png
14:19:01.557 [FXGL Background Thread 1 ] DEBUG AssetLoaderService   - Loading from cache: /assets/textures/tiles/grass_selected.png
14:19:01.558 [FXGL Background Thread 1 ] DEBUG AssetLoaderService   - Loading from cache: /assets/textures/tiles/grass_selected.png
14:19:01.558 [FXGL Background Thread 1 ] DEBUG AssetLoaderService   - Loading from cache: /assets/textures/tiles/grass_selected.png
14:19:01.559 [FXGL Background Thread 1 ] DEBUG AssetLoaderService   - Loading from cache: /assets/textures/tiles/grass_selected.png
14:19:01.559 [FXGL Background Thread 1 ] DEBUG AssetLoaderService   - Loading from cache: /assets/textures/tiles/grass_selected.png
14:19:01.559 [FXGL Background Thread 1 ] DEBUG AssetLoaderService   - Loading from cache: /assets/textures/tiles/grass_selected.png
14:19:01.560 [FXGL Background Thread 1 ] DEBUG AssetLoaderService   - Loading from cache: /assets/textures/tiles/grass_selected.png
14:19:01.560 [FXGL Background Thread 1 ] DEBUG AssetLoaderService   - Loading from cache: /assets/textures/tiles/grass_selected.png
14:19:01.561 [FXGL Background Thread 1 ] DEBUG AssetLoaderService   - Loading from cache: /assets/textures/tiles/grass_selected.png
14:19:01.561 [FXGL Background Thread 1 ] DEBUG AssetLoaderService   - Loading from cache: /assets/textures/tiles/grass_selected.png
14:19:01.562 [FXGL Background Thread 1 ] DEBUG AssetLoaderService   - Loading from cache: /assets/textures/tiles/grass_selected.png
14:19:01.562 [FXGL Background Thread 1 ] DEBUG AssetLoaderService   - Loading from cache: /assets/textures/tiles/grass_selected.png
14:19:01.562 [FXGL Background Thread 1 ] DEBUG AssetLoaderService   - Loading from cache: /assets/textures/tiles/grass_selected.png
14:19:01.563 [FXGL Background Thread 1 ] DEBUG AssetLoaderService   - Loading from cache: /assets/textures/tiles/grass_selected.png
14:19:01.563 [FXGL Background Thread 1 ] DEBUG AssetLoaderService   - Loading from cache: /assets/textures/tiles/grass_selected.png
14:19:01.564 [FXGL Background Thread 1 ] DEBUG AssetLoaderService   - Loading from cache: /assets/textures/tiles/grass_selected.png
14:19:01.564 [FXGL Background Thread 1 ] DEBUG AssetLoaderService   - Loading from cache: /assets/textures/tiles/grass_selected.png
14:19:01.565 [FXGL Background Thread 1 ] DEBUG AssetLoaderService   - Loading from cache: /assets/textures/tiles/grass_selected.png
14:19:01.565 [FXGL Background Thread 1 ] DEBUG AssetLoaderService   - Loading from cache: /assets/textures/tiles/grass_selected.png
14:19:01.566 [FXGL Background Thread 1 ] DEBUG AssetLoaderService   - Loading from cache: /assets/textures/tiles/grass_selected.png
14:19:01.566 [FXGL Background Thread 1 ] DEBUG AssetLoaderService   - Loading from cache: /assets/textures/tiles/grass_selected.png
14:19:01.566 [FXGL Background Thread 1 ] DEBUG AssetLoaderService   - Loading from cache: /assets/textures/tiles/grass_selected.png
14:19:01.567 [FXGL Background Thread 1 ] DEBUG AssetLoaderService   - Loading from cache: /assets/textures/tiles/grass_selected.png
14:19:01.567 [FXGL Background Thread 1 ] DEBUG AssetLoaderService   - Loading from cache: /assets/textures/tiles/grass_selected.png
14:19:01.568 [FXGL Background Thread 1 ] DEBUG AssetLoaderService   - Loading from cache: /assets/textures/tiles/grass_selected.png
14:19:01.568 [FXGL Background Thread 1 ] DEBUG AssetLoaderService   - Loading from cache: /assets/textures/tiles/grass_selected.png
14:19:01.569 [FXGL Background Thread 1 ] DEBUG AssetLoaderService   - Loading from cache: /assets/textures/tiles/grass_selected.png
14:19:01.569 [FXGL Background Thread 1 ] DEBUG AssetLoaderService   - Loading from cache: /assets/textures/tiles/grass_selected.png
14:19:01.570 [FXGL Background Thread 1 ] DEBUG AssetLoaderService   - Loading from cache: /assets/textures/tiles/grass_selected.png
14:19:01.570 [FXGL Background Thread 1 ] DEBUG AssetLoaderService   - Loading from cache: /assets/textures/tiles/grass_selected.png
14:19:01.571 [FXGL Background Thread 1 ] DEBUG AssetLoaderService   - Loading from cache: /assets/textures/tiles/grass_selected.png
14:19:01.571 [FXGL Background Thread 1 ] DEBUG AssetLoaderService   - Loading from cache: /assets/textures/tiles/grass_selected.png
14:19:01.572 [FXGL Background Thread 1 ] DEBUG AssetLoaderService   - Loading from cache: /assets/textures/tiles/grass_selected.png
14:19:01.572 [FXGL Background Thread 1 ] DEBUG AssetLoaderService   - Loading from cache: /assets/textures/tiles/grass_selected.png
14:19:01.573 [FXGL Background Thread 1 ] DEBUG AssetLoaderService   - Loading from cache: /assets/textures/tiles/grass_selected.png
14:19:01.573 [FXGL Background Thread 1 ] DEBUG AssetLoaderService   - Loading from cache: /assets/textures/tiles/grass_selected.png
14:19:01.573 [FXGL Background Thread 1 ] DEBUG AssetLoaderService   - Loading from cache: /assets/textures/tiles/grass_selected.png
14:19:01.574 [FXGL Background Thread 1 ] DEBUG AssetLoaderService   - Loading from cache: /assets/textures/tiles/grass_selected.png
14:19:01.574 [FXGL Background Thread 1 ] DEBUG AssetLoaderService   - Loading from cache: /assets/textures/tiles/grass_selected.png
14:19:01.575 [FXGL Background Thread 1 ] DEBUG AssetLoaderService   - Loading from cache: /assets/textures/tiles/grass_selected.png
14:19:01.576 [FXGL Background Thread 1 ] DEBUG AssetLoaderService   - Loading from cache: /assets/textures/tiles/grass_selected.png
14:19:01.576 [FXGL Background Thread 1 ] DEBUG AssetLoaderService   - Loading from cache: /assets/textures/tiles/grass_selected.png
14:19:01.576 [FXGL Background Thread 1 ] DEBUG AssetLoaderService   - Loading from cache: /assets/textures/tiles/grass_selected.png
14:19:01.577 [FXGL Background Thread 1 ] DEBUG AssetLoaderService   - Loading from cache: /assets/textures/tiles/grass_selected.png
14:19:01.577 [FXGL Background Thread 1 ] DEBUG AssetLoaderService   - Loading from cache: /assets/textures/tiles/grass_selected.png
14:19:01.578 [FXGL Background Thread 1 ] DEBUG AssetLoaderService   - Loading from cache: /assets/textures/tiles/grass_selected.png
14:19:01.578 [FXGL Background Thread 1 ] DEBUG AssetLoaderService   - Loading from cache: /assets/textures/tiles/grass_selected.png
14:19:01.578 [FXGL Background Thread 1 ] DEBUG AssetLoaderService   - Loading from cache: /assets/textures/tiles/grass_selected.png
14:19:01.579 [FXGL Background Thread 1 ] DEBUG AssetLoaderService   - Loading from cache: /assets/textures/tiles/grass_selected.png
14:19:01.579 [FXGL Background Thread 1 ] DEBUG AssetLoaderService   - Loading from cache: /assets/textures/tiles/grass_selected.png
14:19:01.580 [FXGL Background Thread 1 ] DEBUG AssetLoaderService   - Loading from cache: /assets/textures/tiles/grass_selected.png
14:19:01.580 [FXGL Background Thread 1 ] DEBUG AssetLoaderService   - Loading from cache: /assets/textures/tiles/grass_selected.png
14:19:01.581 [FXGL Background Thread 1 ] DEBUG AssetLoaderService   - Loading from cache: /assets/textures/tiles/grass_selected.png
14:19:01.581 [FXGL Background Thread 1 ] DEBUG AssetLoaderService   - Loading from cache: /assets/textures/tiles/grass_selected.png
14:19:01.582 [FXGL Background Thread 1 ] DEBUG AssetLoaderService   - Loading from cache: /assets/textures/tiles/grass_selected.png
14:19:01.582 [FXGL Background Thread 1 ] DEBUG AssetLoaderService   - Loading from cache: /assets/textures/tiles/grass_selected.png
14:19:01.582 [FXGL Background Thread 1 ] DEBUG AssetLoaderService   - Loading from cache: /assets/textures/tiles/grass_selected.png
14:19:01.583 [FXGL Background Thread 1 ] DEBUG AssetLoaderService   - Loading from cache: /assets/textures/tiles/grass_selected.png
14:19:01.583 [FXGL Background Thread 1 ] DEBUG AssetLoaderService   - Loading from cache: /assets/textures/tiles/grass_selected.png
14:19:01.584 [FXGL Background Thread 1 ] DEBUG AssetLoaderService   - Loading from cache: /assets/textures/tiles/grass_selected.png
14:19:01.584 [FXGL Background Thread 1 ] DEBUG AssetLoaderService   - Loading from cache: /assets/textures/tiles/grass_selected.png
14:19:01.585 [FXGL Background Thread 1 ] DEBUG AssetLoaderService   - Loading from cache: /assets/textures/tiles/grass_selected.png
14:19:01.585 [FXGL Background Thread 1 ] DEBUG AssetLoaderService   - Loading from cache: /assets/textures/tiles/grass_selected.png
14:19:01.586 [FXGL Background Thread 1 ] DEBUG AssetLoaderService   - Loading from cache: /assets/textures/tiles/grass_selected.png
14:19:01.587 [FXGL Background Thread 1 ] DEBUG AssetLoaderService   - Loading from cache: /assets/textures/tiles/grass_selected.png
14:19:01.587 [FXGL Background Thread 1 ] DEBUG AssetLoaderService   - Loading from cache: /assets/textures/tiles/grass_selected.png
14:19:01.587 [FXGL Background Thread 1 ] DEBUG AssetLoaderService   - Loading from cache: /assets/textures/tiles/grass_selected.png
14:19:01.588 [FXGL Background Thread 1 ] DEBUG AssetLoaderService   - Loading from cache: /assets/textures/tiles/grass_selected.png
14:19:01.588 [FXGL Background Thread 1 ] DEBUG AssetLoaderService   - Loading from cache: /assets/textures/tiles/grass_selected.png
14:19:01.589 [FXGL Background Thread 1 ] DEBUG AssetLoaderService   - Loading from cache: /assets/textures/tiles/grass_selected.png
14:19:01.589 [FXGL Background Thread 1 ] DEBUG AssetLoaderService   - Loading from cache: /assets/textures/tiles/grass_selected.png
14:19:01.590 [FXGL Background Thread 1 ] DEBUG AssetLoaderService   - Loading from cache: /assets/textures/tiles/grass_selected.png
14:19:01.590 [FXGL Background Thread 1 ] DEBUG AssetLoaderService   - Loading from cache: /assets/textures/tiles/grass_selected.png
14:19:01.591 [FXGL Background Thread 1 ] DEBUG AssetLoaderService   - Loading from cache: /assets/textures/tiles/grass_selected.png
14:19:01.591 [FXGL Background Thread 1 ] DEBUG AssetLoaderService   - Loading from cache: /assets/textures/tiles/grass_selected.png
14:19:01.591 [FXGL Background Thread 1 ] DEBUG AssetLoaderService   - Loading from cache: /assets/textures/tiles/grass_selected.png
14:19:01.592 [FXGL Background Thread 1 ] DEBUG AssetLoaderService   - Loading from cache: /assets/textures/tiles/grass_selected.png
14:19:01.592 [FXGL Background Thread 1 ] DEBUG AssetLoaderService   - Loading from cache: /assets/textures/tiles/grass_selected.png
14:19:01.593 [FXGL Background Thread 1 ] DEBUG AssetLoaderService   - Loading from cache: /assets/textures/tiles/grass_selected.png
14:19:01.593 [FXGL Background Thread 1 ] DEBUG AssetLoaderService   - Loading from cache: /assets/textures/tiles/grass_selected.png
14:19:01.593 [FXGL Background Thread 1 ] DEBUG AssetLoaderService   - Loading from cache: /assets/textures/tiles/grass_selected.png
14:19:01.594 [FXGL Background Thread 1 ] DEBUG AssetLoaderService   - Loading from cache: /assets/textures/tiles/grass_selected.png
14:19:01.594 [FXGL Background Thread 1 ] DEBUG AssetLoaderService   - Loading from cache: /assets/textures/tiles/grass_selected.png
14:19:01.595 [FXGL Background Thread 1 ] DEBUG AssetLoaderService   - Loading from cache: /assets/textures/tiles/grass_selected.png
14:19:01.595 [FXGL Background Thread 1 ] DEBUG AssetLoaderService   - Loading from cache: /assets/textures/tiles/grass_selected.png
14:19:01.595 [FXGL Background Thread 1 ] DEBUG AssetLoaderService   - Loading from cache: /assets/textures/tiles/grass_selected.png
14:19:01.596 [FXGL Background Thread 1 ] DEBUG AssetLoaderService   - Loading from cache: /assets/textures/tiles/grass_selected.png
14:19:01.596 [FXGL Background Thread 1 ] DEBUG AssetLoaderService   - Loading from cache: /assets/textures/tiles/grass_selected.png
14:19:01.597 [FXGL Background Thread 1 ] DEBUG AssetLoaderService   - Loading from cache: /assets/textures/tiles/grass_selected.png
14:19:01.597 [FXGL Background Thread 1 ] DEBUG AssetLoaderService   - Loading from cache: /assets/textures/tiles/grass_selected.png
14:19:01.597 [FXGL Background Thread 1 ] DEBUG AssetLoaderService   - Loading from cache: /assets/textures/tiles/grass_selected.png
14:19:01.598 [FXGL Background Thread 1 ] DEBUG AssetLoaderService   - Loading from cache: /assets/textures/tiles/grass_selected.png
14:19:01.598 [FXGL Background Thread 1 ] DEBUG AssetLoaderService   - Loading from cache: /assets/textures/tiles/grass_selected.png
14:19:01.598 [FXGL Background Thread 1 ] DEBUG AssetLoaderService   - Loading from cache: /assets/textures/tiles/grass_selected.png
14:19:01.599 [FXGL Background Thread 1 ] DEBUG AssetLoaderService   - Loading from cache: /assets/textures/tiles/grass_selected.png
14:19:01.599 [FXGL Background Thread 1 ] DEBUG AssetLoaderService   - Loading from cache: /assets/textures/tiles/grass_selected.png
14:19:01.600 [FXGL Background Thread 1 ] DEBUG AssetLoaderService   - Loading from cache: /assets/textures/tiles/grass_selected.png
14:19:01.600 [FXGL Background Thread 1 ] DEBUG AssetLoaderService   - Loading from cache: /assets/textures/tiles/grass_selected.png
14:19:01.600 [FXGL Background Thread 1 ] DEBUG AssetLoaderService   - Loading from cache: /assets/textures/tiles/grass_selected.png
14:19:01.601 [FXGL Background Thread 1 ] DEBUG AssetLoaderService   - Loading from cache: /assets/textures/tiles/grass_selected.png
14:19:01.601 [FXGL Background Thread 1 ] DEBUG AssetLoaderService   - Loading from cache: /assets/textures/tiles/grass_selected.png
14:19:01.602 [FXGL Background Thread 1 ] DEBUG AssetLoaderService   - Loading from cache: /assets/textures/tiles/grass_selected.png
14:19:01.602 [FXGL Background Thread 1 ] DEBUG AssetLoaderService   - Loading from cache: /assets/textures/tiles/grass_selected.png
14:19:01.602 [FXGL Background Thread 1 ] DEBUG AssetLoaderService   - Loading from cache: /assets/textures/tiles/grass_selected.png
14:19:01.603 [FXGL Background Thread 1 ] DEBUG AssetLoaderService   - Loading from cache: /assets/textures/tiles/grass_selected.png
14:19:01.604 [FXGL Background Thread 1 ] DEBUG AssetLoaderService   - Loading from cache: /assets/textures/tiles/grass_selected.png
14:19:01.604 [FXGL Background Thread 1 ] DEBUG AssetLoaderService   - Loading from cache: /assets/textures/tiles/grass_selected.png
14:19:01.604 [FXGL Background Thread 1 ] DEBUG AssetLoaderService   - Loading from cache: /assets/textures/tiles/grass_selected.png
14:19:01.605 [FXGL Background Thread 1 ] DEBUG AssetLoaderService   - Loading from cache: /assets/textures/tiles/grass_selected.png
14:19:01.605 [FXGL Background Thread 1 ] DEBUG AssetLoaderService   - Loading from cache: /assets/textures/tiles/grass_selected.png
14:19:01.605 [FXGL Background Thread 1 ] DEBUG AssetLoaderService   - Loading from cache: /assets/textures/tiles/grass_selected.png
14:19:01.606 [FXGL Background Thread 1 ] DEBUG AssetLoaderService   - Loading from cache: /assets/textures/tiles/grass_selected.png
14:19:01.606 [FXGL Background Thread 1 ] DEBUG AssetLoaderService   - Loading from cache: /assets/textures/tiles/grass_selected.png
14:19:01.607 [FXGL Background Thread 1 ] DEBUG AssetLoaderService   - Loading from cache: /assets/textures/tiles/grass_selected.png
14:19:01.607 [FXGL Background Thread 1 ] DEBUG AssetLoaderService   - Loading from cache: /assets/textures/tiles/grass_selected.png
14:19:01.607 [FXGL Background Thread 1 ] DEBUG AssetLoaderService   - Loading from cache: /assets/textures/tiles/grass_selected.png
14:19:01.608 [FXGL Background Thread 1 ] DEBUG AssetLoaderService   - Loading from cache: /assets/textures/tiles/grass_selected.png
14:19:01.608 [FXGL Background Thread 1 ] DEBUG AssetLoaderService   - Loading from cache: /assets/textures/tiles/grass_selected.png
14:19:01.609 [FXGL Background Thread 1 ] DEBUG AssetLoaderService   - Loading from cache: /assets/textures/tiles/grass_selected.png
14:19:01.609 [FXGL Background Thread 1 ] DEBUG AssetLoaderService   - Loading from cache: /assets/textures/tiles/grass_selected.png
14:19:01.609 [FXGL Background Thread 1 ] DEBUG AssetLoaderService   - Loading from cache: /assets/textures/tiles/grass_selected.png
14:19:01.610 [FXGL Background Thread 1 ] DEBUG AssetLoaderService   - Loading from cache: /assets/textures/tiles/grass_selected.png
14:19:01.610 [FXGL Background Thread 1 ] DEBUG AssetLoaderService   - Loading from cache: /assets/textures/tiles/grass_selected.png
14:19:01.610 [FXGL Background Thread 1 ] DEBUG AssetLoaderService   - Loading from cache: /assets/textures/tiles/grass_selected.png
14:19:01.611 [FXGL Background Thread 1 ] DEBUG AssetLoaderService   - Loading from cache: /assets/textures/tiles/grass_selected.png
14:19:01.611 [FXGL Background Thread 1 ] DEBUG AssetLoaderService   - Loading from cache: /assets/textures/tiles/grass_selected.png
14:19:01.612 [FXGL Background Thread 1 ] DEBUG AssetLoaderService   - Loading from cache: /assets/textures/tiles/grass_selected.png
14:19:01.612 [FXGL Background Thread 1 ] DEBUG AssetLoaderService   - Loading from cache: /assets/textures/tiles/grass_selected.png
14:19:01.613 [FXGL Background Thread 1 ] DEBUG AssetLoaderService   - Loading from cache: /assets/textures/tiles/grass_selected.png
14:19:01.613 [FXGL Background Thread 1 ] DEBUG AssetLoaderService   - Loading from cache: /assets/textures/tiles/grass_selected.png
14:19:01.613 [FXGL Background Thread 1 ] DEBUG AssetLoaderService   - Loading from cache: /assets/textures/tiles/grass_selected.png
14:19:01.614 [FXGL Background Thread 1 ] DEBUG AssetLoaderService   - Loading from cache: /assets/textures/tiles/grass_selected.png
14:19:01.614 [FXGL Background Thread 1 ] DEBUG AssetLoaderService   - Loading from cache: /assets/textures/tiles/grass_selected.png
14:19:01.614 [FXGL Background Thread 1 ] DEBUG AssetLoaderService   - Loading from cache: /assets/textures/tiles/grass_selected.png
14:19:01.615 [FXGL Background Thread 1 ] DEBUG AssetLoaderService   - Loading from cache: /assets/textures/tiles/grass_selected.png
14:19:01.615 [FXGL Background Thread 1 ] DEBUG AssetLoaderService   - Loading from cache: /assets/textures/tiles/grass_selected.png
14:19:01.616 [FXGL Background Thread 1 ] DEBUG AssetLoaderService   - Loading from cache: /assets/textures/tiles/grass_selected.png
14:19:01.616 [FXGL Background Thread 1 ] DEBUG AssetLoaderService   - Loading from cache: /assets/textures/tiles/grass_selected.png
14:19:01.616 [FXGL Background Thread 1 ] DEBUG AssetLoaderService   - Loading from cache: /assets/textures/tiles/grass_selected.png
14:19:01.617 [FXGL Background Thread 1 ] DEBUG AssetLoaderService   - Loading from cache: /assets/textures/tiles/grass_selected.png
14:19:01.617 [FXGL Background Thread 1 ] DEBUG AssetLoaderService   - Loading from cache: /assets/textures/tiles/grass_selected.png
14:19:01.617 [FXGL Background Thread 1 ] DEBUG AssetLoaderService   - Loading from cache: /assets/textures/tiles/grass_selected.png
14:19:01.617 [FXGL Background Thread 1 ] DEBUG AssetLoaderService   - Loading from cache: /assets/textures/tiles/grass_selected.png
14:19:01.618 [FXGL Background Thread 1 ] DEBUG AssetLoaderService   - Loading from cache: /assets/textures/tiles/grass_selected.png
14:19:01.618 [FXGL Background Thread 1 ] DEBUG AssetLoaderService   - Loading from cache: /assets/textures/tiles/grass_selected.png
14:19:01.618 [FXGL Background Thread 1 ] DEBUG AssetLoaderService   - Loading from cache: /assets/textures/tiles/grass_selected.png
14:19:01.619 [FXGL Background Thread 1 ] DEBUG AssetLoaderService   - Loading from cache: /assets/textures/tiles/grass_selected.png
14:19:01.619 [FXGL Background Thread 1 ] DEBUG AssetLoaderService   - Loading from cache: /assets/textures/tiles/grass_selected.png
14:19:01.620 [FXGL Background Thread 1 ] DEBUG AssetLoaderService   - Loading from cache: /assets/textures/tiles/grass_selected.png
14:19:01.620 [FXGL Background Thread 1 ] DEBUG AssetLoaderService   - Loading from cache: /assets/textures/tiles/grass_selected.png
14:19:01.621 [FXGL Background Thread 1 ] DEBUG AssetLoaderService   - Loading from cache: /assets/textures/tiles/grass_selected.png
14:19:01.621 [FXGL Background Thread 1 ] DEBUG AssetLoaderService   - Loading from cache: /assets/textures/tiles/grass_selected.png
14:19:01.621 [FXGL Background Thread 1 ] DEBUG AssetLoaderService   - Loading from cache: /assets/textures/tiles/grass_selected.png
14:19:01.621 [FXGL Background Thread 1 ] DEBUG AssetLoaderService   - Loading from cache: /assets/textures/tiles/grass_selected.png
14:19:01.622 [FXGL Background Thread 1 ] DEBUG AssetLoaderService   - Loading from cache: /assets/textures/tiles/grass_selected.png
14:19:01.622 [FXGL Background Thread 1 ] DEBUG AssetLoaderService   - Loading from cache: /assets/textures/tiles/grass_selected.png
14:19:01.622 [FXGL Background Thread 1 ] DEBUG AssetLoaderService   - Loading from cache: /assets/textures/tiles/grass_selected.png
14:19:01.623 [FXGL Background Thread 1 ] DEBUG AssetLoaderService   - Loading from cache: /assets/textures/tiles/grass_selected.png
14:19:01.623 [FXGL Background Thread 1 ] DEBUG AssetLoaderService   - Loading from cache: /assets/textures/tiles/grass_selected.png
14:19:01.624 [FXGL Background Thread 1 ] DEBUG AssetLoaderService   - Loading from cache: /assets/textures/tiles/grass_selected.png
14:19:01.624 [FXGL Background Thread 1 ] DEBUG AssetLoaderService   - Loading from cache: /assets/textures/tiles/grass_selected.png
14:19:01.625 [FXGL Background Thread 1 ] DEBUG AssetLoaderService   - Loading from cache: /assets/textures/tiles/grass_selected.png
14:19:01.625 [FXGL Background Thread 1 ] DEBUG AssetLoaderService   - Loading from cache: /assets/textures/tiles/grass_selected.png
14:19:01.625 [FXGL Background Thread 1 ] DEBUG AssetLoaderService   - Loading from cache: /assets/textures/tiles/grass_selected.png
14:19:01.626 [FXGL Background Thread 1 ] DEBUG AssetLoaderService   - Loading from cache: /assets/textures/tiles/grass_selected.png
14:19:01.626 [FXGL Background Thread 1 ] DEBUG AssetLoaderService   - Loading from cache: /assets/textures/tiles/grass_selected.png
14:19:01.626 [FXGL Background Thread 1 ] DEBUG AssetLoaderService   - Loading from cache: /assets/textures/tiles/grass_selected.png
14:19:01.627 [FXGL Background Thread 1 ] DEBUG AssetLoaderService   - Loading from cache: /assets/textures/tiles/grass_selected.png
14:19:01.627 [FXGL Background Thread 1 ] DEBUG AssetLoaderService   - Loading from cache: /assets/textures/tiles/grass_selected.png
14:19:01.627 [FXGL Background Thread 1 ] DEBUG AssetLoaderService   - Loading from cache: /assets/textures/tiles/grass_selected.png
14:19:01.628 [FXGL Background Thread 1 ] DEBUG AssetLoaderService   - Loading from cache: /assets/textures/tiles/grass_selected.png
14:19:01.628 [FXGL Background Thread 1 ] DEBUG AssetLoaderService   - Loading from cache: /assets/textures/tiles/grass_selected.png
14:19:01.628 [FXGL Background Thread 1 ] DEBUG AssetLoaderService   - Loading from cache: /assets/textures/tiles/grass_selected.png
14:19:01.629 [FXGL Background Thread 1 ] DEBUG AssetLoaderService   - Loading from cache: /assets/textures/tiles/grass_selected.png
14:19:01.629 [FXGL Background Thread 1 ] DEBUG AssetLoaderService   - Loading from cache: /assets/textures/tiles/grass_selected.png
14:19:01.629 [FXGL Background Thread 1 ] DEBUG AssetLoaderService   - Loading from cache: /assets/textures/tiles/grass_selected.png
14:19:01.630 [FXGL Background Thread 1 ] DEBUG AssetLoaderService   - Loading from cache: /assets/textures/tiles/grass_selected.png
14:19:01.630 [FXGL Background Thread 1 ] DEBUG AssetLoaderService   - Loading from cache: /assets/textures/tiles/grass_selected.png
14:19:01.630 [FXGL Background Thread 1 ] DEBUG AssetLoaderService   - Loading from cache: /assets/textures/tiles/grass_selected.png
14:19:01.631 [FXGL Background Thread 1 ] DEBUG AssetLoaderService   - Loading from cache: /assets/textures/tiles/grass_selected.png
14:19:01.631 [FXGL Background Thread 1 ] DEBUG AssetLoaderService   - Loading from cache: /assets/textures/tiles/grass_selected.png
14:19:01.632 [FXGL Background Thread 1 ] DEBUG AssetLoaderService   - Loading from cache: /assets/textures/tiles/grass_selected.png
14:19:01.632 [FXGL Background Thread 1 ] DEBUG AssetLoaderService   - Loading from cache: /assets/textures/tiles/grass_selected.png
14:19:01.632 [FXGL Background Thread 1 ] DEBUG AssetLoaderService   - Loading from cache: /assets/textures/tiles/grass_selected.png
14:19:01.633 [FXGL Background Thread 1 ] DEBUG AssetLoaderService   - Loading from cache: /assets/textures/tiles/grass_selected.png
14:19:01.633 [FXGL Background Thread 1 ] DEBUG AssetLoaderService   - Loading from cache: /assets/textures/tiles/grass_selected.png
14:19:01.633 [FXGL Background Thread 1 ] DEBUG AssetLoaderService   - Loading from cache: /assets/textures/tiles/grass_selected.png
14:19:01.634 [FXGL Background Thread 1 ] DEBUG AssetLoaderService   - Loading from cache: /assets/textures/tiles/grass_selected.png
14:19:01.634 [FXGL Background Thread 1 ] DEBUG AssetLoaderService   - Loading from file system: /assets/textures/tiles/grass.png
14:19:01.645 [FXGL Background Thread 1 ] DEBUG AssetLoaderService   - Loading from cache: /assets/textures/tiles/grass.png
14:19:01.648 [FXGL Background Thread 1 ] DEBUG AssetLoaderService   - Loading from cache: /assets/textures/tiles/grass.png
14:19:01.650 [FXGL Background Thread 1 ] DEBUG AssetLoaderService   - Loading from cache: /assets/textures/tiles/grass.png
14:19:01.654 [FXGL Background Thread 1 ] DEBUG AssetLoaderService   - Loading from cache: /assets/textures/tiles/grass.png
14:19:01.656 [FXGL Background Thread 1 ] DEBUG AssetLoaderService   - Loading from cache: /assets/textures/tiles/grass.png
14:19:01.659 [FXGL Background Thread 1 ] DEBUG AssetLoaderService   - Loading from cache: /assets/textures/tiles/grass.png
14:19:01.661 [FXGL Background Thread 1 ] DEBUG AssetLoaderService   - Loading from cache: /assets/textures/tiles/grass.png
14:19:01.664 [FXGL Background Thread 1 ] DEBUG AssetLoaderService   - Loading from cache: /assets/textures/tiles/grass.png
14:19:01.667 [FXGL Background Thread 1 ] DEBUG AssetLoaderService   - Loading from cache: /assets/textures/tiles/grass.png
14:19:01.670 [FXGL Background Thread 1 ] DEBUG AssetLoaderService   - Loading from cache: /assets/textures/tiles/grass.png
14:19:01.673 [FXGL Background Thread 1 ] DEBUG AssetLoaderService   - Loading from cache: /assets/textures/tiles/grass.png
14:19:01.675 [FXGL Background Thread 1 ] DEBUG AssetLoaderService   - Loading from cache: /assets/textures/tiles/grass.png
14:19:01.678 [FXGL Background Thread 1 ] DEBUG AssetLoaderService   - Loading from cache: /assets/textures/tiles/grass.png
14:19:01.680 [FXGL Background Thread 1 ] DEBUG AssetLoaderService   - Loading from cache: /assets/textures/tiles/grass.png
14:19:01.683 [FXGL Background Thread 1 ] DEBUG AssetLoaderService   - Loading from cache: /assets/textures/tiles/grass.png
14:19:01.686 [FXGL Background Thread 1 ] DEBUG AssetLoaderService   - Loading from cache: /assets/textures/tiles/grass.png
14:19:01.689 [FXGL Background Thread 1 ] DEBUG AssetLoaderService   - Loading from cache: /assets/textures/tiles/grass.png
14:19:01.691 [FXGL Background Thread 1 ] DEBUG AssetLoaderService   - Loading from cache: /assets/textures/tiles/grass.png
14:19:01.694 [FXGL Background Thread 1 ] DEBUG AssetLoaderService   - Loading from cache: /assets/textures/tiles/grass.png
14:19:01.696 [FXGL Background Thread 1 ] DEBUG AssetLoaderService   - Loading from cache: /assets/textures/tiles/grass.png
14:19:01.698 [FXGL Background Thread 1 ] DEBUG AssetLoaderService   - Loading from cache: /assets/textures/tiles/grass.png
14:19:01.701 [FXGL Background Thread 1 ] DEBUG AssetLoaderService   - Loading from cache: /assets/textures/tiles/grass.png
14:19:01.703 [FXGL Background Thread 1 ] DEBUG AssetLoaderService   - Loading from cache: /assets/textures/tiles/grass.png
14:19:01.705 [FXGL Background Thread 1 ] DEBUG AssetLoaderService   - Loading from cache: /assets/textures/tiles/grass.png
14:19:01.708 [FXGL Background Thread 1 ] DEBUG AssetLoaderService   - Loading from cache: /assets/textures/tiles/grass.png
14:19:01.710 [FXGL Background Thread 1 ] DEBUG AssetLoaderService   - Loading from cache: /assets/textures/tiles/grass.png
14:19:01.712 [FXGL Background Thread 1 ] DEBUG AssetLoaderService   - Loading from cache: /assets/textures/tiles/grass.png
14:19:01.714 [FXGL Background Thread 1 ] DEBUG AssetLoaderService   - Loading from cache: /assets/textures/tiles/grass.png
14:19:01.716 [FXGL Background Thread 1 ] DEBUG AssetLoaderService   - Loading from cache: /assets/textures/tiles/grass.png
14:19:01.718 [FXGL Background Thread 1 ] DEBUG AssetLoaderService   - Loading from cache: /assets/textures/tiles/grass.png
14:19:01.720 [FXGL Background Thread 1 ] DEBUG AssetLoaderService   - Loading from cache: /assets/textures/tiles/grass.png
14:19:01.723 [FXGL Background Thread 1 ] DEBUG AssetLoaderService   - Loading from cache: /assets/textures/tiles/grass.png
14:19:01.725 [FXGL Background Thread 1 ] DEBUG AssetLoaderService   - Loading from cache: /assets/textures/tiles/grass.png
14:19:01.727 [FXGL Background Thread 1 ] DEBUG AssetLoaderService   - Loading from cache: /assets/textures/tiles/grass.png
14:19:01.732 [FXGL Background Thread 1 ] DEBUG AssetLoaderService   - Loading from cache: /assets/textures/tiles/grass.png
14:19:01.734 [FXGL Background Thread 1 ] DEBUG AssetLoaderService   - Loading from cache: /assets/textures/tiles/grass.png
14:19:01.736 [FXGL Background Thread 1 ] DEBUG AssetLoaderService   - Loading from cache: /assets/textures/tiles/grass.png
14:19:01.738 [FXGL Background Thread 1 ] DEBUG AssetLoaderService   - Loading from cache: /assets/textures/tiles/grass.png
14:19:01.740 [FXGL Background Thread 1 ] DEBUG AssetLoaderService   - Loading from cache: /assets/textures/tiles/grass.png
14:19:01.742 [FXGL Background Thread 1 ] DEBUG AssetLoaderService   - Loading from cache: /assets/textures/tiles/grass.png
14:19:01.744 [FXGL Background Thread 1 ] DEBUG AssetLoaderService   - Loading from cache: /assets/textures/tiles/grass.png
14:19:01.746 [FXGL Background Thread 1 ] DEBUG AssetLoaderService   - Loading from cache: /assets/textures/tiles/grass.png
14:19:01.748 [FXGL Background Thread 1 ] DEBUG AssetLoaderService   - Loading from cache: /assets/textures/tiles/grass.png
14:19:01.750 [FXGL Background Thread 1 ] DEBUG AssetLoaderService   - Loading from cache: /assets/textures/tiles/grass.png
14:19:01.752 [FXGL Background Thread 1 ] DEBUG AssetLoaderService   - Loading from cache: /assets/textures/tiles/grass.png
14:19:01.761 [FXGL Background Thread 1 ] DEBUG AssetLoaderService   - Loading from cache: /assets/textures/tiles/grass.png
14:19:01.763 [FXGL Background Thread 1 ] DEBUG AssetLoaderService   - Loading from cache: /assets/textures/tiles/grass.png
14:19:01.765 [FXGL Background Thread 1 ] DEBUG AssetLoaderService   - Loading from cache: /assets/textures/tiles/grass.png
14:19:01.768 [FXGL Background Thread 1 ] DEBUG AssetLoaderService   - Loading from cache: /assets/textures/tiles/grass.png
14:19:01.770 [FXGL Background Thread 1 ] DEBUG AssetLoaderService   - Loading from cache: /assets/textures/tiles/grass.png
14:19:01.772 [FXGL Background Thread 1 ] DEBUG AssetLoaderService   - Loading from cache: /assets/textures/tiles/grass.png
14:19:01.774 [FXGL Background Thread 1 ] DEBUG AssetLoaderService   - Loading from cache: /assets/textures/tiles/grass.png
14:19:01.776 [FXGL Background Thread 1 ] DEBUG AssetLoaderService   - Loading from cache: /assets/textures/tiles/grass.png
14:19:01.778 [FXGL Background Thread 1 ] DEBUG AssetLoaderService   - Loading from cache: /assets/textures/tiles/grass.png
14:19:01.780 [FXGL Background Thread 1 ] DEBUG AssetLoaderService   - Loading from cache: /assets/textures/tiles/grass.png
14:19:01.782 [FXGL Background Thread 1 ] DEBUG AssetLoaderService   - Loading from cache: /assets/textures/tiles/grass.png
14:19:01.784 [FXGL Background Thread 1 ] DEBUG AssetLoaderService   - Loading from cache: /assets/textures/tiles/grass.png
14:19:01.786 [FXGL Background Thread 1 ] DEBUG AssetLoaderService   - Loading from cache: /assets/textures/tiles/grass.png
14:19:01.788 [FXGL Background Thread 1 ] DEBUG AssetLoaderService   - Loading from cache: /assets/textures/tiles/grass.png
14:19:01.790 [FXGL Background Thread 1 ] DEBUG AssetLoaderService   - Loading from cache: /assets/textures/tiles/grass.png
14:19:01.792 [FXGL Background Thread 1 ] DEBUG AssetLoaderService   - Loading from cache: /assets/textures/tiles/grass.png
14:19:01.794 [FXGL Background Thread 1 ] DEBUG AssetLoaderService   - Loading from cache: /assets/textures/tiles/grass.png
14:19:01.796 [FXGL Background Thread 1 ] DEBUG AssetLoaderService   - Loading from cache: /assets/textures/tiles/grass.png
14:19:01.797 [FXGL Background Thread 1 ] DEBUG AssetLoaderService   - Loading from cache: /assets/textures/tiles/grass.png
14:19:01.799 [FXGL Background Thread 1 ] DEBUG AssetLoaderService   - Loading from cache: /assets/textures/tiles/grass.png
14:19:01.801 [FXGL Background Thread 1 ] DEBUG AssetLoaderService   - Loading from cache: /assets/textures/tiles/grass.png
14:19:01.803 [FXGL Background Thread 1 ] DEBUG AssetLoaderService   - Loading from cache: /assets/textures/tiles/grass.png
14:19:01.805 [FXGL Background Thread 1 ] DEBUG AssetLoaderService   - Loading from cache: /assets/textures/tiles/grass.png
14:19:01.807 [FXGL Background Thread 1 ] DEBUG AssetLoaderService   - Loading from cache: /assets/textures/tiles/grass.png
14:19:01.809 [FXGL Background Thread 1 ] DEBUG AssetLoaderService   - Loading from cache: /assets/textures/tiles/grass.png
14:19:01.811 [FXGL Background Thread 1 ] DEBUG AssetLoaderService   - Loading from cache: /assets/textures/tiles/grass.png
14:19:01.814 [FXGL Background Thread 1 ] DEBUG AssetLoaderService   - Loading from cache: /assets/textures/tiles/grass.png
14:19:01.816 [FXGL Background Thread 1 ] DEBUG AssetLoaderService   - Loading from cache: /assets/textures/tiles/grass.png
14:19:01.817 [FXGL Background Thread 1 ] DEBUG AssetLoaderService   - Loading from cache: /assets/textures/tiles/grass.png
14:19:01.820 [FXGL Background Thread 1 ] DEBUG AssetLoaderService   - Loading from cache: /assets/textures/tiles/grass.png
14:19:01.822 [FXGL Background Thread 1 ] DEBUG AssetLoaderService   - Loading from cache: /assets/textures/tiles/grass.png
14:19:01.824 [FXGL Background Thread 1 ] DEBUG AssetLoaderService   - Loading from cache: /assets/textures/tiles/grass.png
14:19:01.825 [FXGL Background Thread 1 ] DEBUG AssetLoaderService   - Loading from cache: /assets/textures/tiles/grass.png
14:19:01.827 [FXGL Background Thread 1 ] DEBUG AssetLoaderService   - Loading from cache: /assets/textures/tiles/grass.png
14:19:01.829 [FXGL Background Thread 1 ] DEBUG AssetLoaderService   - Loading from cache: /assets/textures/tiles/grass.png
14:19:01.830 [FXGL Background Thread 1 ] DEBUG AssetLoaderService   - Loading from cache: /assets/textures/tiles/grass.png
14:19:01.832 [FXGL Background Thread 1 ] DEBUG AssetLoaderService   - Loading from cache: /assets/textures/tiles/grass.png
14:19:01.833 [FXGL Background Thread 1 ] DEBUG AssetLoaderService   - Loading from cache: /assets/textures/tiles/grass.png
14:19:01.835 [FXGL Background Thread 1 ] DEBUG AssetLoaderService   - Loading from cache: /assets/textures/tiles/grass.png
14:19:01.837 [FXGL Background Thread 1 ] DEBUG AssetLoaderService   - Loading from cache: /assets/textures/tiles/grass.png
14:19:01.838 [FXGL Background Thread 1 ] DEBUG AssetLoaderService   - Loading from cache: /assets/textures/tiles/grass.png
14:19:01.840 [FXGL Background Thread 1 ] DEBUG AssetLoaderService   - Loading from cache: /assets/textures/tiles/grass.png
14:19:01.842 [FXGL Background Thread 1 ] DEBUG AssetLoaderService   - Loading from cache: /assets/textures/tiles/grass.png
14:19:01.845 [FXGL Background Thread 1 ] DEBUG AssetLoaderService   - Loading from cache: /assets/textures/tiles/grass.png
14:19:01.847 [FXGL Background Thread 1 ] DEBUG AssetLoaderService   - Loading from cache: /assets/textures/tiles/grass.png
14:19:01.848 [FXGL Background Thread 1 ] DEBUG AssetLoaderService   - Loading from cache: /assets/textures/tiles/grass.png
14:19:01.850 [FXGL Background Thread 1 ] DEBUG AssetLoaderService   - Loading from cache: /assets/textures/tiles/grass.png
14:19:01.851 [FXGL Background Thread 1 ] DEBUG AssetLoaderService   - Loading from cache: /assets/textures/tiles/grass.png
14:19:01.854 [FXGL Background Thread 1 ] DEBUG AssetLoaderService   - Loading from cache: /assets/textures/tiles/grass.png
14:19:01.856 [FXGL Background Thread 1 ] DEBUG AssetLoaderService   - Loading from cache: /assets/textures/tiles/grass.png
14:19:01.857 [FXGL Background Thread 1 ] DEBUG AssetLoaderService   - Loading from cache: /assets/textures/tiles/grass.png
14:19:01.859 [FXGL Background Thread 1 ] DEBUG AssetLoaderService   - Loading from cache: /assets/textures/tiles/grass.png
14:19:01.860 [FXGL Background Thread 1 ] DEBUG AssetLoaderService   - Loading from cache: /assets/textures/tiles/grass.png
14:19:01.861 [FXGL Background Thread 1 ] DEBUG AssetLoaderService   - Loading from cache: /assets/textures/tiles/grass.png
14:19:01.863 [FXGL Background Thread 1 ] DEBUG AssetLoaderService   - Loading from cache: /assets/textures/tiles/grass.png
14:19:01.865 [FXGL Background Thread 1 ] DEBUG AssetLoaderService   - Loading from cache: /assets/textures/tiles/grass.png
14:19:01.866 [FXGL Background Thread 1 ] DEBUG AssetLoaderService   - Loading from cache: /assets/textures/tiles/grass.png
14:19:01.867 [FXGL Background Thread 1 ] DEBUG AssetLoaderService   - Loading from cache: /assets/textures/tiles/grass.png
14:19:01.869 [FXGL Background Thread 1 ] DEBUG AssetLoaderService   - Loading from cache: /assets/textures/tiles/grass.png
14:19:01.870 [FXGL Background Thread 1 ] DEBUG AssetLoaderService   - Loading from cache: /assets/textures/tiles/grass.png
14:19:01.872 [FXGL Background Thread 1 ] DEBUG AssetLoaderService   - Loading from cache: /assets/textures/tiles/grass.png
14:19:01.873 [FXGL Background Thread 1 ] DEBUG AssetLoaderService   - Loading from cache: /assets/textures/tiles/grass.png
14:19:01.875 [FXGL Background Thread 1 ] DEBUG AssetLoaderService   - Loading from cache: /assets/textures/tiles/grass.png
14:19:01.878 [FXGL Background Thread 1 ] DEBUG AssetLoaderService   - Loading from cache: /assets/textures/tiles/grass.png
14:19:01.880 [FXGL Background Thread 1 ] DEBUG AssetLoaderService   - Loading from cache: /assets/textures/tiles/grass.png
14:19:01.881 [FXGL Background Thread 1 ] DEBUG AssetLoaderService   - Loading from cache: /assets/textures/tiles/grass.png
14:19:01.882 [FXGL Background Thread 1 ] DEBUG AssetLoaderService   - Loading from cache: /assets/textures/tiles/grass.png
14:19:01.884 [FXGL Background Thread 1 ] DEBUG AssetLoaderService   - Loading from cache: /assets/textures/tiles/grass.png
14:19:01.886 [FXGL Background Thread 1 ] DEBUG AssetLoaderService   - Loading from cache: /assets/textures/tiles/grass.png
14:19:01.888 [FXGL Background Thread 1 ] DEBUG AssetLoaderService   - Loading from cache: /assets/textures/tiles/grass.png
14:19:01.889 [FXGL Background Thread 1 ] DEBUG AssetLoaderService   - Loading from cache: /assets/textures/tiles/grass.png
14:19:01.891 [FXGL Background Thread 1 ] DEBUG AssetLoaderService   - Loading from cache: /assets/textures/tiles/grass.png
14:19:01.892 [FXGL Background Thread 1 ] DEBUG AssetLoaderService   - Loading from cache: /assets/textures/tiles/grass.png
14:19:01.893 [FXGL Background Thread 1 ] DEBUG AssetLoaderService   - Loading from cache: /assets/textures/tiles/grass.png
14:19:01.895 [FXGL Background Thread 1 ] DEBUG AssetLoaderService   - Loading from cache: /assets/textures/tiles/grass.png
14:19:01.896 [FXGL Background Thread 1 ] DEBUG AssetLoaderService   - Loading from cache: /assets/textures/tiles/grass.png
14:19:01.897 [FXGL Background Thread 1 ] DEBUG AssetLoaderService   - Loading from cache: /assets/textures/tiles/grass.png
14:19:01.898 [FXGL Background Thread 1 ] DEBUG AssetLoaderService   - Loading from cache: /assets/textures/tiles/grass.png
14:19:01.900 [FXGL Background Thread 1 ] DEBUG AssetLoaderService   - Loading from cache: /assets/textures/tiles/grass.png
14:19:01.902 [FXGL Background Thread 1 ] DEBUG AssetLoaderService   - Loading from cache: /assets/textures/tiles/grass.png
14:19:01.903 [FXGL Background Thread 1 ] DEBUG AssetLoaderService   - Loading from cache: /assets/textures/tiles/grass.png
14:19:01.905 [FXGL Background Thread 1 ] DEBUG AssetLoaderService   - Loading from cache: /assets/textures/tiles/grass.png
14:19:01.906 [FXGL Background Thread 1 ] DEBUG AssetLoaderService   - Loading from cache: /assets/textures/tiles/grass.png
14:19:01.908 [FXGL Background Thread 1 ] DEBUG AssetLoaderService   - Loading from cache: /assets/textures/tiles/grass.png
14:19:01.910 [FXGL Background Thread 1 ] DEBUG AssetLoaderService   - Loading from cache: /assets/textures/tiles/grass.png
14:19:01.912 [FXGL Background Thread 1 ] DEBUG AssetLoaderService   - Loading from cache: /assets/textures/tiles/grass.png
14:19:01.914 [FXGL Background Thread 1 ] DEBUG AssetLoaderService   - Loading from cache: /assets/textures/tiles/grass.png
14:19:01.915 [FXGL Background Thread 1 ] DEBUG AssetLoaderService   - Loading from cache: /assets/textures/tiles/grass.png
14:19:01.917 [FXGL Background Thread 1 ] DEBUG AssetLoaderService   - Loading from cache: /assets/textures/tiles/grass.png
14:19:01.918 [FXGL Background Thread 1 ] DEBUG AssetLoaderService   - Loading from cache: /assets/textures/tiles/grass.png
14:19:01.921 [FXGL Background Thread 1 ] DEBUG AssetLoaderService   - Loading from cache: /assets/textures/tiles/grass.png
14:19:01.922 [FXGL Background Thread 1 ] DEBUG AssetLoaderService   - Loading from cache: /assets/textures/tiles/grass.png
14:19:01.924 [FXGL Background Thread 1 ] DEBUG AssetLoaderService   - Loading from cache: /assets/textures/tiles/grass.png
14:19:01.926 [FXGL Background Thread 1 ] DEBUG AssetLoaderService   - Loading from cache: /assets/textures/tiles/grass.png
14:19:01.928 [FXGL Background Thread 1 ] DEBUG AssetLoaderService   - Loading from cache: /assets/textures/tiles/grass.png
14:19:01.929 [FXGL Background Thread 1 ] DEBUG AssetLoaderService   - Loading from cache: /assets/textures/tiles/grass.png
14:19:01.930 [FXGL Background Thread 1 ] DEBUG AssetLoaderService   - Loading from cache: /assets/textures/tiles/grass.png
14:19:01.931 [FXGL Background Thread 1 ] DEBUG AssetLoaderService   - Loading from cache: /assets/textures/tiles/grass.png
14:19:01.932 [FXGL Background Thread 1 ] DEBUG AssetLoaderService   - Loading from cache: /assets/textures/tiles/grass.png
14:19:01.934 [FXGL Background Thread 1 ] DEBUG AssetLoaderService   - Loading from cache: /assets/textures/tiles/grass.png
14:19:01.935 [FXGL Background Thread 1 ] DEBUG AssetLoaderService   - Loading from cache: /assets/textures/tiles/grass.png
14:19:01.937 [FXGL Background Thread 1 ] DEBUG AssetLoaderService   - Loading from cache: /assets/textures/tiles/grass.png
14:19:01.938 [FXGL Background Thread 1 ] DEBUG AssetLoaderService   - Loading from cache: /assets/textures/tiles/grass.png
14:19:01.940 [FXGL Background Thread 1 ] DEBUG AssetLoaderService   - Loading from cache: /assets/textures/tiles/grass.png
14:19:01.941 [FXGL Background Thread 1 ] DEBUG AssetLoaderService   - Loading from cache: /assets/textures/tiles/grass.png
14:19:01.943 [FXGL Background Thread 1 ] DEBUG AssetLoaderService   - Loading from cache: /assets/textures/tiles/grass.png
14:19:01.945 [FXGL Background Thread 1 ] DEBUG AssetLoaderService   - Loading from cache: /assets/textures/tiles/grass.png
14:19:01.947 [FXGL Background Thread 1 ] DEBUG AssetLoaderService   - Loading from cache: /assets/textures/tiles/grass.png
14:19:01.948 [FXGL Background Thread 1 ] DEBUG AssetLoaderService   - Loading from cache: /assets/textures/tiles/grass.png
14:19:01.950 [FXGL Background Thread 1 ] DEBUG AssetLoaderService   - Loading from cache: /assets/textures/tiles/grass.png
14:19:01.951 [FXGL Background Thread 1 ] DEBUG AssetLoaderService   - Loading from cache: /assets/textures/tiles/grass.png
14:19:01.953 [FXGL Background Thread 1 ] DEBUG AssetLoaderService   - Loading from cache: /assets/textures/tiles/grass.png
14:19:01.955 [FXGL Background Thread 1 ] DEBUG AssetLoaderService   - Loading from cache: /assets/textures/tiles/grass.png
14:19:01.956 [FXGL Background Thread 1 ] DEBUG AssetLoaderService   - Loading from cache: /assets/textures/tiles/grass.png
14:19:01.958 [FXGL Background Thread 1 ] DEBUG AssetLoaderService   - Loading from cache: /assets/textures/tiles/grass.png
14:19:01.959 [FXGL Background Thread 1 ] DEBUG AssetLoaderService   - Loading from cache: /assets/textures/tiles/grass.png
14:19:01.960 [FXGL Background Thread 1 ] DEBUG AssetLoaderService   - Loading from cache: /assets/textures/tiles/grass.png
14:19:01.961 [FXGL Background Thread 1 ] DEBUG AssetLoaderService   - Loading from cache: /assets/textures/tiles/grass.png
14:19:01.963 [FXGL Background Thread 1 ] DEBUG AssetLoaderService   - Loading from cache: /assets/textures/tiles/grass.png
14:19:01.964 [FXGL Background Thread 1 ] DEBUG AssetLoaderService   - Loading from cache: /assets/textures/tiles/grass.png
14:19:01.965 [FXGL Background Thread 1 ] DEBUG AssetLoaderService   - Loading from cache: /assets/textures/tiles/grass.png
14:19:01.966 [FXGL Background Thread 1 ] DEBUG AssetLoaderService   - Loading from cache: /assets/textures/tiles/grass.png
14:19:01.967 [FXGL Background Thread 1 ] DEBUG AssetLoaderService   - Loading from cache: /assets/textures/tiles/grass.png
14:19:01.968 [FXGL Background Thread 1 ] DEBUG AssetLoaderService   - Loading from cache: /assets/textures/tiles/grass.png
14:19:01.970 [FXGL Background Thread 1 ] DEBUG AssetLoaderService   - Loading from cache: /assets/textures/tiles/grass.png
14:19:01.971 [FXGL Background Thread 1 ] DEBUG AssetLoaderService   - Loading from cache: /assets/textures/tiles/grass.png
14:19:01.973 [FXGL Background Thread 1 ] DEBUG AssetLoaderService   - Loading from cache: /assets/textures/tiles/grass.png
14:19:01.974 [FXGL Background Thread 1 ] DEBUG AssetLoaderService   - Loading from cache: /assets/textures/tiles/grass.png
14:19:01.976 [FXGL Background Thread 1 ] DEBUG AssetLoaderService   - Loading from cache: /assets/textures/tiles/grass.png
14:19:01.978 [FXGL Background Thread 1 ] DEBUG AssetLoaderService   - Loading from cache: /assets/textures/tiles/grass.png
14:19:01.979 [FXGL Background Thread 1 ] DEBUG AssetLoaderService   - Loading from cache: /assets/textures/tiles/grass.png
14:19:01.980 [FXGL Background Thread 1 ] DEBUG AssetLoaderService   - Loading from cache: /assets/textures/tiles/grass.png
14:19:01.981 [FXGL Background Thread 1 ] DEBUG AssetLoaderService   - Loading from cache: /assets/textures/tiles/grass.png
14:19:01.983 [FXGL Background Thread 1 ] DEBUG AssetLoaderService   - Loading from cache: /assets/textures/tiles/grass.png
14:19:01.984 [FXGL Background Thread 1 ] DEBUG AssetLoaderService   - Loading from cache: /assets/textures/tiles/grass.png
14:19:01.986 [FXGL Background Thread 1 ] DEBUG AssetLoaderService   - Loading from cache: /assets/textures/tiles/grass.png
14:19:01.988 [FXGL Background Thread 1 ] DEBUG AssetLoaderService   - Loading from cache: /assets/textures/tiles/grass.png
14:19:01.989 [FXGL Background Thread 1 ] DEBUG AssetLoaderService   - Loading from cache: /assets/textures/tiles/grass.png
14:19:01.990 [FXGL Background Thread 1 ] DEBUG AssetLoaderService   - Loading from cache: /assets/textures/tiles/grass.png
14:19:01.992 [FXGL Background Thread 1 ] DEBUG AssetLoaderService   - Loading from cache: /assets/textures/tiles/grass.png
14:19:01.993 [FXGL Background Thread 1 ] DEBUG AssetLoaderService   - Loading from cache: /assets/textures/tiles/grass.png
14:19:01.994 [FXGL Background Thread 1 ] DEBUG AssetLoaderService   - Loading from cache: /assets/textures/tiles/grass.png
14:19:01.995 [FXGL Background Thread 1 ] DEBUG AssetLoaderService   - Loading from cache: /assets/textures/tiles/grass.png
14:19:01.996 [FXGL Background Thread 1 ] DEBUG AssetLoaderService   - Loading from cache: /assets/textures/tiles/grass.png
14:19:01.997 [FXGL Background Thread 1 ] DEBUG AssetLoaderService   - Loading from cache: /assets/textures/tiles/grass.png
14:19:01.999 [FXGL Background Thread 1 ] DEBUG AssetLoaderService   - Loading from cache: /assets/textures/tiles/grass.png
14:19:02.000 [FXGL Background Thread 1 ] DEBUG AssetLoaderService   - Loading from cache: /assets/textures/tiles/grass.png
14:19:02.002 [FXGL Background Thread 1 ] DEBUG AssetLoaderService   - Loading from cache: /assets/textures/tiles/grass.png
14:19:02.003 [FXGL Background Thread 1 ] DEBUG AssetLoaderService   - Loading from cache: /assets/textures/tiles/grass.png
14:19:02.005 [FXGL Background Thread 1 ] DEBUG AssetLoaderService   - Loading from cache: /assets/textures/tiles/grass.png
14:19:02.006 [FXGL Background Thread 1 ] DEBUG AssetLoaderService   - Loading from cache: /assets/textures/tiles/grass.png
14:19:02.008 [FXGL Background Thread 1 ] DEBUG AssetLoaderService   - Loading from cache: /assets/textures/tiles/grass.png
14:19:02.009 [FXGL Background Thread 1 ] DEBUG AssetLoaderService   - Loading from cache: /assets/textures/tiles/grass.png
14:19:02.010 [FXGL Background Thread 1 ] DEBUG AssetLoaderService   - Loading from cache: /assets/textures/tiles/grass.png
14:19:02.011 [FXGL Background Thread 1 ] DEBUG AssetLoaderService   - Loading from cache: /assets/textures/tiles/grass.png
14:19:02.014 [FXGL Background Thread 1 ] DEBUG AssetLoaderService   - Loading from cache: /assets/textures/tiles/grass.png
14:19:02.015 [FXGL Background Thread 1 ] DEBUG AssetLoaderService   - Loading from cache: /assets/textures/tiles/grass.png
14:19:02.016 [FXGL Background Thread 1 ] DEBUG AssetLoaderService   - Loading from cache: /assets/textures/tiles/grass.png
14:19:02.018 [FXGL Background Thread 1 ] DEBUG AssetLoaderService   - Loading from cache: /assets/textures/tiles/grass.png
14:19:02.019 [FXGL Background Thread 1 ] DEBUG AssetLoaderService   - Loading from cache: /assets/textures/tiles/grass.png
14:19:02.021 [FXGL Background Thread 1 ] DEBUG AssetLoaderService   - Loading from cache: /assets/textures/tiles/grass.png
14:19:02.022 [FXGL Background Thread 1 ] DEBUG AssetLoaderService   - Loading from cache: /assets/textures/tiles/grass.png
14:19:02.023 [FXGL Background Thread 1 ] DEBUG AssetLoaderService   - Loading from cache: /assets/textures/tiles/grass.png
14:19:02.024 [FXGL Background Thread 1 ] DEBUG AssetLoaderService   - Loading from cache: /assets/textures/tiles/grass.png
14:19:02.026 [FXGL Background Thread 1 ] DEBUG AssetLoaderService   - Loading from cache: /assets/textures/tiles/grass.png
14:19:02.027 [FXGL Background Thread 1 ] DEBUG AssetLoaderService   - Loading from cache: /assets/textures/tiles/grass.png
14:19:02.028 [FXGL Background Thread 1 ] DEBUG AssetLoaderService   - Loading from cache: /assets/textures/tiles/grass.png
14:19:02.029 [FXGL Background Thread 1 ] DEBUG AssetLoaderService   - Loading from cache: /assets/textures/tiles/grass.png
14:19:02.030 [FXGL Background Thread 1 ] DEBUG AssetLoaderService   - Loading from cache: /assets/textures/tiles/grass.png
14:19:02.031 [FXGL Background Thread 1 ] DEBUG AssetLoaderService   - Loading from cache: /assets/textures/tiles/grass.png
14:19:02.032 [FXGL Background Thread 1 ] DEBUG AssetLoaderService   - Loading from cache: /assets/textures/tiles/grass.png
14:19:02.033 [FXGL Background Thread 1 ] DEBUG AssetLoaderService   - Loading from cache: /assets/textures/tiles/grass.png
14:19:02.033 [FXGL Background Thread 1 ] DEBUG AssetLoaderService   - Loading from cache: /assets/textures/tiles/grass.png
14:19:02.034 [FXGL Background Thread 1 ] DEBUG AssetLoaderService   - Loading from cache: /assets/textures/tiles/grass.png
14:19:02.035 [FXGL Background Thread 1 ] DEBUG AssetLoaderService   - Loading from cache: /assets/textures/tiles/grass.png
14:19:02.036 [FXGL Background Thread 1 ] DEBUG AssetLoaderService   - Loading from cache: /assets/textures/tiles/grass.png
14:19:02.037 [FXGL Background Thread 1 ] DEBUG AssetLoaderService   - Loading from cache: /assets/textures/tiles/grass.png
14:19:02.038 [FXGL Background Thread 1 ] DEBUG AssetLoaderService   - Loading from cache: /assets/textures/tiles/grass.png
14:19:02.039 [FXGL Background Thread 1 ] DEBUG AssetLoaderService   - Loading from cache: /assets/textures/tiles/grass.png
14:19:02.041 [FXGL Background Thread 1 ] DEBUG AssetLoaderService   - Loading from cache: /assets/textures/tiles/grass.png
14:19:02.043 [FXGL Background Thread 1 ] DEBUG AssetLoaderService   - Loading from cache: /assets/textures/tiles/grass.png
14:19:02.044 [FXGL Background Thread 1 ] DEBUG AssetLoaderService   - Loading from cache: /assets/textures/tiles/grass.png
14:19:02.045 [FXGL Background Thread 1 ] DEBUG AssetLoaderService   - Loading from cache: /assets/textures/tiles/grass.png
14:19:02.046 [FXGL Background Thread 1 ] DEBUG AssetLoaderService   - Loading from cache: /assets/textures/tiles/grass.png
14:19:02.047 [FXGL Background Thread 1 ] DEBUG AssetLoaderService   - Loading from cache: /assets/textures/tiles/grass.png
14:19:02.048 [FXGL Background Thread 1 ] DEBUG AssetLoaderService   - Loading from cache: /assets/textures/tiles/grass.png
14:19:02.049 [FXGL Background Thread 1 ] DEBUG AssetLoaderService   - Loading from cache: /assets/textures/tiles/grass.png
14:19:02.050 [FXGL Background Thread 1 ] DEBUG AssetLoaderService   - Loading from cache: /assets/textures/tiles/grass.png
14:19:02.052 [FXGL Background Thread 1 ] DEBUG AssetLoaderService   - Loading from cache: /assets/textures/tiles/grass.png
14:19:02.054 [FXGL Background Thread 1 ] DEBUG AssetLoaderService   - Loading from cache: /assets/textures/tiles/grass.png
14:19:02.055 [FXGL Background Thread 1 ] DEBUG AssetLoaderService   - Loading from cache: /assets/textures/tiles/grass.png
14:19:02.056 [FXGL Background Thread 1 ] DEBUG AssetLoaderService   - Loading from cache: /assets/textures/tiles/grass.png
14:19:02.057 [FXGL Background Thread 1 ] DEBUG AssetLoaderService   - Loading from cache: /assets/textures/tiles/grass.png
14:19:02.058 [FXGL Background Thread 1 ] DEBUG AssetLoaderService   - Loading from cache: /assets/textures/tiles/grass.png
14:19:02.059 [FXGL Background Thread 1 ] DEBUG AssetLoaderService   - Loading from cache: /assets/textures/tiles/grass.png
14:19:02.060 [FXGL Background Thread 1 ] DEBUG AssetLoaderService   - Loading from cache: /assets/textures/tiles/grass.png
14:19:02.061 [FXGL Background Thread 1 ] DEBUG AssetLoaderService   - Loading from cache: /assets/textures/tiles/grass.png
14:19:02.062 [FXGL Background Thread 1 ] DEBUG AssetLoaderService   - Loading from cache: /assets/textures/tiles/grass.png
14:19:02.063 [FXGL Background Thread 1 ] DEBUG AssetLoaderService   - Loading from cache: /assets/textures/tiles/grass.png
14:19:02.064 [FXGL Background Thread 1 ] DEBUG AssetLoaderService   - Loading from cache: /assets/textures/tiles/grass.png
14:19:02.065 [FXGL Background Thread 1 ] DEBUG AssetLoaderService   - Loading from cache: /assets/textures/tiles/grass.png
14:19:02.066 [FXGL Background Thread 1 ] DEBUG AssetLoaderService   - Loading from cache: /assets/textures/tiles/grass.png
14:19:02.067 [FXGL Background Thread 1 ] DEBUG AssetLoaderService   - Loading from cache: /assets/textures/tiles/grass.png
14:19:02.068 [FXGL Background Thread 1 ] DEBUG AssetLoaderService   - Loading from cache: /assets/textures/tiles/grass.png
14:19:02.068 [FXGL Background Thread 1 ] DEBUG AssetLoaderService   - Loading from cache: /assets/textures/tiles/grass.png
14:19:02.070 [FXGL Background Thread 1 ] DEBUG AssetLoaderService   - Loading from cache: /assets/textures/tiles/grass.png
14:19:02.071 [FXGL Background Thread 1 ] DEBUG AssetLoaderService   - Loading from cache: /assets/textures/tiles/grass.png
14:19:02.073 [FXGL Background Thread 1 ] DEBUG AssetLoaderService   - Loading from cache: /assets/textures/tiles/grass.png
14:19:02.074 [FXGL Background Thread 1 ] DEBUG AssetLoaderService   - Loading from cache: /assets/textures/tiles/grass.png
14:19:02.075 [FXGL Background Thread 1 ] DEBUG AssetLoaderService   - Loading from cache: /assets/textures/tiles/grass.png
14:19:02.077 [FXGL Background Thread 1 ] INFO  GameApplication      - Game initialization took: 0.589 sec
14:19:02.107 [JavaFX Application Thread] DEBUG Input                - Clearing active input actions
14:19:02.291 [JavaFX Application Thread] DEBUG WindowService        - Removing overlay from FXGLLoadingScene and adding to GameScene
14:19:02.292 [JavaFX Application Thread] DEBUG MainWindow           - FXGLLoadingScene -> GameScene
14:19:03.923 [FXGL Background Thread 2 ] DEBUG Engine               - Logging environment variables
14:19:03.952 [FXGL Background Thread 2 ] DEBUG Engine               - achievements: []
14:19:03.952 [FXGL Background Thread 2 ] DEBUG Engine               - appIcon: fxgl_icon.png
14:19:03.959 [FXGL Background Thread 2 ] DEBUG Engine               - applicationMode: DEVELOPER
14:19:03.959 [FXGL Background Thread 2 ] DEBUG Engine               - cSSList: [fxgl_dark.css]
14:19:03.960 [FXGL Background Thread 2 ] DEBUG Engine               - configClass: Optional.empty
14:19:03.961 [FXGL Background Thread 2 ] DEBUG Engine               - credits: []
14:19:03.962 [FXGL Background Thread 2 ] DEBUG Engine               - devBBoxColorProperty: ObjectProperty [value: 0xff0000ff]
14:19:03.962 [FXGL Background Thread 2 ] DEBUG Engine               - devSensorColorProperty: ObjectProperty [value: 0xffff00ff]
14:19:03.962 [FXGL Background Thread 2 ] DEBUG Engine               - devShowBBoxProperty: BooleanProperty [value: false]
14:19:03.962 [FXGL Background Thread 2 ] DEBUG Engine               - devShowPositionProperty: BooleanProperty [value: false]
14:19:03.963 [FXGL Background Thread 2 ] DEBUG Engine               - enabledMenuItems: []
14:19:03.963 [FXGL Background Thread 2 ] DEBUG Engine               - engineServices: [class com.almasb.fxgl.app.GameApplication$GameApplicationService, class com.almasb.fxgl.app.services.WindowService, class com.almasb.fxgl.app.services.FXGLDialogService, class com.almasb.fxgl.app.services.IOTaskExecutorService, class com.almasb.fxgl.event.EventBusService, class com.almasb.fxgl.io.FileSystemService, class com.almasb.fxgl.localization.LocalizationService, class com.almasb.fxgl.app.services.AssetLoaderService, class com.almasb.fxgl.app.services.SystemBundleService, class com.almasb.fxgl.profile.SaveLoadService, class com.almasb.fxgl.ui.FXGLUIFactoryServiceProvider, class com.almasb.fxgl.ui.FXGLDialogFactoryServiceProvider, class com.almasb.fxgl.audio.AudioPlayer, class com.almasb.fxgl.notification.impl.NotificationServiceProvider, class com.almasb.fxgl.achievement.AchievementService, class com.almasb.fxgl.cutscene.CutsceneService, class com.almasb.fxgl.minigames.MiniGameService, class com.almasb.fxgl.net.NetService, class com.almasb.fxgl.app.services.UpdaterService, class com.almasb.fxgl.dev.DevService]
14:19:03.963 [FXGL Background Thread 2 ] DEBUG Engine               - fontGame: Abel-Regular.ttf
14:19:03.963 [FXGL Background Thread 2 ] DEBUG Engine               - fontMono: lucida_console.ttf
14:19:03.963 [FXGL Background Thread 2 ] DEBUG Engine               - fontText: Courier-Prime.ttf
14:19:03.964 [FXGL Background Thread 2 ] DEBUG Engine               - fontUI: VarelaRound-Regular.ttf
14:19:03.964 [FXGL Background Thread 2 ] DEBUG Engine               - fullScreen: BooleanProperty [value: false]
14:19:03.964 [FXGL Background Thread 2 ] DEBUG Engine               - gameDifficulty: MEDIUM
14:19:03.964 [FXGL Background Thread 2 ] DEBUG Engine               - gameDifficultyProperty: ObjectProperty [value: MEDIUM]
14:19:03.964 [FXGL Background Thread 2 ] DEBUG Engine               - globalMusicVolume: 0.5
14:19:03.964 [FXGL Background Thread 2 ] DEBUG Engine               - globalMusicVolumeProperty: DoubleProperty [value: 0.5]
14:19:03.965 [FXGL Background Thread 2 ] DEBUG Engine               - globalSoundVolume: 0.5
14:19:03.965 [FXGL Background Thread 2 ] DEBUG Engine               - globalSoundVolumeProperty: DoubleProperty [value: 0.5]
14:19:03.965 [FXGL Background Thread 2 ] DEBUG Engine               - height: 600
14:19:03.965 [FXGL Background Thread 2 ] DEBUG Engine               - isAndroid: false
14:19:03.965 [FXGL Background Thread 2 ] DEBUG Engine               - isBrowser: false
14:19:03.968 [FXGL Background Thread 2 ] DEBUG Engine               - isClickFeedbackEnabled: false
14:19:03.969 [FXGL Background Thread 2 ] DEBUG Engine               - isCloseConfirmation: false
14:19:03.969 [FXGL Background Thread 2 ] DEBUG Engine               - isDesktop: true
14:19:03.969 [FXGL Background Thread 2 ] DEBUG Engine               - isDeveloperMenuEnabled: false
14:19:03.969 [FXGL Background Thread 2 ] DEBUG Engine               - isExperimentalNative: false
14:19:03.969 [FXGL Background Thread 2 ] DEBUG Engine               - isExperimentalTiledLargeMap: false
14:19:03.969 [FXGL Background Thread 2 ] DEBUG Engine               - isFullScreenAllowed: false
14:19:03.970 [FXGL Background Thread 2 ] DEBUG Engine               - isFullScreenFromStart: false
14:19:03.970 [FXGL Background Thread 2 ] DEBUG Engine               - isGameMenuEnabled: true
14:19:03.970 [FXGL Background Thread 2 ] DEBUG Engine               - isIOS: false
14:19:03.970 [FXGL Background Thread 2 ] DEBUG Engine               - isIntroEnabled: false
14:19:03.970 [FXGL Background Thread 2 ] DEBUG Engine               - isLinux: true
14:19:03.986 [FXGL Background Thread 2 ] DEBUG Engine               - isMac: false
14:19:03.986 [FXGL Background Thread 2 ] DEBUG Engine               - isMainMenuEnabled: false
14:19:03.987 [FXGL Background Thread 2 ] DEBUG Engine               - isManualResizeEnabled: false
14:19:03.987 [FXGL Background Thread 2 ] DEBUG Engine               - isMobile: false
14:19:03.987 [FXGL Background Thread 2 ] DEBUG Engine               - isPreserveResizeRatio: false
14:19:03.987 [FXGL Background Thread 2 ] DEBUG Engine               - isProfilingEnabled: false
14:19:03.987 [FXGL Background Thread 2 ] DEBUG Engine               - isSingleStep: false
14:19:03.987 [FXGL Background Thread 2 ] DEBUG Engine               - isUserProfileEnabled: false
14:19:03.987 [FXGL Background Thread 2 ] DEBUG Engine               - isWindows: false
14:19:03.987 [FXGL Background Thread 2 ] DEBUG Engine               - language: ObjectProperty [value: ENGLISH]
14:19:03.988 [FXGL Background Thread 2 ] DEBUG Engine               - mainWindow: com.almasb.fxgl.app.MainWindow@65fbee5b
14:19:03.988 [FXGL Background Thread 2 ] DEBUG Engine               - menuKey: ESCAPE
14:19:03.988 [FXGL Background Thread 2 ] DEBUG Engine               - notificationViewClass: class com.almasb.fxgl.notification.view.XboxNotificationView
14:19:03.988 [FXGL Background Thread 2 ] DEBUG Engine               - pixelsPerMeter: 50.0
14:19:03.988 [FXGL Background Thread 2 ] DEBUG Engine               - platform: LINUX
14:19:03.988 [FXGL Background Thread 2 ] DEBUG Engine               - profileDir: profiles/
14:19:03.989 [FXGL Background Thread 2 ] DEBUG Engine               - profileName: StringProperty [value: DEFAULT]
14:19:03.989 [FXGL Background Thread 2 ] DEBUG Engine               - randomSeed: -1
14:19:03.989 [FXGL Background Thread 2 ] DEBUG Engine               - runtimeInfo: RuntimeInfo(platform=LINUX, version=11.9, build=27.05.2020 17.06)
14:19:03.989 [FXGL Background Thread 2 ] DEBUG Engine               - saveFileExt: sav
14:19:03.989 [FXGL Background Thread 2 ] DEBUG Engine               - sceneFactory: com.almasb.fxgl.app.scene.SceneFactory@6c9c474c
14:19:03.989 [FXGL Background Thread 2 ] DEBUG Engine               - secondsIn24h: 60
14:19:03.990 [FXGL Background Thread 2 ] DEBUG Engine               - settings: Title: Chinmay Tiwari's Global Conquest
Version: 0.0
Width: 800
Height: 600
Fullscreen: false
Intro: false
Profiling: false
Single step:false
App Mode: DEVELOPER
Menu Key: ESCAPE
Stage Style: DECORATED
Scene Factory: class com.almasb.fxgl.app.scene.SceneFactory

14:19:03.990 [FXGL Background Thread 2 ] DEBUG Engine               - soundMenuBack: menu/back.wav
14:19:03.990 [FXGL Background Thread 2 ] DEBUG Engine               - soundMenuPress: menu/press.wav
14:19:03.990 [FXGL Background Thread 2 ] DEBUG Engine               - soundMenuSelect: menu/select.wav
14:19:03.990 [FXGL Background Thread 2 ] DEBUG Engine               - soundNotification: core/notification.wav
14:19:03.990 [FXGL Background Thread 2 ] DEBUG Engine               - stageStyle: DECORATED
14:19:03.991 [FXGL Background Thread 2 ] DEBUG Engine               - supportedLanguages: [ENGLISH, FRENCH, GERMAN, HUNGARIAN, RUSSIAN]
14:19:03.991 [FXGL Background Thread 2 ] DEBUG Engine               - title: Chinmay Tiwari's Global Conquest
14:19:03.991 [FXGL Background Thread 2 ] DEBUG Engine               - urlGithub: https://github.com/AlmasB/FXGL
14:19:03.991 [FXGL Background Thread 2 ] DEBUG Engine               - urlLeaderboard: http://fxgl-top.herokuapp.com/
14:19:03.991 [FXGL Background Thread 2 ] DEBUG Engine               - urlPOM: https://raw.githubusercontent.com/AlmasB/FXGL/master/pom.xml
14:19:03.991 [FXGL Background Thread 2 ] DEBUG Engine               - version: 0.0
14:19:03.991 [FXGL Background Thread 2 ] DEBUG Engine               - versionCheckDays: 7
14:19:03.992 [FXGL Background Thread 2 ] DEBUG Engine               - width: 800
14:19:03.992 [FXGL Background Thread 2 ] DEBUG Engine               - Logging services
14:19:03.992 [FXGL Background Thread 2 ] DEBUG Engine               - class com.almasb.fxgl.app.GameApplication$GameApplicationService
14:19:03.992 [FXGL Background Thread 2 ] DEBUG Engine               - class com.almasb.fxgl.app.services.WindowService
14:19:03.992 [FXGL Background Thread 2 ] DEBUG Engine               - class com.almasb.fxgl.app.services.FXGLDialogService
14:19:03.992 [FXGL Background Thread 2 ] DEBUG Engine               - class com.almasb.fxgl.app.services.IOTaskExecutorService
14:19:03.992 [FXGL Background Thread 2 ] DEBUG Engine               - class com.almasb.fxgl.event.EventBusService
14:19:03.993 [FXGL Background Thread 2 ] DEBUG Engine               - class com.almasb.fxgl.io.FileSystemService
14:19:03.993 [FXGL Background Thread 2 ] DEBUG Engine               - class com.almasb.fxgl.localization.LocalizationService
14:19:03.993 [FXGL Background Thread 2 ] DEBUG Engine               - class com.almasb.fxgl.app.services.AssetLoaderService
14:19:03.993 [FXGL Background Thread 2 ] DEBUG Engine               - class com.almasb.fxgl.app.services.SystemBundleService
14:19:04.010 [FXGL Background Thread 2 ] DEBUG Engine               - class com.almasb.fxgl.profile.SaveLoadService
14:19:04.011 [FXGL Background Thread 2 ] DEBUG Engine               - class com.almasb.fxgl.ui.FXGLUIFactoryServiceProvider
14:19:04.011 [FXGL Background Thread 2 ] DEBUG Engine               - class com.almasb.fxgl.ui.FXGLDialogFactoryServiceProvider
14:19:04.011 [FXGL Background Thread 2 ] DEBUG Engine               - class com.almasb.fxgl.audio.AudioPlayer
14:19:04.011 [FXGL Background Thread 2 ] DEBUG Engine               - class com.almasb.fxgl.notification.impl.NotificationServiceProvider
14:19:04.011 [FXGL Background Thread 2 ] DEBUG Engine               - class com.almasb.fxgl.achievement.AchievementService
14:19:04.011 [FXGL Background Thread 2 ] DEBUG Engine               - class com.almasb.fxgl.cutscene.CutsceneService
14:19:04.011 [FXGL Background Thread 2 ] DEBUG Engine               - class com.almasb.fxgl.minigames.MiniGameService
14:19:04.011 [FXGL Background Thread 2 ] DEBUG Engine               - class com.almasb.fxgl.net.NetService
14:19:04.012 [FXGL Background Thread 2 ] DEBUG Engine               - class com.almasb.fxgl.app.services.UpdaterService
14:19:04.012 [FXGL Background Thread 2 ] DEBUG Engine               - class com.almasb.fxgl.dev.DevService
14:19:15.754 [JavaFX Application Thread] DEBUG GameApplication      - Exiting FXGL
14:19:15.755 [JavaFX Application Thread] DEBUG LoopRunner           - Stopping loop
14:19:15.755 [JavaFX Application Thread] DEBUG SystemBundleService  - Saving FXGL system data
14:19:15.759 [JavaFX Application Thread] DEBUG FileSystemAccess     - Writing to: /home/segfault/fx/CTGlobalConquest/system/fxgl.bundle
14:19:15.769 [JavaFX Application Thread] DEBUG GameApplication      - Shutting down background threads
14:19:15.770 [JavaFX Application Thread] DEBUG GameApplication      - Closing logger and exiting JavaFX
