09:38:11.681 [main                     ] DEBUG GameApplication      - Logger initialized
09:38:11.689 [main                     ] DEBUG GameApplication      - Logging settings
Title: Chinmay Tiwari's Global Conquest
Version: 0.0
Width: 1024
Height: 720
Fullscreen: false
Intro: false
Profiling: false
Single step:false
App Mode: DEVELOPER
Menu Key: ESCAPE
Stage Style: DECORATED
Scene Factory: class gd.rf.jsgames.App$1

09:38:11.986 [JavaFX Application Thread] DEBUG GameApplication      - Initializing FXGL
09:38:11.992 [JavaFX Application Thread] INFO  Engine               - FXGL-11.9 (27.05.2020 17.06) on WINDOWS (J:17.0.4.1 FX:11)
09:38:11.993 [JavaFX Application Thread] DEBUG Engine               - JRE Vendor Name: Eclipse Adoptium
09:38:11.993 [JavaFX Application Thread] DEBUG Engine               - Running on OS: Windows 10 version 10.0
09:38:11.993 [JavaFX Application Thread] DEBUG Engine               - Architecture: amd64
09:38:11.994 [JavaFX Application Thread] INFO  Engine               - Source code and latest versions at: https://github.com/AlmasB/FXGL
09:38:11.996 [JavaFX Application Thread] INFO  Engine               -              Join the FXGL chat at: https://gitter.im/AlmasB/FXGL
09:38:12.092 [JavaFX Application Thread] DEBUG MainWindow           - Creating a JavaFX scene
09:38:12.139 [JavaFX Application Thread] DEBUG MainWindow           - Target settings size: 1024.0 x 720.0
09:38:12.139 [JavaFX Application Thread] DEBUG MainWindow           - Scaled scene size:    1024.0 x 720.0
09:38:12.139 [JavaFX Application Thread] DEBUG MainWindow           - Scaled ratio: (1.0, 1.0)
09:38:12.141 [JavaFX Application Thread] DEBUG MainWindow           - Set initial scene to FXGLStartupScene
09:38:12.146 [JavaFX Application Thread] DEBUG MainWindow           - Opening main window
09:38:12.227 [JavaFX Application Thread] DEBUG MainWindow           - Window border size: (16.0, 39.0)
09:38:12.227 [JavaFX Application Thread] DEBUG MainWindow           - Scaled size: 1024.0 x 720.0
09:38:12.227 [JavaFX Application Thread] DEBUG MainWindow           - Scaled ratio: (1.0, 1.0)
09:38:12.227 [JavaFX Application Thread] DEBUG MainWindow           - Scene size: 1024.0 x 720.0
09:38:12.227 [JavaFX Application Thread] DEBUG MainWindow           - Stage size: 1040.0 x 759.0
09:38:12.233 [FXGL Background Thread 1 ] DEBUG Engine               - Initializing environment variables
09:38:12.267 [FXGL Background Thread 1 ] DEBUG WindowService        - Applying CSS: fxgl_dark.css
09:38:12.267 [FXGL Background Thread 1 ] DEBUG AssetLoaderService   - Loading from file system: /assets/ui/css/fxgl_dark.css
09:38:12.313 [FXGL Background Thread 1 ] DEBUG WindowService        - Initializing application scenes
09:38:12.352 [FXGL Background Thread 1 ] DEBUG GameWorld            - Game world initialized
09:38:12.392 [FXGL Background Thread 1 ] DEBUG PhysicsWorld         - Physics world initialized: appHeight=720, physics.ppm=50.0
09:38:12.394 [FXGL Background Thread 1 ] DEBUG GameScene            - Game scene initialized: 1024x720
09:38:12.423 [FXGL Background Thread 1 ] DEBUG AssetLoaderService   - Loading from file system: /assets/textures/particles/trace_horizontal.png
09:38:12.473 [FXGL Background Thread 1 ] DEBUG FXGL.DefaultMenu     - createMenuBodyGameMenu()
09:38:12.487 [FXGL Background Thread 1 ] DEBUG FXGL.DefaultMenu     - createOptionsMenu()
09:38:12.491 [FXGL Background Thread 1 ] DEBUG AssetLoaderService   - Loading from file system: /assets/textures/particles/smoke.png
09:38:12.549 [FXGL Background Thread 1 ] DEBUG WindowService        - Application scenes initialized
09:38:12.560 [FXGL Background Thread 1 ] DEBUG SystemBundleService  - Loading FXGL system data
09:38:12.564 [FXGL Background Thread 1 ] DEBUG FileSystemAccess     - Reading from: C:\Users\828517478\CTGlobalConquest\system\fxgl.bundle
09:38:12.571 [FXGL Background Thread 1 ] DEBUG SystemBundleService  - Bundle FXGL: {}
09:38:12.572 [FXGL Background Thread 1 ] INFO  Engine               - FXGL initialization took: 0.336 sec
09:38:12.573 [FXGL Background Thread 1 ] DEBUG GameApplication      - Loading localizations
09:38:12.574 [FXGL Background Thread 1 ] DEBUG AssetLoaderService   - Loading from file system: /assets/languages/english.lang
09:38:12.588 [FXGL Background Thread 1 ] DEBUG AssetLoaderService   - Loading from file system: /assets/languages/french.lang
09:38:12.590 [FXGL Background Thread 1 ] DEBUG AssetLoaderService   - Loading from file system: /assets/languages/german.lang
09:38:12.592 [FXGL Background Thread 1 ] DEBUG AssetLoaderService   - Loading from file system: /assets/languages/hungarian.lang
09:38:12.595 [FXGL Background Thread 1 ] DEBUG AssetLoaderService   - Loading from file system: /assets/languages/russian.lang
09:38:12.596 [FXGL Background Thread 1 ] DEBUG GameApplication      - Registering font factories with UI factory
09:38:12.596 [FXGL Background Thread 1 ] DEBUG AssetLoaderService   - Loading from file system: /assets/ui/fonts/VarelaRound-Regular.ttf
09:38:12.643 [FXGL Background Thread 1 ] DEBUG AssetLoaderService   - Loading from file system: /assets/ui/fonts/Abel-Regular.ttf
09:38:12.652 [FXGL Background Thread 1 ] DEBUG AssetLoaderService   - Loading from file system: /assets/ui/fonts/lucida_console.ttf
09:38:12.663 [FXGL Background Thread 1 ] DEBUG AssetLoaderService   - Loading from file system: /assets/ui/fonts/Courier-Prime.ttf
09:38:12.678 [JavaFX Application Thread] DEBUG Input                - Registered new binding: Move Left - A
09:38:12.679 [JavaFX Application Thread] DEBUG Input                - Registered new binding: LeftClick - LMB
09:38:12.679 [JavaFX Application Thread] DEBUG AssetLoaderService   - Loading from file system: /assets/textures/fxgl_icon.png
09:38:12.696 [JavaFX Application Thread] DEBUG AssetLoaderService   - Loading from file system: /assets/ui/cursors/fxgl_default.png
09:38:12.697 [JavaFX Application Thread] DEBUG Input                - Registered new binding: Screenshot - P
09:38:12.698 [JavaFX Application Thread] DEBUG Input                - Registered new binding: System info dump - CTRL+9
09:38:12.698 [JavaFX Application Thread] DEBUG Input                - Registered new binding: Restart - CTRL+R
09:38:12.699 [JavaFX Application Thread] DEBUG LoopRunner           - Starting loop
09:38:12.717 [JavaFX Application Thread] DEBUG FXGLStartupScene     - STARTUP
09:38:12.717 [JavaFX Application Thread] DEBUG WindowService        - Starting new game
09:38:12.718 [JavaFX Application Thread] DEBUG Input                - Clearing active input actions
09:38:12.729 [JavaFX Application Thread] DEBUG WindowService        - Removing overlay from FXGLStartupScene and adding to FXGLLoadingScene
09:38:12.729 [JavaFX Application Thread] DEBUG MainWindow           - FXGLStartupScene -> FXGLLoadingScene
09:38:12.729 [JavaFX Application Thread] DEBUG WindowService        - Clearing previous game
09:38:12.729 [JavaFX Application Thread] DEBUG GameScene            - Clearing game scene
09:38:12.729 [JavaFX Application Thread] DEBUG GameWorld            - Clearing game world
09:38:12.730 [JavaFX Application Thread] DEBUG PhysicsWorld         - Clearing physics world
09:38:12.731 [FXGL Background Thread 1 ] DEBUG GameApplication      - Initializing game
09:38:12.733 [FXGL Background Thread 1 ] DEBUG AssetLoaderService   - Loading from file system: /assets/textures/units/settler.png
09:38:12.768 [FXGL Background Thread 1 ] DEBUG AssetLoaderService   - Loading from file system: /assets/textures/tiles/grass_selected.png
09:38:12.769 [FXGL Background Thread 1 ] DEBUG AssetLoaderService   - Loading from cache: /assets/textures/tiles/grass_selected.png
09:38:12.769 [FXGL Background Thread 1 ] DEBUG AssetLoaderService   - Loading from cache: /assets/textures/tiles/grass_selected.png
09:38:12.769 [FXGL Background Thread 1 ] DEBUG AssetLoaderService   - Loading from cache: /assets/textures/tiles/grass_selected.png
09:38:12.769 [FXGL Background Thread 1 ] DEBUG AssetLoaderService   - Loading from cache: /assets/textures/tiles/grass_selected.png
09:38:12.769 [FXGL Background Thread 1 ] DEBUG AssetLoaderService   - Loading from cache: /assets/textures/tiles/grass_selected.png
09:38:12.769 [FXGL Background Thread 1 ] DEBUG AssetLoaderService   - Loading from cache: /assets/textures/tiles/grass_selected.png
09:38:12.769 [FXGL Background Thread 1 ] DEBUG AssetLoaderService   - Loading from cache: /assets/textures/tiles/grass_selected.png
09:38:12.769 [FXGL Background Thread 1 ] DEBUG AssetLoaderService   - Loading from cache: /assets/textures/tiles/grass_selected.png
09:38:12.769 [FXGL Background Thread 1 ] DEBUG AssetLoaderService   - Loading from cache: /assets/textures/tiles/grass_selected.png
09:38:12.769 [FXGL Background Thread 1 ] DEBUG AssetLoaderService   - Loading from cache: /assets/textures/tiles/grass_selected.png
09:38:12.770 [FXGL Background Thread 1 ] DEBUG AssetLoaderService   - Loading from cache: /assets/textures/tiles/grass_selected.png
09:38:12.770 [FXGL Background Thread 1 ] DEBUG AssetLoaderService   - Loading from cache: /assets/textures/tiles/grass_selected.png
09:38:12.770 [FXGL Background Thread 1 ] DEBUG AssetLoaderService   - Loading from cache: /assets/textures/tiles/grass_selected.png
09:38:12.770 [FXGL Background Thread 1 ] DEBUG AssetLoaderService   - Loading from cache: /assets/textures/tiles/grass_selected.png
09:38:12.770 [FXGL Background Thread 1 ] DEBUG AssetLoaderService   - Loading from cache: /assets/textures/tiles/grass_selected.png
09:38:12.770 [FXGL Background Thread 1 ] DEBUG AssetLoaderService   - Loading from cache: /assets/textures/tiles/grass_selected.png
09:38:12.770 [FXGL Background Thread 1 ] DEBUG AssetLoaderService   - Loading from cache: /assets/textures/tiles/grass_selected.png
09:38:12.770 [FXGL Background Thread 1 ] DEBUG AssetLoaderService   - Loading from cache: /assets/textures/tiles/grass_selected.png
09:38:12.770 [FXGL Background Thread 1 ] DEBUG AssetLoaderService   - Loading from cache: /assets/textures/tiles/grass_selected.png
09:38:12.770 [FXGL Background Thread 1 ] DEBUG AssetLoaderService   - Loading from cache: /assets/textures/tiles/grass_selected.png
09:38:12.771 [FXGL Background Thread 1 ] DEBUG AssetLoaderService   - Loading from cache: /assets/textures/tiles/grass_selected.png
09:38:12.771 [FXGL Background Thread 1 ] DEBUG AssetLoaderService   - Loading from cache: /assets/textures/tiles/grass_selected.png
09:38:12.771 [FXGL Background Thread 1 ] DEBUG AssetLoaderService   - Loading from cache: /assets/textures/tiles/grass_selected.png
09:38:12.771 [FXGL Background Thread 1 ] DEBUG AssetLoaderService   - Loading from cache: /assets/textures/tiles/grass_selected.png
09:38:12.771 [FXGL Background Thread 1 ] DEBUG AssetLoaderService   - Loading from cache: /assets/textures/tiles/grass_selected.png
09:38:12.771 [FXGL Background Thread 1 ] DEBUG AssetLoaderService   - Loading from cache: /assets/textures/tiles/grass_selected.png
09:38:12.771 [FXGL Background Thread 1 ] DEBUG AssetLoaderService   - Loading from cache: /assets/textures/tiles/grass_selected.png
09:38:12.771 [FXGL Background Thread 1 ] DEBUG AssetLoaderService   - Loading from cache: /assets/textures/tiles/grass_selected.png
09:38:12.771 [FXGL Background Thread 1 ] DEBUG AssetLoaderService   - Loading from cache: /assets/textures/tiles/grass_selected.png
09:38:12.771 [FXGL Background Thread 1 ] DEBUG AssetLoaderService   - Loading from cache: /assets/textures/tiles/grass_selected.png
09:38:12.771 [FXGL Background Thread 1 ] DEBUG AssetLoaderService   - Loading from cache: /assets/textures/tiles/grass_selected.png
09:38:12.771 [FXGL Background Thread 1 ] DEBUG AssetLoaderService   - Loading from cache: /assets/textures/tiles/grass_selected.png
09:38:12.772 [FXGL Background Thread 1 ] DEBUG AssetLoaderService   - Loading from cache: /assets/textures/tiles/grass_selected.png
09:38:12.772 [FXGL Background Thread 1 ] DEBUG AssetLoaderService   - Loading from cache: /assets/textures/tiles/grass_selected.png
09:38:12.772 [FXGL Background Thread 1 ] DEBUG AssetLoaderService   - Loading from cache: /assets/textures/tiles/grass_selected.png
09:38:12.772 [FXGL Background Thread 1 ] DEBUG AssetLoaderService   - Loading from cache: /assets/textures/tiles/grass_selected.png
09:38:12.772 [FXGL Background Thread 1 ] DEBUG AssetLoaderService   - Loading from cache: /assets/textures/tiles/grass_selected.png
09:38:12.772 [FXGL Background Thread 1 ] DEBUG AssetLoaderService   - Loading from cache: /assets/textures/tiles/grass_selected.png
09:38:12.772 [FXGL Background Thread 1 ] DEBUG AssetLoaderService   - Loading from cache: /assets/textures/tiles/grass_selected.png
09:38:12.772 [FXGL Background Thread 1 ] DEBUG AssetLoaderService   - Loading from cache: /assets/textures/tiles/grass_selected.png
09:38:12.772 [FXGL Background Thread 1 ] DEBUG AssetLoaderService   - Loading from cache: /assets/textures/tiles/grass_selected.png
09:38:12.772 [FXGL Background Thread 1 ] DEBUG AssetLoaderService   - Loading from cache: /assets/textures/tiles/grass_selected.png
09:38:12.772 [FXGL Background Thread 1 ] DEBUG AssetLoaderService   - Loading from cache: /assets/textures/tiles/grass_selected.png
09:38:12.773 [FXGL Background Thread 1 ] DEBUG AssetLoaderService   - Loading from cache: /assets/textures/tiles/grass_selected.png
09:38:12.773 [FXGL Background Thread 1 ] DEBUG AssetLoaderService   - Loading from cache: /assets/textures/tiles/grass_selected.png
09:38:12.773 [FXGL Background Thread 1 ] DEBUG AssetLoaderService   - Loading from cache: /assets/textures/tiles/grass_selected.png
09:38:12.773 [FXGL Background Thread 1 ] DEBUG AssetLoaderService   - Loading from cache: /assets/textures/tiles/grass_selected.png
09:38:12.773 [FXGL Background Thread 1 ] DEBUG AssetLoaderService   - Loading from cache: /assets/textures/tiles/grass_selected.png
09:38:12.773 [FXGL Background Thread 1 ] DEBUG AssetLoaderService   - Loading from cache: /assets/textures/tiles/grass_selected.png
09:38:12.773 [FXGL Background Thread 1 ] DEBUG AssetLoaderService   - Loading from cache: /assets/textures/tiles/grass_selected.png
09:38:12.773 [FXGL Background Thread 1 ] DEBUG AssetLoaderService   - Loading from cache: /assets/textures/tiles/grass_selected.png
09:38:12.773 [FXGL Background Thread 1 ] DEBUG AssetLoaderService   - Loading from cache: /assets/textures/tiles/grass_selected.png
09:38:12.774 [FXGL Background Thread 1 ] DEBUG AssetLoaderService   - Loading from cache: /assets/textures/tiles/grass_selected.png
09:38:12.774 [FXGL Background Thread 1 ] DEBUG AssetLoaderService   - Loading from cache: /assets/textures/tiles/grass_selected.png
09:38:12.774 [FXGL Background Thread 1 ] DEBUG AssetLoaderService   - Loading from cache: /assets/textures/tiles/grass_selected.png
09:38:12.774 [FXGL Background Thread 1 ] DEBUG AssetLoaderService   - Loading from cache: /assets/textures/tiles/grass_selected.png
09:38:12.774 [FXGL Background Thread 1 ] DEBUG AssetLoaderService   - Loading from cache: /assets/textures/tiles/grass_selected.png
09:38:12.774 [FXGL Background Thread 1 ] DEBUG AssetLoaderService   - Loading from cache: /assets/textures/tiles/grass_selected.png
09:38:12.774 [FXGL Background Thread 1 ] DEBUG AssetLoaderService   - Loading from cache: /assets/textures/tiles/grass_selected.png
09:38:12.774 [FXGL Background Thread 1 ] DEBUG AssetLoaderService   - Loading from cache: /assets/textures/tiles/grass_selected.png
09:38:12.775 [FXGL Background Thread 1 ] DEBUG AssetLoaderService   - Loading from cache: /assets/textures/tiles/grass_selected.png
09:38:12.775 [FXGL Background Thread 1 ] DEBUG AssetLoaderService   - Loading from cache: /assets/textures/tiles/grass_selected.png
09:38:12.775 [FXGL Background Thread 1 ] DEBUG AssetLoaderService   - Loading from cache: /assets/textures/tiles/grass_selected.png
09:38:12.775 [FXGL Background Thread 1 ] DEBUG AssetLoaderService   - Loading from cache: /assets/textures/tiles/grass_selected.png
09:38:12.775 [FXGL Background Thread 1 ] DEBUG AssetLoaderService   - Loading from cache: /assets/textures/tiles/grass_selected.png
09:38:12.775 [FXGL Background Thread 1 ] DEBUG AssetLoaderService   - Loading from cache: /assets/textures/tiles/grass_selected.png
09:38:12.775 [FXGL Background Thread 1 ] DEBUG AssetLoaderService   - Loading from cache: /assets/textures/tiles/grass_selected.png
09:38:12.775 [FXGL Background Thread 1 ] DEBUG AssetLoaderService   - Loading from cache: /assets/textures/tiles/grass_selected.png
09:38:12.775 [FXGL Background Thread 1 ] DEBUG AssetLoaderService   - Loading from cache: /assets/textures/tiles/grass_selected.png
09:38:12.775 [FXGL Background Thread 1 ] DEBUG AssetLoaderService   - Loading from cache: /assets/textures/tiles/grass_selected.png
09:38:12.775 [FXGL Background Thread 1 ] DEBUG AssetLoaderService   - Loading from cache: /assets/textures/tiles/grass_selected.png
09:38:12.775 [FXGL Background Thread 1 ] DEBUG AssetLoaderService   - Loading from cache: /assets/textures/tiles/grass_selected.png
09:38:12.776 [FXGL Background Thread 1 ] DEBUG AssetLoaderService   - Loading from cache: /assets/textures/tiles/grass_selected.png
09:38:12.776 [FXGL Background Thread 1 ] DEBUG AssetLoaderService   - Loading from cache: /assets/textures/tiles/grass_selected.png
09:38:12.776 [FXGL Background Thread 1 ] DEBUG AssetLoaderService   - Loading from cache: /assets/textures/tiles/grass_selected.png
09:38:12.776 [FXGL Background Thread 1 ] DEBUG AssetLoaderService   - Loading from cache: /assets/textures/tiles/grass_selected.png
09:38:12.776 [FXGL Background Thread 1 ] DEBUG AssetLoaderService   - Loading from cache: /assets/textures/tiles/grass_selected.png
09:38:12.776 [FXGL Background Thread 1 ] DEBUG AssetLoaderService   - Loading from cache: /assets/textures/tiles/grass_selected.png
09:38:12.776 [FXGL Background Thread 1 ] DEBUG AssetLoaderService   - Loading from cache: /assets/textures/tiles/grass_selected.png
09:38:12.776 [FXGL Background Thread 1 ] DEBUG AssetLoaderService   - Loading from cache: /assets/textures/tiles/grass_selected.png
09:38:12.776 [FXGL Background Thread 1 ] DEBUG AssetLoaderService   - Loading from cache: /assets/textures/tiles/grass_selected.png
09:38:12.776 [FXGL Background Thread 1 ] DEBUG AssetLoaderService   - Loading from cache: /assets/textures/tiles/grass_selected.png
09:38:12.776 [FXGL Background Thread 1 ] DEBUG AssetLoaderService   - Loading from cache: /assets/textures/tiles/grass_selected.png
09:38:12.776 [FXGL Background Thread 1 ] DEBUG AssetLoaderService   - Loading from cache: /assets/textures/tiles/grass_selected.png
09:38:12.777 [FXGL Background Thread 1 ] DEBUG AssetLoaderService   - Loading from cache: /assets/textures/tiles/grass_selected.png
09:38:12.777 [FXGL Background Thread 1 ] DEBUG AssetLoaderService   - Loading from cache: /assets/textures/tiles/grass_selected.png
09:38:12.777 [FXGL Background Thread 1 ] DEBUG AssetLoaderService   - Loading from cache: /assets/textures/tiles/grass_selected.png
09:38:12.777 [FXGL Background Thread 1 ] DEBUG AssetLoaderService   - Loading from cache: /assets/textures/tiles/grass_selected.png
09:38:12.777 [FXGL Background Thread 1 ] DEBUG AssetLoaderService   - Loading from cache: /assets/textures/tiles/grass_selected.png
09:38:12.777 [FXGL Background Thread 1 ] DEBUG AssetLoaderService   - Loading from cache: /assets/textures/tiles/grass_selected.png
09:38:12.777 [FXGL Background Thread 1 ] DEBUG AssetLoaderService   - Loading from cache: /assets/textures/tiles/grass_selected.png
09:38:12.777 [FXGL Background Thread 1 ] DEBUG AssetLoaderService   - Loading from cache: /assets/textures/tiles/grass_selected.png
09:38:12.777 [FXGL Background Thread 1 ] DEBUG AssetLoaderService   - Loading from cache: /assets/textures/tiles/grass_selected.png
09:38:12.777 [FXGL Background Thread 1 ] DEBUG AssetLoaderService   - Loading from cache: /assets/textures/tiles/grass_selected.png
09:38:12.777 [FXGL Background Thread 1 ] DEBUG AssetLoaderService   - Loading from cache: /assets/textures/tiles/grass_selected.png
09:38:12.777 [FXGL Background Thread 1 ] DEBUG AssetLoaderService   - Loading from cache: /assets/textures/tiles/grass_selected.png
09:38:12.778 [FXGL Background Thread 1 ] DEBUG AssetLoaderService   - Loading from cache: /assets/textures/tiles/grass_selected.png
09:38:12.778 [FXGL Background Thread 1 ] DEBUG AssetLoaderService   - Loading from cache: /assets/textures/tiles/grass_selected.png
09:38:12.778 [FXGL Background Thread 1 ] DEBUG AssetLoaderService   - Loading from cache: /assets/textures/tiles/grass_selected.png
09:38:12.778 [FXGL Background Thread 1 ] DEBUG AssetLoaderService   - Loading from cache: /assets/textures/tiles/grass_selected.png
09:38:12.778 [FXGL Background Thread 1 ] DEBUG AssetLoaderService   - Loading from cache: /assets/textures/tiles/grass_selected.png
09:38:12.778 [FXGL Background Thread 1 ] DEBUG AssetLoaderService   - Loading from cache: /assets/textures/tiles/grass_selected.png
09:38:12.778 [FXGL Background Thread 1 ] DEBUG AssetLoaderService   - Loading from cache: /assets/textures/tiles/grass_selected.png
09:38:12.778 [FXGL Background Thread 1 ] DEBUG AssetLoaderService   - Loading from cache: /assets/textures/tiles/grass_selected.png
09:38:12.778 [FXGL Background Thread 1 ] DEBUG AssetLoaderService   - Loading from cache: /assets/textures/tiles/grass_selected.png
09:38:12.778 [FXGL Background Thread 1 ] DEBUG AssetLoaderService   - Loading from cache: /assets/textures/tiles/grass_selected.png
09:38:12.778 [FXGL Background Thread 1 ] DEBUG AssetLoaderService   - Loading from cache: /assets/textures/tiles/grass_selected.png
09:38:12.778 [FXGL Background Thread 1 ] DEBUG AssetLoaderService   - Loading from cache: /assets/textures/tiles/grass_selected.png
09:38:12.778 [FXGL Background Thread 1 ] DEBUG AssetLoaderService   - Loading from cache: /assets/textures/tiles/grass_selected.png
09:38:12.779 [FXGL Background Thread 1 ] DEBUG AssetLoaderService   - Loading from cache: /assets/textures/tiles/grass_selected.png
09:38:12.779 [FXGL Background Thread 1 ] DEBUG AssetLoaderService   - Loading from cache: /assets/textures/tiles/grass_selected.png
09:38:12.779 [FXGL Background Thread 1 ] DEBUG AssetLoaderService   - Loading from cache: /assets/textures/tiles/grass_selected.png
09:38:12.779 [FXGL Background Thread 1 ] DEBUG AssetLoaderService   - Loading from cache: /assets/textures/tiles/grass_selected.png
09:38:12.779 [FXGL Background Thread 1 ] DEBUG AssetLoaderService   - Loading from cache: /assets/textures/tiles/grass_selected.png
09:38:12.779 [FXGL Background Thread 1 ] DEBUG AssetLoaderService   - Loading from cache: /assets/textures/tiles/grass_selected.png
09:38:12.779 [FXGL Background Thread 1 ] DEBUG AssetLoaderService   - Loading from cache: /assets/textures/tiles/grass_selected.png
09:38:12.779 [FXGL Background Thread 1 ] DEBUG AssetLoaderService   - Loading from cache: /assets/textures/tiles/grass_selected.png
09:38:12.779 [FXGL Background Thread 1 ] DEBUG AssetLoaderService   - Loading from cache: /assets/textures/tiles/grass_selected.png
09:38:12.779 [FXGL Background Thread 1 ] DEBUG AssetLoaderService   - Loading from cache: /assets/textures/tiles/grass_selected.png
09:38:12.779 [FXGL Background Thread 1 ] DEBUG AssetLoaderService   - Loading from cache: /assets/textures/tiles/grass_selected.png
09:38:12.780 [FXGL Background Thread 1 ] DEBUG AssetLoaderService   - Loading from cache: /assets/textures/tiles/grass_selected.png
09:38:12.780 [FXGL Background Thread 1 ] DEBUG AssetLoaderService   - Loading from cache: /assets/textures/tiles/grass_selected.png
09:38:12.780 [FXGL Background Thread 1 ] DEBUG AssetLoaderService   - Loading from cache: /assets/textures/tiles/grass_selected.png
09:38:12.780 [FXGL Background Thread 1 ] DEBUG AssetLoaderService   - Loading from cache: /assets/textures/tiles/grass_selected.png
09:38:12.780 [FXGL Background Thread 1 ] DEBUG AssetLoaderService   - Loading from cache: /assets/textures/tiles/grass_selected.png
09:38:12.780 [FXGL Background Thread 1 ] DEBUG AssetLoaderService   - Loading from cache: /assets/textures/tiles/grass_selected.png
09:38:12.780 [FXGL Background Thread 1 ] DEBUG AssetLoaderService   - Loading from cache: /assets/textures/tiles/grass_selected.png
09:38:12.780 [FXGL Background Thread 1 ] DEBUG AssetLoaderService   - Loading from cache: /assets/textures/tiles/grass_selected.png
09:38:12.780 [FXGL Background Thread 1 ] DEBUG AssetLoaderService   - Loading from cache: /assets/textures/tiles/grass_selected.png
09:38:12.780 [FXGL Background Thread 1 ] DEBUG AssetLoaderService   - Loading from cache: /assets/textures/tiles/grass_selected.png
09:38:12.780 [FXGL Background Thread 1 ] DEBUG AssetLoaderService   - Loading from cache: /assets/textures/tiles/grass_selected.png
09:38:12.780 [FXGL Background Thread 1 ] DEBUG AssetLoaderService   - Loading from cache: /assets/textures/tiles/grass_selected.png
09:38:12.781 [FXGL Background Thread 1 ] DEBUG AssetLoaderService   - Loading from cache: /assets/textures/tiles/grass_selected.png
09:38:12.781 [FXGL Background Thread 1 ] DEBUG AssetLoaderService   - Loading from cache: /assets/textures/tiles/grass_selected.png
09:38:12.781 [FXGL Background Thread 1 ] DEBUG AssetLoaderService   - Loading from cache: /assets/textures/tiles/grass_selected.png
09:38:12.781 [FXGL Background Thread 1 ] DEBUG AssetLoaderService   - Loading from cache: /assets/textures/tiles/grass_selected.png
09:38:12.781 [FXGL Background Thread 1 ] DEBUG AssetLoaderService   - Loading from cache: /assets/textures/tiles/grass_selected.png
09:38:12.781 [FXGL Background Thread 1 ] DEBUG AssetLoaderService   - Loading from cache: /assets/textures/tiles/grass_selected.png
09:38:12.781 [FXGL Background Thread 1 ] DEBUG AssetLoaderService   - Loading from cache: /assets/textures/tiles/grass_selected.png
09:38:12.781 [FXGL Background Thread 1 ] DEBUG AssetLoaderService   - Loading from cache: /assets/textures/tiles/grass_selected.png
09:38:12.781 [FXGL Background Thread 1 ] DEBUG AssetLoaderService   - Loading from cache: /assets/textures/tiles/grass_selected.png
09:38:12.781 [FXGL Background Thread 1 ] DEBUG AssetLoaderService   - Loading from cache: /assets/textures/tiles/grass_selected.png
09:38:12.781 [FXGL Background Thread 1 ] DEBUG AssetLoaderService   - Loading from cache: /assets/textures/tiles/grass_selected.png
09:38:12.781 [FXGL Background Thread 1 ] DEBUG AssetLoaderService   - Loading from cache: /assets/textures/tiles/grass_selected.png
09:38:12.781 [FXGL Background Thread 1 ] DEBUG AssetLoaderService   - Loading from cache: /assets/textures/tiles/grass_selected.png
09:38:12.782 [FXGL Background Thread 1 ] DEBUG AssetLoaderService   - Loading from cache: /assets/textures/tiles/grass_selected.png
09:38:12.782 [FXGL Background Thread 1 ] DEBUG AssetLoaderService   - Loading from cache: /assets/textures/tiles/grass_selected.png
09:38:12.782 [FXGL Background Thread 1 ] DEBUG AssetLoaderService   - Loading from cache: /assets/textures/tiles/grass_selected.png
09:38:12.782 [FXGL Background Thread 1 ] DEBUG AssetLoaderService   - Loading from cache: /assets/textures/tiles/grass_selected.png
09:38:12.782 [FXGL Background Thread 1 ] DEBUG AssetLoaderService   - Loading from cache: /assets/textures/tiles/grass_selected.png
09:38:12.782 [FXGL Background Thread 1 ] DEBUG AssetLoaderService   - Loading from cache: /assets/textures/tiles/grass_selected.png
09:38:12.783 [FXGL Background Thread 1 ] DEBUG AssetLoaderService   - Loading from cache: /assets/textures/tiles/grass_selected.png
09:38:12.783 [FXGL Background Thread 1 ] DEBUG AssetLoaderService   - Loading from cache: /assets/textures/tiles/grass_selected.png
09:38:12.783 [FXGL Background Thread 1 ] DEBUG AssetLoaderService   - Loading from cache: /assets/textures/tiles/grass_selected.png
09:38:12.783 [FXGL Background Thread 1 ] DEBUG AssetLoaderService   - Loading from cache: /assets/textures/tiles/grass_selected.png
09:38:12.783 [FXGL Background Thread 1 ] DEBUG AssetLoaderService   - Loading from cache: /assets/textures/tiles/grass_selected.png
09:38:12.783 [FXGL Background Thread 1 ] DEBUG AssetLoaderService   - Loading from cache: /assets/textures/tiles/grass_selected.png
09:38:12.783 [FXGL Background Thread 1 ] DEBUG AssetLoaderService   - Loading from cache: /assets/textures/tiles/grass_selected.png
09:38:12.783 [FXGL Background Thread 1 ] DEBUG AssetLoaderService   - Loading from cache: /assets/textures/tiles/grass_selected.png
09:38:12.783 [FXGL Background Thread 1 ] DEBUG AssetLoaderService   - Loading from cache: /assets/textures/tiles/grass_selected.png
09:38:12.783 [FXGL Background Thread 1 ] DEBUG AssetLoaderService   - Loading from cache: /assets/textures/tiles/grass_selected.png
09:38:12.783 [FXGL Background Thread 1 ] DEBUG AssetLoaderService   - Loading from cache: /assets/textures/tiles/grass_selected.png
09:38:12.783 [FXGL Background Thread 1 ] DEBUG AssetLoaderService   - Loading from cache: /assets/textures/tiles/grass_selected.png
09:38:12.784 [FXGL Background Thread 1 ] DEBUG AssetLoaderService   - Loading from cache: /assets/textures/tiles/grass_selected.png
09:38:12.784 [FXGL Background Thread 1 ] DEBUG AssetLoaderService   - Loading from cache: /assets/textures/tiles/grass_selected.png
09:38:12.784 [FXGL Background Thread 1 ] DEBUG AssetLoaderService   - Loading from cache: /assets/textures/tiles/grass_selected.png
09:38:12.784 [FXGL Background Thread 1 ] DEBUG AssetLoaderService   - Loading from cache: /assets/textures/tiles/grass_selected.png
09:38:12.784 [FXGL Background Thread 1 ] DEBUG AssetLoaderService   - Loading from cache: /assets/textures/tiles/grass_selected.png
09:38:12.784 [FXGL Background Thread 1 ] DEBUG AssetLoaderService   - Loading from cache: /assets/textures/tiles/grass_selected.png
09:38:12.784 [FXGL Background Thread 1 ] DEBUG AssetLoaderService   - Loading from cache: /assets/textures/tiles/grass_selected.png
09:38:12.784 [FXGL Background Thread 1 ] DEBUG AssetLoaderService   - Loading from cache: /assets/textures/tiles/grass_selected.png
09:38:12.784 [FXGL Background Thread 1 ] DEBUG AssetLoaderService   - Loading from cache: /assets/textures/tiles/grass_selected.png
09:38:12.784 [FXGL Background Thread 1 ] DEBUG AssetLoaderService   - Loading from cache: /assets/textures/tiles/grass_selected.png
09:38:12.784 [FXGL Background Thread 1 ] DEBUG AssetLoaderService   - Loading from cache: /assets/textures/tiles/grass_selected.png
09:38:12.784 [FXGL Background Thread 1 ] DEBUG AssetLoaderService   - Loading from cache: /assets/textures/tiles/grass_selected.png
09:38:12.784 [FXGL Background Thread 1 ] DEBUG AssetLoaderService   - Loading from cache: /assets/textures/tiles/grass_selected.png
09:38:12.785 [FXGL Background Thread 1 ] DEBUG AssetLoaderService   - Loading from cache: /assets/textures/tiles/grass_selected.png
09:38:12.785 [FXGL Background Thread 1 ] DEBUG AssetLoaderService   - Loading from cache: /assets/textures/tiles/grass_selected.png
09:38:12.785 [FXGL Background Thread 1 ] DEBUG AssetLoaderService   - Loading from cache: /assets/textures/tiles/grass_selected.png
09:38:12.785 [FXGL Background Thread 1 ] DEBUG AssetLoaderService   - Loading from cache: /assets/textures/tiles/grass_selected.png
09:38:12.785 [FXGL Background Thread 1 ] DEBUG AssetLoaderService   - Loading from cache: /assets/textures/tiles/grass_selected.png
09:38:12.785 [FXGL Background Thread 1 ] DEBUG AssetLoaderService   - Loading from cache: /assets/textures/tiles/grass_selected.png
09:38:12.785 [FXGL Background Thread 1 ] DEBUG AssetLoaderService   - Loading from cache: /assets/textures/tiles/grass_selected.png
09:38:12.785 [FXGL Background Thread 1 ] DEBUG AssetLoaderService   - Loading from cache: /assets/textures/tiles/grass_selected.png
09:38:12.785 [FXGL Background Thread 1 ] DEBUG AssetLoaderService   - Loading from cache: /assets/textures/tiles/grass_selected.png
09:38:12.786 [FXGL Background Thread 1 ] DEBUG AssetLoaderService   - Loading from cache: /assets/textures/tiles/grass_selected.png
09:38:12.786 [FXGL Background Thread 1 ] DEBUG AssetLoaderService   - Loading from cache: /assets/textures/tiles/grass_selected.png
09:38:12.786 [FXGL Background Thread 1 ] DEBUG AssetLoaderService   - Loading from cache: /assets/textures/tiles/grass_selected.png
09:38:12.786 [FXGL Background Thread 1 ] DEBUG AssetLoaderService   - Loading from cache: /assets/textures/tiles/grass_selected.png
09:38:12.788 [FXGL Background Thread 1 ] DEBUG AssetLoaderService   - Loading from cache: /assets/textures/tiles/grass_selected.png
09:38:12.788 [FXGL Background Thread 1 ] DEBUG AssetLoaderService   - Loading from cache: /assets/textures/tiles/grass_selected.png
09:38:12.788 [FXGL Background Thread 1 ] DEBUG AssetLoaderService   - Loading from cache: /assets/textures/tiles/grass_selected.png
09:38:12.788 [FXGL Background Thread 1 ] DEBUG AssetLoaderService   - Loading from cache: /assets/textures/tiles/grass_selected.png
09:38:12.788 [FXGL Background Thread 1 ] DEBUG AssetLoaderService   - Loading from cache: /assets/textures/tiles/grass_selected.png
09:38:12.788 [FXGL Background Thread 1 ] DEBUG AssetLoaderService   - Loading from cache: /assets/textures/tiles/grass_selected.png
09:38:12.788 [FXGL Background Thread 1 ] DEBUG AssetLoaderService   - Loading from cache: /assets/textures/tiles/grass_selected.png
09:38:12.788 [FXGL Background Thread 1 ] DEBUG AssetLoaderService   - Loading from cache: /assets/textures/tiles/grass_selected.png
09:38:12.788 [FXGL Background Thread 1 ] DEBUG AssetLoaderService   - Loading from cache: /assets/textures/tiles/grass_selected.png
09:38:12.788 [FXGL Background Thread 1 ] DEBUG AssetLoaderService   - Loading from cache: /assets/textures/tiles/grass_selected.png
09:38:12.789 [FXGL Background Thread 1 ] DEBUG AssetLoaderService   - Loading from cache: /assets/textures/tiles/grass_selected.png
09:38:12.789 [FXGL Background Thread 1 ] DEBUG AssetLoaderService   - Loading from cache: /assets/textures/tiles/grass_selected.png
09:38:12.789 [FXGL Background Thread 1 ] DEBUG AssetLoaderService   - Loading from cache: /assets/textures/tiles/grass_selected.png
09:38:12.789 [FXGL Background Thread 1 ] DEBUG AssetLoaderService   - Loading from cache: /assets/textures/tiles/grass_selected.png
09:38:12.789 [FXGL Background Thread 1 ] DEBUG AssetLoaderService   - Loading from cache: /assets/textures/tiles/grass_selected.png
09:38:12.789 [FXGL Background Thread 1 ] DEBUG AssetLoaderService   - Loading from cache: /assets/textures/tiles/grass_selected.png
09:38:12.789 [FXGL Background Thread 1 ] DEBUG AssetLoaderService   - Loading from cache: /assets/textures/tiles/grass_selected.png
09:38:12.789 [FXGL Background Thread 1 ] DEBUG AssetLoaderService   - Loading from cache: /assets/textures/tiles/grass_selected.png
09:38:12.789 [FXGL Background Thread 1 ] DEBUG AssetLoaderService   - Loading from cache: /assets/textures/tiles/grass_selected.png
09:38:12.789 [FXGL Background Thread 1 ] DEBUG AssetLoaderService   - Loading from cache: /assets/textures/tiles/grass_selected.png
09:38:12.789 [FXGL Background Thread 1 ] DEBUG AssetLoaderService   - Loading from cache: /assets/textures/tiles/grass_selected.png
09:38:12.789 [FXGL Background Thread 1 ] DEBUG AssetLoaderService   - Loading from cache: /assets/textures/tiles/grass_selected.png
09:38:12.789 [FXGL Background Thread 1 ] DEBUG AssetLoaderService   - Loading from cache: /assets/textures/tiles/grass_selected.png
09:38:12.790 [FXGL Background Thread 1 ] DEBUG AssetLoaderService   - Loading from cache: /assets/textures/tiles/grass_selected.png
09:38:12.790 [FXGL Background Thread 1 ] DEBUG AssetLoaderService   - Loading from cache: /assets/textures/tiles/grass_selected.png
09:38:12.790 [FXGL Background Thread 1 ] DEBUG AssetLoaderService   - Loading from cache: /assets/textures/tiles/grass_selected.png
09:38:12.791 [FXGL Background Thread 1 ] DEBUG AssetLoaderService   - Loading from cache: /assets/textures/tiles/grass_selected.png
09:38:12.791 [FXGL Background Thread 1 ] DEBUG AssetLoaderService   - Loading from cache: /assets/textures/tiles/grass_selected.png
09:38:12.791 [FXGL Background Thread 1 ] DEBUG AssetLoaderService   - Loading from cache: /assets/textures/tiles/grass_selected.png
09:38:12.791 [FXGL Background Thread 1 ] DEBUG AssetLoaderService   - Loading from cache: /assets/textures/tiles/grass_selected.png
09:38:12.791 [FXGL Background Thread 1 ] DEBUG AssetLoaderService   - Loading from cache: /assets/textures/tiles/grass_selected.png
09:38:12.791 [FXGL Background Thread 1 ] DEBUG AssetLoaderService   - Loading from cache: /assets/textures/tiles/grass_selected.png
09:38:12.791 [FXGL Background Thread 1 ] DEBUG AssetLoaderService   - Loading from cache: /assets/textures/tiles/grass_selected.png
09:38:12.791 [FXGL Background Thread 1 ] DEBUG AssetLoaderService   - Loading from cache: /assets/textures/tiles/grass_selected.png
09:38:12.792 [FXGL Background Thread 1 ] DEBUG AssetLoaderService   - Loading from cache: /assets/textures/tiles/grass_selected.png
09:38:12.792 [FXGL Background Thread 1 ] DEBUG AssetLoaderService   - Loading from cache: /assets/textures/tiles/grass_selected.png
09:38:12.792 [FXGL Background Thread 1 ] DEBUG AssetLoaderService   - Loading from cache: /assets/textures/tiles/grass_selected.png
09:38:12.792 [FXGL Background Thread 1 ] DEBUG AssetLoaderService   - Loading from cache: /assets/textures/tiles/grass_selected.png
09:38:12.792 [FXGL Background Thread 1 ] DEBUG AssetLoaderService   - Loading from cache: /assets/textures/tiles/grass_selected.png
09:38:12.792 [FXGL Background Thread 1 ] DEBUG AssetLoaderService   - Loading from cache: /assets/textures/tiles/grass_selected.png
09:38:12.792 [FXGL Background Thread 1 ] DEBUG AssetLoaderService   - Loading from cache: /assets/textures/tiles/grass_selected.png
09:38:12.792 [FXGL Background Thread 1 ] DEBUG AssetLoaderService   - Loading from cache: /assets/textures/tiles/grass_selected.png
09:38:12.792 [FXGL Background Thread 1 ] DEBUG AssetLoaderService   - Loading from cache: /assets/textures/tiles/grass_selected.png
09:38:12.792 [FXGL Background Thread 1 ] DEBUG AssetLoaderService   - Loading from cache: /assets/textures/tiles/grass_selected.png
09:38:12.792 [FXGL Background Thread 1 ] DEBUG AssetLoaderService   - Loading from cache: /assets/textures/tiles/grass_selected.png
09:38:12.792 [FXGL Background Thread 1 ] DEBUG AssetLoaderService   - Loading from cache: /assets/textures/tiles/grass_selected.png
09:38:12.792 [FXGL Background Thread 1 ] DEBUG AssetLoaderService   - Loading from cache: /assets/textures/tiles/grass_selected.png
09:38:12.793 [FXGL Background Thread 1 ] DEBUG AssetLoaderService   - Loading from cache: /assets/textures/tiles/grass_selected.png
09:38:12.793 [FXGL Background Thread 1 ] DEBUG AssetLoaderService   - Loading from cache: /assets/textures/tiles/grass_selected.png
09:38:12.793 [FXGL Background Thread 1 ] DEBUG AssetLoaderService   - Loading from cache: /assets/textures/tiles/grass_selected.png
09:38:12.793 [FXGL Background Thread 1 ] DEBUG AssetLoaderService   - Loading from cache: /assets/textures/tiles/grass_selected.png
09:38:12.793 [FXGL Background Thread 1 ] DEBUG AssetLoaderService   - Loading from cache: /assets/textures/tiles/grass_selected.png
09:38:12.793 [FXGL Background Thread 1 ] DEBUG AssetLoaderService   - Loading from cache: /assets/textures/tiles/grass_selected.png
09:38:12.793 [FXGL Background Thread 1 ] DEBUG AssetLoaderService   - Loading from cache: /assets/textures/tiles/grass_selected.png
09:38:12.793 [FXGL Background Thread 1 ] DEBUG AssetLoaderService   - Loading from cache: /assets/textures/tiles/grass_selected.png
09:38:12.793 [FXGL Background Thread 1 ] DEBUG AssetLoaderService   - Loading from cache: /assets/textures/tiles/grass_selected.png
09:38:12.793 [FXGL Background Thread 1 ] DEBUG AssetLoaderService   - Loading from cache: /assets/textures/tiles/grass_selected.png
09:38:12.793 [FXGL Background Thread 1 ] DEBUG AssetLoaderService   - Loading from cache: /assets/textures/tiles/grass_selected.png
09:38:12.793 [FXGL Background Thread 1 ] DEBUG AssetLoaderService   - Loading from cache: /assets/textures/tiles/grass_selected.png
09:38:12.793 [FXGL Background Thread 1 ] DEBUG AssetLoaderService   - Loading from cache: /assets/textures/tiles/grass_selected.png
09:38:12.793 [FXGL Background Thread 1 ] DEBUG AssetLoaderService   - Loading from cache: /assets/textures/tiles/grass_selected.png
09:38:12.794 [FXGL Background Thread 1 ] DEBUG AssetLoaderService   - Loading from cache: /assets/textures/tiles/grass_selected.png
09:38:12.794 [FXGL Background Thread 1 ] DEBUG AssetLoaderService   - Loading from cache: /assets/textures/tiles/grass_selected.png
09:38:12.794 [FXGL Background Thread 1 ] DEBUG AssetLoaderService   - Loading from cache: /assets/textures/tiles/grass_selected.png
09:38:12.794 [FXGL Background Thread 1 ] DEBUG AssetLoaderService   - Loading from cache: /assets/textures/tiles/grass_selected.png
09:38:12.794 [FXGL Background Thread 1 ] DEBUG AssetLoaderService   - Loading from cache: /assets/textures/tiles/grass_selected.png
09:38:12.794 [FXGL Background Thread 1 ] DEBUG AssetLoaderService   - Loading from file system: /assets/textures/tiles/grass.png
09:38:12.797 [FXGL Background Thread 1 ] DEBUG AssetLoaderService   - Loading from cache: /assets/textures/tiles/grass.png
09:38:12.798 [FXGL Background Thread 1 ] DEBUG AssetLoaderService   - Loading from cache: /assets/textures/tiles/grass.png
09:38:12.798 [FXGL Background Thread 1 ] DEBUG AssetLoaderService   - Loading from cache: /assets/textures/tiles/grass.png
09:38:12.799 [FXGL Background Thread 1 ] DEBUG AssetLoaderService   - Loading from cache: /assets/textures/tiles/grass.png
09:38:12.799 [FXGL Background Thread 1 ] DEBUG AssetLoaderService   - Loading from cache: /assets/textures/tiles/grass.png
09:38:12.800 [FXGL Background Thread 1 ] DEBUG AssetLoaderService   - Loading from cache: /assets/textures/tiles/grass.png
09:38:12.800 [FXGL Background Thread 1 ] DEBUG AssetLoaderService   - Loading from cache: /assets/textures/tiles/grass.png
09:38:12.800 [FXGL Background Thread 1 ] DEBUG AssetLoaderService   - Loading from cache: /assets/textures/tiles/grass.png
09:38:12.801 [FXGL Background Thread 1 ] DEBUG AssetLoaderService   - Loading from cache: /assets/textures/tiles/grass.png
09:38:12.801 [FXGL Background Thread 1 ] DEBUG AssetLoaderService   - Loading from cache: /assets/textures/tiles/grass.png
09:38:12.801 [FXGL Background Thread 1 ] DEBUG AssetLoaderService   - Loading from cache: /assets/textures/tiles/grass.png
09:38:12.802 [FXGL Background Thread 1 ] DEBUG AssetLoaderService   - Loading from cache: /assets/textures/tiles/grass.png
09:38:12.802 [FXGL Background Thread 1 ] DEBUG AssetLoaderService   - Loading from cache: /assets/textures/tiles/grass.png
09:38:12.803 [FXGL Background Thread 1 ] DEBUG AssetLoaderService   - Loading from cache: /assets/textures/tiles/grass.png
09:38:12.803 [FXGL Background Thread 1 ] DEBUG AssetLoaderService   - Loading from cache: /assets/textures/tiles/grass.png
09:38:12.803 [FXGL Background Thread 1 ] DEBUG AssetLoaderService   - Loading from cache: /assets/textures/tiles/grass.png
09:38:12.804 [FXGL Background Thread 1 ] DEBUG AssetLoaderService   - Loading from cache: /assets/textures/tiles/grass.png
09:38:12.804 [FXGL Background Thread 1 ] DEBUG AssetLoaderService   - Loading from cache: /assets/textures/tiles/grass.png
09:38:12.804 [FXGL Background Thread 1 ] DEBUG AssetLoaderService   - Loading from cache: /assets/textures/tiles/grass.png
09:38:12.805 [FXGL Background Thread 1 ] DEBUG AssetLoaderService   - Loading from cache: /assets/textures/tiles/grass.png
09:38:12.805 [FXGL Background Thread 1 ] DEBUG AssetLoaderService   - Loading from cache: /assets/textures/tiles/grass.png
09:38:12.805 [FXGL Background Thread 1 ] DEBUG AssetLoaderService   - Loading from cache: /assets/textures/tiles/grass.png
09:38:12.806 [FXGL Background Thread 1 ] DEBUG AssetLoaderService   - Loading from cache: /assets/textures/tiles/grass.png
09:38:12.806 [FXGL Background Thread 1 ] DEBUG AssetLoaderService   - Loading from cache: /assets/textures/tiles/grass.png
09:38:12.806 [FXGL Background Thread 1 ] DEBUG AssetLoaderService   - Loading from cache: /assets/textures/tiles/grass.png
09:38:12.807 [FXGL Background Thread 1 ] DEBUG AssetLoaderService   - Loading from cache: /assets/textures/tiles/grass.png
09:38:12.807 [FXGL Background Thread 1 ] DEBUG AssetLoaderService   - Loading from cache: /assets/textures/tiles/grass.png
09:38:12.808 [FXGL Background Thread 1 ] DEBUG AssetLoaderService   - Loading from cache: /assets/textures/tiles/grass.png
09:38:12.808 [FXGL Background Thread 1 ] DEBUG AssetLoaderService   - Loading from cache: /assets/textures/tiles/grass.png
09:38:12.809 [FXGL Background Thread 1 ] DEBUG AssetLoaderService   - Loading from cache: /assets/textures/tiles/grass.png
09:38:12.809 [FXGL Background Thread 1 ] DEBUG AssetLoaderService   - Loading from cache: /assets/textures/tiles/grass.png
09:38:12.809 [FXGL Background Thread 1 ] DEBUG AssetLoaderService   - Loading from cache: /assets/textures/tiles/grass.png
09:38:12.810 [FXGL Background Thread 1 ] DEBUG AssetLoaderService   - Loading from cache: /assets/textures/tiles/grass.png
09:38:12.810 [FXGL Background Thread 1 ] DEBUG AssetLoaderService   - Loading from cache: /assets/textures/tiles/grass.png
09:38:12.810 [FXGL Background Thread 1 ] DEBUG AssetLoaderService   - Loading from cache: /assets/textures/tiles/grass.png
09:38:12.811 [FXGL Background Thread 1 ] DEBUG AssetLoaderService   - Loading from cache: /assets/textures/tiles/grass.png
09:38:12.811 [FXGL Background Thread 1 ] DEBUG AssetLoaderService   - Loading from cache: /assets/textures/tiles/grass.png
09:38:12.811 [FXGL Background Thread 1 ] DEBUG AssetLoaderService   - Loading from cache: /assets/textures/tiles/grass.png
09:38:12.811 [FXGL Background Thread 1 ] DEBUG AssetLoaderService   - Loading from cache: /assets/textures/tiles/grass.png
09:38:12.812 [FXGL Background Thread 1 ] DEBUG AssetLoaderService   - Loading from cache: /assets/textures/tiles/grass.png
09:38:12.812 [FXGL Background Thread 1 ] DEBUG AssetLoaderService   - Loading from cache: /assets/textures/tiles/grass.png
09:38:12.812 [FXGL Background Thread 1 ] DEBUG AssetLoaderService   - Loading from cache: /assets/textures/tiles/grass.png
09:38:12.813 [FXGL Background Thread 1 ] DEBUG AssetLoaderService   - Loading from cache: /assets/textures/tiles/grass.png
09:38:12.813 [FXGL Background Thread 1 ] DEBUG AssetLoaderService   - Loading from cache: /assets/textures/tiles/grass.png
09:38:12.813 [FXGL Background Thread 1 ] DEBUG AssetLoaderService   - Loading from cache: /assets/textures/tiles/grass.png
09:38:12.814 [FXGL Background Thread 1 ] DEBUG AssetLoaderService   - Loading from cache: /assets/textures/tiles/grass.png
09:38:12.814 [FXGL Background Thread 1 ] DEBUG AssetLoaderService   - Loading from cache: /assets/textures/tiles/grass.png
09:38:12.814 [FXGL Background Thread 1 ] DEBUG AssetLoaderService   - Loading from cache: /assets/textures/tiles/grass.png
09:38:12.815 [FXGL Background Thread 1 ] DEBUG AssetLoaderService   - Loading from cache: /assets/textures/tiles/grass.png
09:38:12.815 [FXGL Background Thread 1 ] DEBUG AssetLoaderService   - Loading from cache: /assets/textures/tiles/grass.png
09:38:12.815 [FXGL Background Thread 1 ] DEBUG AssetLoaderService   - Loading from cache: /assets/textures/tiles/grass.png
09:38:12.816 [FXGL Background Thread 1 ] DEBUG AssetLoaderService   - Loading from cache: /assets/textures/tiles/grass.png
09:38:12.817 [FXGL Background Thread 1 ] DEBUG AssetLoaderService   - Loading from cache: /assets/textures/tiles/grass.png
09:38:12.817 [FXGL Background Thread 1 ] DEBUG AssetLoaderService   - Loading from cache: /assets/textures/tiles/grass.png
09:38:12.817 [FXGL Background Thread 1 ] DEBUG AssetLoaderService   - Loading from cache: /assets/textures/tiles/grass.png
09:38:12.818 [FXGL Background Thread 1 ] DEBUG AssetLoaderService   - Loading from cache: /assets/textures/tiles/grass.png
09:38:12.818 [FXGL Background Thread 1 ] DEBUG AssetLoaderService   - Loading from cache: /assets/textures/tiles/grass.png
09:38:12.820 [FXGL Background Thread 1 ] DEBUG AssetLoaderService   - Loading from cache: /assets/textures/tiles/grass.png
09:38:12.820 [FXGL Background Thread 1 ] DEBUG AssetLoaderService   - Loading from cache: /assets/textures/tiles/grass.png
09:38:12.821 [FXGL Background Thread 1 ] DEBUG AssetLoaderService   - Loading from cache: /assets/textures/tiles/grass.png
09:38:12.821 [FXGL Background Thread 1 ] DEBUG AssetLoaderService   - Loading from cache: /assets/textures/tiles/grass.png
09:38:12.821 [FXGL Background Thread 1 ] DEBUG AssetLoaderService   - Loading from cache: /assets/textures/tiles/grass.png
09:38:12.825 [FXGL Background Thread 1 ] DEBUG AssetLoaderService   - Loading from cache: /assets/textures/tiles/grass.png
09:38:12.826 [FXGL Background Thread 1 ] DEBUG AssetLoaderService   - Loading from cache: /assets/textures/tiles/grass.png
09:38:12.826 [FXGL Background Thread 1 ] DEBUG AssetLoaderService   - Loading from cache: /assets/textures/tiles/grass.png
09:38:12.826 [FXGL Background Thread 1 ] DEBUG AssetLoaderService   - Loading from cache: /assets/textures/tiles/grass.png
09:38:12.826 [FXGL Background Thread 1 ] DEBUG AssetLoaderService   - Loading from cache: /assets/textures/tiles/grass.png
09:38:12.826 [FXGL Background Thread 1 ] DEBUG AssetLoaderService   - Loading from cache: /assets/textures/tiles/grass.png
09:38:12.827 [FXGL Background Thread 1 ] DEBUG AssetLoaderService   - Loading from cache: /assets/textures/tiles/grass.png
09:38:12.827 [FXGL Background Thread 1 ] DEBUG AssetLoaderService   - Loading from cache: /assets/textures/tiles/grass.png
09:38:12.828 [FXGL Background Thread 1 ] DEBUG AssetLoaderService   - Loading from cache: /assets/textures/tiles/grass.png
09:38:12.828 [FXGL Background Thread 1 ] DEBUG AssetLoaderService   - Loading from cache: /assets/textures/tiles/grass.png
09:38:12.828 [FXGL Background Thread 1 ] DEBUG AssetLoaderService   - Loading from cache: /assets/textures/tiles/grass.png
09:38:12.829 [FXGL Background Thread 1 ] DEBUG AssetLoaderService   - Loading from cache: /assets/textures/tiles/grass.png
09:38:12.829 [FXGL Background Thread 1 ] DEBUG AssetLoaderService   - Loading from cache: /assets/textures/tiles/grass.png
09:38:12.829 [FXGL Background Thread 1 ] DEBUG AssetLoaderService   - Loading from cache: /assets/textures/tiles/grass.png
09:38:12.830 [FXGL Background Thread 1 ] DEBUG AssetLoaderService   - Loading from cache: /assets/textures/tiles/grass.png
09:38:12.830 [FXGL Background Thread 1 ] DEBUG AssetLoaderService   - Loading from cache: /assets/textures/tiles/grass.png
09:38:12.830 [FXGL Background Thread 1 ] DEBUG AssetLoaderService   - Loading from cache: /assets/textures/tiles/grass.png
09:38:12.831 [FXGL Background Thread 1 ] DEBUG AssetLoaderService   - Loading from cache: /assets/textures/tiles/grass.png
09:38:12.831 [FXGL Background Thread 1 ] DEBUG AssetLoaderService   - Loading from cache: /assets/textures/tiles/grass.png
09:38:12.831 [FXGL Background Thread 1 ] DEBUG AssetLoaderService   - Loading from cache: /assets/textures/tiles/grass.png
09:38:12.831 [FXGL Background Thread 1 ] DEBUG AssetLoaderService   - Loading from cache: /assets/textures/tiles/grass.png
09:38:12.832 [FXGL Background Thread 1 ] DEBUG AssetLoaderService   - Loading from cache: /assets/textures/tiles/grass.png
09:38:12.832 [FXGL Background Thread 1 ] DEBUG AssetLoaderService   - Loading from cache: /assets/textures/tiles/grass.png
09:38:12.832 [FXGL Background Thread 1 ] DEBUG AssetLoaderService   - Loading from cache: /assets/textures/tiles/grass.png
09:38:12.833 [FXGL Background Thread 1 ] DEBUG AssetLoaderService   - Loading from cache: /assets/textures/tiles/grass.png
09:38:12.833 [FXGL Background Thread 1 ] DEBUG AssetLoaderService   - Loading from cache: /assets/textures/tiles/grass.png
09:38:12.833 [FXGL Background Thread 1 ] DEBUG AssetLoaderService   - Loading from cache: /assets/textures/tiles/grass.png
09:38:12.834 [FXGL Background Thread 1 ] DEBUG AssetLoaderService   - Loading from cache: /assets/textures/tiles/grass.png
09:38:12.834 [FXGL Background Thread 1 ] DEBUG AssetLoaderService   - Loading from cache: /assets/textures/tiles/grass.png
09:38:12.834 [FXGL Background Thread 1 ] DEBUG AssetLoaderService   - Loading from cache: /assets/textures/tiles/grass.png
09:38:12.835 [FXGL Background Thread 1 ] DEBUG AssetLoaderService   - Loading from cache: /assets/textures/tiles/grass.png
09:38:12.835 [FXGL Background Thread 1 ] DEBUG AssetLoaderService   - Loading from cache: /assets/textures/tiles/grass.png
09:38:12.835 [FXGL Background Thread 1 ] DEBUG AssetLoaderService   - Loading from cache: /assets/textures/tiles/grass.png
09:38:12.835 [FXGL Background Thread 1 ] DEBUG AssetLoaderService   - Loading from cache: /assets/textures/tiles/grass.png
09:38:12.836 [FXGL Background Thread 1 ] DEBUG AssetLoaderService   - Loading from cache: /assets/textures/tiles/grass.png
09:38:12.836 [FXGL Background Thread 1 ] DEBUG AssetLoaderService   - Loading from cache: /assets/textures/tiles/grass.png
09:38:12.836 [FXGL Background Thread 1 ] DEBUG AssetLoaderService   - Loading from cache: /assets/textures/tiles/grass.png
09:38:12.837 [FXGL Background Thread 1 ] DEBUG AssetLoaderService   - Loading from cache: /assets/textures/tiles/grass.png
09:38:12.837 [FXGL Background Thread 1 ] DEBUG AssetLoaderService   - Loading from cache: /assets/textures/tiles/grass.png
09:38:12.837 [FXGL Background Thread 1 ] DEBUG AssetLoaderService   - Loading from cache: /assets/textures/tiles/grass.png
09:38:12.837 [FXGL Background Thread 1 ] DEBUG AssetLoaderService   - Loading from cache: /assets/textures/tiles/grass.png
09:38:12.838 [FXGL Background Thread 1 ] DEBUG AssetLoaderService   - Loading from cache: /assets/textures/tiles/grass.png
09:38:12.838 [FXGL Background Thread 1 ] DEBUG AssetLoaderService   - Loading from cache: /assets/textures/tiles/grass.png
09:38:12.838 [FXGL Background Thread 1 ] DEBUG AssetLoaderService   - Loading from cache: /assets/textures/tiles/grass.png
09:38:12.838 [FXGL Background Thread 1 ] DEBUG AssetLoaderService   - Loading from cache: /assets/textures/tiles/grass.png
09:38:12.839 [FXGL Background Thread 1 ] DEBUG AssetLoaderService   - Loading from cache: /assets/textures/tiles/grass.png
09:38:12.839 [FXGL Background Thread 1 ] DEBUG AssetLoaderService   - Loading from cache: /assets/textures/tiles/grass.png
09:38:12.839 [FXGL Background Thread 1 ] DEBUG AssetLoaderService   - Loading from cache: /assets/textures/tiles/grass.png
09:38:12.840 [FXGL Background Thread 1 ] DEBUG AssetLoaderService   - Loading from cache: /assets/textures/tiles/grass.png
09:38:12.841 [FXGL Background Thread 1 ] DEBUG AssetLoaderService   - Loading from cache: /assets/textures/tiles/grass.png
09:38:12.841 [FXGL Background Thread 1 ] DEBUG AssetLoaderService   - Loading from cache: /assets/textures/tiles/grass.png
09:38:12.842 [FXGL Background Thread 1 ] DEBUG AssetLoaderService   - Loading from cache: /assets/textures/tiles/grass.png
09:38:12.842 [FXGL Background Thread 1 ] DEBUG AssetLoaderService   - Loading from cache: /assets/textures/tiles/grass.png
09:38:12.843 [FXGL Background Thread 1 ] DEBUG AssetLoaderService   - Loading from cache: /assets/textures/tiles/grass.png
09:38:12.843 [FXGL Background Thread 1 ] DEBUG AssetLoaderService   - Loading from cache: /assets/textures/tiles/grass.png
09:38:12.843 [FXGL Background Thread 1 ] DEBUG AssetLoaderService   - Loading from cache: /assets/textures/tiles/grass.png
09:38:12.844 [FXGL Background Thread 1 ] DEBUG AssetLoaderService   - Loading from cache: /assets/textures/tiles/grass.png
09:38:12.844 [FXGL Background Thread 1 ] DEBUG AssetLoaderService   - Loading from cache: /assets/textures/tiles/grass.png
09:38:12.845 [FXGL Background Thread 1 ] DEBUG AssetLoaderService   - Loading from cache: /assets/textures/tiles/grass.png
09:38:12.845 [FXGL Background Thread 1 ] DEBUG AssetLoaderService   - Loading from cache: /assets/textures/tiles/grass.png
09:38:12.845 [FXGL Background Thread 1 ] DEBUG AssetLoaderService   - Loading from cache: /assets/textures/tiles/grass.png
09:38:12.846 [FXGL Background Thread 1 ] DEBUG AssetLoaderService   - Loading from cache: /assets/textures/tiles/grass.png
09:38:12.846 [FXGL Background Thread 1 ] DEBUG AssetLoaderService   - Loading from cache: /assets/textures/tiles/grass.png
09:38:12.846 [FXGL Background Thread 1 ] DEBUG AssetLoaderService   - Loading from cache: /assets/textures/tiles/grass.png
09:38:12.847 [FXGL Background Thread 1 ] DEBUG AssetLoaderService   - Loading from cache: /assets/textures/tiles/grass.png
09:38:12.847 [FXGL Background Thread 1 ] DEBUG AssetLoaderService   - Loading from cache: /assets/textures/tiles/grass.png
09:38:12.847 [FXGL Background Thread 1 ] DEBUG AssetLoaderService   - Loading from cache: /assets/textures/tiles/grass.png
09:38:12.848 [FXGL Background Thread 1 ] DEBUG AssetLoaderService   - Loading from cache: /assets/textures/tiles/grass.png
09:38:12.848 [FXGL Background Thread 1 ] DEBUG AssetLoaderService   - Loading from cache: /assets/textures/tiles/grass.png
09:38:12.848 [FXGL Background Thread 1 ] DEBUG AssetLoaderService   - Loading from cache: /assets/textures/tiles/grass.png
09:38:12.848 [FXGL Background Thread 1 ] DEBUG AssetLoaderService   - Loading from cache: /assets/textures/tiles/grass.png
09:38:12.849 [FXGL Background Thread 1 ] DEBUG AssetLoaderService   - Loading from cache: /assets/textures/tiles/grass.png
09:38:12.849 [FXGL Background Thread 1 ] DEBUG AssetLoaderService   - Loading from cache: /assets/textures/tiles/grass.png
09:38:12.849 [FXGL Background Thread 1 ] DEBUG AssetLoaderService   - Loading from cache: /assets/textures/tiles/grass.png
09:38:12.849 [FXGL Background Thread 1 ] DEBUG AssetLoaderService   - Loading from cache: /assets/textures/tiles/grass.png
09:38:12.850 [FXGL Background Thread 1 ] DEBUG AssetLoaderService   - Loading from cache: /assets/textures/tiles/grass.png
09:38:12.850 [FXGL Background Thread 1 ] DEBUG AssetLoaderService   - Loading from cache: /assets/textures/tiles/grass.png
09:38:12.850 [FXGL Background Thread 1 ] DEBUG AssetLoaderService   - Loading from cache: /assets/textures/tiles/grass.png
09:38:12.851 [FXGL Background Thread 1 ] DEBUG AssetLoaderService   - Loading from cache: /assets/textures/tiles/grass.png
09:38:12.851 [FXGL Background Thread 1 ] DEBUG AssetLoaderService   - Loading from cache: /assets/textures/tiles/grass.png
09:38:12.852 [FXGL Background Thread 1 ] DEBUG AssetLoaderService   - Loading from cache: /assets/textures/tiles/grass.png
09:38:12.852 [FXGL Background Thread 1 ] DEBUG AssetLoaderService   - Loading from cache: /assets/textures/tiles/grass.png
09:38:12.853 [FXGL Background Thread 1 ] DEBUG AssetLoaderService   - Loading from cache: /assets/textures/tiles/grass.png
09:38:12.853 [FXGL Background Thread 1 ] DEBUG AssetLoaderService   - Loading from cache: /assets/textures/tiles/grass.png
09:38:12.854 [FXGL Background Thread 1 ] DEBUG AssetLoaderService   - Loading from cache: /assets/textures/tiles/grass.png
09:38:12.854 [FXGL Background Thread 1 ] DEBUG AssetLoaderService   - Loading from cache: /assets/textures/tiles/grass.png
09:38:12.854 [FXGL Background Thread 1 ] DEBUG AssetLoaderService   - Loading from cache: /assets/textures/tiles/grass.png
09:38:12.855 [FXGL Background Thread 1 ] DEBUG AssetLoaderService   - Loading from cache: /assets/textures/tiles/grass.png
09:38:12.855 [FXGL Background Thread 1 ] DEBUG AssetLoaderService   - Loading from cache: /assets/textures/tiles/grass.png
09:38:12.855 [FXGL Background Thread 1 ] DEBUG AssetLoaderService   - Loading from cache: /assets/textures/tiles/grass.png
09:38:12.857 [FXGL Background Thread 1 ] DEBUG AssetLoaderService   - Loading from cache: /assets/textures/tiles/grass.png
09:38:12.857 [FXGL Background Thread 1 ] DEBUG AssetLoaderService   - Loading from cache: /assets/textures/tiles/grass.png
09:38:12.858 [FXGL Background Thread 1 ] DEBUG AssetLoaderService   - Loading from cache: /assets/textures/tiles/grass.png
09:38:12.859 [FXGL Background Thread 1 ] DEBUG AssetLoaderService   - Loading from cache: /assets/textures/tiles/grass.png
09:38:12.860 [FXGL Background Thread 1 ] DEBUG AssetLoaderService   - Loading from cache: /assets/textures/tiles/grass.png
09:38:12.860 [FXGL Background Thread 1 ] DEBUG AssetLoaderService   - Loading from cache: /assets/textures/tiles/grass.png
09:38:12.860 [FXGL Background Thread 1 ] DEBUG AssetLoaderService   - Loading from cache: /assets/textures/tiles/grass.png
09:38:12.861 [FXGL Background Thread 1 ] DEBUG AssetLoaderService   - Loading from cache: /assets/textures/tiles/grass.png
09:38:12.861 [FXGL Background Thread 1 ] DEBUG AssetLoaderService   - Loading from cache: /assets/textures/tiles/grass.png
09:38:12.861 [FXGL Background Thread 1 ] DEBUG AssetLoaderService   - Loading from cache: /assets/textures/tiles/grass.png
09:38:12.861 [FXGL Background Thread 1 ] DEBUG AssetLoaderService   - Loading from cache: /assets/textures/tiles/grass.png
09:38:12.862 [FXGL Background Thread 1 ] DEBUG AssetLoaderService   - Loading from cache: /assets/textures/tiles/grass.png
09:38:12.862 [FXGL Background Thread 1 ] DEBUG AssetLoaderService   - Loading from cache: /assets/textures/tiles/grass.png
09:38:12.862 [FXGL Background Thread 1 ] DEBUG AssetLoaderService   - Loading from cache: /assets/textures/tiles/grass.png
09:38:12.862 [FXGL Background Thread 1 ] DEBUG AssetLoaderService   - Loading from cache: /assets/textures/tiles/grass.png
09:38:12.862 [FXGL Background Thread 1 ] DEBUG AssetLoaderService   - Loading from cache: /assets/textures/tiles/grass.png
09:38:12.863 [FXGL Background Thread 1 ] DEBUG AssetLoaderService   - Loading from cache: /assets/textures/tiles/grass.png
09:38:12.863 [FXGL Background Thread 1 ] DEBUG AssetLoaderService   - Loading from cache: /assets/textures/tiles/grass.png
09:38:12.863 [FXGL Background Thread 1 ] DEBUG AssetLoaderService   - Loading from cache: /assets/textures/tiles/grass.png
09:38:12.863 [FXGL Background Thread 1 ] DEBUG AssetLoaderService   - Loading from cache: /assets/textures/tiles/grass.png
09:38:12.863 [FXGL Background Thread 1 ] DEBUG AssetLoaderService   - Loading from cache: /assets/textures/tiles/grass.png
09:38:12.864 [FXGL Background Thread 1 ] DEBUG AssetLoaderService   - Loading from cache: /assets/textures/tiles/grass.png
09:38:12.864 [FXGL Background Thread 1 ] DEBUG AssetLoaderService   - Loading from cache: /assets/textures/tiles/grass.png
09:38:12.864 [FXGL Background Thread 1 ] DEBUG AssetLoaderService   - Loading from cache: /assets/textures/tiles/grass.png
09:38:12.864 [FXGL Background Thread 1 ] DEBUG AssetLoaderService   - Loading from cache: /assets/textures/tiles/grass.png
09:38:12.864 [FXGL Background Thread 1 ] DEBUG AssetLoaderService   - Loading from cache: /assets/textures/tiles/grass.png
09:38:12.865 [FXGL Background Thread 1 ] DEBUG AssetLoaderService   - Loading from cache: /assets/textures/tiles/grass.png
09:38:12.865 [FXGL Background Thread 1 ] DEBUG AssetLoaderService   - Loading from cache: /assets/textures/tiles/grass.png
09:38:12.865 [FXGL Background Thread 1 ] DEBUG AssetLoaderService   - Loading from cache: /assets/textures/tiles/grass.png
09:38:12.865 [FXGL Background Thread 1 ] DEBUG AssetLoaderService   - Loading from cache: /assets/textures/tiles/grass.png
09:38:12.865 [FXGL Background Thread 1 ] DEBUG AssetLoaderService   - Loading from cache: /assets/textures/tiles/grass.png
09:38:12.865 [FXGL Background Thread 1 ] DEBUG AssetLoaderService   - Loading from cache: /assets/textures/tiles/grass.png
09:38:12.866 [FXGL Background Thread 1 ] DEBUG AssetLoaderService   - Loading from cache: /assets/textures/tiles/grass.png
09:38:12.866 [FXGL Background Thread 1 ] DEBUG AssetLoaderService   - Loading from cache: /assets/textures/tiles/grass.png
09:38:12.866 [FXGL Background Thread 1 ] DEBUG AssetLoaderService   - Loading from cache: /assets/textures/tiles/grass.png
09:38:12.866 [FXGL Background Thread 1 ] DEBUG AssetLoaderService   - Loading from cache: /assets/textures/tiles/grass.png
09:38:12.866 [FXGL Background Thread 1 ] DEBUG AssetLoaderService   - Loading from cache: /assets/textures/tiles/grass.png
09:38:12.867 [FXGL Background Thread 1 ] DEBUG AssetLoaderService   - Loading from cache: /assets/textures/tiles/grass.png
09:38:12.867 [FXGL Background Thread 1 ] DEBUG AssetLoaderService   - Loading from cache: /assets/textures/tiles/grass.png
09:38:12.867 [FXGL Background Thread 1 ] DEBUG AssetLoaderService   - Loading from cache: /assets/textures/tiles/grass.png
09:38:12.867 [FXGL Background Thread 1 ] DEBUG AssetLoaderService   - Loading from cache: /assets/textures/tiles/grass.png
09:38:12.867 [FXGL Background Thread 1 ] DEBUG AssetLoaderService   - Loading from cache: /assets/textures/tiles/grass.png
09:38:12.868 [FXGL Background Thread 1 ] DEBUG AssetLoaderService   - Loading from cache: /assets/textures/tiles/grass.png
09:38:12.868 [FXGL Background Thread 1 ] DEBUG AssetLoaderService   - Loading from cache: /assets/textures/tiles/grass.png
09:38:12.868 [FXGL Background Thread 1 ] DEBUG AssetLoaderService   - Loading from cache: /assets/textures/tiles/grass.png
09:38:12.868 [FXGL Background Thread 1 ] DEBUG AssetLoaderService   - Loading from cache: /assets/textures/tiles/grass.png
09:38:12.868 [FXGL Background Thread 1 ] DEBUG AssetLoaderService   - Loading from cache: /assets/textures/tiles/grass.png
09:38:12.869 [FXGL Background Thread 1 ] DEBUG AssetLoaderService   - Loading from cache: /assets/textures/tiles/grass.png
09:38:12.869 [FXGL Background Thread 1 ] DEBUG AssetLoaderService   - Loading from cache: /assets/textures/tiles/grass.png
09:38:12.869 [FXGL Background Thread 1 ] DEBUG AssetLoaderService   - Loading from cache: /assets/textures/tiles/grass.png
09:38:12.869 [FXGL Background Thread 1 ] DEBUG AssetLoaderService   - Loading from cache: /assets/textures/tiles/grass.png
09:38:12.869 [FXGL Background Thread 1 ] DEBUG AssetLoaderService   - Loading from cache: /assets/textures/tiles/grass.png
09:38:12.870 [FXGL Background Thread 1 ] DEBUG AssetLoaderService   - Loading from cache: /assets/textures/tiles/grass.png
09:38:12.870 [FXGL Background Thread 1 ] DEBUG AssetLoaderService   - Loading from cache: /assets/textures/tiles/grass.png
09:38:12.870 [FXGL Background Thread 1 ] DEBUG AssetLoaderService   - Loading from cache: /assets/textures/tiles/grass.png
09:38:12.870 [FXGL Background Thread 1 ] DEBUG AssetLoaderService   - Loading from cache: /assets/textures/tiles/grass.png
09:38:12.870 [FXGL Background Thread 1 ] DEBUG AssetLoaderService   - Loading from cache: /assets/textures/tiles/grass.png
09:38:12.870 [FXGL Background Thread 1 ] DEBUG AssetLoaderService   - Loading from cache: /assets/textures/tiles/grass.png
09:38:12.871 [FXGL Background Thread 1 ] DEBUG AssetLoaderService   - Loading from cache: /assets/textures/tiles/grass.png
09:38:12.871 [FXGL Background Thread 1 ] DEBUG AssetLoaderService   - Loading from cache: /assets/textures/tiles/grass.png
09:38:12.871 [FXGL Background Thread 1 ] DEBUG AssetLoaderService   - Loading from cache: /assets/textures/tiles/grass.png
09:38:12.871 [FXGL Background Thread 1 ] DEBUG AssetLoaderService   - Loading from cache: /assets/textures/tiles/grass.png
09:38:12.871 [FXGL Background Thread 1 ] DEBUG AssetLoaderService   - Loading from cache: /assets/textures/tiles/grass.png
09:38:12.872 [FXGL Background Thread 1 ] DEBUG AssetLoaderService   - Loading from cache: /assets/textures/tiles/grass.png
09:38:12.872 [FXGL Background Thread 1 ] DEBUG AssetLoaderService   - Loading from cache: /assets/textures/tiles/grass.png
09:38:12.872 [FXGL Background Thread 1 ] DEBUG AssetLoaderService   - Loading from cache: /assets/textures/tiles/grass.png
09:38:12.872 [FXGL Background Thread 1 ] DEBUG AssetLoaderService   - Loading from cache: /assets/textures/tiles/grass.png
09:38:12.872 [FXGL Background Thread 1 ] DEBUG AssetLoaderService   - Loading from cache: /assets/textures/tiles/grass.png
09:38:12.873 [FXGL Background Thread 1 ] DEBUG AssetLoaderService   - Loading from cache: /assets/textures/tiles/grass.png
09:38:12.873 [FXGL Background Thread 1 ] DEBUG AssetLoaderService   - Loading from cache: /assets/textures/tiles/grass.png
09:38:12.873 [FXGL Background Thread 1 ] DEBUG AssetLoaderService   - Loading from cache: /assets/textures/tiles/grass.png
09:38:12.874 [FXGL Background Thread 1 ] DEBUG AssetLoaderService   - Loading from cache: /assets/textures/tiles/grass.png
09:38:12.874 [FXGL Background Thread 1 ] DEBUG AssetLoaderService   - Loading from cache: /assets/textures/tiles/grass.png
09:38:12.874 [FXGL Background Thread 1 ] DEBUG AssetLoaderService   - Loading from cache: /assets/textures/tiles/grass.png
09:38:12.875 [FXGL Background Thread 1 ] DEBUG AssetLoaderService   - Loading from cache: /assets/textures/tiles/grass.png
09:38:12.875 [FXGL Background Thread 1 ] DEBUG AssetLoaderService   - Loading from cache: /assets/textures/tiles/grass.png
09:38:12.875 [FXGL Background Thread 1 ] DEBUG AssetLoaderService   - Loading from cache: /assets/textures/tiles/grass.png
09:38:12.875 [FXGL Background Thread 1 ] DEBUG AssetLoaderService   - Loading from cache: /assets/textures/tiles/grass.png
09:38:12.876 [FXGL Background Thread 1 ] DEBUG AssetLoaderService   - Loading from cache: /assets/textures/tiles/grass.png
09:38:12.876 [FXGL Background Thread 1 ] DEBUG AssetLoaderService   - Loading from cache: /assets/textures/tiles/grass.png
09:38:12.876 [FXGL Background Thread 1 ] DEBUG AssetLoaderService   - Loading from cache: /assets/textures/tiles/grass.png
09:38:12.876 [FXGL Background Thread 1 ] DEBUG AssetLoaderService   - Loading from cache: /assets/textures/tiles/grass.png
09:38:12.876 [FXGL Background Thread 1 ] DEBUG AssetLoaderService   - Loading from cache: /assets/textures/tiles/grass.png
09:38:12.876 [FXGL Background Thread 1 ] DEBUG AssetLoaderService   - Loading from cache: /assets/textures/tiles/grass.png
09:38:12.877 [FXGL Background Thread 1 ] DEBUG AssetLoaderService   - Loading from cache: /assets/textures/tiles/grass.png
09:38:12.877 [FXGL Background Thread 1 ] DEBUG AssetLoaderService   - Loading from cache: /assets/textures/tiles/grass.png
09:38:12.877 [FXGL Background Thread 1 ] DEBUG AssetLoaderService   - Loading from cache: /assets/textures/tiles/grass.png
09:38:12.877 [FXGL Background Thread 1 ] DEBUG AssetLoaderService   - Loading from cache: /assets/textures/tiles/grass.png
09:38:12.877 [FXGL Background Thread 1 ] DEBUG AssetLoaderService   - Loading from cache: /assets/textures/tiles/grass.png
09:38:12.877 [FXGL Background Thread 1 ] DEBUG AssetLoaderService   - Loading from cache: /assets/textures/tiles/grass.png
09:38:12.878 [FXGL Background Thread 1 ] DEBUG AssetLoaderService   - Loading from cache: /assets/textures/tiles/grass.png
09:38:12.878 [FXGL Background Thread 1 ] DEBUG AssetLoaderService   - Loading from cache: /assets/textures/tiles/grass.png
09:38:12.878 [FXGL Background Thread 1 ] DEBUG AssetLoaderService   - Loading from cache: /assets/textures/tiles/grass.png
09:38:12.878 [FXGL Background Thread 1 ] DEBUG AssetLoaderService   - Loading from cache: /assets/textures/tiles/grass.png
09:38:12.878 [FXGL Background Thread 1 ] DEBUG AssetLoaderService   - Loading from cache: /assets/textures/tiles/grass.png
09:38:12.879 [FXGL Background Thread 1 ] DEBUG AssetLoaderService   - Loading from cache: /assets/textures/tiles/grass.png
09:38:12.879 [FXGL Background Thread 1 ] DEBUG AssetLoaderService   - Loading from cache: /assets/textures/tiles/grass.png
09:38:12.879 [FXGL Background Thread 1 ] DEBUG AssetLoaderService   - Loading from cache: /assets/textures/tiles/grass.png
09:38:12.879 [FXGL Background Thread 1 ] DEBUG AssetLoaderService   - Loading from cache: /assets/textures/tiles/grass.png
09:38:12.879 [FXGL Background Thread 1 ] DEBUG AssetLoaderService   - Loading from cache: /assets/textures/tiles/grass.png
09:38:12.880 [FXGL Background Thread 1 ] DEBUG AssetLoaderService   - Loading from cache: /assets/textures/tiles/grass.png
09:38:12.880 [FXGL Background Thread 1 ] DEBUG AssetLoaderService   - Loading from cache: /assets/textures/tiles/grass.png
09:38:12.880 [FXGL Background Thread 1 ] DEBUG AssetLoaderService   - Loading from cache: /assets/textures/tiles/grass.png
09:38:12.880 [FXGL Background Thread 1 ] DEBUG AssetLoaderService   - Loading from cache: /assets/textures/units/settler.png
09:38:12.880 [FXGL Background Thread 1 ] INFO  GameApplication      - Game initialization took: 0.150 sec
09:38:12.881 [JavaFX Application Thread] DEBUG Input                - Clearing active input actions
09:38:12.934 [JavaFX Application Thread] DEBUG WindowService        - Removing overlay from FXGLLoadingScene and adding to GameScene
09:38:12.935 [JavaFX Application Thread] DEBUG MainWindow           - FXGLLoadingScene -> GameScene
09:38:15.574 [FXGL Background Thread 2 ] DEBUG Engine               - Logging environment variables
09:38:15.574 [FXGL Background Thread 2 ] DEBUG Engine               - achievements: []
09:38:15.574 [FXGL Background Thread 2 ] DEBUG Engine               - appIcon: fxgl_icon.png
09:38:15.574 [FXGL Background Thread 2 ] DEBUG Engine               - applicationMode: DEVELOPER
09:38:15.575 [FXGL Background Thread 2 ] DEBUG Engine               - cSSList: [fxgl_dark.css]
09:38:15.575 [FXGL Background Thread 2 ] DEBUG Engine               - configClass: Optional.empty
09:38:15.575 [FXGL Background Thread 2 ] DEBUG Engine               - credits: []
09:38:15.575 [FXGL Background Thread 2 ] DEBUG Engine               - devBBoxColorProperty: ObjectProperty [value: 0xff0000ff]
09:38:15.575 [FXGL Background Thread 2 ] DEBUG Engine               - devSensorColorProperty: ObjectProperty [value: 0xffff00ff]
09:38:15.575 [FXGL Background Thread 2 ] DEBUG Engine               - devShowBBoxProperty: BooleanProperty [value: false]
09:38:15.575 [FXGL Background Thread 2 ] DEBUG Engine               - devShowPositionProperty: BooleanProperty [value: false]
09:38:15.575 [FXGL Background Thread 2 ] DEBUG Engine               - enabledMenuItems: []
09:38:15.575 [FXGL Background Thread 2 ] DEBUG Engine               - engineServices: [class com.almasb.fxgl.app.GameApplication$GameApplicationService, class com.almasb.fxgl.app.services.WindowService, class com.almasb.fxgl.app.services.FXGLDialogService, class com.almasb.fxgl.app.services.IOTaskExecutorService, class com.almasb.fxgl.event.EventBusService, class com.almasb.fxgl.io.FileSystemService, class com.almasb.fxgl.localization.LocalizationService, class com.almasb.fxgl.app.services.AssetLoaderService, class com.almasb.fxgl.app.services.SystemBundleService, class com.almasb.fxgl.profile.SaveLoadService, class com.almasb.fxgl.ui.FXGLUIFactoryServiceProvider, class com.almasb.fxgl.ui.FXGLDialogFactoryServiceProvider, class com.almasb.fxgl.audio.AudioPlayer, class com.almasb.fxgl.notification.impl.NotificationServiceProvider, class com.almasb.fxgl.achievement.AchievementService, class com.almasb.fxgl.cutscene.CutsceneService, class com.almasb.fxgl.minigames.MiniGameService, class com.almasb.fxgl.net.NetService, class com.almasb.fxgl.app.services.UpdaterService, class com.almasb.fxgl.dev.DevService]
09:38:15.575 [FXGL Background Thread 2 ] DEBUG Engine               - fontGame: Abel-Regular.ttf
09:38:15.576 [FXGL Background Thread 2 ] DEBUG Engine               - fontMono: lucida_console.ttf
09:38:15.576 [FXGL Background Thread 2 ] DEBUG Engine               - fontText: Courier-Prime.ttf
09:38:15.576 [FXGL Background Thread 2 ] DEBUG Engine               - fontUI: VarelaRound-Regular.ttf
09:38:15.576 [FXGL Background Thread 2 ] DEBUG Engine               - fullScreen: BooleanProperty [value: false]
09:38:15.576 [FXGL Background Thread 2 ] DEBUG Engine               - gameDifficulty: MEDIUM
09:38:15.576 [FXGL Background Thread 2 ] DEBUG Engine               - gameDifficultyProperty: ObjectProperty [value: MEDIUM]
09:38:15.576 [FXGL Background Thread 2 ] DEBUG Engine               - globalMusicVolume: 0.5
09:38:15.576 [FXGL Background Thread 2 ] DEBUG Engine               - globalMusicVolumeProperty: DoubleProperty [value: 0.5]
09:38:15.576 [FXGL Background Thread 2 ] DEBUG Engine               - globalSoundVolume: 0.5
09:38:15.576 [FXGL Background Thread 2 ] DEBUG Engine               - globalSoundVolumeProperty: DoubleProperty [value: 0.5]
09:38:15.576 [FXGL Background Thread 2 ] DEBUG Engine               - height: 720
09:38:15.576 [FXGL Background Thread 2 ] DEBUG Engine               - isAndroid: false
09:38:15.576 [FXGL Background Thread 2 ] DEBUG Engine               - isBrowser: false
09:38:15.576 [FXGL Background Thread 2 ] DEBUG Engine               - isClickFeedbackEnabled: false
09:38:15.576 [FXGL Background Thread 2 ] DEBUG Engine               - isCloseConfirmation: false
09:38:15.576 [FXGL Background Thread 2 ] DEBUG Engine               - isDesktop: true
09:38:15.576 [FXGL Background Thread 2 ] DEBUG Engine               - isDeveloperMenuEnabled: false
09:38:15.576 [FXGL Background Thread 2 ] DEBUG Engine               - isExperimentalNative: false
09:38:15.576 [FXGL Background Thread 2 ] DEBUG Engine               - isExperimentalTiledLargeMap: false
09:38:15.576 [FXGL Background Thread 2 ] DEBUG Engine               - isFullScreenAllowed: false
09:38:15.576 [FXGL Background Thread 2 ] DEBUG Engine               - isFullScreenFromStart: false
09:38:15.576 [FXGL Background Thread 2 ] DEBUG Engine               - isGameMenuEnabled: true
09:38:15.576 [FXGL Background Thread 2 ] DEBUG Engine               - isIOS: false
09:38:15.576 [FXGL Background Thread 2 ] DEBUG Engine               - isIntroEnabled: false
09:38:15.576 [FXGL Background Thread 2 ] DEBUG Engine               - isLinux: false
09:38:15.576 [FXGL Background Thread 2 ] DEBUG Engine               - isMac: false
09:38:15.576 [FXGL Background Thread 2 ] DEBUG Engine               - isMainMenuEnabled: false
09:38:15.576 [FXGL Background Thread 2 ] DEBUG Engine               - isManualResizeEnabled: false
09:38:15.576 [FXGL Background Thread 2 ] DEBUG Engine               - isMobile: false
09:38:15.577 [FXGL Background Thread 2 ] DEBUG Engine               - isPreserveResizeRatio: false
09:38:15.577 [FXGL Background Thread 2 ] DEBUG Engine               - isProfilingEnabled: false
09:38:15.577 [FXGL Background Thread 2 ] DEBUG Engine               - isSingleStep: false
09:38:15.577 [FXGL Background Thread 2 ] DEBUG Engine               - isUserProfileEnabled: false
09:38:15.577 [FXGL Background Thread 2 ] DEBUG Engine               - isWindows: true
09:38:15.577 [FXGL Background Thread 2 ] DEBUG Engine               - language: ObjectProperty [value: ENGLISH]
09:38:15.577 [FXGL Background Thread 2 ] DEBUG Engine               - mainWindow: com.almasb.fxgl.app.MainWindow@23628b26
09:38:15.577 [FXGL Background Thread 2 ] DEBUG Engine               - menuKey: ESCAPE
09:38:15.577 [FXGL Background Thread 2 ] DEBUG Engine               - notificationViewClass: class com.almasb.fxgl.notification.view.XboxNotificationView
09:38:15.577 [FXGL Background Thread 2 ] DEBUG Engine               - pixelsPerMeter: 50.0
09:38:15.577 [FXGL Background Thread 2 ] DEBUG Engine               - platform: WINDOWS
09:38:15.577 [FXGL Background Thread 2 ] DEBUG Engine               - profileDir: profiles/
09:38:15.577 [FXGL Background Thread 2 ] DEBUG Engine               - profileName: StringProperty [value: DEFAULT]
09:38:15.577 [FXGL Background Thread 2 ] DEBUG Engine               - randomSeed: -1
09:38:15.577 [FXGL Background Thread 2 ] DEBUG Engine               - runtimeInfo: RuntimeInfo(platform=WINDOWS, version=11.9, build=27.05.2020 17.06)
09:38:15.577 [FXGL Background Thread 2 ] DEBUG Engine               - saveFileExt: sav
09:38:15.577 [FXGL Background Thread 2 ] DEBUG Engine               - sceneFactory: gd.rf.jsgames.App$1@6660012e
09:38:15.577 [FXGL Background Thread 2 ] DEBUG Engine               - secondsIn24h: 60
09:38:15.577 [FXGL Background Thread 2 ] DEBUG Engine               - settings: Title: Chinmay Tiwari's Global Conquest
Version: 0.0
Width: 1024
Height: 720
Fullscreen: false
Intro: false
Profiling: false
Single step:false
App Mode: DEVELOPER
Menu Key: ESCAPE
Stage Style: DECORATED
Scene Factory: class gd.rf.jsgames.App$1

09:38:15.577 [FXGL Background Thread 2 ] DEBUG Engine               - soundMenuBack: menu/back.wav
09:38:15.577 [FXGL Background Thread 2 ] DEBUG Engine               - soundMenuPress: menu/press.wav
09:38:15.577 [FXGL Background Thread 2 ] DEBUG Engine               - soundMenuSelect: menu/select.wav
09:38:15.577 [FXGL Background Thread 2 ] DEBUG Engine               - soundNotification: core/notification.wav
09:38:15.577 [FXGL Background Thread 2 ] DEBUG Engine               - stageStyle: DECORATED
09:38:15.577 [FXGL Background Thread 2 ] DEBUG Engine               - supportedLanguages: [ENGLISH, FRENCH, GERMAN, HUNGARIAN, RUSSIAN]
09:38:15.577 [FXGL Background Thread 2 ] DEBUG Engine               - title: Chinmay Tiwari's Global Conquest
09:38:15.577 [FXGL Background Thread 2 ] DEBUG Engine               - urlGithub: https://github.com/AlmasB/FXGL
09:38:15.577 [FXGL Background Thread 2 ] DEBUG Engine               - urlLeaderboard: http://fxgl-top.herokuapp.com/
09:38:15.577 [FXGL Background Thread 2 ] DEBUG Engine               - urlPOM: https://raw.githubusercontent.com/AlmasB/FXGL/master/pom.xml
09:38:15.577 [FXGL Background Thread 2 ] DEBUG Engine               - version: 0.0
09:38:15.577 [FXGL Background Thread 2 ] DEBUG Engine               - versionCheckDays: 7
09:38:15.577 [FXGL Background Thread 2 ] DEBUG Engine               - width: 1024
09:38:15.578 [FXGL Background Thread 2 ] DEBUG Engine               - Logging services
09:38:15.578 [FXGL Background Thread 2 ] DEBUG Engine               - class com.almasb.fxgl.app.GameApplication$GameApplicationService
09:38:15.578 [FXGL Background Thread 2 ] DEBUG Engine               - class com.almasb.fxgl.app.services.WindowService
09:38:15.578 [FXGL Background Thread 2 ] DEBUG Engine               - class com.almasb.fxgl.app.services.FXGLDialogService
09:38:15.578 [FXGL Background Thread 2 ] DEBUG Engine               - class com.almasb.fxgl.app.services.IOTaskExecutorService
09:38:15.578 [FXGL Background Thread 2 ] DEBUG Engine               - class com.almasb.fxgl.event.EventBusService
09:38:15.578 [FXGL Background Thread 2 ] DEBUG Engine               - class com.almasb.fxgl.io.FileSystemService
09:38:15.578 [FXGL Background Thread 2 ] DEBUG Engine               - class com.almasb.fxgl.localization.LocalizationService
09:38:15.578 [FXGL Background Thread 2 ] DEBUG Engine               - class com.almasb.fxgl.app.services.AssetLoaderService
09:38:15.578 [FXGL Background Thread 2 ] DEBUG Engine               - class com.almasb.fxgl.app.services.SystemBundleService
09:38:15.578 [FXGL Background Thread 2 ] DEBUG Engine               - class com.almasb.fxgl.profile.SaveLoadService
09:38:15.578 [FXGL Background Thread 2 ] DEBUG Engine               - class com.almasb.fxgl.ui.FXGLUIFactoryServiceProvider
09:38:15.578 [FXGL Background Thread 2 ] DEBUG Engine               - class com.almasb.fxgl.ui.FXGLDialogFactoryServiceProvider
09:38:15.578 [FXGL Background Thread 2 ] DEBUG Engine               - class com.almasb.fxgl.audio.AudioPlayer
09:38:15.578 [FXGL Background Thread 2 ] DEBUG Engine               - class com.almasb.fxgl.notification.impl.NotificationServiceProvider
09:38:15.578 [FXGL Background Thread 2 ] DEBUG Engine               - class com.almasb.fxgl.achievement.AchievementService
09:38:15.578 [FXGL Background Thread 2 ] DEBUG Engine               - class com.almasb.fxgl.cutscene.CutsceneService
09:38:15.578 [FXGL Background Thread 2 ] DEBUG Engine               - class com.almasb.fxgl.minigames.MiniGameService
09:38:15.578 [FXGL Background Thread 2 ] DEBUG Engine               - class com.almasb.fxgl.net.NetService
09:38:15.578 [FXGL Background Thread 2 ] DEBUG Engine               - class com.almasb.fxgl.app.services.UpdaterService
09:38:15.578 [FXGL Background Thread 2 ] DEBUG Engine               - class com.almasb.fxgl.dev.DevService
09:38:15.950 [JavaFX Application Thread] DEBUG GameApplication      - Exiting FXGL
09:38:15.950 [JavaFX Application Thread] DEBUG LoopRunner           - Stopping loop
09:38:15.950 [JavaFX Application Thread] DEBUG SystemBundleService  - Saving FXGL system data
09:38:15.952 [JavaFX Application Thread] DEBUG FileSystemAccess     - Writing to: C:\Users\828517478\CTGlobalConquest\system\fxgl.bundle
09:38:15.954 [JavaFX Application Thread] DEBUG GameApplication      - Shutting down background threads
09:38:15.954 [JavaFX Application Thread] DEBUG GameApplication      - Closing logger and exiting JavaFX
