14:46:48.022 [main                     ] DEBUG GameApplication      - Logger initialized
14:46:48.114 [main                     ] DEBUG GameApplication      - Logging settings
Title: Chinmay Tiwari's Global Conquest
Version: 0.0
Width: 800
Height: 600
Fullscreen: false
Intro: false
Profiling: false
Single step:false
App Mode: DEVELOPER
Menu Key: ESCAPE
Stage Style: DECORATED
Scene Factory: class com.almasb.fxgl.app.scene.SceneFactory

14:46:49.064 [JavaFX Application Thread] DEBUG GameApplication      - Initializing FXGL
14:46:49.088 [JavaFX Application Thread] INFO  Engine               - FXGL-11.9 (27.05.2020 17.06) on LINUX (J:11.0.17 FX:11)
14:46:49.089 [JavaFX Application Thread] DEBUG Engine               - JRE Vendor Name: Ubuntu
14:46:49.091 [JavaFX Application Thread] DEBUG Engine               - Running on OS: Linux version 4.9.253-tegra
14:46:49.092 [JavaFX Application Thread] DEBUG Engine               - Architecture: aarch64
14:46:49.093 [JavaFX Application Thread] INFO  Engine               - Source code and latest versions at: https://github.com/AlmasB/FXGL
14:46:49.094 [JavaFX Application Thread] INFO  Engine               -              Join the FXGL chat at: https://gitter.im/AlmasB/FXGL
14:46:49.451 [JavaFX Application Thread] DEBUG MainWindow           - Creating a JavaFX scene
14:46:49.829 [JavaFX Application Thread] DEBUG MainWindow           - Target settings size: 800.0 x 600.0
14:46:49.831 [JavaFX Application Thread] DEBUG MainWindow           - Scaled scene size:    800.0 x 600.0
14:46:49.832 [JavaFX Application Thread] DEBUG MainWindow           - Scaled ratio: (1.0, 1.0)
14:46:49.837 [JavaFX Application Thread] DEBUG MainWindow           - Set initial scene to FXGLStartupScene
14:46:49.857 [JavaFX Application Thread] DEBUG MainWindow           - Opening main window
14:46:50.012 [JavaFX Application Thread] DEBUG MainWindow           - Window border size: (2.0, 29.0)
14:46:50.013 [JavaFX Application Thread] DEBUG MainWindow           - Scaled size: 800.0 x 600.0
14:46:50.014 [JavaFX Application Thread] DEBUG MainWindow           - Scaled ratio: (1.0, 1.0)
14:46:50.015 [JavaFX Application Thread] DEBUG MainWindow           - Scene size: 800.0 x 600.0
14:46:50.016 [JavaFX Application Thread] DEBUG MainWindow           - Stage size: 802.0 x 629.0
14:46:50.047 [FXGL Background Thread 1 ] DEBUG Engine               - Initializing environment variables
14:46:50.239 [FXGL Background Thread 1 ] DEBUG WindowService        - Applying CSS: fxgl_dark.css
14:46:50.241 [FXGL Background Thread 1 ] DEBUG AssetLoaderService   - Loading from file system: /assets/ui/css/fxgl_dark.css
14:46:50.505 [FXGL Background Thread 1 ] DEBUG WindowService        - Initializing application scenes
14:46:50.850 [FXGL Background Thread 1 ] DEBUG GameWorld            - Game world initialized
14:46:50.996 [FXGL Background Thread 1 ] DEBUG PhysicsWorld         - Physics world initialized: appHeight=600, physics.ppm=50.0
14:46:51.008 [FXGL Background Thread 1 ] DEBUG GameScene            - Game scene initialized: 800x600
14:46:51.157 [FXGL Background Thread 1 ] DEBUG AssetLoaderService   - Loading from file system: /assets/textures/particles/trace_horizontal.png
14:46:51.355 [FXGL Background Thread 1 ] DEBUG FXGL.DefaultMenu     - createMenuBodyGameMenu()
14:46:51.418 [FXGL Background Thread 1 ] DEBUG FXGL.DefaultMenu     - createOptionsMenu()
14:46:51.443 [FXGL Background Thread 1 ] DEBUG AssetLoaderService   - Loading from file system: /assets/textures/particles/smoke.png
14:46:51.663 [FXGL Background Thread 1 ] DEBUG WindowService        - Application scenes initialized
14:46:51.700 [FXGL Background Thread 1 ] DEBUG SystemBundleService  - Loading FXGL system data
14:46:51.713 [FXGL Background Thread 1 ] DEBUG FileSystemAccess     - Reading from: /home/segfault/fx/CTGlobalConquest/system/fxgl.bundle
14:46:51.736 [FXGL Background Thread 1 ] DEBUG SystemBundleService  - Bundle FXGL: {}
14:46:51.737 [FXGL Background Thread 1 ] INFO  Engine               - FXGL initialization took: 1.650 sec
14:46:51.744 [FXGL Background Thread 1 ] DEBUG GameApplication      - Loading localizations
14:46:51.784 [FXGL Background Thread 1 ] DEBUG AssetLoaderService   - Loading from file system: /assets/languages/english.lang
14:46:51.841 [FXGL Background Thread 1 ] DEBUG AssetLoaderService   - Loading from file system: /assets/languages/french.lang
14:46:51.849 [FXGL Background Thread 1 ] DEBUG AssetLoaderService   - Loading from file system: /assets/languages/german.lang
14:46:51.858 [FXGL Background Thread 1 ] DEBUG AssetLoaderService   - Loading from file system: /assets/languages/hungarian.lang
14:46:51.874 [FXGL Background Thread 1 ] DEBUG AssetLoaderService   - Loading from file system: /assets/languages/russian.lang
14:46:51.882 [FXGL Background Thread 1 ] DEBUG GameApplication      - Registering font factories with UI factory
14:46:51.882 [FXGL Background Thread 1 ] DEBUG AssetLoaderService   - Loading from file system: /assets/ui/fonts/VarelaRound-Regular.ttf
14:46:51.937 [FXGL Background Thread 1 ] DEBUG AssetLoaderService   - Loading from file system: /assets/ui/fonts/Abel-Regular.ttf
14:46:51.943 [FXGL Background Thread 1 ] DEBUG AssetLoaderService   - Loading from file system: /assets/ui/fonts/lucida_console.ttf
14:46:51.954 [FXGL Background Thread 1 ] DEBUG AssetLoaderService   - Loading from file system: /assets/ui/fonts/Courier-Prime.ttf
14:46:51.972 [JavaFX Application Thread] DEBUG Input                - Registered new binding: Mouse Movement - LMB
14:46:51.973 [JavaFX Application Thread] DEBUG AssetLoaderService   - Loading from file system: /assets/textures/fxgl_icon.png
14:46:52.051 [JavaFX Application Thread] DEBUG AssetLoaderService   - Loading from file system: /assets/ui/cursors/fxgl_default.png
14:46:52.079 [JavaFX Application Thread] DEBUG Input                - Registered new binding: Screenshot - P
14:46:52.081 [JavaFX Application Thread] DEBUG Input                - Registered new binding: System info dump - CTRL+9
14:46:52.083 [JavaFX Application Thread] DEBUG Input                - Registered new binding: Restart - CTRL+R
14:46:52.085 [JavaFX Application Thread] DEBUG LoopRunner           - Starting loop
14:46:52.113 [JavaFX Application Thread] DEBUG FXGLStartupScene     - STARTUP
14:46:52.114 [JavaFX Application Thread] DEBUG WindowService        - Starting new game
14:46:52.116 [JavaFX Application Thread] DEBUG Input                - Clearing active input actions
14:46:52.172 [JavaFX Application Thread] DEBUG WindowService        - Removing overlay from FXGLStartupScene and adding to FXGLLoadingScene
14:46:52.174 [JavaFX Application Thread] DEBUG MainWindow           - FXGLStartupScene -> FXGLLoadingScene
14:46:52.174 [JavaFX Application Thread] DEBUG WindowService        - Clearing previous game
14:46:52.175 [JavaFX Application Thread] DEBUG GameScene            - Clearing game scene
14:46:52.175 [JavaFX Application Thread] DEBUG GameWorld            - Clearing game world
14:46:52.176 [JavaFX Application Thread] DEBUG PhysicsWorld         - Clearing physics world
14:46:52.180 [FXGL Background Thread 1 ] DEBUG GameApplication      - Initializing game
14:46:52.466 [JavaFX Application Thread] DEBUG LoopRunner           - Stopping loop
14:46:52.468 [JavaFX Application Thread] FATAL GameApplication      - Uncaught Exception:

Fatal exception occurred: java.lang.RuntimeException : Initialization failed
E: com.almasb.fxgl.all/com.almasb.fxgl.app.GameApplication$InitAppTask.failed(GameApplication.java:423)
E: javafx.graphics/javafx.concurrent.Task.setState(Task.java:710)
E: javafx.graphics/javafx.concurrent.Task$TaskCallable.lambda$call$2(Task.java:1455)
E: javafx.graphics/com.sun.javafx.application.PlatformImpl.lambda$runLater$10(PlatformImpl.java:428)
E: java.base/java.security.AccessController.doPrivileged(Native Method)
E: javafx.graphics/com.sun.javafx.application.PlatformImpl.lambda$runLater$11(PlatformImpl.java:427)
E: javafx.graphics/com.sun.glass.ui.InvokeLaterDispatcher$Future.run(InvokeLaterDispatcher.java:96)
E: javafx.graphics/com.sun.glass.ui.gtk.GtkApplication._runLoop(Native Method)
E: javafx.graphics/com.sun.glass.ui.gtk.GtkApplication.lambda$runLoop$11(GtkApplication.java:277)
E: java.base/java.lang.Thread.run(Thread.java:829)

14:46:52.475 [JavaFX Application Thread] FATAL GameApplication      - Application will now exit
14:46:52.562 [JavaFX Application Thread] DEBUG MainWindow           - Push state: ErrorSubScene
14:46:52.564 [JavaFX Application Thread] DEBUG Input                - Clearing active input actions
14:46:52.609 [JavaFX Application Thread] DEBUG WindowService        - Removing overlay from FXGLLoadingScene and adding to ErrorSubScene
14:46:52.610 [JavaFX Application Thread] DEBUG MainWindow           - FXGLLoadingScene -> ErrorSubScene
14:46:54.740 [FXGL Background Thread 2 ] DEBUG Engine               - Logging environment variables
14:46:54.751 [FXGL Background Thread 2 ] DEBUG Engine               - achievements: []
14:46:54.751 [FXGL Background Thread 2 ] DEBUG Engine               - appIcon: fxgl_icon.png
14:46:54.752 [FXGL Background Thread 2 ] DEBUG Engine               - applicationMode: DEVELOPER
14:46:54.752 [FXGL Background Thread 2 ] DEBUG Engine               - cSSList: [fxgl_dark.css]
14:46:54.752 [FXGL Background Thread 2 ] DEBUG Engine               - configClass: Optional.empty
14:46:54.753 [FXGL Background Thread 2 ] DEBUG Engine               - credits: []
14:46:54.754 [FXGL Background Thread 2 ] DEBUG Engine               - devBBoxColorProperty: ObjectProperty [value: 0xff0000ff]
14:46:54.754 [FXGL Background Thread 2 ] DEBUG Engine               - devSensorColorProperty: ObjectProperty [value: 0xffff00ff]
14:46:54.755 [FXGL Background Thread 2 ] DEBUG Engine               - devShowBBoxProperty: BooleanProperty [value: false]
14:46:54.755 [FXGL Background Thread 2 ] DEBUG Engine               - devShowPositionProperty: BooleanProperty [value: false]
14:46:54.756 [FXGL Background Thread 2 ] DEBUG Engine               - enabledMenuItems: []
14:46:54.756 [FXGL Background Thread 2 ] DEBUG Engine               - engineServices: [class com.almasb.fxgl.app.GameApplication$GameApplicationService, class com.almasb.fxgl.app.services.WindowService, class com.almasb.fxgl.app.services.FXGLDialogService, class com.almasb.fxgl.app.services.IOTaskExecutorService, class com.almasb.fxgl.event.EventBusService, class com.almasb.fxgl.io.FileSystemService, class com.almasb.fxgl.localization.LocalizationService, class com.almasb.fxgl.app.services.AssetLoaderService, class com.almasb.fxgl.app.services.SystemBundleService, class com.almasb.fxgl.profile.SaveLoadService, class com.almasb.fxgl.ui.FXGLUIFactoryServiceProvider, class com.almasb.fxgl.ui.FXGLDialogFactoryServiceProvider, class com.almasb.fxgl.audio.AudioPlayer, class com.almasb.fxgl.notification.impl.NotificationServiceProvider, class com.almasb.fxgl.achievement.AchievementService, class com.almasb.fxgl.cutscene.CutsceneService, class com.almasb.fxgl.minigames.MiniGameService, class com.almasb.fxgl.net.NetService, class com.almasb.fxgl.app.services.UpdaterService, class com.almasb.fxgl.dev.DevService]
14:46:54.757 [FXGL Background Thread 2 ] DEBUG Engine               - fontGame: Abel-Regular.ttf
14:46:54.757 [FXGL Background Thread 2 ] DEBUG Engine               - fontMono: lucida_console.ttf
14:46:54.758 [FXGL Background Thread 2 ] DEBUG Engine               - fontText: Courier-Prime.ttf
14:46:54.758 [FXGL Background Thread 2 ] DEBUG Engine               - fontUI: VarelaRound-Regular.ttf
14:46:54.758 [FXGL Background Thread 2 ] DEBUG Engine               - fullScreen: BooleanProperty [value: false]
14:46:54.759 [FXGL Background Thread 2 ] DEBUG Engine               - gameDifficulty: MEDIUM
14:46:54.759 [FXGL Background Thread 2 ] DEBUG Engine               - gameDifficultyProperty: ObjectProperty [value: MEDIUM]
14:46:54.760 [FXGL Background Thread 2 ] DEBUG Engine               - globalMusicVolume: 0.5
14:46:54.760 [FXGL Background Thread 2 ] DEBUG Engine               - globalMusicVolumeProperty: DoubleProperty [value: 0.5]
14:46:54.760 [FXGL Background Thread 2 ] DEBUG Engine               - globalSoundVolume: 0.5
14:46:54.761 [FXGL Background Thread 2 ] DEBUG Engine               - globalSoundVolumeProperty: DoubleProperty [value: 0.5]
14:46:54.761 [FXGL Background Thread 2 ] DEBUG Engine               - height: 600
14:46:54.762 [FXGL Background Thread 2 ] DEBUG Engine               - isAndroid: false
14:46:54.762 [FXGL Background Thread 2 ] DEBUG Engine               - isBrowser: false
14:46:54.762 [FXGL Background Thread 2 ] DEBUG Engine               - isClickFeedbackEnabled: false
14:46:54.763 [FXGL Background Thread 2 ] DEBUG Engine               - isCloseConfirmation: false
14:46:54.764 [FXGL Background Thread 2 ] DEBUG Engine               - isDesktop: true
14:46:54.769 [FXGL Background Thread 2 ] DEBUG Engine               - isDeveloperMenuEnabled: false
14:46:54.769 [FXGL Background Thread 2 ] DEBUG Engine               - isExperimentalNative: false
14:46:54.769 [FXGL Background Thread 2 ] DEBUG Engine               - isExperimentalTiledLargeMap: false
14:46:54.770 [FXGL Background Thread 2 ] DEBUG Engine               - isFullScreenAllowed: false
14:46:54.770 [FXGL Background Thread 2 ] DEBUG Engine               - isFullScreenFromStart: false
14:46:54.770 [FXGL Background Thread 2 ] DEBUG Engine               - isGameMenuEnabled: true
14:46:54.771 [FXGL Background Thread 2 ] DEBUG Engine               - isIOS: false
14:46:54.771 [FXGL Background Thread 2 ] DEBUG Engine               - isIntroEnabled: false
14:46:54.772 [FXGL Background Thread 2 ] DEBUG Engine               - isLinux: true
14:46:54.772 [FXGL Background Thread 2 ] DEBUG Engine               - isMac: false
14:46:54.772 [FXGL Background Thread 2 ] DEBUG Engine               - isMainMenuEnabled: false
14:46:54.773 [FXGL Background Thread 2 ] DEBUG Engine               - isManualResizeEnabled: false
14:46:54.777 [FXGL Background Thread 2 ] DEBUG Engine               - isMobile: false
14:46:54.777 [FXGL Background Thread 2 ] DEBUG Engine               - isPreserveResizeRatio: false
14:46:54.777 [FXGL Background Thread 2 ] DEBUG Engine               - isProfilingEnabled: false
14:46:54.778 [FXGL Background Thread 2 ] DEBUG Engine               - isSingleStep: false
14:46:54.778 [FXGL Background Thread 2 ] DEBUG Engine               - isUserProfileEnabled: false
14:46:54.779 [FXGL Background Thread 2 ] DEBUG Engine               - isWindows: false
14:46:54.779 [FXGL Background Thread 2 ] DEBUG Engine               - language: ObjectProperty [value: ENGLISH]
14:46:54.780 [FXGL Background Thread 2 ] DEBUG Engine               - mainWindow: com.almasb.fxgl.app.MainWindow@1bdb776d
14:46:54.780 [FXGL Background Thread 2 ] DEBUG Engine               - menuKey: ESCAPE
14:46:54.780 [FXGL Background Thread 2 ] DEBUG Engine               - notificationViewClass: class com.almasb.fxgl.notification.view.XboxNotificationView
14:46:54.780 [FXGL Background Thread 2 ] DEBUG Engine               - pixelsPerMeter: 50.0
14:46:54.781 [FXGL Background Thread 2 ] DEBUG Engine               - platform: LINUX
14:46:54.781 [FXGL Background Thread 2 ] DEBUG Engine               - profileDir: profiles/
14:46:54.782 [FXGL Background Thread 2 ] DEBUG Engine               - profileName: StringProperty [value: DEFAULT]
14:46:54.782 [FXGL Background Thread 2 ] DEBUG Engine               - randomSeed: -1
14:46:54.783 [FXGL Background Thread 2 ] DEBUG Engine               - runtimeInfo: RuntimeInfo(platform=LINUX, version=11.9, build=27.05.2020 17.06)
14:46:54.783 [FXGL Background Thread 2 ] DEBUG Engine               - saveFileExt: sav
14:46:54.783 [FXGL Background Thread 2 ] DEBUG Engine               - sceneFactory: com.almasb.fxgl.app.scene.SceneFactory@b3a6a20
14:46:54.783 [FXGL Background Thread 2 ] DEBUG Engine               - secondsIn24h: 60
14:46:54.784 [FXGL Background Thread 2 ] DEBUG Engine               - settings: Title: Chinmay Tiwari's Global Conquest
Version: 0.0
Width: 800
Height: 600
Fullscreen: false
Intro: false
Profiling: false
Single step:false
App Mode: DEVELOPER
Menu Key: ESCAPE
Stage Style: DECORATED
Scene Factory: class com.almasb.fxgl.app.scene.SceneFactory

14:46:54.784 [FXGL Background Thread 2 ] DEBUG Engine               - soundMenuBack: menu/back.wav
14:46:54.784 [FXGL Background Thread 2 ] DEBUG Engine               - soundMenuPress: menu/press.wav
14:46:54.785 [FXGL Background Thread 2 ] DEBUG Engine               - soundMenuSelect: menu/select.wav
14:46:54.785 [FXGL Background Thread 2 ] DEBUG Engine               - soundNotification: core/notification.wav
14:46:54.785 [FXGL Background Thread 2 ] DEBUG Engine               - stageStyle: DECORATED
14:46:54.786 [FXGL Background Thread 2 ] DEBUG Engine               - supportedLanguages: [ENGLISH, FRENCH, GERMAN, HUNGARIAN, RUSSIAN]
14:46:54.786 [FXGL Background Thread 2 ] DEBUG Engine               - title: Chinmay Tiwari's Global Conquest
14:46:54.786 [FXGL Background Thread 2 ] DEBUG Engine               - urlGithub: https://github.com/AlmasB/FXGL
14:46:54.786 [FXGL Background Thread 2 ] DEBUG Engine               - urlLeaderboard: http://fxgl-top.herokuapp.com/
14:46:54.787 [FXGL Background Thread 2 ] DEBUG Engine               - urlPOM: https://raw.githubusercontent.com/AlmasB/FXGL/master/pom.xml
14:46:54.787 [FXGL Background Thread 2 ] DEBUG Engine               - version: 0.0
14:46:54.787 [FXGL Background Thread 2 ] DEBUG Engine               - versionCheckDays: 7
14:46:54.788 [FXGL Background Thread 2 ] DEBUG Engine               - width: 800
14:46:54.788 [FXGL Background Thread 2 ] DEBUG Engine               - Logging services
14:46:54.788 [FXGL Background Thread 2 ] DEBUG Engine               - class com.almasb.fxgl.app.GameApplication$GameApplicationService
14:46:54.788 [FXGL Background Thread 2 ] DEBUG Engine               - class com.almasb.fxgl.app.services.WindowService
14:46:54.789 [FXGL Background Thread 2 ] DEBUG Engine               - class com.almasb.fxgl.app.services.FXGLDialogService
14:46:54.789 [FXGL Background Thread 2 ] DEBUG Engine               - class com.almasb.fxgl.app.services.IOTaskExecutorService
14:46:54.790 [FXGL Background Thread 2 ] DEBUG Engine               - class com.almasb.fxgl.event.EventBusService
14:46:54.790 [FXGL Background Thread 2 ] DEBUG Engine               - class com.almasb.fxgl.io.FileSystemService
14:46:54.791 [FXGL Background Thread 2 ] DEBUG Engine               - class com.almasb.fxgl.localization.LocalizationService
14:46:54.791 [FXGL Background Thread 2 ] DEBUG Engine               - class com.almasb.fxgl.app.services.AssetLoaderService
14:46:54.791 [FXGL Background Thread 2 ] DEBUG Engine               - class com.almasb.fxgl.app.services.SystemBundleService
14:46:54.791 [FXGL Background Thread 2 ] DEBUG Engine               - class com.almasb.fxgl.profile.SaveLoadService
14:46:54.792 [FXGL Background Thread 2 ] DEBUG Engine               - class com.almasb.fxgl.ui.FXGLUIFactoryServiceProvider
14:46:54.792 [FXGL Background Thread 2 ] DEBUG Engine               - class com.almasb.fxgl.ui.FXGLDialogFactoryServiceProvider
14:46:54.792 [FXGL Background Thread 2 ] DEBUG Engine               - class com.almasb.fxgl.audio.AudioPlayer
14:46:54.792 [FXGL Background Thread 2 ] DEBUG Engine               - class com.almasb.fxgl.notification.impl.NotificationServiceProvider
14:46:54.792 [FXGL Background Thread 2 ] DEBUG Engine               - class com.almasb.fxgl.achievement.AchievementService
14:46:54.793 [FXGL Background Thread 2 ] DEBUG Engine               - class com.almasb.fxgl.cutscene.CutsceneService
14:46:54.793 [FXGL Background Thread 2 ] DEBUG Engine               - class com.almasb.fxgl.minigames.MiniGameService
14:46:54.793 [FXGL Background Thread 2 ] DEBUG Engine               - class com.almasb.fxgl.net.NetService
14:46:54.793 [FXGL Background Thread 2 ] DEBUG Engine               - class com.almasb.fxgl.app.services.UpdaterService
14:46:54.793 [FXGL Background Thread 2 ] DEBUG Engine               - class com.almasb.fxgl.dev.DevService
14:47:07.507 [JavaFX Application Thread] DEBUG GameApplication      - Exiting FXGL
14:47:07.508 [JavaFX Application Thread] DEBUG GameApplication      - Shutting down background threads
14:47:07.517 [JavaFX Application Thread] DEBUG GameApplication      - Closing logger and exiting JavaFX
